<?xml version="1.0" encoding="UTF-8"?>
<testsuites name="Senior_Type" time="1487.63" tests="10" failures="0" errors="0">
   <testsuite name="Senior_Type" tests="10" failures="0" errors="0" time="1487.63" skipped="0" timestamp="2023-12-22 14:43:21" hostname="PalakGupta - LININDAUG23-266.bbrouter" id="Test Suites/Senior/Senior_Type">
      <properties>
         <property name="deviceName" value=""/>
         <property name="devicePlatform" value=""/>
         <property name="logFolder" value="C:\\Users\\PalakGupta\\OneDrive - pursuit software development pvt. ltd\\Desktop\\Automation_CaringConnection\\Reports\\20231222_144317\\Senior\\Senior_Type\\20231222_144318"/>
         <property name="logFiles" value="C:\\Users\\PalakGupta\\OneDrive - pursuit software development pvt. ltd\\Desktop\\Automation_CaringConnection\\Reports\\20231222_144317\\Senior\\Senior_Type\\20231222_144318\\execution0.log"/>
         <property name="attachments" value="C:\\Users\\PalakGupta\\OneDrive - pursuit software development pvt. ltd\\Desktop\\Automation_CaringConnection\\Reports\\20231222_144317\\Senior\\Senior_Type\\20231222_144318\\1703237102087.png, C:\\Users\\PalakGupta\\OneDrive - pursuit software development pvt. ltd\\Desktop\\Automation_CaringConnection\\Reports\\20231222_144317\\Senior\\Senior_Type\\20231222_144318\\1703237632733.png"/>
         <property name="hostName" value="PalakGupta - LININDAUG23-266.bbrouter"/>
         <property name="os" value="Windows 11 64bit"/>
         <property name="katalonVersion" value="9.0.0.212"/>
         <property name="browser" value="Chrome 120.0.0.0"/>
         <property name="hostAddress" value="192.168.1.7"/>
         <property name="sessionId" value="10ba0b2571c36b899602039bc17f0f8d"/>
         <property name="seleniumVersion" value="3.141.59"/>
         <property name="proxyInformation" value="ProxyInformation { proxyOption=NO_PROXY, proxyServerType=HTTP, username=, password=********, proxyServerAddress=, proxyServerPort=0, executionList=&quot;&quot;, isApplyToDesiredCapabilities=true }"/>
         <property name="platform" value="Windows 11"/>
      </properties>
      <testcase name="Test Cases/Senior_TestCases/TC01_CreateProfile_Type" time="115.95" classname="Test Cases/Senior_TestCases/TC01_CreateProfile_Type" status="PASSED">
         <system-out><![CDATA[2023-12-22 14:43:21 - [TEST_CASE][PASSED] - Test Cases/Senior_TestCases/TC01_CreateProfile_Type: Test Cases/Senior_TestCases/TC01_CreateProfile_Type

2023-12-22 14:43:22 - [TEST_STEP][PASSED] - callTestCase(findTestCase("Common_TestCases/Senior_SignUp"), ["username":UserName, "email":Email, "zipcode":ZipCode, "password":Password], STOP_ON_FAILURE): Call Test Case 'Test Cases/Common_TestCases/Senior_SignUp' successfully

2023-12-22 14:43:22 - [TEST_CASE][PASSED] - Test Cases/Common_TestCases/Senior_SignUp: Test Cases/Common_TestCases/Senior_SignUp

2023-12-22 14:43:22 - [TEST_STEP][PASSED] - System.setProperty("webdriver.chrome.driver", "Data Files/chromedriver-win64/chromedriver.exe"): null

2023-12-22 14:43:22 - [TEST_STEP][PASSED] - options = new org.openqa.selenium.chrome.ChromeOptions(): null

2023-12-22 14:43:22 - [TEST_STEP][PASSED] - options.addArguments("start-maximized"): null

2023-12-22 14:43:22 - [TEST_STEP][PASSED] - options.addArguments("force-device-scale-factor=1.2"): null

2023-12-22 14:43:22 - [TEST_STEP][PASSED] - options.setExperimentalOption("prefs", new Script1700728747795$1(this)): null

2023-12-22 14:43:22 - [TEST_STEP][PASSED] - capabilities = DesiredCapabilities.chrome(): null

2023-12-22 14:43:22 - [TEST_STEP][PASSED] - capabilities.setCapability(CAPABILITY, options): null

2023-12-22 14:43:22 - [TEST_STEP][PASSED] - driver = new org.openqa.selenium.chrome.ChromeDriver(capabilities): null

2023-12-22 14:43:23 - [TEST_STEP][PASSED] - changeWebDriver(driver): null

2023-12-22 14:43:24 - [TEST_STEP][PASSED] - navigateToUrl("https://caring-connections-qa.azurewebsites.net/"): Navigate to 'https://caring-connections-qa.azurewebsites.net/' successfully

2023-12-22 14:43:28 - [MESSAGE][PASSED] - Navigate to 'https://caring-connections-qa.azurewebsites.net/' successfully

2023-12-22 14:43:28 - [TEST_STEP][PASSED] - click(findTestObject("Login_Pages/Sign_In_Page/button_Sign_Up")): Object: 'Object Repository/Login_Pages/Sign_In_Page/button_Sign_Up' is clicked on

2023-12-22 14:43:28 - [MESSAGE][PASSED] - Object: 'Object Repository/Login_Pages/Sign_In_Page/button_Sign_Up' is clicked on

2023-12-22 14:43:28 - [TEST_STEP][PASSED] - setText(findTestObject("Login_Pages/Sign_Up_Page/Input_First_Last_Name"), username): Text 'Palak' is set on object 'Object Repository/Login_Pages/Sign_Up_Page/Input_First_Last_Name'

2023-12-22 14:43:28 - [MESSAGE][PASSED] - Text 'Palak' is set on object 'Object Repository/Login_Pages/Sign_Up_Page/Input_First_Last_Name'

2023-12-22 14:43:28 - [TEST_STEP][PASSED] - setText(findTestObject("Login_Pages/Sign_Up_Page/Input_ZIP_code"), zipcode): Text '464646' is set on object 'Object Repository/Login_Pages/Sign_Up_Page/Input_ZIP_code'

2023-12-22 14:43:28 - [MESSAGE][PASSED] - Text '464646' is set on object 'Object Repository/Login_Pages/Sign_Up_Page/Input_ZIP_code'

2023-12-22 14:43:28 - [TEST_STEP][PASSED] - setText(findTestObject("Login_Pages/Sign_Up_Page/Input_Username"), email): Text 'pgpalak702@gmail.com' is set on object 'Object Repository/Login_Pages/Sign_Up_Page/Input_Username'

2023-12-22 14:43:28 - [MESSAGE][PASSED] - Text 'pgpalak702@gmail.com' is set on object 'Object Repository/Login_Pages/Sign_Up_Page/Input_Username'

2023-12-22 14:43:28 - [TEST_STEP][PASSED] - setText(findTestObject("Login_Pages/Sign_Up_Page/Input_Password"), password): Text 'Test@123' is set on object 'Object Repository/Login_Pages/Sign_Up_Page/Input_Password'

2023-12-22 14:43:29 - [MESSAGE][PASSED] - Text 'Test@123' is set on object 'Object Repository/Login_Pages/Sign_Up_Page/Input_Password'

2023-12-22 14:43:29 - [TEST_STEP][PASSED] - click(findTestObject("Login_Pages/Sign_Up_Page/button_role_Senior")): Object: 'Object Repository/Login_Pages/Sign_Up_Page/button_role_Senior' is clicked on

2023-12-22 14:43:29 - [MESSAGE][PASSED] - Object: 'Object Repository/Login_Pages/Sign_Up_Page/button_role_Senior' is clicked on

2023-12-22 14:43:29 - [TEST_STEP][PASSED] - click(findTestObject("Login_Pages/Sign_Up_Page/button_Sign_Up")): Object: 'Object Repository/Login_Pages/Sign_Up_Page/button_Sign_Up' is clicked on

2023-12-22 14:43:29 - [MESSAGE][PASSED] - Object: 'Object Repository/Login_Pages/Sign_Up_Page/button_Sign_Up' is clicked on

2023-12-22 14:43:29 - [MESSAGE][PASSED] - Call Test Case 'Test Cases/Common_TestCases/Senior_SignUp' successfully

2023-12-22 14:43:29 - [TEST_STEP][PASSED] - verifyElementPresent(findTestObject("Profile_Creation_Page/Profile_Creation_Page_Objects/Text_Expectations_From_Companion"), 0): Object 'Object Repository/Profile_Creation_Page/Profile_Creation_Page_Objects/Text_Expectations_From_Companion' is present

2023-12-22 14:43:29 - [MESSAGE][WARNING] - Timeout '0' is invalid. Using default page load timeout: '30'

2023-12-22 14:43:35 - [MESSAGE][PASSED] - Object 'Object Repository/Profile_Creation_Page/Profile_Creation_Page_Objects/Text_Expectations_From_Companion' is present

2023-12-22 14:43:35 - [TEST_STEP][PASSED] - verifyElementPresent(findTestObject("Profile_Creation_Page/Profile_Creation_Page_Objects/Text_Select the button of your choice to create your profile"), 0): Object 'Object Repository/Profile_Creation_Page/Profile_Creation_Page_Objects/Text_Select the button of your choice to create your profile' is present

2023-12-22 14:43:35 - [MESSAGE][WARNING] - Timeout '0' is invalid. Using default page load timeout: '30'

2023-12-22 14:43:35 - [MESSAGE][PASSED] - Object 'Object Repository/Profile_Creation_Page/Profile_Creation_Page_Objects/Text_Select the button of your choice to create your profile' is present

2023-12-22 14:43:35 - [TEST_STEP][PASSED] - verifyElementPresent(findTestObject("Profile_Creation_Page/Profile_Creation_Page_Objects/Text_We are excited"), 0): Object 'Object Repository/Profile_Creation_Page/Profile_Creation_Page_Objects/Text_We are excited' is present

2023-12-22 14:43:35 - [MESSAGE][WARNING] - Timeout '0' is invalid. Using default page load timeout: '30'

2023-12-22 14:43:35 - [MESSAGE][PASSED] - Object 'Object Repository/Profile_Creation_Page/Profile_Creation_Page_Objects/Text_We are excited' is present

2023-12-22 14:43:35 - [TEST_STEP][PASSED] - waitForElementClickable(findTestObject("Profile_Creation_Page/Profile_Creation_Page_Objects/btn_I_Want_To_Type"), 65): Object 'Object Repository/Profile_Creation_Page/Profile_Creation_Page_Objects/btn_I_Want_To_Type' is clickable

2023-12-22 14:44:17 - [MESSAGE][PASSED] - Object 'Object Repository/Profile_Creation_Page/Profile_Creation_Page_Objects/btn_I_Want_To_Type' is clickable

2023-12-22 14:44:17 - [TEST_STEP][PASSED] - click(findTestObject("Profile_Creation_Page/Profile_Creation_Page_Objects/btn_I_Want_To_Type")): Object: 'Object Repository/Profile_Creation_Page/Profile_Creation_Page_Objects/btn_I_Want_To_Type' is clicked on

2023-12-22 14:44:17 - [MESSAGE][PASSED] - Object: 'Object Repository/Profile_Creation_Page/Profile_Creation_Page_Objects/btn_I_Want_To_Type' is clicked on

2023-12-22 14:44:17 - [TEST_STEP][PASSED] - setText(findTestObject("Profile_Creation_Page/Profile_Creation_Page_Objects/Input_I_Want_To_Type"), Profile): Text 'Greetings, I'm Palak, a seasoned explorer in the journey of life, joyfully celebrating my 58 years of existence. With a background in environmental science, I dedicated decades to understanding and preserving the natural world. Beyond scientific pursuits, I find solace in the rhythm of pottery, shaping clay into intricate forms, and the therapeutic art of cooking. In a companion, I seek someone who shares my passion for environmental conservation and has an appreciation for the creative blend of artistry and sustainable living. Health-wise, I've faced challenges with asthma, but with careful management and regular breathing exercises, I continue to pursue my passions with vigor. Life has been a captivating adventure, and I look forward to molding new experiences with a like-minded soul who appreciates the beauty of nature and the creativity of the human spirit.' is set on object 'Object Repository/Profile_Creation_Page/Profile_Creation_Page_Objects/Input_I_Want_To_Type'

2023-12-22 14:44:18 - [MESSAGE][PASSED] - Text 'Greetings, I'm Palak, a seasoned explorer in the journey of life, joyfully celebrating my 58 years of existence. With a background in environmental science, I dedicated decades to understanding and preserving the natural world. Beyond scientific pursuits, I find solace in the rhythm of pottery, shaping clay into intricate forms, and the therapeutic art of cooking. In a companion, I seek someone who shares my passion for environmental conservation and has an appreciation for the creative blend of artistry and sustainable living. Health-wise, I've faced challenges with asthma, but with careful management and regular breathing exercises, I continue to pursue my passions with vigor. Life has been a captivating adventure, and I look forward to molding new experiences with a like-minded soul who appreciates the beauty of nature and the creativity of the human spirit.' is set on object 'Object Repository/Profile_Creation_Page/Profile_Creation_Page_Objects/Input_I_Want_To_Type'

2023-12-22 14:44:18 - [TEST_STEP][PASSED] - scrollToElement(findTestObject("Object Repository/Profile_Creation_Page/Profile_Creation_Page_Objects/button_Next"), 0): Scroll to object 'Object Repository/Profile_Creation_Page/Profile_Creation_Page_Objects/button_Next' successfully

2023-12-22 14:44:18 - [MESSAGE][WARNING] - Timeout '0' is invalid. Using default page load timeout: '30'

2023-12-22 14:44:18 - [MESSAGE][PASSED] - Scroll to object 'Object Repository/Profile_Creation_Page/Profile_Creation_Page_Objects/button_Next' successfully

2023-12-22 14:44:18 - [TEST_STEP][PASSED] - click(findTestObject("Object Repository/Profile_Creation_Page/Profile_Creation_Page_Objects/button_Next")): Object: 'Object Repository/Profile_Creation_Page/Profile_Creation_Page_Objects/button_Next' is clicked on

2023-12-22 14:44:18 - [MESSAGE][PASSED] - Object: 'Object Repository/Profile_Creation_Page/Profile_Creation_Page_Objects/button_Next' is clicked on

2023-12-22 14:44:18 - [TEST_STEP][PASSED] - delay(20): Delayed 20 second(s)

2023-12-22 14:44:38 - [MESSAGE][PASSED] - Delayed 20 second(s)

2023-12-22 14:44:38 - [TEST_STEP][PASSED] - waitForElementNotPresent(findTestObject("WaitingPage/Waiting_Page/txt_1-2 minutes"), 180): Web element with id: 'Object Repository/WaitingPage/Waiting_Page/txt_1-2 minutes' located by 'By.xpath: //div[@id='root']/div/div/div/div/div/p[2]' is not present after '180' second(s)

2023-12-22 14:44:50 - [MESSAGE][PASSED] - Web element with id: 'Object Repository/WaitingPage/Waiting_Page/txt_1-2 minutes' located by 'By.xpath: //div[@id='root']/div/div/div/div/div/p[2]' is not present after '180' second(s)

2023-12-22 14:44:50 - [TEST_STEP][PASSED] - Education = getAttribute(findTestObject("Category_View_Page/Category_View_Page_Objects/Input_Edit_Educational_Info"), "value"): Attribute 'value' of object 'Object Repository/Category_View_Page/Category_View_Page_Objects/Input_Edit_Educational_Info' is: 'With a background in environmental science, I dedicated decades to understanding and preserving the natural world.'

2023-12-22 14:44:50 - [MESSAGE][PASSED] - Attribute 'value' of object 'Object Repository/Category_View_Page/Category_View_Page_Objects/Input_Edit_Educational_Info' is: 'With a background in environmental science, I dedicated decades to understanding and preserving the natural world.'

2023-12-22 14:44:50 - [TEST_STEP][PASSED] - validateText.ValidateText.calculateAndPrintPercentageMatch("EDUCATION", Education, EducationNew): validateText.ValidateText.calculateAndPrintPercentageMatch is PASSED

2023-12-22 14:44:50 - [MESSAGE][PASSED] - validateText.ValidateText.calculateAndPrintPercentageMatch is PASSED

2023-12-22 14:44:50 - [TEST_STEP][PASSED] - Hobbies = getAttribute(findTestObject("Category_View_Page/Category_View_Page_Objects/Input_Edit_Appropriate_Hobbies"), "value"): Attribute 'value' of object 'Object Repository/Category_View_Page/Category_View_Page_Objects/Input_Edit_Appropriate_Hobbies' is: 'Beyond scientific pursuits, I find solace in the rhythm of pottery, shaping clay into intricate forms, and the therapeutic art of cooking.'

2023-12-22 14:44:50 - [MESSAGE][PASSED] - Attribute 'value' of object 'Object Repository/Category_View_Page/Category_View_Page_Objects/Input_Edit_Appropriate_Hobbies' is: 'Beyond scientific pursuits, I find solace in the rhythm of pottery, shaping clay into intricate forms, and the therapeutic art of cooking.'

2023-12-22 14:44:50 - [TEST_STEP][PASSED] - validateText.ValidateText.calculateAndPrintPercentageMatch("HOBBIES", Hobbies, HobbiesNew): validateText.ValidateText.calculateAndPrintPercentageMatch is PASSED

2023-12-22 14:44:50 - [MESSAGE][PASSED] - validateText.ValidateText.calculateAndPrintPercentageMatch is PASSED

2023-12-22 14:44:50 - [TEST_STEP][PASSED] - Expectations = getAttribute(findTestObject("Category_View_Page/Category_View_Page_Objects/Input_Edit_expectation"), "value"): Attribute 'value' of object 'Object Repository/Category_View_Page/Category_View_Page_Objects/Input_Edit_expectation' is: 'In a companion, I seek someone who shares my passion for environmental conservation and has an appreciation for the creative blend of artistry and sustainable living.'

2023-12-22 14:44:50 - [MESSAGE][PASSED] - Attribute 'value' of object 'Object Repository/Category_View_Page/Category_View_Page_Objects/Input_Edit_expectation' is: 'In a companion, I seek someone who shares my passion for environmental conservation and has an appreciation for the creative blend of artistry and sustainable living.'

2023-12-22 14:44:50 - [TEST_STEP][PASSED] - validateText.ValidateText.calculateAndPrintPercentageMatch("EXPECTATIONS", Expectations, ExpectationsNew): validateText.ValidateText.calculateAndPrintPercentageMatch is PASSED

2023-12-22 14:44:50 - [MESSAGE][PASSED] - validateText.ValidateText.calculateAndPrintPercentageMatch is PASSED

2023-12-22 14:44:50 - [TEST_STEP][PASSED] - Others = getAttribute(findTestObject("Category_View_Page/Category_View_Page_Objects/Input_Edit_Appropriate_Health"), "value"): Attribute 'value' of object 'Object Repository/Category_View_Page/Category_View_Page_Objects/Input_Edit_Appropriate_Health' is: 'Greetings, I'm Palak, a seasoned explorer in the journey of life, joyfully celebrating my 58 years of existence. Life has been a captivating adventure, and I look forward to molding new experiences with a like-minded soul who appreciates the beauty of nature and the creativity of the human spirit. Health-wise, I've faced challenges with asthma, but with careful management and regular breathing exercises, I continue to pursue my passions with vigor.'

2023-12-22 14:44:50 - [MESSAGE][PASSED] - Attribute 'value' of object 'Object Repository/Category_View_Page/Category_View_Page_Objects/Input_Edit_Appropriate_Health' is: 'Greetings, I'm Palak, a seasoned explorer in the journey of life, joyfully celebrating my 58 years of existence. Life has been a captivating adventure, and I look forward to molding new experiences with a like-minded soul who appreciates the beauty of nature and the creativity of the human spirit. Health-wise, I've faced challenges with asthma, but with careful management and regular breathing exercises, I continue to pursue my passions with vigor.'

2023-12-22 14:44:50 - [TEST_STEP][PASSED] - validateText.ValidateText.calculateAndPrintPercentageMatch("OTHERS", Others, OtherNew): validateText.ValidateText.calculateAndPrintPercentageMatch is PASSED

2023-12-22 14:44:50 - [MESSAGE][PASSED] - validateText.ValidateText.calculateAndPrintPercentageMatch is PASSED

2023-12-22 14:44:50 - [TEST_STEP][PASSED] - waitForElementClickable(findTestObject("Object Repository/Category_View_Page/Category_View_Page_Objects/button_Next"), 65): Object 'Object Repository/Category_View_Page/Category_View_Page_Objects/button_Next' is clickable

2023-12-22 14:44:50 - [MESSAGE][PASSED] - Object 'Object Repository/Category_View_Page/Category_View_Page_Objects/button_Next' is clickable

2023-12-22 14:44:50 - [TEST_STEP][PASSED] - click(findTestObject("Object Repository/Category_View_Page/Category_View_Page_Objects/button_Next")): Object: 'Object Repository/Category_View_Page/Category_View_Page_Objects/button_Next' is clicked on

2023-12-22 14:44:52 - [MESSAGE][PASSED] - Object: 'Object Repository/Category_View_Page/Category_View_Page_Objects/button_Next' is clicked on

2023-12-22 14:44:52 - [TEST_STEP][PASSED] - waitForElementNotPresent(findTestObject("WaitingPage/Waiting_Page/Clock_categoryToCalender"), 10): Web element with id: 'Object Repository/WaitingPage/Waiting_Page/Clock_categoryToCalender' located by 'By.xpath: //div[@id='root']/div/div/div/div/span' is not present after '10' second(s)

2023-12-22 14:44:54 - [MESSAGE][PASSED] - Web element with id: 'Object Repository/WaitingPage/Waiting_Page/Clock_categoryToCalender' located by 'By.xpath: //div[@id='root']/div/div/div/div/span' is not present after '10' second(s)

2023-12-22 14:44:54 - [TEST_STEP][PASSED] - scrollToElement(findTestObject("Calendar_page/Input_Start_Date"), 0): Scroll to object 'Object Repository/Calendar_page/Input_Start_Date' successfully

2023-12-22 14:44:54 - [MESSAGE][WARNING] - Timeout '0' is invalid. Using default page load timeout: '30'

2023-12-22 14:44:54 - [MESSAGE][PASSED] - Scroll to object 'Object Repository/Calendar_page/Input_Start_Date' successfully

2023-12-22 14:44:54 - [TEST_STEP][PASSED] - click(findTestObject("Calendar_page/Input_Start_Date")): Object: 'Object Repository/Calendar_page/Input_Start_Date' is clicked on

2023-12-22 14:44:54 - [MESSAGE][PASSED] - Object: 'Object Repository/Calendar_page/Input_Start_Date' is clicked on

2023-12-22 14:44:54 - [TEST_STEP][PASSED] - delay(3): Delayed 3 second(s)

2023-12-22 14:44:57 - [MESSAGE][PASSED] - Delayed 3 second(s)

2023-12-22 14:44:57 - [TEST_STEP][PASSED] - click(findTestObject("Calendar_page/startDate/div_27")): Object: 'Object Repository/Calendar_page/startDate/div_27' is clicked on

2023-12-22 14:44:57 - [MESSAGE][PASSED] - Object: 'Object Repository/Calendar_page/startDate/div_27' is clicked on

2023-12-22 14:44:57 - [TEST_STEP][PASSED] - delay(3): Delayed 3 second(s)

2023-12-22 14:45:00 - [MESSAGE][PASSED] - Delayed 3 second(s)

2023-12-22 14:45:00 - [TEST_STEP][PASSED] - click(findTestObject("Calendar_page/Input_Busy_Days")): Object: 'Object Repository/Calendar_page/Input_Busy_Days' is clicked on

2023-12-22 14:45:01 - [MESSAGE][PASSED] - Object: 'Object Repository/Calendar_page/Input_Busy_Days' is clicked on

2023-12-22 14:45:01 - [TEST_STEP][PASSED] - click(findTestObject("Calendar_page/busyDates/div_3")): Object: 'Object Repository/Calendar_page/busyDates/div_3' is clicked on

2023-12-22 14:45:01 - [MESSAGE][PASSED] - Object: 'Object Repository/Calendar_page/busyDates/div_3' is clicked on

2023-12-22 14:45:01 - [TEST_STEP][PASSED] - delay(2): Delayed 2 second(s)

2023-12-22 14:45:03 - [MESSAGE][PASSED] - Delayed 2 second(s)

2023-12-22 14:45:03 - [TEST_STEP][PASSED] - click(findTestObject("Calendar_page/busyDates/div_6")): Object: 'Object Repository/Calendar_page/busyDates/div_6' is clicked on

2023-12-22 14:45:03 - [MESSAGE][PASSED] - Object: 'Object Repository/Calendar_page/busyDates/div_6' is clicked on

2023-12-22 14:45:03 - [TEST_STEP][PASSED] - delay(2): Delayed 2 second(s)

2023-12-22 14:45:05 - [MESSAGE][PASSED] - Delayed 2 second(s)

2023-12-22 14:45:05 - [TEST_STEP][PASSED] - click(findTestObject("Calendar_page/div_day_Column")): Object: 'Object Repository/Calendar_page/div_day_Column' is clicked on

2023-12-22 14:45:05 - [MESSAGE][PASSED] - Object: 'Object Repository/Calendar_page/div_day_Column' is clicked on

2023-12-22 14:45:05 - [TEST_STEP][PASSED] - selectOptionByLabel(findTestObject("Calendar_page/Select_Available_From"), "01:30 PM", false): All options with label '01:30 PM' are selected in object 'Object Repository/Calendar_page/Select_Available_From' 

2023-12-22 14:45:05 - [MESSAGE][PASSED] - All options with label '01:30 PM' are selected in object 'Object Repository/Calendar_page/Select_Available_From' 

2023-12-22 14:45:05 - [TEST_STEP][PASSED] - delay(2): Delayed 2 second(s)

2023-12-22 14:45:07 - [MESSAGE][PASSED] - Delayed 2 second(s)

2023-12-22 14:45:07 - [TEST_STEP][PASSED] - selectOptionByLabel(findTestObject("Calendar_page/Select_Available_To"), "04:30 PM", false): All options with label '04:30 PM' are selected in object 'Object Repository/Calendar_page/Select_Available_To' 

2023-12-22 14:45:07 - [MESSAGE][PASSED] - All options with label '04:30 PM' are selected in object 'Object Repository/Calendar_page/Select_Available_To' 

2023-12-22 14:45:07 - [TEST_STEP][PASSED] - delay(2): Delayed 2 second(s)

2023-12-22 14:45:09 - [MESSAGE][PASSED] - Delayed 2 second(s)

2023-12-22 14:45:09 - [TEST_STEP][PASSED] - click(findTestObject("Calendar_page/button_Save")): Object: 'Object Repository/Calendar_page/button_Save' is clicked on

2023-12-22 14:45:09 - [MESSAGE][PASSED] - Object: 'Object Repository/Calendar_page/button_Save' is clicked on

2023-12-22 14:45:09 - [TEST_STEP][PASSED] - delay(2): Delayed 2 second(s)

2023-12-22 14:45:11 - [MESSAGE][PASSED] - Delayed 2 second(s)

2023-12-22 14:45:11 - [TEST_STEP][PASSED] - click(findTestObject("Calendar_page/button_Next")): Object: 'Object Repository/Calendar_page/button_Next' is clicked on

2023-12-22 14:45:11 - [MESSAGE][PASSED] - Object: 'Object Repository/Calendar_page/button_Next' is clicked on

2023-12-22 14:45:11 - [TEST_STEP][PASSED] - delay(3): Delayed 3 second(s)

2023-12-22 14:45:14 - [MESSAGE][PASSED] - Delayed 3 second(s)

2023-12-22 14:45:14 - [TEST_STEP][PASSED] - click(findTestObject("Calendar_page/button_SaveCalendarPage")): Object: 'Object Repository/Calendar_page/button_SaveCalendarPage' is clicked on

2023-12-22 14:45:15 - [MESSAGE][PASSED] - Object: 'Object Repository/Calendar_page/button_SaveCalendarPage' is clicked on

2023-12-22 14:45:15 - [TEST_STEP][PASSED] - verifyElementPresent(findTestObject("Object Repository/Thankyou_Page/Thankyou_Page_Objects/txt_h1_Thank you"), 0): Object 'Object Repository/Thankyou_Page/Thankyou_Page_Objects/txt_h1_Thank you' is present

2023-12-22 14:45:15 - [MESSAGE][WARNING] - Timeout '0' is invalid. Using default page load timeout: '30'

2023-12-22 14:45:15 - [MESSAGE][PASSED] - Object 'Object Repository/Thankyou_Page/Thankyou_Page_Objects/txt_h1_Thank you' is present

2023-12-22 14:45:15 - [TEST_STEP][PASSED] - delay(2): Delayed 2 second(s)

2023-12-22 14:45:17 - [MESSAGE][PASSED] - Delayed 2 second(s)

2023-12-22 14:45:17 - [TEST_STEP][PASSED] - closeBrowser(): Browser is closed

2023-12-22 14:45:17 - [MESSAGE][PASSED] - Browser is closed]]></system-out>
         <system-err><![CDATA[]]></system-err>
      </testcase>
      <testcase name="Test Cases/Senior_TestCases/TC01_CreateProfile_Type" time="105.435" classname="Test Cases/Senior_TestCases/TC01_CreateProfile_Type" status="PASSED">
         <system-out><![CDATA[2023-12-22 14:45:17 - [TEST_CASE][PASSED] - Test Cases/Senior_TestCases/TC01_CreateProfile_Type: Test Cases/Senior_TestCases/TC01_CreateProfile_Type

2023-12-22 14:45:17 - [TEST_STEP][PASSED] - callTestCase(findTestCase("Common_TestCases/Senior_SignUp"), ["username":UserName, "email":Email, "zipcode":ZipCode, "password":Password], STOP_ON_FAILURE): Call Test Case 'Test Cases/Common_TestCases/Senior_SignUp' successfully

2023-12-22 14:45:17 - [TEST_CASE][PASSED] - Test Cases/Common_TestCases/Senior_SignUp: Test Cases/Common_TestCases/Senior_SignUp

2023-12-22 14:45:17 - [TEST_STEP][PASSED] - System.setProperty("webdriver.chrome.driver", "Data Files/chromedriver-win64/chromedriver.exe"): null

2023-12-22 14:45:17 - [TEST_STEP][PASSED] - options = new org.openqa.selenium.chrome.ChromeOptions(): null

2023-12-22 14:45:17 - [TEST_STEP][PASSED] - options.addArguments("start-maximized"): null

2023-12-22 14:45:17 - [TEST_STEP][PASSED] - options.addArguments("force-device-scale-factor=1.2"): null

2023-12-22 14:45:17 - [TEST_STEP][PASSED] - options.setExperimentalOption("prefs", new Script1700728747795$1(this)): null

2023-12-22 14:45:17 - [TEST_STEP][PASSED] - capabilities = DesiredCapabilities.chrome(): null

2023-12-22 14:45:17 - [TEST_STEP][PASSED] - capabilities.setCapability(CAPABILITY, options): null

2023-12-22 14:45:17 - [TEST_STEP][PASSED] - driver = new org.openqa.selenium.chrome.ChromeDriver(capabilities): null

2023-12-22 14:45:19 - [TEST_STEP][PASSED] - changeWebDriver(driver): null

2023-12-22 14:45:19 - [TEST_STEP][PASSED] - navigateToUrl("https://caring-connections-qa.azurewebsites.net/"): Navigate to 'https://caring-connections-qa.azurewebsites.net/' successfully

2023-12-22 14:45:24 - [MESSAGE][PASSED] - Navigate to 'https://caring-connections-qa.azurewebsites.net/' successfully

2023-12-22 14:45:24 - [TEST_STEP][PASSED] - click(findTestObject("Login_Pages/Sign_In_Page/button_Sign_Up")): Object: 'Object Repository/Login_Pages/Sign_In_Page/button_Sign_Up' is clicked on

2023-12-22 14:45:24 - [MESSAGE][PASSED] - Object: 'Object Repository/Login_Pages/Sign_In_Page/button_Sign_Up' is clicked on

2023-12-22 14:45:24 - [TEST_STEP][PASSED] - setText(findTestObject("Login_Pages/Sign_Up_Page/Input_First_Last_Name"), username): Text 'Shresth' is set on object 'Object Repository/Login_Pages/Sign_Up_Page/Input_First_Last_Name'

2023-12-22 14:45:24 - [MESSAGE][PASSED] - Text 'Shresth' is set on object 'Object Repository/Login_Pages/Sign_Up_Page/Input_First_Last_Name'

2023-12-22 14:45:24 - [TEST_STEP][PASSED] - setText(findTestObject("Login_Pages/Sign_Up_Page/Input_ZIP_code"), zipcode): Text '464646' is set on object 'Object Repository/Login_Pages/Sign_Up_Page/Input_ZIP_code'

2023-12-22 14:45:25 - [MESSAGE][PASSED] - Text '464646' is set on object 'Object Repository/Login_Pages/Sign_Up_Page/Input_ZIP_code'

2023-12-22 14:45:25 - [TEST_STEP][PASSED] - setText(findTestObject("Login_Pages/Sign_Up_Page/Input_Username"), email): Text 'shresth702@gmail.com' is set on object 'Object Repository/Login_Pages/Sign_Up_Page/Input_Username'

2023-12-22 14:45:25 - [MESSAGE][PASSED] - Text 'shresth702@gmail.com' is set on object 'Object Repository/Login_Pages/Sign_Up_Page/Input_Username'

2023-12-22 14:45:25 - [TEST_STEP][PASSED] - setText(findTestObject("Login_Pages/Sign_Up_Page/Input_Password"), password): Text 'Test@123' is set on object 'Object Repository/Login_Pages/Sign_Up_Page/Input_Password'

2023-12-22 14:45:25 - [MESSAGE][PASSED] - Text 'Test@123' is set on object 'Object Repository/Login_Pages/Sign_Up_Page/Input_Password'

2023-12-22 14:45:25 - [TEST_STEP][PASSED] - click(findTestObject("Login_Pages/Sign_Up_Page/button_role_Senior")): Object: 'Object Repository/Login_Pages/Sign_Up_Page/button_role_Senior' is clicked on

2023-12-22 14:45:25 - [MESSAGE][PASSED] - Object: 'Object Repository/Login_Pages/Sign_Up_Page/button_role_Senior' is clicked on

2023-12-22 14:45:25 - [TEST_STEP][PASSED] - click(findTestObject("Login_Pages/Sign_Up_Page/button_Sign_Up")): Object: 'Object Repository/Login_Pages/Sign_Up_Page/button_Sign_Up' is clicked on

2023-12-22 14:45:25 - [MESSAGE][PASSED] - Object: 'Object Repository/Login_Pages/Sign_Up_Page/button_Sign_Up' is clicked on

2023-12-22 14:45:25 - [MESSAGE][PASSED] - Call Test Case 'Test Cases/Common_TestCases/Senior_SignUp' successfully

2023-12-22 14:45:25 - [TEST_STEP][PASSED] - verifyElementPresent(findTestObject("Profile_Creation_Page/Profile_Creation_Page_Objects/Text_Expectations_From_Companion"), 0): Object 'Object Repository/Profile_Creation_Page/Profile_Creation_Page_Objects/Text_Expectations_From_Companion' is present

2023-12-22 14:45:25 - [MESSAGE][WARNING] - Timeout '0' is invalid. Using default page load timeout: '30'

2023-12-22 14:45:30 - [MESSAGE][PASSED] - Object 'Object Repository/Profile_Creation_Page/Profile_Creation_Page_Objects/Text_Expectations_From_Companion' is present

2023-12-22 14:45:30 - [TEST_STEP][PASSED] - verifyElementPresent(findTestObject("Profile_Creation_Page/Profile_Creation_Page_Objects/Text_Select the button of your choice to create your profile"), 0): Object 'Object Repository/Profile_Creation_Page/Profile_Creation_Page_Objects/Text_Select the button of your choice to create your profile' is present

2023-12-22 14:45:30 - [MESSAGE][WARNING] - Timeout '0' is invalid. Using default page load timeout: '30'

2023-12-22 14:45:30 - [MESSAGE][PASSED] - Object 'Object Repository/Profile_Creation_Page/Profile_Creation_Page_Objects/Text_Select the button of your choice to create your profile' is present

2023-12-22 14:45:30 - [TEST_STEP][PASSED] - verifyElementPresent(findTestObject("Profile_Creation_Page/Profile_Creation_Page_Objects/Text_We are excited"), 0): Object 'Object Repository/Profile_Creation_Page/Profile_Creation_Page_Objects/Text_We are excited' is present

2023-12-22 14:45:30 - [MESSAGE][WARNING] - Timeout '0' is invalid. Using default page load timeout: '30'

2023-12-22 14:45:30 - [MESSAGE][PASSED] - Object 'Object Repository/Profile_Creation_Page/Profile_Creation_Page_Objects/Text_We are excited' is present

2023-12-22 14:45:30 - [TEST_STEP][PASSED] - waitForElementClickable(findTestObject("Profile_Creation_Page/Profile_Creation_Page_Objects/btn_I_Want_To_Type"), 65): Object 'Object Repository/Profile_Creation_Page/Profile_Creation_Page_Objects/btn_I_Want_To_Type' is clickable

2023-12-22 14:46:13 - [MESSAGE][PASSED] - Object 'Object Repository/Profile_Creation_Page/Profile_Creation_Page_Objects/btn_I_Want_To_Type' is clickable

2023-12-22 14:46:13 - [TEST_STEP][PASSED] - click(findTestObject("Profile_Creation_Page/Profile_Creation_Page_Objects/btn_I_Want_To_Type")): Object: 'Object Repository/Profile_Creation_Page/Profile_Creation_Page_Objects/btn_I_Want_To_Type' is clicked on

2023-12-22 14:46:13 - [MESSAGE][PASSED] - Object: 'Object Repository/Profile_Creation_Page/Profile_Creation_Page_Objects/btn_I_Want_To_Type' is clicked on

2023-12-22 14:46:13 - [TEST_STEP][PASSED] - setText(findTestObject("Profile_Creation_Page/Profile_Creation_Page_Objects/Input_I_Want_To_Type"), Profile): Text 'Greetings, I'm Shresth, a seasoned explorer in the journey of life, joyfully celebrating my 58 years of existence. With a background in astrophysics, I dedicated decades to exploring the mysteries of the universe. Beyond scientific pursuits, I find solace in the world of music, playing the piano and composing melodies that resonate with the cosmos. In a companion, I seek someone who shares my passion for stargazing and the wonders of the universe. Health-wise, I've faced challenges with arthritis, but with regular physiotherapy and a balanced lifestyle, I continue to pursue my passions with vigor. Life has been a captivating adventure, and I look forward to crafting new experiences with a like-minded soul who appreciates the beauty of the cosmos and the art of music.' is set on object 'Object Repository/Profile_Creation_Page/Profile_Creation_Page_Objects/Input_I_Want_To_Type'

2023-12-22 14:46:14 - [MESSAGE][PASSED] - Text 'Greetings, I'm Shresth, a seasoned explorer in the journey of life, joyfully celebrating my 58 years of existence. With a background in astrophysics, I dedicated decades to exploring the mysteries of the universe. Beyond scientific pursuits, I find solace in the world of music, playing the piano and composing melodies that resonate with the cosmos. In a companion, I seek someone who shares my passion for stargazing and the wonders of the universe. Health-wise, I've faced challenges with arthritis, but with regular physiotherapy and a balanced lifestyle, I continue to pursue my passions with vigor. Life has been a captivating adventure, and I look forward to crafting new experiences with a like-minded soul who appreciates the beauty of the cosmos and the art of music.' is set on object 'Object Repository/Profile_Creation_Page/Profile_Creation_Page_Objects/Input_I_Want_To_Type'

2023-12-22 14:46:14 - [TEST_STEP][PASSED] - scrollToElement(findTestObject("Object Repository/Profile_Creation_Page/Profile_Creation_Page_Objects/button_Next"), 0): Scroll to object 'Object Repository/Profile_Creation_Page/Profile_Creation_Page_Objects/button_Next' successfully

2023-12-22 14:46:14 - [MESSAGE][WARNING] - Timeout '0' is invalid. Using default page load timeout: '30'

2023-12-22 14:46:14 - [MESSAGE][PASSED] - Scroll to object 'Object Repository/Profile_Creation_Page/Profile_Creation_Page_Objects/button_Next' successfully

2023-12-22 14:46:14 - [TEST_STEP][PASSED] - click(findTestObject("Object Repository/Profile_Creation_Page/Profile_Creation_Page_Objects/button_Next")): Object: 'Object Repository/Profile_Creation_Page/Profile_Creation_Page_Objects/button_Next' is clicked on

2023-12-22 14:46:14 - [MESSAGE][PASSED] - Object: 'Object Repository/Profile_Creation_Page/Profile_Creation_Page_Objects/button_Next' is clicked on

2023-12-22 14:46:14 - [TEST_STEP][PASSED] - delay(20): Delayed 20 second(s)

2023-12-22 14:46:34 - [MESSAGE][PASSED] - Delayed 20 second(s)

2023-12-22 14:46:34 - [TEST_STEP][PASSED] - waitForElementNotPresent(findTestObject("WaitingPage/Waiting_Page/txt_1-2 minutes"), 180): Web element with id: 'Object Repository/WaitingPage/Waiting_Page/txt_1-2 minutes' located by 'By.xpath: //div[@id='root']/div/div/div/div/div/p[2]' is not present after '180' second(s)

2023-12-22 14:46:36 - [MESSAGE][PASSED] - Web element with id: 'Object Repository/WaitingPage/Waiting_Page/txt_1-2 minutes' located by 'By.xpath: //div[@id='root']/div/div/div/div/div/p[2]' is not present after '180' second(s)

2023-12-22 14:46:36 - [TEST_STEP][PASSED] - Education = getAttribute(findTestObject("Category_View_Page/Category_View_Page_Objects/Input_Edit_Educational_Info"), "value"): Attribute 'value' of object 'Object Repository/Category_View_Page/Category_View_Page_Objects/Input_Edit_Educational_Info' is: 'With a background in astrophysics, I dedicated decades to exploring the mysteries of the universe.'

2023-12-22 14:46:37 - [MESSAGE][PASSED] - Attribute 'value' of object 'Object Repository/Category_View_Page/Category_View_Page_Objects/Input_Edit_Educational_Info' is: 'With a background in astrophysics, I dedicated decades to exploring the mysteries of the universe.'

2023-12-22 14:46:37 - [TEST_STEP][PASSED] - validateText.ValidateText.calculateAndPrintPercentageMatch("EDUCATION", Education, EducationNew): validateText.ValidateText.calculateAndPrintPercentageMatch is PASSED

2023-12-22 14:46:37 - [MESSAGE][PASSED] - validateText.ValidateText.calculateAndPrintPercentageMatch is PASSED

2023-12-22 14:46:37 - [TEST_STEP][PASSED] - Hobbies = getAttribute(findTestObject("Category_View_Page/Category_View_Page_Objects/Input_Edit_Appropriate_Hobbies"), "value"): Attribute 'value' of object 'Object Repository/Category_View_Page/Category_View_Page_Objects/Input_Edit_Appropriate_Hobbies' is: 'Beyond scientific pursuits, I find solace in the world of music, playing the piano and composing melodies that resonate with the cosmos.'

2023-12-22 14:46:37 - [MESSAGE][PASSED] - Attribute 'value' of object 'Object Repository/Category_View_Page/Category_View_Page_Objects/Input_Edit_Appropriate_Hobbies' is: 'Beyond scientific pursuits, I find solace in the world of music, playing the piano and composing melodies that resonate with the cosmos.'

2023-12-22 14:46:37 - [TEST_STEP][PASSED] - validateText.ValidateText.calculateAndPrintPercentageMatch("HOBBIES", Hobbies, HobbiesNew): validateText.ValidateText.calculateAndPrintPercentageMatch is PASSED

2023-12-22 14:46:37 - [MESSAGE][PASSED] - validateText.ValidateText.calculateAndPrintPercentageMatch is PASSED

2023-12-22 14:46:37 - [TEST_STEP][PASSED] - Expectations = getAttribute(findTestObject("Category_View_Page/Category_View_Page_Objects/Input_Edit_expectation"), "value"): Attribute 'value' of object 'Object Repository/Category_View_Page/Category_View_Page_Objects/Input_Edit_expectation' is: 'In a companion, I seek someone who shares my passion for stargazing and the wonders of the universe.'

2023-12-22 14:46:37 - [MESSAGE][PASSED] - Attribute 'value' of object 'Object Repository/Category_View_Page/Category_View_Page_Objects/Input_Edit_expectation' is: 'In a companion, I seek someone who shares my passion for stargazing and the wonders of the universe.'

2023-12-22 14:46:37 - [TEST_STEP][PASSED] - validateText.ValidateText.calculateAndPrintPercentageMatch("EXPECTATIONS", Expectations, ExpectationsNew): validateText.ValidateText.calculateAndPrintPercentageMatch is PASSED

2023-12-22 14:46:37 - [MESSAGE][PASSED] - validateText.ValidateText.calculateAndPrintPercentageMatch is PASSED

2023-12-22 14:46:37 - [TEST_STEP][PASSED] - Others = getAttribute(findTestObject("Category_View_Page/Category_View_Page_Objects/Input_Edit_Appropriate_Health"), "value"): Attribute 'value' of object 'Object Repository/Category_View_Page/Category_View_Page_Objects/Input_Edit_Appropriate_Health' is: 'Greetings, I'm Shresth, a seasoned explorer in the journey of life, joyfully celebrating my 58 years of existence. Life has been a captivating adventure, and I look forward to crafting new experiences with a like-minded soul who appreciates the beauty of the cosmos and the art of music. Health-wise, I've faced challenges with arthritis, but with regular physiotherapy and a balanced lifestyle, I continue to pursue my passions with vigor.'

2023-12-22 14:46:37 - [MESSAGE][PASSED] - Attribute 'value' of object 'Object Repository/Category_View_Page/Category_View_Page_Objects/Input_Edit_Appropriate_Health' is: 'Greetings, I'm Shresth, a seasoned explorer in the journey of life, joyfully celebrating my 58 years of existence. Life has been a captivating adventure, and I look forward to crafting new experiences with a like-minded soul who appreciates the beauty of the cosmos and the art of music. Health-wise, I've faced challenges with arthritis, but with regular physiotherapy and a balanced lifestyle, I continue to pursue my passions with vigor.'

2023-12-22 14:46:37 - [TEST_STEP][PASSED] - validateText.ValidateText.calculateAndPrintPercentageMatch("OTHERS", Others, OtherNew): validateText.ValidateText.calculateAndPrintPercentageMatch is PASSED

2023-12-22 14:46:37 - [MESSAGE][PASSED] - validateText.ValidateText.calculateAndPrintPercentageMatch is PASSED

2023-12-22 14:46:37 - [TEST_STEP][PASSED] - waitForElementClickable(findTestObject("Object Repository/Category_View_Page/Category_View_Page_Objects/button_Next"), 65): Object 'Object Repository/Category_View_Page/Category_View_Page_Objects/button_Next' is clickable

2023-12-22 14:46:37 - [MESSAGE][PASSED] - Object 'Object Repository/Category_View_Page/Category_View_Page_Objects/button_Next' is clickable

2023-12-22 14:46:37 - [TEST_STEP][PASSED] - click(findTestObject("Object Repository/Category_View_Page/Category_View_Page_Objects/button_Next")): Object: 'Object Repository/Category_View_Page/Category_View_Page_Objects/button_Next' is clicked on

2023-12-22 14:46:39 - [MESSAGE][PASSED] - Object: 'Object Repository/Category_View_Page/Category_View_Page_Objects/button_Next' is clicked on

2023-12-22 14:46:39 - [TEST_STEP][PASSED] - waitForElementNotPresent(findTestObject("WaitingPage/Waiting_Page/Clock_categoryToCalender"), 10): Web element with id: 'Object Repository/WaitingPage/Waiting_Page/Clock_categoryToCalender' located by 'By.xpath: //div[@id='root']/div/div/div/div/span' is not present after '10' second(s)

2023-12-22 14:46:40 - [MESSAGE][PASSED] - Web element with id: 'Object Repository/WaitingPage/Waiting_Page/Clock_categoryToCalender' located by 'By.xpath: //div[@id='root']/div/div/div/div/span' is not present after '10' second(s)

2023-12-22 14:46:40 - [TEST_STEP][PASSED] - scrollToElement(findTestObject("Calendar_page/Input_Start_Date"), 0): Scroll to object 'Object Repository/Calendar_page/Input_Start_Date' successfully

2023-12-22 14:46:40 - [MESSAGE][WARNING] - Timeout '0' is invalid. Using default page load timeout: '30'

2023-12-22 14:46:40 - [MESSAGE][PASSED] - Scroll to object 'Object Repository/Calendar_page/Input_Start_Date' successfully

2023-12-22 14:46:40 - [TEST_STEP][PASSED] - click(findTestObject("Calendar_page/Input_Start_Date")): Object: 'Object Repository/Calendar_page/Input_Start_Date' is clicked on

2023-12-22 14:46:41 - [MESSAGE][PASSED] - Object: 'Object Repository/Calendar_page/Input_Start_Date' is clicked on

2023-12-22 14:46:41 - [TEST_STEP][PASSED] - delay(3): Delayed 3 second(s)

2023-12-22 14:46:44 - [MESSAGE][PASSED] - Delayed 3 second(s)

2023-12-22 14:46:44 - [TEST_STEP][PASSED] - click(findTestObject("Calendar_page/startDate/div_27")): Object: 'Object Repository/Calendar_page/startDate/div_27' is clicked on

2023-12-22 14:46:44 - [MESSAGE][PASSED] - Object: 'Object Repository/Calendar_page/startDate/div_27' is clicked on

2023-12-22 14:46:44 - [TEST_STEP][PASSED] - delay(3): Delayed 3 second(s)

2023-12-22 14:46:47 - [MESSAGE][PASSED] - Delayed 3 second(s)

2023-12-22 14:46:47 - [TEST_STEP][PASSED] - click(findTestObject("Calendar_page/Input_Busy_Days")): Object: 'Object Repository/Calendar_page/Input_Busy_Days' is clicked on

2023-12-22 14:46:47 - [MESSAGE][PASSED] - Object: 'Object Repository/Calendar_page/Input_Busy_Days' is clicked on

2023-12-22 14:46:47 - [TEST_STEP][PASSED] - click(findTestObject("Calendar_page/busyDates/div_3")): Object: 'Object Repository/Calendar_page/busyDates/div_3' is clicked on

2023-12-22 14:46:47 - [MESSAGE][PASSED] - Object: 'Object Repository/Calendar_page/busyDates/div_3' is clicked on

2023-12-22 14:46:47 - [TEST_STEP][PASSED] - delay(2): Delayed 2 second(s)

2023-12-22 14:46:49 - [MESSAGE][PASSED] - Delayed 2 second(s)

2023-12-22 14:46:49 - [TEST_STEP][PASSED] - click(findTestObject("Calendar_page/busyDates/div_6")): Object: 'Object Repository/Calendar_page/busyDates/div_6' is clicked on

2023-12-22 14:46:49 - [MESSAGE][PASSED] - Object: 'Object Repository/Calendar_page/busyDates/div_6' is clicked on

2023-12-22 14:46:49 - [TEST_STEP][PASSED] - delay(2): Delayed 2 second(s)

2023-12-22 14:46:51 - [MESSAGE][PASSED] - Delayed 2 second(s)

2023-12-22 14:46:51 - [TEST_STEP][PASSED] - click(findTestObject("Calendar_page/div_day_Column")): Object: 'Object Repository/Calendar_page/div_day_Column' is clicked on

2023-12-22 14:46:51 - [MESSAGE][PASSED] - Object: 'Object Repository/Calendar_page/div_day_Column' is clicked on

2023-12-22 14:46:51 - [TEST_STEP][PASSED] - selectOptionByLabel(findTestObject("Calendar_page/Select_Available_From"), "01:30 PM", false): All options with label '01:30 PM' are selected in object 'Object Repository/Calendar_page/Select_Available_From' 

2023-12-22 14:46:51 - [MESSAGE][PASSED] - All options with label '01:30 PM' are selected in object 'Object Repository/Calendar_page/Select_Available_From' 

2023-12-22 14:46:51 - [TEST_STEP][PASSED] - delay(2): Delayed 2 second(s)

2023-12-22 14:46:53 - [MESSAGE][PASSED] - Delayed 2 second(s)

2023-12-22 14:46:53 - [TEST_STEP][PASSED] - selectOptionByLabel(findTestObject("Calendar_page/Select_Available_To"), "04:30 PM", false): All options with label '04:30 PM' are selected in object 'Object Repository/Calendar_page/Select_Available_To' 

2023-12-22 14:46:53 - [MESSAGE][PASSED] - All options with label '04:30 PM' are selected in object 'Object Repository/Calendar_page/Select_Available_To' 

2023-12-22 14:46:53 - [TEST_STEP][PASSED] - delay(2): Delayed 2 second(s)

2023-12-22 14:46:55 - [MESSAGE][PASSED] - Delayed 2 second(s)

2023-12-22 14:46:55 - [TEST_STEP][PASSED] - click(findTestObject("Calendar_page/button_Save")): Object: 'Object Repository/Calendar_page/button_Save' is clicked on

2023-12-22 14:46:55 - [MESSAGE][PASSED] - Object: 'Object Repository/Calendar_page/button_Save' is clicked on

2023-12-22 14:46:55 - [TEST_STEP][PASSED] - delay(2): Delayed 2 second(s)

2023-12-22 14:46:57 - [MESSAGE][PASSED] - Delayed 2 second(s)

2023-12-22 14:46:57 - [TEST_STEP][PASSED] - click(findTestObject("Calendar_page/button_Next")): Object: 'Object Repository/Calendar_page/button_Next' is clicked on

2023-12-22 14:46:57 - [MESSAGE][PASSED] - Object: 'Object Repository/Calendar_page/button_Next' is clicked on

2023-12-22 14:46:57 - [TEST_STEP][PASSED] - delay(3): Delayed 3 second(s)

2023-12-22 14:47:00 - [MESSAGE][PASSED] - Delayed 3 second(s)

2023-12-22 14:47:00 - [TEST_STEP][PASSED] - click(findTestObject("Calendar_page/button_SaveCalendarPage")): Object: 'Object Repository/Calendar_page/button_SaveCalendarPage' is clicked on

2023-12-22 14:47:00 - [MESSAGE][PASSED] - Object: 'Object Repository/Calendar_page/button_SaveCalendarPage' is clicked on

2023-12-22 14:47:00 - [TEST_STEP][PASSED] - verifyElementPresent(findTestObject("Object Repository/Thankyou_Page/Thankyou_Page_Objects/txt_h1_Thank you"), 0): Object 'Object Repository/Thankyou_Page/Thankyou_Page_Objects/txt_h1_Thank you' is present

2023-12-22 14:47:00 - [MESSAGE][WARNING] - Timeout '0' is invalid. Using default page load timeout: '30'

2023-12-22 14:47:00 - [MESSAGE][PASSED] - Object 'Object Repository/Thankyou_Page/Thankyou_Page_Objects/txt_h1_Thank you' is present

2023-12-22 14:47:00 - [TEST_STEP][PASSED] - delay(2): Delayed 2 second(s)

2023-12-22 14:47:02 - [MESSAGE][PASSED] - Delayed 2 second(s)

2023-12-22 14:47:02 - [TEST_STEP][PASSED] - closeBrowser(): Browser is closed

2023-12-22 14:47:03 - [MESSAGE][PASSED] - Browser is closed]]></system-out>
         <system-err><![CDATA[]]></system-err>
      </testcase>
      <testcase name="Test Cases/Senior_TestCases/TC01_CreateProfile_Type" time="114.611" classname="Test Cases/Senior_TestCases/TC01_CreateProfile_Type" status="PASSED">
         <system-out><![CDATA[2023-12-22 14:47:03 - [TEST_CASE][PASSED] - Test Cases/Senior_TestCases/TC01_CreateProfile_Type: Test Cases/Senior_TestCases/TC01_CreateProfile_Type

2023-12-22 14:47:03 - [TEST_STEP][PASSED] - callTestCase(findTestCase("Common_TestCases/Senior_SignUp"), ["username":UserName, "email":Email, "zipcode":ZipCode, "password":Password], STOP_ON_FAILURE): Call Test Case 'Test Cases/Common_TestCases/Senior_SignUp' successfully

2023-12-22 14:47:03 - [TEST_CASE][PASSED] - Test Cases/Common_TestCases/Senior_SignUp: Test Cases/Common_TestCases/Senior_SignUp

2023-12-22 14:47:03 - [TEST_STEP][PASSED] - System.setProperty("webdriver.chrome.driver", "Data Files/chromedriver-win64/chromedriver.exe"): null

2023-12-22 14:47:03 - [TEST_STEP][PASSED] - options = new org.openqa.selenium.chrome.ChromeOptions(): null

2023-12-22 14:47:03 - [TEST_STEP][PASSED] - options.addArguments("start-maximized"): null

2023-12-22 14:47:03 - [TEST_STEP][PASSED] - options.addArguments("force-device-scale-factor=1.2"): null

2023-12-22 14:47:03 - [TEST_STEP][PASSED] - options.setExperimentalOption("prefs", new Script1700728747795$1(this)): null

2023-12-22 14:47:03 - [TEST_STEP][PASSED] - capabilities = DesiredCapabilities.chrome(): null

2023-12-22 14:47:03 - [TEST_STEP][PASSED] - capabilities.setCapability(CAPABILITY, options): null

2023-12-22 14:47:03 - [TEST_STEP][PASSED] - driver = new org.openqa.selenium.chrome.ChromeDriver(capabilities): null

2023-12-22 14:47:04 - [TEST_STEP][PASSED] - changeWebDriver(driver): null

2023-12-22 14:47:04 - [TEST_STEP][PASSED] - navigateToUrl("https://caring-connections-qa.azurewebsites.net/"): Navigate to 'https://caring-connections-qa.azurewebsites.net/' successfully

2023-12-22 14:47:08 - [MESSAGE][PASSED] - Navigate to 'https://caring-connections-qa.azurewebsites.net/' successfully

2023-12-22 14:47:08 - [TEST_STEP][PASSED] - click(findTestObject("Login_Pages/Sign_In_Page/button_Sign_Up")): Object: 'Object Repository/Login_Pages/Sign_In_Page/button_Sign_Up' is clicked on

2023-12-22 14:47:08 - [MESSAGE][PASSED] - Object: 'Object Repository/Login_Pages/Sign_In_Page/button_Sign_Up' is clicked on

2023-12-22 14:47:08 - [TEST_STEP][PASSED] - setText(findTestObject("Login_Pages/Sign_Up_Page/Input_First_Last_Name"), username): Text 'Naveen' is set on object 'Object Repository/Login_Pages/Sign_Up_Page/Input_First_Last_Name'

2023-12-22 14:47:08 - [MESSAGE][PASSED] - Text 'Naveen' is set on object 'Object Repository/Login_Pages/Sign_Up_Page/Input_First_Last_Name'

2023-12-22 14:47:08 - [TEST_STEP][PASSED] - setText(findTestObject("Login_Pages/Sign_Up_Page/Input_ZIP_code"), zipcode): Text '464646' is set on object 'Object Repository/Login_Pages/Sign_Up_Page/Input_ZIP_code'

2023-12-22 14:47:08 - [MESSAGE][PASSED] - Text '464646' is set on object 'Object Repository/Login_Pages/Sign_Up_Page/Input_ZIP_code'

2023-12-22 14:47:08 - [TEST_STEP][PASSED] - setText(findTestObject("Login_Pages/Sign_Up_Page/Input_Username"), email): Text 'naveen702@gmail.com' is set on object 'Object Repository/Login_Pages/Sign_Up_Page/Input_Username'

2023-12-22 14:47:08 - [MESSAGE][PASSED] - Text 'naveen702@gmail.com' is set on object 'Object Repository/Login_Pages/Sign_Up_Page/Input_Username'

2023-12-22 14:47:08 - [TEST_STEP][PASSED] - setText(findTestObject("Login_Pages/Sign_Up_Page/Input_Password"), password): Text 'Test@123' is set on object 'Object Repository/Login_Pages/Sign_Up_Page/Input_Password'

2023-12-22 14:47:08 - [MESSAGE][PASSED] - Text 'Test@123' is set on object 'Object Repository/Login_Pages/Sign_Up_Page/Input_Password'

2023-12-22 14:47:08 - [TEST_STEP][PASSED] - click(findTestObject("Login_Pages/Sign_Up_Page/button_role_Senior")): Object: 'Object Repository/Login_Pages/Sign_Up_Page/button_role_Senior' is clicked on

2023-12-22 14:47:08 - [MESSAGE][PASSED] - Object: 'Object Repository/Login_Pages/Sign_Up_Page/button_role_Senior' is clicked on

2023-12-22 14:47:08 - [TEST_STEP][PASSED] - click(findTestObject("Login_Pages/Sign_Up_Page/button_Sign_Up")): Object: 'Object Repository/Login_Pages/Sign_Up_Page/button_Sign_Up' is clicked on

2023-12-22 14:47:08 - [MESSAGE][PASSED] - Object: 'Object Repository/Login_Pages/Sign_Up_Page/button_Sign_Up' is clicked on

2023-12-22 14:47:08 - [MESSAGE][PASSED] - Call Test Case 'Test Cases/Common_TestCases/Senior_SignUp' successfully

2023-12-22 14:47:08 - [TEST_STEP][PASSED] - verifyElementPresent(findTestObject("Profile_Creation_Page/Profile_Creation_Page_Objects/Text_Expectations_From_Companion"), 0): Object 'Object Repository/Profile_Creation_Page/Profile_Creation_Page_Objects/Text_Expectations_From_Companion' is present

2023-12-22 14:47:08 - [MESSAGE][WARNING] - Timeout '0' is invalid. Using default page load timeout: '30'

2023-12-22 14:47:13 - [MESSAGE][PASSED] - Object 'Object Repository/Profile_Creation_Page/Profile_Creation_Page_Objects/Text_Expectations_From_Companion' is present

2023-12-22 14:47:13 - [TEST_STEP][PASSED] - verifyElementPresent(findTestObject("Profile_Creation_Page/Profile_Creation_Page_Objects/Text_Select the button of your choice to create your profile"), 0): Object 'Object Repository/Profile_Creation_Page/Profile_Creation_Page_Objects/Text_Select the button of your choice to create your profile' is present

2023-12-22 14:47:13 - [MESSAGE][WARNING] - Timeout '0' is invalid. Using default page load timeout: '30'

2023-12-22 14:47:13 - [MESSAGE][PASSED] - Object 'Object Repository/Profile_Creation_Page/Profile_Creation_Page_Objects/Text_Select the button of your choice to create your profile' is present

2023-12-22 14:47:13 - [TEST_STEP][PASSED] - verifyElementPresent(findTestObject("Profile_Creation_Page/Profile_Creation_Page_Objects/Text_We are excited"), 0): Object 'Object Repository/Profile_Creation_Page/Profile_Creation_Page_Objects/Text_We are excited' is present

2023-12-22 14:47:13 - [MESSAGE][WARNING] - Timeout '0' is invalid. Using default page load timeout: '30'

2023-12-22 14:47:13 - [MESSAGE][PASSED] - Object 'Object Repository/Profile_Creation_Page/Profile_Creation_Page_Objects/Text_We are excited' is present

2023-12-22 14:47:13 - [TEST_STEP][PASSED] - waitForElementClickable(findTestObject("Profile_Creation_Page/Profile_Creation_Page_Objects/btn_I_Want_To_Type"), 65): Object 'Object Repository/Profile_Creation_Page/Profile_Creation_Page_Objects/btn_I_Want_To_Type' is clickable

2023-12-22 14:47:55 - [MESSAGE][PASSED] - Object 'Object Repository/Profile_Creation_Page/Profile_Creation_Page_Objects/btn_I_Want_To_Type' is clickable

2023-12-22 14:47:55 - [TEST_STEP][PASSED] - click(findTestObject("Profile_Creation_Page/Profile_Creation_Page_Objects/btn_I_Want_To_Type")): Object: 'Object Repository/Profile_Creation_Page/Profile_Creation_Page_Objects/btn_I_Want_To_Type' is clicked on

2023-12-22 14:47:55 - [MESSAGE][PASSED] - Object: 'Object Repository/Profile_Creation_Page/Profile_Creation_Page_Objects/btn_I_Want_To_Type' is clicked on

2023-12-22 14:47:55 - [TEST_STEP][PASSED] - setText(findTestObject("Profile_Creation_Page/Profile_Creation_Page_Objects/Input_I_Want_To_Type"), Profile): Text 'Greetings, I'm Naveen , a seasoned explorer in the journey of life, joyfully celebrating my 58 years of existence. With a background in literature, I dedicated decades to exploring the rich world of words and stories. Beyond academic pursuits, I find solace in the world of painting, crafting vibrant canvases that express the beauty of the written word. In a companion, I hope to find someone who shares my love for literature and the appreciation for the creative blend of art and storytelling. Health-wise, I've faced challenges with allergies, but with careful management and a balanced lifestyle, I continue to pursue my passions with vigor. Life has been a captivating adventure through the pages of books and art, and I look forward to painting new chapters with a like-minded soul who values the beauty of storytelling and the creativity of artistic expression.' is set on object 'Object Repository/Profile_Creation_Page/Profile_Creation_Page_Objects/Input_I_Want_To_Type'

2023-12-22 14:47:55 - [MESSAGE][PASSED] - Text 'Greetings, I'm Naveen , a seasoned explorer in the journey of life, joyfully celebrating my 58 years of existence. With a background in literature, I dedicated decades to exploring the rich world of words and stories. Beyond academic pursuits, I find solace in the world of painting, crafting vibrant canvases that express the beauty of the written word. In a companion, I hope to find someone who shares my love for literature and the appreciation for the creative blend of art and storytelling. Health-wise, I've faced challenges with allergies, but with careful management and a balanced lifestyle, I continue to pursue my passions with vigor. Life has been a captivating adventure through the pages of books and art, and I look forward to painting new chapters with a like-minded soul who values the beauty of storytelling and the creativity of artistic expression.' is set on object 'Object Repository/Profile_Creation_Page/Profile_Creation_Page_Objects/Input_I_Want_To_Type'

2023-12-22 14:47:55 - [TEST_STEP][PASSED] - scrollToElement(findTestObject("Object Repository/Profile_Creation_Page/Profile_Creation_Page_Objects/button_Next"), 0): Scroll to object 'Object Repository/Profile_Creation_Page/Profile_Creation_Page_Objects/button_Next' successfully

2023-12-22 14:47:56 - [MESSAGE][WARNING] - Timeout '0' is invalid. Using default page load timeout: '30'

2023-12-22 14:47:56 - [MESSAGE][PASSED] - Scroll to object 'Object Repository/Profile_Creation_Page/Profile_Creation_Page_Objects/button_Next' successfully

2023-12-22 14:47:56 - [TEST_STEP][PASSED] - click(findTestObject("Object Repository/Profile_Creation_Page/Profile_Creation_Page_Objects/button_Next")): Object: 'Object Repository/Profile_Creation_Page/Profile_Creation_Page_Objects/button_Next' is clicked on

2023-12-22 14:47:56 - [MESSAGE][PASSED] - Object: 'Object Repository/Profile_Creation_Page/Profile_Creation_Page_Objects/button_Next' is clicked on

2023-12-22 14:47:56 - [TEST_STEP][PASSED] - delay(20): Delayed 20 second(s)

2023-12-22 14:48:16 - [MESSAGE][PASSED] - Delayed 20 second(s)

2023-12-22 14:48:16 - [TEST_STEP][PASSED] - waitForElementNotPresent(findTestObject("WaitingPage/Waiting_Page/txt_1-2 minutes"), 180): Web element with id: 'Object Repository/WaitingPage/Waiting_Page/txt_1-2 minutes' located by 'By.xpath: //div[@id='root']/div/div/div/div/div/p[2]' is not present after '180' second(s)

2023-12-22 14:48:31 - [MESSAGE][PASSED] - Web element with id: 'Object Repository/WaitingPage/Waiting_Page/txt_1-2 minutes' located by 'By.xpath: //div[@id='root']/div/div/div/div/div/p[2]' is not present after '180' second(s)

2023-12-22 14:48:31 - [TEST_STEP][PASSED] - Education = getAttribute(findTestObject("Category_View_Page/Category_View_Page_Objects/Input_Edit_Educational_Info"), "value"): Attribute 'value' of object 'Object Repository/Category_View_Page/Category_View_Page_Objects/Input_Edit_Educational_Info' is: 'With a background in literature, I dedicated decades to exploring the rich world of words and stories.'

2023-12-22 14:48:31 - [MESSAGE][PASSED] - Attribute 'value' of object 'Object Repository/Category_View_Page/Category_View_Page_Objects/Input_Edit_Educational_Info' is: 'With a background in literature, I dedicated decades to exploring the rich world of words and stories.'

2023-12-22 14:48:31 - [TEST_STEP][PASSED] - validateText.ValidateText.calculateAndPrintPercentageMatch("EDUCATION", Education, EducationNew): validateText.ValidateText.calculateAndPrintPercentageMatch is PASSED

2023-12-22 14:48:31 - [MESSAGE][PASSED] - validateText.ValidateText.calculateAndPrintPercentageMatch is PASSED

2023-12-22 14:48:31 - [TEST_STEP][PASSED] - Hobbies = getAttribute(findTestObject("Category_View_Page/Category_View_Page_Objects/Input_Edit_Appropriate_Hobbies"), "value"): Attribute 'value' of object 'Object Repository/Category_View_Page/Category_View_Page_Objects/Input_Edit_Appropriate_Hobbies' is: 'Beyond academic pursuits, I find solace in the world of painting, crafting vibrant canvases that express the beauty of the written word.'

2023-12-22 14:48:31 - [MESSAGE][PASSED] - Attribute 'value' of object 'Object Repository/Category_View_Page/Category_View_Page_Objects/Input_Edit_Appropriate_Hobbies' is: 'Beyond academic pursuits, I find solace in the world of painting, crafting vibrant canvases that express the beauty of the written word.'

2023-12-22 14:48:31 - [TEST_STEP][PASSED] - validateText.ValidateText.calculateAndPrintPercentageMatch("HOBBIES", Hobbies, HobbiesNew): validateText.ValidateText.calculateAndPrintPercentageMatch is PASSED

2023-12-22 14:48:31 - [MESSAGE][PASSED] - validateText.ValidateText.calculateAndPrintPercentageMatch is PASSED

2023-12-22 14:48:31 - [TEST_STEP][PASSED] - Expectations = getAttribute(findTestObject("Category_View_Page/Category_View_Page_Objects/Input_Edit_expectation"), "value"): Attribute 'value' of object 'Object Repository/Category_View_Page/Category_View_Page_Objects/Input_Edit_expectation' is: 'In a companion, I hope to find someone who shares my love for literature and the appreciation for the creative blend of art and storytelling.'

2023-12-22 14:48:31 - [MESSAGE][PASSED] - Attribute 'value' of object 'Object Repository/Category_View_Page/Category_View_Page_Objects/Input_Edit_expectation' is: 'In a companion, I hope to find someone who shares my love for literature and the appreciation for the creative blend of art and storytelling.'

2023-12-22 14:48:31 - [TEST_STEP][PASSED] - validateText.ValidateText.calculateAndPrintPercentageMatch("EXPECTATIONS", Expectations, ExpectationsNew): validateText.ValidateText.calculateAndPrintPercentageMatch is PASSED

2023-12-22 14:48:31 - [MESSAGE][PASSED] - validateText.ValidateText.calculateAndPrintPercentageMatch is PASSED

2023-12-22 14:48:31 - [TEST_STEP][PASSED] - Others = getAttribute(findTestObject("Category_View_Page/Category_View_Page_Objects/Input_Edit_Appropriate_Health"), "value"): Attribute 'value' of object 'Object Repository/Category_View_Page/Category_View_Page_Objects/Input_Edit_Appropriate_Health' is: 'Greetings, I'm Naveen , a seasoned explorer in the journey of life, joyfully celebrating my 58 years of existence. Life has been a captivating adventure through the pages of books and art, and I look forward to painting new chapters with a like-minded soul who values the beauty of storytelling and the creativity of artistic expression. Health-wise, I've faced challenges with allergies, but with careful management and a balanced lifestyle, I continue to pursue my passions with vigor.'

2023-12-22 14:48:31 - [MESSAGE][PASSED] - Attribute 'value' of object 'Object Repository/Category_View_Page/Category_View_Page_Objects/Input_Edit_Appropriate_Health' is: 'Greetings, I'm Naveen , a seasoned explorer in the journey of life, joyfully celebrating my 58 years of existence. Life has been a captivating adventure through the pages of books and art, and I look forward to painting new chapters with a like-minded soul who values the beauty of storytelling and the creativity of artistic expression. Health-wise, I've faced challenges with allergies, but with careful management and a balanced lifestyle, I continue to pursue my passions with vigor.'

2023-12-22 14:48:31 - [TEST_STEP][PASSED] - validateText.ValidateText.calculateAndPrintPercentageMatch("OTHERS", Others, OtherNew): validateText.ValidateText.calculateAndPrintPercentageMatch is PASSED

2023-12-22 14:48:31 - [MESSAGE][PASSED] - validateText.ValidateText.calculateAndPrintPercentageMatch is PASSED

2023-12-22 14:48:31 - [TEST_STEP][PASSED] - waitForElementClickable(findTestObject("Object Repository/Category_View_Page/Category_View_Page_Objects/button_Next"), 65): Object 'Object Repository/Category_View_Page/Category_View_Page_Objects/button_Next' is clickable

2023-12-22 14:48:31 - [MESSAGE][PASSED] - Object 'Object Repository/Category_View_Page/Category_View_Page_Objects/button_Next' is clickable

2023-12-22 14:48:31 - [TEST_STEP][PASSED] - click(findTestObject("Object Repository/Category_View_Page/Category_View_Page_Objects/button_Next")): Object: 'Object Repository/Category_View_Page/Category_View_Page_Objects/button_Next' is clicked on

2023-12-22 14:48:33 - [MESSAGE][PASSED] - Object: 'Object Repository/Category_View_Page/Category_View_Page_Objects/button_Next' is clicked on

2023-12-22 14:48:33 - [TEST_STEP][PASSED] - waitForElementNotPresent(findTestObject("WaitingPage/Waiting_Page/Clock_categoryToCalender"), 10): Web element with id: 'Object Repository/WaitingPage/Waiting_Page/Clock_categoryToCalender' located by 'By.xpath: //div[@id='root']/div/div/div/div/span' is not present after '10' second(s)

2023-12-22 14:48:35 - [MESSAGE][PASSED] - Web element with id: 'Object Repository/WaitingPage/Waiting_Page/Clock_categoryToCalender' located by 'By.xpath: //div[@id='root']/div/div/div/div/span' is not present after '10' second(s)

2023-12-22 14:48:35 - [TEST_STEP][PASSED] - scrollToElement(findTestObject("Calendar_page/Input_Start_Date"), 0): Scroll to object 'Object Repository/Calendar_page/Input_Start_Date' successfully

2023-12-22 14:48:35 - [MESSAGE][WARNING] - Timeout '0' is invalid. Using default page load timeout: '30'

2023-12-22 14:48:35 - [MESSAGE][PASSED] - Scroll to object 'Object Repository/Calendar_page/Input_Start_Date' successfully

2023-12-22 14:48:35 - [TEST_STEP][PASSED] - click(findTestObject("Calendar_page/Input_Start_Date")): Object: 'Object Repository/Calendar_page/Input_Start_Date' is clicked on

2023-12-22 14:48:35 - [MESSAGE][PASSED] - Object: 'Object Repository/Calendar_page/Input_Start_Date' is clicked on

2023-12-22 14:48:35 - [TEST_STEP][PASSED] - delay(3): Delayed 3 second(s)

2023-12-22 14:48:38 - [MESSAGE][PASSED] - Delayed 3 second(s)

2023-12-22 14:48:38 - [TEST_STEP][PASSED] - click(findTestObject("Calendar_page/startDate/div_27")): Object: 'Object Repository/Calendar_page/startDate/div_27' is clicked on

2023-12-22 14:48:38 - [MESSAGE][PASSED] - Object: 'Object Repository/Calendar_page/startDate/div_27' is clicked on

2023-12-22 14:48:38 - [TEST_STEP][PASSED] - delay(3): Delayed 3 second(s)

2023-12-22 14:48:41 - [MESSAGE][PASSED] - Delayed 3 second(s)

2023-12-22 14:48:41 - [TEST_STEP][PASSED] - click(findTestObject("Calendar_page/Input_Busy_Days")): Object: 'Object Repository/Calendar_page/Input_Busy_Days' is clicked on

2023-12-22 14:48:41 - [MESSAGE][PASSED] - Object: 'Object Repository/Calendar_page/Input_Busy_Days' is clicked on

2023-12-22 14:48:41 - [TEST_STEP][PASSED] - click(findTestObject("Calendar_page/busyDates/div_3")): Object: 'Object Repository/Calendar_page/busyDates/div_3' is clicked on

2023-12-22 14:48:41 - [MESSAGE][PASSED] - Object: 'Object Repository/Calendar_page/busyDates/div_3' is clicked on

2023-12-22 14:48:41 - [TEST_STEP][PASSED] - delay(2): Delayed 2 second(s)

2023-12-22 14:48:43 - [MESSAGE][PASSED] - Delayed 2 second(s)

2023-12-22 14:48:43 - [TEST_STEP][PASSED] - click(findTestObject("Calendar_page/busyDates/div_6")): Object: 'Object Repository/Calendar_page/busyDates/div_6' is clicked on

2023-12-22 14:48:43 - [MESSAGE][PASSED] - Object: 'Object Repository/Calendar_page/busyDates/div_6' is clicked on

2023-12-22 14:48:43 - [TEST_STEP][PASSED] - delay(2): Delayed 2 second(s)

2023-12-22 14:48:45 - [MESSAGE][PASSED] - Delayed 2 second(s)

2023-12-22 14:48:45 - [TEST_STEP][PASSED] - click(findTestObject("Calendar_page/div_day_Column")): Object: 'Object Repository/Calendar_page/div_day_Column' is clicked on

2023-12-22 14:48:46 - [MESSAGE][PASSED] - Object: 'Object Repository/Calendar_page/div_day_Column' is clicked on

2023-12-22 14:48:46 - [TEST_STEP][PASSED] - selectOptionByLabel(findTestObject("Calendar_page/Select_Available_From"), "01:30 PM", false): All options with label '01:30 PM' are selected in object 'Object Repository/Calendar_page/Select_Available_From' 

2023-12-22 14:48:46 - [MESSAGE][PASSED] - All options with label '01:30 PM' are selected in object 'Object Repository/Calendar_page/Select_Available_From' 

2023-12-22 14:48:46 - [TEST_STEP][PASSED] - delay(2): Delayed 2 second(s)

2023-12-22 14:48:48 - [MESSAGE][PASSED] - Delayed 2 second(s)

2023-12-22 14:48:48 - [TEST_STEP][PASSED] - selectOptionByLabel(findTestObject("Calendar_page/Select_Available_To"), "04:30 PM", false): All options with label '04:30 PM' are selected in object 'Object Repository/Calendar_page/Select_Available_To' 

2023-12-22 14:48:48 - [MESSAGE][PASSED] - All options with label '04:30 PM' are selected in object 'Object Repository/Calendar_page/Select_Available_To' 

2023-12-22 14:48:48 - [TEST_STEP][PASSED] - delay(2): Delayed 2 second(s)

2023-12-22 14:48:50 - [MESSAGE][PASSED] - Delayed 2 second(s)

2023-12-22 14:48:50 - [TEST_STEP][PASSED] - click(findTestObject("Calendar_page/button_Save")): Object: 'Object Repository/Calendar_page/button_Save' is clicked on

2023-12-22 14:48:50 - [MESSAGE][PASSED] - Object: 'Object Repository/Calendar_page/button_Save' is clicked on

2023-12-22 14:48:50 - [TEST_STEP][PASSED] - delay(2): Delayed 2 second(s)

2023-12-22 14:48:52 - [MESSAGE][PASSED] - Delayed 2 second(s)

2023-12-22 14:48:52 - [TEST_STEP][PASSED] - click(findTestObject("Calendar_page/button_Next")): Object: 'Object Repository/Calendar_page/button_Next' is clicked on

2023-12-22 14:48:52 - [MESSAGE][PASSED] - Object: 'Object Repository/Calendar_page/button_Next' is clicked on

2023-12-22 14:48:52 - [TEST_STEP][PASSED] - delay(3): Delayed 3 second(s)

2023-12-22 14:48:55 - [MESSAGE][PASSED] - Delayed 3 second(s)

2023-12-22 14:48:55 - [TEST_STEP][PASSED] - click(findTestObject("Calendar_page/button_SaveCalendarPage")): Object: 'Object Repository/Calendar_page/button_SaveCalendarPage' is clicked on

2023-12-22 14:48:55 - [MESSAGE][PASSED] - Object: 'Object Repository/Calendar_page/button_SaveCalendarPage' is clicked on

2023-12-22 14:48:55 - [TEST_STEP][PASSED] - verifyElementPresent(findTestObject("Object Repository/Thankyou_Page/Thankyou_Page_Objects/txt_h1_Thank you"), 0): Object 'Object Repository/Thankyou_Page/Thankyou_Page_Objects/txt_h1_Thank you' is present

2023-12-22 14:48:55 - [MESSAGE][WARNING] - Timeout '0' is invalid. Using default page load timeout: '30'

2023-12-22 14:48:55 - [MESSAGE][PASSED] - Object 'Object Repository/Thankyou_Page/Thankyou_Page_Objects/txt_h1_Thank you' is present

2023-12-22 14:48:55 - [TEST_STEP][PASSED] - delay(2): Delayed 2 second(s)

2023-12-22 14:48:57 - [MESSAGE][PASSED] - Delayed 2 second(s)

2023-12-22 14:48:57 - [TEST_STEP][PASSED] - closeBrowser(): Browser is closed

2023-12-22 14:48:57 - [MESSAGE][PASSED] - Browser is closed]]></system-out>
         <system-err><![CDATA[]]></system-err>
      </testcase>
      <testcase name="Test Cases/Senior_TestCases/TC01_CreateProfile_Type" time="111.957" classname="Test Cases/Senior_TestCases/TC01_CreateProfile_Type" status="PASSED">
         <system-out><![CDATA[2023-12-22 14:48:57 - [TEST_CASE][PASSED] - Test Cases/Senior_TestCases/TC01_CreateProfile_Type: Test Cases/Senior_TestCases/TC01_CreateProfile_Type

2023-12-22 14:48:57 - [TEST_STEP][PASSED] - callTestCase(findTestCase("Common_TestCases/Senior_SignUp"), ["username":UserName, "email":Email, "zipcode":ZipCode, "password":Password], STOP_ON_FAILURE): Call Test Case 'Test Cases/Common_TestCases/Senior_SignUp' successfully

2023-12-22 14:48:58 - [TEST_CASE][PASSED] - Test Cases/Common_TestCases/Senior_SignUp: Test Cases/Common_TestCases/Senior_SignUp

2023-12-22 14:48:58 - [TEST_STEP][PASSED] - System.setProperty("webdriver.chrome.driver", "Data Files/chromedriver-win64/chromedriver.exe"): null

2023-12-22 14:48:58 - [TEST_STEP][PASSED] - options = new org.openqa.selenium.chrome.ChromeOptions(): null

2023-12-22 14:48:58 - [TEST_STEP][PASSED] - options.addArguments("start-maximized"): null

2023-12-22 14:48:58 - [TEST_STEP][PASSED] - options.addArguments("force-device-scale-factor=1.2"): null

2023-12-22 14:48:58 - [TEST_STEP][PASSED] - options.setExperimentalOption("prefs", new Script1700728747795$1(this)): null

2023-12-22 14:48:58 - [TEST_STEP][PASSED] - capabilities = DesiredCapabilities.chrome(): null

2023-12-22 14:48:58 - [TEST_STEP][PASSED] - capabilities.setCapability(CAPABILITY, options): null

2023-12-22 14:48:58 - [TEST_STEP][PASSED] - driver = new org.openqa.selenium.chrome.ChromeDriver(capabilities): null

2023-12-22 14:48:59 - [TEST_STEP][PASSED] - changeWebDriver(driver): null

2023-12-22 14:48:59 - [TEST_STEP][PASSED] - navigateToUrl("https://caring-connections-qa.azurewebsites.net/"): Navigate to 'https://caring-connections-qa.azurewebsites.net/' successfully

2023-12-22 14:49:03 - [MESSAGE][PASSED] - Navigate to 'https://caring-connections-qa.azurewebsites.net/' successfully

2023-12-22 14:49:03 - [TEST_STEP][PASSED] - click(findTestObject("Login_Pages/Sign_In_Page/button_Sign_Up")): Object: 'Object Repository/Login_Pages/Sign_In_Page/button_Sign_Up' is clicked on

2023-12-22 14:49:03 - [MESSAGE][PASSED] - Object: 'Object Repository/Login_Pages/Sign_In_Page/button_Sign_Up' is clicked on

2023-12-22 14:49:03 - [TEST_STEP][PASSED] - setText(findTestObject("Login_Pages/Sign_Up_Page/Input_First_Last_Name"), username): Text 'Kanchan' is set on object 'Object Repository/Login_Pages/Sign_Up_Page/Input_First_Last_Name'

2023-12-22 14:49:03 - [MESSAGE][PASSED] - Text 'Kanchan' is set on object 'Object Repository/Login_Pages/Sign_Up_Page/Input_First_Last_Name'

2023-12-22 14:49:03 - [TEST_STEP][PASSED] - setText(findTestObject("Login_Pages/Sign_Up_Page/Input_ZIP_code"), zipcode): Text '464646' is set on object 'Object Repository/Login_Pages/Sign_Up_Page/Input_ZIP_code'

2023-12-22 14:49:03 - [MESSAGE][PASSED] - Text '464646' is set on object 'Object Repository/Login_Pages/Sign_Up_Page/Input_ZIP_code'

2023-12-22 14:49:03 - [TEST_STEP][PASSED] - setText(findTestObject("Login_Pages/Sign_Up_Page/Input_Username"), email): Text 'kanchan702@gmail.com' is set on object 'Object Repository/Login_Pages/Sign_Up_Page/Input_Username'

2023-12-22 14:49:03 - [MESSAGE][PASSED] - Text 'kanchan702@gmail.com' is set on object 'Object Repository/Login_Pages/Sign_Up_Page/Input_Username'

2023-12-22 14:49:03 - [TEST_STEP][PASSED] - setText(findTestObject("Login_Pages/Sign_Up_Page/Input_Password"), password): Text 'Test@123' is set on object 'Object Repository/Login_Pages/Sign_Up_Page/Input_Password'

2023-12-22 14:49:03 - [MESSAGE][PASSED] - Text 'Test@123' is set on object 'Object Repository/Login_Pages/Sign_Up_Page/Input_Password'

2023-12-22 14:49:03 - [TEST_STEP][PASSED] - click(findTestObject("Login_Pages/Sign_Up_Page/button_role_Senior")): Object: 'Object Repository/Login_Pages/Sign_Up_Page/button_role_Senior' is clicked on

2023-12-22 14:49:03 - [MESSAGE][PASSED] - Object: 'Object Repository/Login_Pages/Sign_Up_Page/button_role_Senior' is clicked on

2023-12-22 14:49:03 - [TEST_STEP][PASSED] - click(findTestObject("Login_Pages/Sign_Up_Page/button_Sign_Up")): Object: 'Object Repository/Login_Pages/Sign_Up_Page/button_Sign_Up' is clicked on

2023-12-22 14:49:03 - [MESSAGE][PASSED] - Object: 'Object Repository/Login_Pages/Sign_Up_Page/button_Sign_Up' is clicked on

2023-12-22 14:49:03 - [MESSAGE][PASSED] - Call Test Case 'Test Cases/Common_TestCases/Senior_SignUp' successfully

2023-12-22 14:49:03 - [TEST_STEP][PASSED] - verifyElementPresent(findTestObject("Profile_Creation_Page/Profile_Creation_Page_Objects/Text_Expectations_From_Companion"), 0): Object 'Object Repository/Profile_Creation_Page/Profile_Creation_Page_Objects/Text_Expectations_From_Companion' is present

2023-12-22 14:49:04 - [MESSAGE][WARNING] - Timeout '0' is invalid. Using default page load timeout: '30'

2023-12-22 14:49:08 - [MESSAGE][PASSED] - Object 'Object Repository/Profile_Creation_Page/Profile_Creation_Page_Objects/Text_Expectations_From_Companion' is present

2023-12-22 14:49:08 - [TEST_STEP][PASSED] - verifyElementPresent(findTestObject("Profile_Creation_Page/Profile_Creation_Page_Objects/Text_Select the button of your choice to create your profile"), 0): Object 'Object Repository/Profile_Creation_Page/Profile_Creation_Page_Objects/Text_Select the button of your choice to create your profile' is present

2023-12-22 14:49:08 - [MESSAGE][WARNING] - Timeout '0' is invalid. Using default page load timeout: '30'

2023-12-22 14:49:08 - [MESSAGE][PASSED] - Object 'Object Repository/Profile_Creation_Page/Profile_Creation_Page_Objects/Text_Select the button of your choice to create your profile' is present

2023-12-22 14:49:08 - [TEST_STEP][PASSED] - verifyElementPresent(findTestObject("Profile_Creation_Page/Profile_Creation_Page_Objects/Text_We are excited"), 0): Object 'Object Repository/Profile_Creation_Page/Profile_Creation_Page_Objects/Text_We are excited' is present

2023-12-22 14:49:08 - [MESSAGE][WARNING] - Timeout '0' is invalid. Using default page load timeout: '30'

2023-12-22 14:49:08 - [MESSAGE][PASSED] - Object 'Object Repository/Profile_Creation_Page/Profile_Creation_Page_Objects/Text_We are excited' is present

2023-12-22 14:49:08 - [TEST_STEP][PASSED] - waitForElementClickable(findTestObject("Profile_Creation_Page/Profile_Creation_Page_Objects/btn_I_Want_To_Type"), 65): Object 'Object Repository/Profile_Creation_Page/Profile_Creation_Page_Objects/btn_I_Want_To_Type' is clickable

2023-12-22 14:49:50 - [MESSAGE][PASSED] - Object 'Object Repository/Profile_Creation_Page/Profile_Creation_Page_Objects/btn_I_Want_To_Type' is clickable

2023-12-22 14:49:50 - [TEST_STEP][PASSED] - click(findTestObject("Profile_Creation_Page/Profile_Creation_Page_Objects/btn_I_Want_To_Type")): Object: 'Object Repository/Profile_Creation_Page/Profile_Creation_Page_Objects/btn_I_Want_To_Type' is clicked on

2023-12-22 14:49:50 - [MESSAGE][PASSED] - Object: 'Object Repository/Profile_Creation_Page/Profile_Creation_Page_Objects/btn_I_Want_To_Type' is clicked on

2023-12-22 14:49:50 - [TEST_STEP][PASSED] - setText(findTestObject("Profile_Creation_Page/Profile_Creation_Page_Objects/Input_I_Want_To_Type"), Profile): Text 'Greetings, I'm Kanchan , a seasoned explorer in the journey of life, joyfully celebrating my 55 years of existence. With a background in literature, I dedicated decades to exploring the rich world of words and stories. Beyond academic pursuits, I find solace in the world of painting, crafting vibrant canvases that express the beauty of the written word. In a companion, I hope to find someone who shares my love for literature and the appreciation for the creative blend of art and storytelling. Health-wise, I've faced challenges with allergies, but with careful management and a balanced lifestyle, I continue to pursue my passions with vigor. Life has been a captivating adventure through the pages of books and art, and I look forward to painting new chapters with a like-minded soul who values the beauty of storytelling and the creativity of artistic expression.' is set on object 'Object Repository/Profile_Creation_Page/Profile_Creation_Page_Objects/Input_I_Want_To_Type'

2023-12-22 14:49:50 - [MESSAGE][PASSED] - Text 'Greetings, I'm Kanchan , a seasoned explorer in the journey of life, joyfully celebrating my 55 years of existence. With a background in literature, I dedicated decades to exploring the rich world of words and stories. Beyond academic pursuits, I find solace in the world of painting, crafting vibrant canvases that express the beauty of the written word. In a companion, I hope to find someone who shares my love for literature and the appreciation for the creative blend of art and storytelling. Health-wise, I've faced challenges with allergies, but with careful management and a balanced lifestyle, I continue to pursue my passions with vigor. Life has been a captivating adventure through the pages of books and art, and I look forward to painting new chapters with a like-minded soul who values the beauty of storytelling and the creativity of artistic expression.' is set on object 'Object Repository/Profile_Creation_Page/Profile_Creation_Page_Objects/Input_I_Want_To_Type'

2023-12-22 14:49:50 - [TEST_STEP][PASSED] - scrollToElement(findTestObject("Object Repository/Profile_Creation_Page/Profile_Creation_Page_Objects/button_Next"), 0): Scroll to object 'Object Repository/Profile_Creation_Page/Profile_Creation_Page_Objects/button_Next' successfully

2023-12-22 14:49:50 - [MESSAGE][WARNING] - Timeout '0' is invalid. Using default page load timeout: '30'

2023-12-22 14:49:50 - [MESSAGE][PASSED] - Scroll to object 'Object Repository/Profile_Creation_Page/Profile_Creation_Page_Objects/button_Next' successfully

2023-12-22 14:49:50 - [TEST_STEP][PASSED] - click(findTestObject("Object Repository/Profile_Creation_Page/Profile_Creation_Page_Objects/button_Next")): Object: 'Object Repository/Profile_Creation_Page/Profile_Creation_Page_Objects/button_Next' is clicked on

2023-12-22 14:49:50 - [MESSAGE][PASSED] - Object: 'Object Repository/Profile_Creation_Page/Profile_Creation_Page_Objects/button_Next' is clicked on

2023-12-22 14:49:50 - [TEST_STEP][PASSED] - delay(20): Delayed 20 second(s)

2023-12-22 14:50:10 - [MESSAGE][PASSED] - Delayed 20 second(s)

2023-12-22 14:50:10 - [TEST_STEP][PASSED] - waitForElementNotPresent(findTestObject("WaitingPage/Waiting_Page/txt_1-2 minutes"), 180): Web element with id: 'Object Repository/WaitingPage/Waiting_Page/txt_1-2 minutes' located by 'By.xpath: //div[@id='root']/div/div/div/div/div/p[2]' is not present after '180' second(s)

2023-12-22 14:50:23 - [MESSAGE][PASSED] - Web element with id: 'Object Repository/WaitingPage/Waiting_Page/txt_1-2 minutes' located by 'By.xpath: //div[@id='root']/div/div/div/div/div/p[2]' is not present after '180' second(s)

2023-12-22 14:50:23 - [TEST_STEP][PASSED] - Education = getAttribute(findTestObject("Category_View_Page/Category_View_Page_Objects/Input_Edit_Educational_Info"), "value"): Attribute 'value' of object 'Object Repository/Category_View_Page/Category_View_Page_Objects/Input_Edit_Educational_Info' is: 'With a background in literature, I dedicated decades to exploring the rich world of words and stories.'

2023-12-22 14:50:23 - [MESSAGE][PASSED] - Attribute 'value' of object 'Object Repository/Category_View_Page/Category_View_Page_Objects/Input_Edit_Educational_Info' is: 'With a background in literature, I dedicated decades to exploring the rich world of words and stories.'

2023-12-22 14:50:23 - [TEST_STEP][PASSED] - validateText.ValidateText.calculateAndPrintPercentageMatch("EDUCATION", Education, EducationNew): validateText.ValidateText.calculateAndPrintPercentageMatch is PASSED

2023-12-22 14:50:23 - [MESSAGE][PASSED] - validateText.ValidateText.calculateAndPrintPercentageMatch is PASSED

2023-12-22 14:50:23 - [TEST_STEP][PASSED] - Hobbies = getAttribute(findTestObject("Category_View_Page/Category_View_Page_Objects/Input_Edit_Appropriate_Hobbies"), "value"): Attribute 'value' of object 'Object Repository/Category_View_Page/Category_View_Page_Objects/Input_Edit_Appropriate_Hobbies' is: 'Beyond academic pursuits, I find solace in the world of painting, crafting vibrant canvases that express the beauty of the written word.'

2023-12-22 14:50:23 - [MESSAGE][PASSED] - Attribute 'value' of object 'Object Repository/Category_View_Page/Category_View_Page_Objects/Input_Edit_Appropriate_Hobbies' is: 'Beyond academic pursuits, I find solace in the world of painting, crafting vibrant canvases that express the beauty of the written word.'

2023-12-22 14:50:23 - [TEST_STEP][PASSED] - validateText.ValidateText.calculateAndPrintPercentageMatch("HOBBIES", Hobbies, HobbiesNew): validateText.ValidateText.calculateAndPrintPercentageMatch is PASSED

2023-12-22 14:50:23 - [MESSAGE][PASSED] - validateText.ValidateText.calculateAndPrintPercentageMatch is PASSED

2023-12-22 14:50:23 - [TEST_STEP][PASSED] - Expectations = getAttribute(findTestObject("Category_View_Page/Category_View_Page_Objects/Input_Edit_expectation"), "value"): Attribute 'value' of object 'Object Repository/Category_View_Page/Category_View_Page_Objects/Input_Edit_expectation' is: 'In a companion, I hope to find someone who shares my love for literature and the appreciation for the creative blend of art and storytelling.'

2023-12-22 14:50:23 - [MESSAGE][PASSED] - Attribute 'value' of object 'Object Repository/Category_View_Page/Category_View_Page_Objects/Input_Edit_expectation' is: 'In a companion, I hope to find someone who shares my love for literature and the appreciation for the creative blend of art and storytelling.'

2023-12-22 14:50:23 - [TEST_STEP][PASSED] - validateText.ValidateText.calculateAndPrintPercentageMatch("EXPECTATIONS", Expectations, ExpectationsNew): validateText.ValidateText.calculateAndPrintPercentageMatch is PASSED

2023-12-22 14:50:23 - [MESSAGE][PASSED] - validateText.ValidateText.calculateAndPrintPercentageMatch is PASSED

2023-12-22 14:50:23 - [TEST_STEP][PASSED] - Others = getAttribute(findTestObject("Category_View_Page/Category_View_Page_Objects/Input_Edit_Appropriate_Health"), "value"): Attribute 'value' of object 'Object Repository/Category_View_Page/Category_View_Page_Objects/Input_Edit_Appropriate_Health' is: 'Greetings, I'm Kanchan , a seasoned explorer in the journey of life, joyfully celebrating my 55 years of existence. Life has been a captivating adventure through the pages of books and art, and I look forward to painting new chapters with a like-minded soul who values the beauty of storytelling and the creativity of artistic expression. Health-wise, I've faced challenges with allergies, but with careful management and a balanced lifestyle, I continue to pursue my passions with vigor.'

2023-12-22 14:50:23 - [MESSAGE][PASSED] - Attribute 'value' of object 'Object Repository/Category_View_Page/Category_View_Page_Objects/Input_Edit_Appropriate_Health' is: 'Greetings, I'm Kanchan , a seasoned explorer in the journey of life, joyfully celebrating my 55 years of existence. Life has been a captivating adventure through the pages of books and art, and I look forward to painting new chapters with a like-minded soul who values the beauty of storytelling and the creativity of artistic expression. Health-wise, I've faced challenges with allergies, but with careful management and a balanced lifestyle, I continue to pursue my passions with vigor.'

2023-12-22 14:50:23 - [TEST_STEP][PASSED] - validateText.ValidateText.calculateAndPrintPercentageMatch("OTHERS", Others, OtherNew): validateText.ValidateText.calculateAndPrintPercentageMatch is PASSED

2023-12-22 14:50:23 - [MESSAGE][PASSED] - validateText.ValidateText.calculateAndPrintPercentageMatch is PASSED

2023-12-22 14:50:23 - [TEST_STEP][PASSED] - waitForElementClickable(findTestObject("Object Repository/Category_View_Page/Category_View_Page_Objects/button_Next"), 65): Object 'Object Repository/Category_View_Page/Category_View_Page_Objects/button_Next' is clickable

2023-12-22 14:50:23 - [MESSAGE][PASSED] - Object 'Object Repository/Category_View_Page/Category_View_Page_Objects/button_Next' is clickable

2023-12-22 14:50:23 - [TEST_STEP][PASSED] - click(findTestObject("Object Repository/Category_View_Page/Category_View_Page_Objects/button_Next")): Object: 'Object Repository/Category_View_Page/Category_View_Page_Objects/button_Next' is clicked on

2023-12-22 14:50:26 - [MESSAGE][PASSED] - Object: 'Object Repository/Category_View_Page/Category_View_Page_Objects/button_Next' is clicked on

2023-12-22 14:50:26 - [TEST_STEP][PASSED] - waitForElementNotPresent(findTestObject("WaitingPage/Waiting_Page/Clock_categoryToCalender"), 10): Web element with id: 'Object Repository/WaitingPage/Waiting_Page/Clock_categoryToCalender' located by 'By.xpath: //div[@id='root']/div/div/div/div/span' is not present after '10' second(s)

2023-12-22 14:50:27 - [MESSAGE][PASSED] - Web element with id: 'Object Repository/WaitingPage/Waiting_Page/Clock_categoryToCalender' located by 'By.xpath: //div[@id='root']/div/div/div/div/span' is not present after '10' second(s)

2023-12-22 14:50:27 - [TEST_STEP][PASSED] - scrollToElement(findTestObject("Calendar_page/Input_Start_Date"), 0): Scroll to object 'Object Repository/Calendar_page/Input_Start_Date' successfully

2023-12-22 14:50:27 - [MESSAGE][WARNING] - Timeout '0' is invalid. Using default page load timeout: '30'

2023-12-22 14:50:27 - [MESSAGE][PASSED] - Scroll to object 'Object Repository/Calendar_page/Input_Start_Date' successfully

2023-12-22 14:50:27 - [TEST_STEP][PASSED] - click(findTestObject("Calendar_page/Input_Start_Date")): Object: 'Object Repository/Calendar_page/Input_Start_Date' is clicked on

2023-12-22 14:50:27 - [MESSAGE][PASSED] - Object: 'Object Repository/Calendar_page/Input_Start_Date' is clicked on

2023-12-22 14:50:27 - [TEST_STEP][PASSED] - delay(3): Delayed 3 second(s)

2023-12-22 14:50:30 - [MESSAGE][PASSED] - Delayed 3 second(s)

2023-12-22 14:50:30 - [TEST_STEP][PASSED] - click(findTestObject("Calendar_page/startDate/div_27")): Object: 'Object Repository/Calendar_page/startDate/div_27' is clicked on

2023-12-22 14:50:30 - [MESSAGE][PASSED] - Object: 'Object Repository/Calendar_page/startDate/div_27' is clicked on

2023-12-22 14:50:30 - [TEST_STEP][PASSED] - delay(3): Delayed 3 second(s)

2023-12-22 14:50:33 - [MESSAGE][PASSED] - Delayed 3 second(s)

2023-12-22 14:50:33 - [TEST_STEP][PASSED] - click(findTestObject("Calendar_page/Input_Busy_Days")): Object: 'Object Repository/Calendar_page/Input_Busy_Days' is clicked on

2023-12-22 14:50:33 - [MESSAGE][PASSED] - Object: 'Object Repository/Calendar_page/Input_Busy_Days' is clicked on

2023-12-22 14:50:33 - [TEST_STEP][PASSED] - click(findTestObject("Calendar_page/busyDates/div_3")): Object: 'Object Repository/Calendar_page/busyDates/div_3' is clicked on

2023-12-22 14:50:33 - [MESSAGE][PASSED] - Object: 'Object Repository/Calendar_page/busyDates/div_3' is clicked on

2023-12-22 14:50:33 - [TEST_STEP][PASSED] - delay(2): Delayed 2 second(s)

2023-12-22 14:50:35 - [MESSAGE][PASSED] - Delayed 2 second(s)

2023-12-22 14:50:35 - [TEST_STEP][PASSED] - click(findTestObject("Calendar_page/busyDates/div_6")): Object: 'Object Repository/Calendar_page/busyDates/div_6' is clicked on

2023-12-22 14:50:36 - [MESSAGE][PASSED] - Object: 'Object Repository/Calendar_page/busyDates/div_6' is clicked on

2023-12-22 14:50:36 - [TEST_STEP][PASSED] - delay(2): Delayed 2 second(s)

2023-12-22 14:50:38 - [MESSAGE][PASSED] - Delayed 2 second(s)

2023-12-22 14:50:38 - [TEST_STEP][PASSED] - click(findTestObject("Calendar_page/div_day_Column")): Object: 'Object Repository/Calendar_page/div_day_Column' is clicked on

2023-12-22 14:50:38 - [MESSAGE][PASSED] - Object: 'Object Repository/Calendar_page/div_day_Column' is clicked on

2023-12-22 14:50:38 - [TEST_STEP][PASSED] - selectOptionByLabel(findTestObject("Calendar_page/Select_Available_From"), "01:30 PM", false): All options with label '01:30 PM' are selected in object 'Object Repository/Calendar_page/Select_Available_From' 

2023-12-22 14:50:38 - [MESSAGE][PASSED] - All options with label '01:30 PM' are selected in object 'Object Repository/Calendar_page/Select_Available_From' 

2023-12-22 14:50:38 - [TEST_STEP][PASSED] - delay(2): Delayed 2 second(s)

2023-12-22 14:50:40 - [MESSAGE][PASSED] - Delayed 2 second(s)

2023-12-22 14:50:40 - [TEST_STEP][PASSED] - selectOptionByLabel(findTestObject("Calendar_page/Select_Available_To"), "04:30 PM", false): All options with label '04:30 PM' are selected in object 'Object Repository/Calendar_page/Select_Available_To' 

2023-12-22 14:50:40 - [MESSAGE][PASSED] - All options with label '04:30 PM' are selected in object 'Object Repository/Calendar_page/Select_Available_To' 

2023-12-22 14:50:40 - [TEST_STEP][PASSED] - delay(2): Delayed 2 second(s)

2023-12-22 14:50:42 - [MESSAGE][PASSED] - Delayed 2 second(s)

2023-12-22 14:50:42 - [TEST_STEP][PASSED] - click(findTestObject("Calendar_page/button_Save")): Object: 'Object Repository/Calendar_page/button_Save' is clicked on

2023-12-22 14:50:42 - [MESSAGE][PASSED] - Object: 'Object Repository/Calendar_page/button_Save' is clicked on

2023-12-22 14:50:42 - [TEST_STEP][PASSED] - delay(2): Delayed 2 second(s)

2023-12-22 14:50:44 - [MESSAGE][PASSED] - Delayed 2 second(s)

2023-12-22 14:50:44 - [TEST_STEP][PASSED] - click(findTestObject("Calendar_page/button_Next")): Object: 'Object Repository/Calendar_page/button_Next' is clicked on

2023-12-22 14:50:44 - [MESSAGE][PASSED] - Object: 'Object Repository/Calendar_page/button_Next' is clicked on

2023-12-22 14:50:44 - [TEST_STEP][PASSED] - delay(3): Delayed 3 second(s)

2023-12-22 14:50:47 - [MESSAGE][PASSED] - Delayed 3 second(s)

2023-12-22 14:50:47 - [TEST_STEP][PASSED] - click(findTestObject("Calendar_page/button_SaveCalendarPage")): Object: 'Object Repository/Calendar_page/button_SaveCalendarPage' is clicked on

2023-12-22 14:50:47 - [MESSAGE][PASSED] - Object: 'Object Repository/Calendar_page/button_SaveCalendarPage' is clicked on

2023-12-22 14:50:47 - [TEST_STEP][PASSED] - verifyElementPresent(findTestObject("Object Repository/Thankyou_Page/Thankyou_Page_Objects/txt_h1_Thank you"), 0): Object 'Object Repository/Thankyou_Page/Thankyou_Page_Objects/txt_h1_Thank you' is present

2023-12-22 14:50:47 - [MESSAGE][WARNING] - Timeout '0' is invalid. Using default page load timeout: '30'

2023-12-22 14:50:47 - [MESSAGE][PASSED] - Object 'Object Repository/Thankyou_Page/Thankyou_Page_Objects/txt_h1_Thank you' is present

2023-12-22 14:50:47 - [TEST_STEP][PASSED] - delay(2): Delayed 2 second(s)

2023-12-22 14:50:49 - [MESSAGE][PASSED] - Delayed 2 second(s)

2023-12-22 14:50:49 - [TEST_STEP][PASSED] - closeBrowser(): Browser is closed

2023-12-22 14:50:49 - [MESSAGE][PASSED] - Browser is closed]]></system-out>
         <system-err><![CDATA[]]></system-err>
      </testcase>
      <testcase name="Test Cases/Senior_TestCases/TC01_CreateProfile_Type" time="108.425" classname="Test Cases/Senior_TestCases/TC01_CreateProfile_Type" status="PASSED">
         <system-out><![CDATA[2023-12-22 14:50:49 - [TEST_CASE][PASSED] - Test Cases/Senior_TestCases/TC01_CreateProfile_Type: Test Cases/Senior_TestCases/TC01_CreateProfile_Type

2023-12-22 14:50:50 - [TEST_STEP][PASSED] - callTestCase(findTestCase("Common_TestCases/Senior_SignUp"), ["username":UserName, "email":Email, "zipcode":ZipCode, "password":Password], STOP_ON_FAILURE): Call Test Case 'Test Cases/Common_TestCases/Senior_SignUp' successfully

2023-12-22 14:50:50 - [TEST_CASE][PASSED] - Test Cases/Common_TestCases/Senior_SignUp: Test Cases/Common_TestCases/Senior_SignUp

2023-12-22 14:50:50 - [TEST_STEP][PASSED] - System.setProperty("webdriver.chrome.driver", "Data Files/chromedriver-win64/chromedriver.exe"): null

2023-12-22 14:50:50 - [TEST_STEP][PASSED] - options = new org.openqa.selenium.chrome.ChromeOptions(): null

2023-12-22 14:50:50 - [TEST_STEP][PASSED] - options.addArguments("start-maximized"): null

2023-12-22 14:50:50 - [TEST_STEP][PASSED] - options.addArguments("force-device-scale-factor=1.2"): null

2023-12-22 14:50:50 - [TEST_STEP][PASSED] - options.setExperimentalOption("prefs", new Script1700728747795$1(this)): null

2023-12-22 14:50:50 - [TEST_STEP][PASSED] - capabilities = DesiredCapabilities.chrome(): null

2023-12-22 14:50:50 - [TEST_STEP][PASSED] - capabilities.setCapability(CAPABILITY, options): null

2023-12-22 14:50:50 - [TEST_STEP][PASSED] - driver = new org.openqa.selenium.chrome.ChromeDriver(capabilities): null

2023-12-22 14:50:51 - [TEST_STEP][PASSED] - changeWebDriver(driver): null

2023-12-22 14:50:51 - [TEST_STEP][PASSED] - navigateToUrl("https://caring-connections-qa.azurewebsites.net/"): Navigate to 'https://caring-connections-qa.azurewebsites.net/' successfully

2023-12-22 14:50:54 - [MESSAGE][PASSED] - Navigate to 'https://caring-connections-qa.azurewebsites.net/' successfully

2023-12-22 14:50:54 - [TEST_STEP][PASSED] - click(findTestObject("Login_Pages/Sign_In_Page/button_Sign_Up")): Object: 'Object Repository/Login_Pages/Sign_In_Page/button_Sign_Up' is clicked on

2023-12-22 14:50:55 - [MESSAGE][PASSED] - Object: 'Object Repository/Login_Pages/Sign_In_Page/button_Sign_Up' is clicked on

2023-12-22 14:50:55 - [TEST_STEP][PASSED] - setText(findTestObject("Login_Pages/Sign_Up_Page/Input_First_Last_Name"), username): Text 'Harsh' is set on object 'Object Repository/Login_Pages/Sign_Up_Page/Input_First_Last_Name'

2023-12-22 14:50:55 - [MESSAGE][PASSED] - Text 'Harsh' is set on object 'Object Repository/Login_Pages/Sign_Up_Page/Input_First_Last_Name'

2023-12-22 14:50:55 - [TEST_STEP][PASSED] - setText(findTestObject("Login_Pages/Sign_Up_Page/Input_ZIP_code"), zipcode): Text '464646' is set on object 'Object Repository/Login_Pages/Sign_Up_Page/Input_ZIP_code'

2023-12-22 14:50:55 - [MESSAGE][PASSED] - Text '464646' is set on object 'Object Repository/Login_Pages/Sign_Up_Page/Input_ZIP_code'

2023-12-22 14:50:55 - [TEST_STEP][PASSED] - setText(findTestObject("Login_Pages/Sign_Up_Page/Input_Username"), email): Text 'harsh702@gmail.com' is set on object 'Object Repository/Login_Pages/Sign_Up_Page/Input_Username'

2023-12-22 14:50:55 - [MESSAGE][PASSED] - Text 'harsh702@gmail.com' is set on object 'Object Repository/Login_Pages/Sign_Up_Page/Input_Username'

2023-12-22 14:50:55 - [TEST_STEP][PASSED] - setText(findTestObject("Login_Pages/Sign_Up_Page/Input_Password"), password): Text 'Test@123' is set on object 'Object Repository/Login_Pages/Sign_Up_Page/Input_Password'

2023-12-22 14:50:55 - [MESSAGE][PASSED] - Text 'Test@123' is set on object 'Object Repository/Login_Pages/Sign_Up_Page/Input_Password'

2023-12-22 14:50:55 - [TEST_STEP][PASSED] - click(findTestObject("Login_Pages/Sign_Up_Page/button_role_Senior")): Object: 'Object Repository/Login_Pages/Sign_Up_Page/button_role_Senior' is clicked on

2023-12-22 14:50:55 - [MESSAGE][PASSED] - Object: 'Object Repository/Login_Pages/Sign_Up_Page/button_role_Senior' is clicked on

2023-12-22 14:50:55 - [TEST_STEP][PASSED] - click(findTestObject("Login_Pages/Sign_Up_Page/button_Sign_Up")): Object: 'Object Repository/Login_Pages/Sign_Up_Page/button_Sign_Up' is clicked on

2023-12-22 14:50:55 - [MESSAGE][PASSED] - Object: 'Object Repository/Login_Pages/Sign_Up_Page/button_Sign_Up' is clicked on

2023-12-22 14:50:55 - [MESSAGE][PASSED] - Call Test Case 'Test Cases/Common_TestCases/Senior_SignUp' successfully

2023-12-22 14:50:55 - [TEST_STEP][PASSED] - verifyElementPresent(findTestObject("Profile_Creation_Page/Profile_Creation_Page_Objects/Text_Expectations_From_Companion"), 0): Object 'Object Repository/Profile_Creation_Page/Profile_Creation_Page_Objects/Text_Expectations_From_Companion' is present

2023-12-22 14:50:55 - [MESSAGE][WARNING] - Timeout '0' is invalid. Using default page load timeout: '30'

2023-12-22 14:50:59 - [MESSAGE][PASSED] - Object 'Object Repository/Profile_Creation_Page/Profile_Creation_Page_Objects/Text_Expectations_From_Companion' is present

2023-12-22 14:50:59 - [TEST_STEP][PASSED] - verifyElementPresent(findTestObject("Profile_Creation_Page/Profile_Creation_Page_Objects/Text_Select the button of your choice to create your profile"), 0): Object 'Object Repository/Profile_Creation_Page/Profile_Creation_Page_Objects/Text_Select the button of your choice to create your profile' is present

2023-12-22 14:51:00 - [MESSAGE][WARNING] - Timeout '0' is invalid. Using default page load timeout: '30'

2023-12-22 14:51:00 - [MESSAGE][PASSED] - Object 'Object Repository/Profile_Creation_Page/Profile_Creation_Page_Objects/Text_Select the button of your choice to create your profile' is present

2023-12-22 14:51:00 - [TEST_STEP][PASSED] - verifyElementPresent(findTestObject("Profile_Creation_Page/Profile_Creation_Page_Objects/Text_We are excited"), 0): Object 'Object Repository/Profile_Creation_Page/Profile_Creation_Page_Objects/Text_We are excited' is present

2023-12-22 14:51:00 - [MESSAGE][WARNING] - Timeout '0' is invalid. Using default page load timeout: '30'

2023-12-22 14:51:00 - [MESSAGE][PASSED] - Object 'Object Repository/Profile_Creation_Page/Profile_Creation_Page_Objects/Text_We are excited' is present

2023-12-22 14:51:00 - [TEST_STEP][PASSED] - waitForElementClickable(findTestObject("Profile_Creation_Page/Profile_Creation_Page_Objects/btn_I_Want_To_Type"), 65): Object 'Object Repository/Profile_Creation_Page/Profile_Creation_Page_Objects/btn_I_Want_To_Type' is clickable

2023-12-22 14:51:42 - [MESSAGE][PASSED] - Object 'Object Repository/Profile_Creation_Page/Profile_Creation_Page_Objects/btn_I_Want_To_Type' is clickable

2023-12-22 14:51:42 - [TEST_STEP][PASSED] - click(findTestObject("Profile_Creation_Page/Profile_Creation_Page_Objects/btn_I_Want_To_Type")): Object: 'Object Repository/Profile_Creation_Page/Profile_Creation_Page_Objects/btn_I_Want_To_Type' is clicked on

2023-12-22 14:51:42 - [MESSAGE][PASSED] - Object: 'Object Repository/Profile_Creation_Page/Profile_Creation_Page_Objects/btn_I_Want_To_Type' is clicked on

2023-12-22 14:51:42 - [TEST_STEP][PASSED] - setText(findTestObject("Profile_Creation_Page/Profile_Creation_Page_Objects/Input_I_Want_To_Type"), Profile): Text 'Greetings, I'm Harsh, a seasoned explorer in the journey of life, joyfully celebrating my 57 years of existence. With a background in environmental science, I dedicated decades to understanding and preserving the natural world. Beyond scientific pursuits, I find solace in the world of pottery, shaping clay into intricate forms, and the therapeutic art of cooking. In a companion, I seek someone who shares my passion for environmental conservation and has an appreciation for the creative blend of artistry and sustainable living. Health-wise, I've faced challenges with asthma, but with careful management and regular breathing exercises, I continue to pursue my passions with vigor.' is set on object 'Object Repository/Profile_Creation_Page/Profile_Creation_Page_Objects/Input_I_Want_To_Type'

2023-12-22 14:51:42 - [MESSAGE][PASSED] - Text 'Greetings, I'm Harsh, a seasoned explorer in the journey of life, joyfully celebrating my 57 years of existence. With a background in environmental science, I dedicated decades to understanding and preserving the natural world. Beyond scientific pursuits, I find solace in the world of pottery, shaping clay into intricate forms, and the therapeutic art of cooking. In a companion, I seek someone who shares my passion for environmental conservation and has an appreciation for the creative blend of artistry and sustainable living. Health-wise, I've faced challenges with asthma, but with careful management and regular breathing exercises, I continue to pursue my passions with vigor.' is set on object 'Object Repository/Profile_Creation_Page/Profile_Creation_Page_Objects/Input_I_Want_To_Type'

2023-12-22 14:51:42 - [TEST_STEP][PASSED] - scrollToElement(findTestObject("Object Repository/Profile_Creation_Page/Profile_Creation_Page_Objects/button_Next"), 0): Scroll to object 'Object Repository/Profile_Creation_Page/Profile_Creation_Page_Objects/button_Next' successfully

2023-12-22 14:51:42 - [MESSAGE][WARNING] - Timeout '0' is invalid. Using default page load timeout: '30'

2023-12-22 14:51:42 - [MESSAGE][PASSED] - Scroll to object 'Object Repository/Profile_Creation_Page/Profile_Creation_Page_Objects/button_Next' successfully

2023-12-22 14:51:42 - [TEST_STEP][PASSED] - click(findTestObject("Object Repository/Profile_Creation_Page/Profile_Creation_Page_Objects/button_Next")): Object: 'Object Repository/Profile_Creation_Page/Profile_Creation_Page_Objects/button_Next' is clicked on

2023-12-22 14:51:42 - [MESSAGE][PASSED] - Object: 'Object Repository/Profile_Creation_Page/Profile_Creation_Page_Objects/button_Next' is clicked on

2023-12-22 14:51:42 - [TEST_STEP][PASSED] - delay(20): Delayed 20 second(s)

2023-12-22 14:52:02 - [MESSAGE][PASSED] - Delayed 20 second(s)

2023-12-22 14:52:02 - [TEST_STEP][PASSED] - waitForElementNotPresent(findTestObject("WaitingPage/Waiting_Page/txt_1-2 minutes"), 180): Web element with id: 'Object Repository/WaitingPage/Waiting_Page/txt_1-2 minutes' located by 'By.xpath: //div[@id='root']/div/div/div/div/div/p[2]' is not present after '180' second(s)

2023-12-22 14:52:12 - [MESSAGE][PASSED] - Web element with id: 'Object Repository/WaitingPage/Waiting_Page/txt_1-2 minutes' located by 'By.xpath: //div[@id='root']/div/div/div/div/div/p[2]' is not present after '180' second(s)

2023-12-22 14:52:12 - [TEST_STEP][PASSED] - Education = getAttribute(findTestObject("Category_View_Page/Category_View_Page_Objects/Input_Edit_Educational_Info"), "value"): Attribute 'value' of object 'Object Repository/Category_View_Page/Category_View_Page_Objects/Input_Edit_Educational_Info' is: 'With a background in environmental science, I dedicated decades to understanding and preserving the natural world.'

2023-12-22 14:52:12 - [MESSAGE][PASSED] - Attribute 'value' of object 'Object Repository/Category_View_Page/Category_View_Page_Objects/Input_Edit_Educational_Info' is: 'With a background in environmental science, I dedicated decades to understanding and preserving the natural world.'

2023-12-22 14:52:12 - [TEST_STEP][PASSED] - validateText.ValidateText.calculateAndPrintPercentageMatch("EDUCATION", Education, EducationNew): validateText.ValidateText.calculateAndPrintPercentageMatch is PASSED

2023-12-22 14:52:12 - [MESSAGE][PASSED] - validateText.ValidateText.calculateAndPrintPercentageMatch is PASSED

2023-12-22 14:52:12 - [TEST_STEP][PASSED] - Hobbies = getAttribute(findTestObject("Category_View_Page/Category_View_Page_Objects/Input_Edit_Appropriate_Hobbies"), "value"): Attribute 'value' of object 'Object Repository/Category_View_Page/Category_View_Page_Objects/Input_Edit_Appropriate_Hobbies' is: 'Beyond scientific pursuits, I find solace in the world of pottery, shaping clay into intricate forms, and the therapeutic art of cooking.'

2023-12-22 14:52:12 - [MESSAGE][PASSED] - Attribute 'value' of object 'Object Repository/Category_View_Page/Category_View_Page_Objects/Input_Edit_Appropriate_Hobbies' is: 'Beyond scientific pursuits, I find solace in the world of pottery, shaping clay into intricate forms, and the therapeutic art of cooking.'

2023-12-22 14:52:12 - [TEST_STEP][PASSED] - validateText.ValidateText.calculateAndPrintPercentageMatch("HOBBIES", Hobbies, HobbiesNew): validateText.ValidateText.calculateAndPrintPercentageMatch is PASSED

2023-12-22 14:52:12 - [MESSAGE][PASSED] - validateText.ValidateText.calculateAndPrintPercentageMatch is PASSED

2023-12-22 14:52:12 - [TEST_STEP][PASSED] - Expectations = getAttribute(findTestObject("Category_View_Page/Category_View_Page_Objects/Input_Edit_expectation"), "value"): Attribute 'value' of object 'Object Repository/Category_View_Page/Category_View_Page_Objects/Input_Edit_expectation' is: 'In a companion, I seek someone who shares my passion for environmental conservation and has an appreciation for the creative blend of artistry and sustainable living.'

2023-12-22 14:52:12 - [MESSAGE][PASSED] - Attribute 'value' of object 'Object Repository/Category_View_Page/Category_View_Page_Objects/Input_Edit_expectation' is: 'In a companion, I seek someone who shares my passion for environmental conservation and has an appreciation for the creative blend of artistry and sustainable living.'

2023-12-22 14:52:12 - [TEST_STEP][PASSED] - validateText.ValidateText.calculateAndPrintPercentageMatch("EXPECTATIONS", Expectations, ExpectationsNew): validateText.ValidateText.calculateAndPrintPercentageMatch is PASSED

2023-12-22 14:52:12 - [MESSAGE][PASSED] - validateText.ValidateText.calculateAndPrintPercentageMatch is PASSED

2023-12-22 14:52:12 - [TEST_STEP][PASSED] - Others = getAttribute(findTestObject("Category_View_Page/Category_View_Page_Objects/Input_Edit_Appropriate_Health"), "value"): Attribute 'value' of object 'Object Repository/Category_View_Page/Category_View_Page_Objects/Input_Edit_Appropriate_Health' is: 'Greetings, I'm Harsh, a seasoned explorer in the journey of life, joyfully celebrating my 57 years of existence. Health-wise, I've faced challenges with asthma, but with careful management and regular breathing exercises, I continue to pursue my passions with vigor.'

2023-12-22 14:52:12 - [MESSAGE][PASSED] - Attribute 'value' of object 'Object Repository/Category_View_Page/Category_View_Page_Objects/Input_Edit_Appropriate_Health' is: 'Greetings, I'm Harsh, a seasoned explorer in the journey of life, joyfully celebrating my 57 years of existence. Health-wise, I've faced challenges with asthma, but with careful management and regular breathing exercises, I continue to pursue my passions with vigor.'

2023-12-22 14:52:12 - [TEST_STEP][PASSED] - validateText.ValidateText.calculateAndPrintPercentageMatch("OTHERS", Others, OtherNew): validateText.ValidateText.calculateAndPrintPercentageMatch is PASSED

2023-12-22 14:52:12 - [MESSAGE][PASSED] - validateText.ValidateText.calculateAndPrintPercentageMatch is PASSED

2023-12-22 14:52:12 - [TEST_STEP][PASSED] - waitForElementClickable(findTestObject("Object Repository/Category_View_Page/Category_View_Page_Objects/button_Next"), 65): Object 'Object Repository/Category_View_Page/Category_View_Page_Objects/button_Next' is clickable

2023-12-22 14:52:12 - [MESSAGE][PASSED] - Object 'Object Repository/Category_View_Page/Category_View_Page_Objects/button_Next' is clickable

2023-12-22 14:52:12 - [TEST_STEP][PASSED] - click(findTestObject("Object Repository/Category_View_Page/Category_View_Page_Objects/button_Next")): Object: 'Object Repository/Category_View_Page/Category_View_Page_Objects/button_Next' is clicked on

2023-12-22 14:52:14 - [MESSAGE][PASSED] - Object: 'Object Repository/Category_View_Page/Category_View_Page_Objects/button_Next' is clicked on

2023-12-22 14:52:14 - [TEST_STEP][PASSED] - waitForElementNotPresent(findTestObject("WaitingPage/Waiting_Page/Clock_categoryToCalender"), 10): Web element with id: 'Object Repository/WaitingPage/Waiting_Page/Clock_categoryToCalender' located by 'By.xpath: //div[@id='root']/div/div/div/div/span' is not present after '10' second(s)

2023-12-22 14:52:16 - [MESSAGE][PASSED] - Web element with id: 'Object Repository/WaitingPage/Waiting_Page/Clock_categoryToCalender' located by 'By.xpath: //div[@id='root']/div/div/div/div/span' is not present after '10' second(s)

2023-12-22 14:52:16 - [TEST_STEP][PASSED] - scrollToElement(findTestObject("Calendar_page/Input_Start_Date"), 0): Scroll to object 'Object Repository/Calendar_page/Input_Start_Date' successfully

2023-12-22 14:52:16 - [MESSAGE][WARNING] - Timeout '0' is invalid. Using default page load timeout: '30'

2023-12-22 14:52:16 - [MESSAGE][PASSED] - Scroll to object 'Object Repository/Calendar_page/Input_Start_Date' successfully

2023-12-22 14:52:16 - [TEST_STEP][PASSED] - click(findTestObject("Calendar_page/Input_Start_Date")): Object: 'Object Repository/Calendar_page/Input_Start_Date' is clicked on

2023-12-22 14:52:16 - [MESSAGE][PASSED] - Object: 'Object Repository/Calendar_page/Input_Start_Date' is clicked on

2023-12-22 14:52:16 - [TEST_STEP][PASSED] - delay(3): Delayed 3 second(s)

2023-12-22 14:52:19 - [MESSAGE][PASSED] - Delayed 3 second(s)

2023-12-22 14:52:19 - [TEST_STEP][PASSED] - click(findTestObject("Calendar_page/startDate/div_27")): Object: 'Object Repository/Calendar_page/startDate/div_27' is clicked on

2023-12-22 14:52:19 - [MESSAGE][PASSED] - Object: 'Object Repository/Calendar_page/startDate/div_27' is clicked on

2023-12-22 14:52:19 - [TEST_STEP][PASSED] - delay(3): Delayed 3 second(s)

2023-12-22 14:52:22 - [MESSAGE][PASSED] - Delayed 3 second(s)

2023-12-22 14:52:22 - [TEST_STEP][PASSED] - click(findTestObject("Calendar_page/Input_Busy_Days")): Object: 'Object Repository/Calendar_page/Input_Busy_Days' is clicked on

2023-12-22 14:52:22 - [MESSAGE][PASSED] - Object: 'Object Repository/Calendar_page/Input_Busy_Days' is clicked on

2023-12-22 14:52:22 - [TEST_STEP][PASSED] - click(findTestObject("Calendar_page/busyDates/div_3")): Object: 'Object Repository/Calendar_page/busyDates/div_3' is clicked on

2023-12-22 14:52:22 - [MESSAGE][PASSED] - Object: 'Object Repository/Calendar_page/busyDates/div_3' is clicked on

2023-12-22 14:52:22 - [TEST_STEP][PASSED] - delay(2): Delayed 2 second(s)

2023-12-22 14:52:24 - [MESSAGE][PASSED] - Delayed 2 second(s)

2023-12-22 14:52:24 - [TEST_STEP][PASSED] - click(findTestObject("Calendar_page/busyDates/div_6")): Object: 'Object Repository/Calendar_page/busyDates/div_6' is clicked on

2023-12-22 14:52:24 - [MESSAGE][PASSED] - Object: 'Object Repository/Calendar_page/busyDates/div_6' is clicked on

2023-12-22 14:52:24 - [TEST_STEP][PASSED] - delay(2): Delayed 2 second(s)

2023-12-22 14:52:26 - [MESSAGE][PASSED] - Delayed 2 second(s)

2023-12-22 14:52:26 - [TEST_STEP][PASSED] - click(findTestObject("Calendar_page/div_day_Column")): Object: 'Object Repository/Calendar_page/div_day_Column' is clicked on

2023-12-22 14:52:26 - [MESSAGE][PASSED] - Object: 'Object Repository/Calendar_page/div_day_Column' is clicked on

2023-12-22 14:52:26 - [TEST_STEP][PASSED] - selectOptionByLabel(findTestObject("Calendar_page/Select_Available_From"), "01:30 PM", false): All options with label '01:30 PM' are selected in object 'Object Repository/Calendar_page/Select_Available_From' 

2023-12-22 14:52:26 - [MESSAGE][PASSED] - All options with label '01:30 PM' are selected in object 'Object Repository/Calendar_page/Select_Available_From' 

2023-12-22 14:52:26 - [TEST_STEP][PASSED] - delay(2): Delayed 2 second(s)

2023-12-22 14:52:28 - [MESSAGE][PASSED] - Delayed 2 second(s)

2023-12-22 14:52:28 - [TEST_STEP][PASSED] - selectOptionByLabel(findTestObject("Calendar_page/Select_Available_To"), "04:30 PM", false): All options with label '04:30 PM' are selected in object 'Object Repository/Calendar_page/Select_Available_To' 

2023-12-22 14:52:28 - [MESSAGE][PASSED] - All options with label '04:30 PM' are selected in object 'Object Repository/Calendar_page/Select_Available_To' 

2023-12-22 14:52:28 - [TEST_STEP][PASSED] - delay(2): Delayed 2 second(s)

2023-12-22 14:52:30 - [MESSAGE][PASSED] - Delayed 2 second(s)

2023-12-22 14:52:30 - [TEST_STEP][PASSED] - click(findTestObject("Calendar_page/button_Save")): Object: 'Object Repository/Calendar_page/button_Save' is clicked on

2023-12-22 14:52:30 - [MESSAGE][PASSED] - Object: 'Object Repository/Calendar_page/button_Save' is clicked on

2023-12-22 14:52:30 - [TEST_STEP][PASSED] - delay(2): Delayed 2 second(s)

2023-12-22 14:52:32 - [MESSAGE][PASSED] - Delayed 2 second(s)

2023-12-22 14:52:32 - [TEST_STEP][PASSED] - click(findTestObject("Calendar_page/button_Next")): Object: 'Object Repository/Calendar_page/button_Next' is clicked on

2023-12-22 14:52:32 - [MESSAGE][PASSED] - Object: 'Object Repository/Calendar_page/button_Next' is clicked on

2023-12-22 14:52:32 - [TEST_STEP][PASSED] - delay(3): Delayed 3 second(s)

2023-12-22 14:52:35 - [MESSAGE][PASSED] - Delayed 3 second(s)

2023-12-22 14:52:35 - [TEST_STEP][PASSED] - click(findTestObject("Calendar_page/button_SaveCalendarPage")): Object: 'Object Repository/Calendar_page/button_SaveCalendarPage' is clicked on

2023-12-22 14:52:35 - [MESSAGE][PASSED] - Object: 'Object Repository/Calendar_page/button_SaveCalendarPage' is clicked on

2023-12-22 14:52:35 - [TEST_STEP][PASSED] - verifyElementPresent(findTestObject("Object Repository/Thankyou_Page/Thankyou_Page_Objects/txt_h1_Thank you"), 0): Object 'Object Repository/Thankyou_Page/Thankyou_Page_Objects/txt_h1_Thank you' is present

2023-12-22 14:52:35 - [MESSAGE][WARNING] - Timeout '0' is invalid. Using default page load timeout: '30'

2023-12-22 14:52:35 - [MESSAGE][PASSED] - Object 'Object Repository/Thankyou_Page/Thankyou_Page_Objects/txt_h1_Thank you' is present

2023-12-22 14:52:35 - [TEST_STEP][PASSED] - delay(2): Delayed 2 second(s)

2023-12-22 14:52:37 - [MESSAGE][PASSED] - Delayed 2 second(s)

2023-12-22 14:52:37 - [TEST_STEP][PASSED] - closeBrowser(): Browser is closed

2023-12-22 14:52:38 - [MESSAGE][PASSED] - Browser is closed]]></system-out>
         <system-err><![CDATA[]]></system-err>
      </testcase>
      <testcase name="Test Cases/Senior_TestCases/TC03_ReRecord_Type" time="128.096" classname="Test Cases/Senior_TestCases/TC03_ReRecord_Type" status="PASSED">
         <system-out><![CDATA[2023-12-22 14:55:02 - [TEST_CASE][PASSED] - Test Cases/Senior_TestCases/TC03_ReRecord_Type: Test Cases/Senior_TestCases/TC03_ReRecord_Type

2023-12-22 14:55:02 - [TEST_STEP][PASSED] - callTestCase(findTestCase("Common_TestCases/Sign_In"), ["email":Email, "password":Password], STOP_ON_FAILURE): Call Test Case 'Test Cases/Common_TestCases/Sign_In' successfully

2023-12-22 14:55:02 - [TEST_CASE][PASSED] - Test Cases/Common_TestCases/Sign_In: Test Cases/Common_TestCases/Sign_In

2023-12-22 14:55:02 - [TEST_STEP][PASSED] - System.setProperty("webdriver.chrome.driver", "Data Files/chromedriver-win64/chromedriver.exe"): null

2023-12-22 14:55:02 - [TEST_STEP][PASSED] - options = new org.openqa.selenium.chrome.ChromeOptions(): null

2023-12-22 14:55:02 - [TEST_STEP][PASSED] - options.addArguments("start-maximized"): null

2023-12-22 14:55:02 - [TEST_STEP][PASSED] - options.addArguments("force-device-scale-factor=1.2"): null

2023-12-22 14:55:02 - [TEST_STEP][PASSED] - options.setExperimentalOption("prefs", new Script1700728747802$1(this)): null

2023-12-22 14:55:02 - [TEST_STEP][PASSED] - capabilities = DesiredCapabilities.chrome(): null

2023-12-22 14:55:02 - [TEST_STEP][PASSED] - capabilities.setCapability(CAPABILITY, options): null

2023-12-22 14:55:02 - [TEST_STEP][PASSED] - driver = new org.openqa.selenium.chrome.ChromeDriver(capabilities): null

2023-12-22 14:55:03 - [TEST_STEP][PASSED] - changeWebDriver(driver): null

2023-12-22 14:55:03 - [TEST_STEP][PASSED] - navigateToUrl("https://caring-connections-qa.azurewebsites.net/"): Navigate to 'https://caring-connections-qa.azurewebsites.net/' successfully

2023-12-22 14:55:06 - [MESSAGE][PASSED] - Navigate to 'https://caring-connections-qa.azurewebsites.net/' successfully

2023-12-22 14:55:06 - [TEST_STEP][PASSED] - setText(findTestObject("Login_Pages/Sign_In_Page/input_Username"), email): Text 'pgpalak702@gmail.com' is set on object 'Object Repository/Login_Pages/Sign_In_Page/input_Username'

2023-12-22 14:55:07 - [MESSAGE][PASSED] - Text 'pgpalak702@gmail.com' is set on object 'Object Repository/Login_Pages/Sign_In_Page/input_Username'

2023-12-22 14:55:07 - [TEST_STEP][PASSED] - setText(findTestObject("Login_Pages/Sign_In_Page/input_Password"), password): Text 'Test@123' is set on object 'Object Repository/Login_Pages/Sign_In_Page/input_Password'

2023-12-22 14:55:07 - [MESSAGE][PASSED] - Text 'Test@123' is set on object 'Object Repository/Login_Pages/Sign_In_Page/input_Password'

2023-12-22 14:55:07 - [TEST_STEP][PASSED] - click(findTestObject("Object Repository/Login_Pages/Sign_In_Page/button_Sign_In")): Object: 'Object Repository/Login_Pages/Sign_In_Page/button_Sign_In' is clicked on

2023-12-22 14:55:07 - [MESSAGE][PASSED] - Object: 'Object Repository/Login_Pages/Sign_In_Page/button_Sign_In' is clicked on

2023-12-22 14:55:07 - [MESSAGE][PASSED] - Call Test Case 'Test Cases/Common_TestCases/Sign_In' successfully

2023-12-22 14:55:07 - [TEST_STEP][PASSED] - delay(5): Delayed 5 second(s)

2023-12-22 14:55:12 - [MESSAGE][PASSED] - Delayed 5 second(s)

2023-12-22 14:55:12 - [TEST_STEP][PASSED] - scrollToElement(findTestObject("Category_View_Page/Category_View_Page_Objects/btn_Re-record"), 0): Scroll to object 'Object Repository/Category_View_Page/Category_View_Page_Objects/btn_Re-record' successfully

2023-12-22 14:55:12 - [MESSAGE][WARNING] - Timeout '0' is invalid. Using default page load timeout: '30'

2023-12-22 14:55:12 - [MESSAGE][PASSED] - Scroll to object 'Object Repository/Category_View_Page/Category_View_Page_Objects/btn_Re-record' successfully

2023-12-22 14:55:12 - [TEST_STEP][PASSED] - click(findTestObject("Category_View_Page/Category_View_Page_Objects/btn_Re-record")): Object: 'Object Repository/Category_View_Page/Category_View_Page_Objects/btn_Re-record' is clicked on

2023-12-22 14:55:14 - [MESSAGE][PASSED] - Object: 'Object Repository/Category_View_Page/Category_View_Page_Objects/btn_Re-record' is clicked on

2023-12-22 14:55:14 - [TEST_STEP][PASSED] - click(findTestObject("Category_View_Page/Category_View_Page_Objects/btn_Proceed")): Object: 'Object Repository/Category_View_Page/Category_View_Page_Objects/btn_Proceed' is clicked on

2023-12-22 14:55:16 - [MESSAGE][PASSED] - Object: 'Object Repository/Category_View_Page/Category_View_Page_Objects/btn_Proceed' is clicked on

2023-12-22 14:55:16 - [TEST_STEP][PASSED] - waitForElementClickable(findTestObject("Profile_Creation_Page/Profile_Creation_Page_Objects/btn_I_Want_To_Type"), 65): Object 'Object Repository/Profile_Creation_Page/Profile_Creation_Page_Objects/btn_I_Want_To_Type' is clickable

2023-12-22 14:55:58 - [MESSAGE][PASSED] - Object 'Object Repository/Profile_Creation_Page/Profile_Creation_Page_Objects/btn_I_Want_To_Type' is clickable

2023-12-22 14:55:58 - [TEST_STEP][PASSED] - click(findTestObject("Profile_Creation_Page/Profile_Creation_Page_Objects/btn_I_Want_To_Type")): Object: 'Object Repository/Profile_Creation_Page/Profile_Creation_Page_Objects/btn_I_Want_To_Type' is clicked on

2023-12-22 14:55:58 - [MESSAGE][PASSED] - Object: 'Object Repository/Profile_Creation_Page/Profile_Creation_Page_Objects/btn_I_Want_To_Type' is clicked on

2023-12-22 14:55:58 - [TEST_STEP][PASSED] - setText(findTestObject("Profile_Creation_Page/Profile_Creation_Page_Objects/Input_I_Want_To_Type"), Profile): Text 'Greetings, I'm Palak, a seasoned explorer in the journey of life, joyfully celebrating my 58 years of existence. With a background in environmental science, I dedicated decades to understanding and preserving the natural world. Beyond scientific pursuits, I find solace in the rhythm of pottery, shaping clay into intricate forms, and the therapeutic art of cooking. In a companion, I seek someone who shares my passion for environmental conservation and has an appreciation for the creative blend of artistry and sustainable living. Health-wise, I've faced challenges with asthma, but with careful management and regular breathing exercises, I continue to pursue my passions with vigor. Life has been a captivating adventure, and I look forward to molding new experiences with a like-minded soul who appreciates the beauty of nature and the creativity of the human spirit.' is set on object 'Object Repository/Profile_Creation_Page/Profile_Creation_Page_Objects/Input_I_Want_To_Type'

2023-12-22 14:55:59 - [MESSAGE][PASSED] - Text 'Greetings, I'm Palak, a seasoned explorer in the journey of life, joyfully celebrating my 58 years of existence. With a background in environmental science, I dedicated decades to understanding and preserving the natural world. Beyond scientific pursuits, I find solace in the rhythm of pottery, shaping clay into intricate forms, and the therapeutic art of cooking. In a companion, I seek someone who shares my passion for environmental conservation and has an appreciation for the creative blend of artistry and sustainable living. Health-wise, I've faced challenges with asthma, but with careful management and regular breathing exercises, I continue to pursue my passions with vigor. Life has been a captivating adventure, and I look forward to molding new experiences with a like-minded soul who appreciates the beauty of nature and the creativity of the human spirit.' is set on object 'Object Repository/Profile_Creation_Page/Profile_Creation_Page_Objects/Input_I_Want_To_Type'

2023-12-22 14:55:59 - [TEST_STEP][PASSED] - scrollToElement(findTestObject("Object Repository/Profile_Creation_Page/Profile_Creation_Page_Objects/button_Next"), 0): Scroll to object 'Object Repository/Profile_Creation_Page/Profile_Creation_Page_Objects/button_Next' successfully

2023-12-22 14:55:59 - [MESSAGE][WARNING] - Timeout '0' is invalid. Using default page load timeout: '30'

2023-12-22 14:55:59 - [MESSAGE][PASSED] - Scroll to object 'Object Repository/Profile_Creation_Page/Profile_Creation_Page_Objects/button_Next' successfully

2023-12-22 14:55:59 - [TEST_STEP][PASSED] - click(findTestObject("Object Repository/Profile_Creation_Page/Profile_Creation_Page_Objects/button_Next")): Object: 'Object Repository/Profile_Creation_Page/Profile_Creation_Page_Objects/button_Next' is clicked on

2023-12-22 14:55:59 - [MESSAGE][PASSED] - Object: 'Object Repository/Profile_Creation_Page/Profile_Creation_Page_Objects/button_Next' is clicked on

2023-12-22 14:55:59 - [TEST_STEP][PASSED] - delay(45): Delayed 45 second(s)

2023-12-22 14:56:44 - [MESSAGE][PASSED] - Delayed 45 second(s)

2023-12-22 14:56:44 - [TEST_STEP][PASSED] - Education = getAttribute(findTestObject("Category_View_Page/Category_View_Page_Objects/Input_Edit_Educational_Info"), "value"): Attribute 'value' of object 'Object Repository/Category_View_Page/Category_View_Page_Objects/Input_Edit_Educational_Info' is: 'With a background in environmental science, I dedicated decades to understanding and preserving the natural world.'

2023-12-22 14:56:44 - [MESSAGE][PASSED] - Attribute 'value' of object 'Object Repository/Category_View_Page/Category_View_Page_Objects/Input_Edit_Educational_Info' is: 'With a background in environmental science, I dedicated decades to understanding and preserving the natural world.'

2023-12-22 14:56:44 - [TEST_STEP][PASSED] - validateText.ValidateText.calculateAndPrintPercentageMatch("EDUCATION", Education, EducationNew): validateText.ValidateText.calculateAndPrintPercentageMatch is PASSED

2023-12-22 14:56:44 - [MESSAGE][PASSED] - validateText.ValidateText.calculateAndPrintPercentageMatch is PASSED

2023-12-22 14:56:44 - [TEST_STEP][PASSED] - Hobbies = getAttribute(findTestObject("Category_View_Page/Category_View_Page_Objects/Input_Edit_Appropriate_Hobbies"), "value"): Attribute 'value' of object 'Object Repository/Category_View_Page/Category_View_Page_Objects/Input_Edit_Appropriate_Hobbies' is: 'Beyond scientific pursuits, I find solace in the rhythm of pottery, shaping clay into intricate forms, and the therapeutic art of cooking.'

2023-12-22 14:56:44 - [MESSAGE][PASSED] - Attribute 'value' of object 'Object Repository/Category_View_Page/Category_View_Page_Objects/Input_Edit_Appropriate_Hobbies' is: 'Beyond scientific pursuits, I find solace in the rhythm of pottery, shaping clay into intricate forms, and the therapeutic art of cooking.'

2023-12-22 14:56:44 - [TEST_STEP][PASSED] - validateText.ValidateText.calculateAndPrintPercentageMatch("HOBBIES", Hobbies, HobbiesNew): validateText.ValidateText.calculateAndPrintPercentageMatch is PASSED

2023-12-22 14:56:44 - [MESSAGE][PASSED] - validateText.ValidateText.calculateAndPrintPercentageMatch is PASSED

2023-12-22 14:56:44 - [TEST_STEP][PASSED] - Expectations = getAttribute(findTestObject("Category_View_Page/Category_View_Page_Objects/Input_Edit_expectation"), "value"): Attribute 'value' of object 'Object Repository/Category_View_Page/Category_View_Page_Objects/Input_Edit_expectation' is: 'In a companion, I seek someone who shares my passion for environmental conservation and has an appreciation for the creative blend of artistry and sustainable living.'

2023-12-22 14:56:44 - [MESSAGE][PASSED] - Attribute 'value' of object 'Object Repository/Category_View_Page/Category_View_Page_Objects/Input_Edit_expectation' is: 'In a companion, I seek someone who shares my passion for environmental conservation and has an appreciation for the creative blend of artistry and sustainable living.'

2023-12-22 14:56:44 - [TEST_STEP][PASSED] - validateText.ValidateText.calculateAndPrintPercentageMatch("EXPECTATIONS", Expectations, ExpectationsNew): validateText.ValidateText.calculateAndPrintPercentageMatch is PASSED

2023-12-22 14:56:44 - [MESSAGE][PASSED] - validateText.ValidateText.calculateAndPrintPercentageMatch is PASSED

2023-12-22 14:56:44 - [TEST_STEP][PASSED] - Others = getAttribute(findTestObject("Category_View_Page/Category_View_Page_Objects/Input_Edit_Appropriate_Health"), "value"): Attribute 'value' of object 'Object Repository/Category_View_Page/Category_View_Page_Objects/Input_Edit_Appropriate_Health' is: 'Greetings, I'm Palak, a seasoned explorer in the journey of life, joyfully celebrating my 58 years of existence. Life has been a captivating adventure, and I look forward to molding new experiences with a like-minded soul who appreciates the beauty of nature and the creativity of the human spirit. Health-wise, I've faced challenges with asthma, but with careful management and regular breathing exercises, I continue to pursue my passions with vigor.'

2023-12-22 14:56:44 - [MESSAGE][PASSED] - Attribute 'value' of object 'Object Repository/Category_View_Page/Category_View_Page_Objects/Input_Edit_Appropriate_Health' is: 'Greetings, I'm Palak, a seasoned explorer in the journey of life, joyfully celebrating my 58 years of existence. Life has been a captivating adventure, and I look forward to molding new experiences with a like-minded soul who appreciates the beauty of nature and the creativity of the human spirit. Health-wise, I've faced challenges with asthma, but with careful management and regular breathing exercises, I continue to pursue my passions with vigor.'

2023-12-22 14:56:44 - [TEST_STEP][PASSED] - validateText.ValidateText.calculateAndPrintPercentageMatch("OTHERS", Others, OtherNew): validateText.ValidateText.calculateAndPrintPercentageMatch is PASSED

2023-12-22 14:56:44 - [MESSAGE][PASSED] - validateText.ValidateText.calculateAndPrintPercentageMatch is PASSED

2023-12-22 14:56:44 - [TEST_STEP][PASSED] - waitForElementClickable(findTestObject("Object Repository/Category_View_Page/Category_View_Page_Objects/button_Next"), 65): Object 'Object Repository/Category_View_Page/Category_View_Page_Objects/button_Next' is clickable

2023-12-22 14:56:44 - [MESSAGE][PASSED] - Object 'Object Repository/Category_View_Page/Category_View_Page_Objects/button_Next' is clickable

2023-12-22 14:56:44 - [TEST_STEP][PASSED] - click(findTestObject("Object Repository/Category_View_Page/Category_View_Page_Objects/button_Next")): Object: 'Object Repository/Category_View_Page/Category_View_Page_Objects/button_Next' is clicked on

2023-12-22 14:56:46 - [MESSAGE][PASSED] - Object: 'Object Repository/Category_View_Page/Category_View_Page_Objects/button_Next' is clicked on

2023-12-22 14:56:46 - [TEST_STEP][PASSED] - waitForElementNotPresent(findTestObject("WaitingPage/Waiting_Page/Clock_categoryToCalender"), 10): Web element with id: 'Object Repository/WaitingPage/Waiting_Page/Clock_categoryToCalender' located by 'By.xpath: //div[@id='root']/div/div/div/div/span' is not present after '10' second(s)

2023-12-22 14:56:48 - [MESSAGE][PASSED] - Web element with id: 'Object Repository/WaitingPage/Waiting_Page/Clock_categoryToCalender' located by 'By.xpath: //div[@id='root']/div/div/div/div/span' is not present after '10' second(s)

2023-12-22 14:56:48 - [TEST_STEP][PASSED] - scrollToElement(findTestObject("Calendar_page/Input_Start_Date"), 0): Scroll to object 'Object Repository/Calendar_page/Input_Start_Date' successfully

2023-12-22 14:56:48 - [MESSAGE][WARNING] - Timeout '0' is invalid. Using default page load timeout: '30'

2023-12-22 14:56:48 - [MESSAGE][PASSED] - Scroll to object 'Object Repository/Calendar_page/Input_Start_Date' successfully

2023-12-22 14:56:48 - [TEST_STEP][PASSED] - click(findTestObject("Calendar_page/Input_Start_Date")): Object: 'Object Repository/Calendar_page/Input_Start_Date' is clicked on

2023-12-22 14:56:48 - [MESSAGE][PASSED] - Object: 'Object Repository/Calendar_page/Input_Start_Date' is clicked on

2023-12-22 14:56:48 - [TEST_STEP][PASSED] - delay(3): Delayed 3 second(s)

2023-12-22 14:56:51 - [MESSAGE][PASSED] - Delayed 3 second(s)

2023-12-22 14:56:51 - [TEST_STEP][PASSED] - click(findTestObject("Calendar_page/startDate/div_27")): Object: 'Object Repository/Calendar_page/startDate/div_27' is clicked on

2023-12-22 14:56:51 - [MESSAGE][PASSED] - Object: 'Object Repository/Calendar_page/startDate/div_27' is clicked on

2023-12-22 14:56:51 - [TEST_STEP][PASSED] - delay(3): Delayed 3 second(s)

2023-12-22 14:56:54 - [MESSAGE][PASSED] - Delayed 3 second(s)

2023-12-22 14:56:54 - [TEST_STEP][PASSED] - click(findTestObject("Calendar_page/Input_Busy_Days")): Object: 'Object Repository/Calendar_page/Input_Busy_Days' is clicked on

2023-12-22 14:56:54 - [MESSAGE][PASSED] - Object: 'Object Repository/Calendar_page/Input_Busy_Days' is clicked on

2023-12-22 14:56:54 - [TEST_STEP][PASSED] - click(findTestObject("Calendar_page/busyDates/div_9")): Object: 'Object Repository/Calendar_page/busyDates/div_9' is clicked on

2023-12-22 14:56:54 - [MESSAGE][PASSED] - Object: 'Object Repository/Calendar_page/busyDates/div_9' is clicked on

2023-12-22 14:56:54 - [TEST_STEP][PASSED] - delay(2): Delayed 2 second(s)

2023-12-22 14:56:56 - [MESSAGE][PASSED] - Delayed 2 second(s)

2023-12-22 14:56:56 - [TEST_STEP][PASSED] - click(findTestObject("Calendar_page/busyDates/div_10")): Object: 'Object Repository/Calendar_page/busyDates/div_10' is clicked on

2023-12-22 14:56:56 - [MESSAGE][PASSED] - Object: 'Object Repository/Calendar_page/busyDates/div_10' is clicked on

2023-12-22 14:56:56 - [TEST_STEP][PASSED] - delay(2): Delayed 2 second(s)

2023-12-22 14:56:58 - [MESSAGE][PASSED] - Delayed 2 second(s)

2023-12-22 14:56:58 - [TEST_STEP][PASSED] - click(findTestObject("Calendar_page/div_day_Column")): Object: 'Object Repository/Calendar_page/div_day_Column' is clicked on

2023-12-22 14:56:58 - [MESSAGE][PASSED] - Object: 'Object Repository/Calendar_page/div_day_Column' is clicked on

2023-12-22 14:56:58 - [TEST_STEP][PASSED] - selectOptionByLabel(findTestObject("Calendar_page/Select_Available_From"), "05:30 PM", false): All options with label '05:30 PM' are selected in object 'Object Repository/Calendar_page/Select_Available_From' 

2023-12-22 14:56:58 - [MESSAGE][PASSED] - All options with label '05:30 PM' are selected in object 'Object Repository/Calendar_page/Select_Available_From' 

2023-12-22 14:56:58 - [TEST_STEP][PASSED] - delay(2): Delayed 2 second(s)

2023-12-22 14:57:00 - [MESSAGE][PASSED] - Delayed 2 second(s)

2023-12-22 14:57:00 - [TEST_STEP][PASSED] - selectOptionByLabel(findTestObject("Calendar_page/Select_Available_To"), "06:00 PM", false): All options with label '06:00 PM' are selected in object 'Object Repository/Calendar_page/Select_Available_To' 

2023-12-22 14:57:00 - [MESSAGE][PASSED] - All options with label '06:00 PM' are selected in object 'Object Repository/Calendar_page/Select_Available_To' 

2023-12-22 14:57:00 - [TEST_STEP][PASSED] - delay(2): Delayed 2 second(s)

2023-12-22 14:57:02 - [MESSAGE][PASSED] - Delayed 2 second(s)

2023-12-22 14:57:02 - [TEST_STEP][PASSED] - click(findTestObject("Calendar_page/button_Save")): Object: 'Object Repository/Calendar_page/button_Save' is clicked on

2023-12-22 14:57:02 - [MESSAGE][PASSED] - Object: 'Object Repository/Calendar_page/button_Save' is clicked on

2023-12-22 14:57:02 - [TEST_STEP][PASSED] - delay(2): Delayed 2 second(s)

2023-12-22 14:57:04 - [MESSAGE][PASSED] - Delayed 2 second(s)

2023-12-22 14:57:04 - [TEST_STEP][PASSED] - click(findTestObject("Calendar_page/button_Next")): Object: 'Object Repository/Calendar_page/button_Next' is clicked on

2023-12-22 14:57:04 - [MESSAGE][PASSED] - Object: 'Object Repository/Calendar_page/button_Next' is clicked on

2023-12-22 14:57:04 - [TEST_STEP][PASSED] - delay(3): Delayed 3 second(s)

2023-12-22 14:57:07 - [MESSAGE][PASSED] - Delayed 3 second(s)

2023-12-22 14:57:07 - [TEST_STEP][PASSED] - click(findTestObject("Calendar_page/button_SaveCalendarPage")): Object: 'Object Repository/Calendar_page/button_SaveCalendarPage' is clicked on

2023-12-22 14:57:07 - [MESSAGE][PASSED] - Object: 'Object Repository/Calendar_page/button_SaveCalendarPage' is clicked on

2023-12-22 14:57:07 - [TEST_STEP][PASSED] - 9: null

2023-12-22 14:57:07 - [TEST_STEP][PASSED] - verifyElementPresent(findTestObject("Object Repository/Thankyou_Page/Thankyou_Page_Objects/txt_h1_Thank you"), 0): Object 'Object Repository/Thankyou_Page/Thankyou_Page_Objects/txt_h1_Thank you' is present

2023-12-22 14:57:07 - [MESSAGE][WARNING] - Timeout '0' is invalid. Using default page load timeout: '30'

2023-12-22 14:57:07 - [MESSAGE][PASSED] - Object 'Object Repository/Thankyou_Page/Thankyou_Page_Objects/txt_h1_Thank you' is present

2023-12-22 14:57:07 - [TEST_STEP][PASSED] - delay(2): Delayed 2 second(s)

2023-12-22 14:57:09 - [MESSAGE][PASSED] - Delayed 2 second(s)

2023-12-22 14:57:09 - [TEST_STEP][PASSED] - closeBrowser(): Browser is closed

2023-12-22 14:57:10 - [MESSAGE][PASSED] - Browser is closed]]></system-out>
         <system-err><![CDATA[]]></system-err>
      </testcase>
      <testcase name="Test Cases/Senior_TestCases/TC03_ReRecord_Type" time="128.829" classname="Test Cases/Senior_TestCases/TC03_ReRecord_Type" status="PASSED">
         <system-out><![CDATA[2023-12-22 14:57:10 - [TEST_CASE][PASSED] - Test Cases/Senior_TestCases/TC03_ReRecord_Type: Test Cases/Senior_TestCases/TC03_ReRecord_Type

2023-12-22 14:57:10 - [TEST_STEP][PASSED] - callTestCase(findTestCase("Common_TestCases/Sign_In"), ["email":Email, "password":Password], STOP_ON_FAILURE): Call Test Case 'Test Cases/Common_TestCases/Sign_In' successfully

2023-12-22 14:57:10 - [TEST_CASE][PASSED] - Test Cases/Common_TestCases/Sign_In: Test Cases/Common_TestCases/Sign_In

2023-12-22 14:57:10 - [TEST_STEP][PASSED] - System.setProperty("webdriver.chrome.driver", "Data Files/chromedriver-win64/chromedriver.exe"): null

2023-12-22 14:57:10 - [TEST_STEP][PASSED] - options = new org.openqa.selenium.chrome.ChromeOptions(): null

2023-12-22 14:57:10 - [TEST_STEP][PASSED] - options.addArguments("start-maximized"): null

2023-12-22 14:57:10 - [TEST_STEP][PASSED] - options.addArguments("force-device-scale-factor=1.2"): null

2023-12-22 14:57:10 - [TEST_STEP][PASSED] - options.setExperimentalOption("prefs", new Script1700728747802$1(this)): null

2023-12-22 14:57:10 - [TEST_STEP][PASSED] - capabilities = DesiredCapabilities.chrome(): null

2023-12-22 14:57:10 - [TEST_STEP][PASSED] - capabilities.setCapability(CAPABILITY, options): null

2023-12-22 14:57:10 - [TEST_STEP][PASSED] - driver = new org.openqa.selenium.chrome.ChromeDriver(capabilities): null

2023-12-22 14:57:11 - [TEST_STEP][PASSED] - changeWebDriver(driver): null

2023-12-22 14:57:11 - [TEST_STEP][PASSED] - navigateToUrl("https://caring-connections-qa.azurewebsites.net/"): Navigate to 'https://caring-connections-qa.azurewebsites.net/' successfully

2023-12-22 14:57:15 - [MESSAGE][PASSED] - Navigate to 'https://caring-connections-qa.azurewebsites.net/' successfully

2023-12-22 14:57:15 - [TEST_STEP][PASSED] - setText(findTestObject("Login_Pages/Sign_In_Page/input_Username"), email): Text 'shresth702@gmail.com' is set on object 'Object Repository/Login_Pages/Sign_In_Page/input_Username'

2023-12-22 14:57:15 - [MESSAGE][PASSED] - Text 'shresth702@gmail.com' is set on object 'Object Repository/Login_Pages/Sign_In_Page/input_Username'

2023-12-22 14:57:15 - [TEST_STEP][PASSED] - setText(findTestObject("Login_Pages/Sign_In_Page/input_Password"), password): Text 'Test@123' is set on object 'Object Repository/Login_Pages/Sign_In_Page/input_Password'

2023-12-22 14:57:15 - [MESSAGE][PASSED] - Text 'Test@123' is set on object 'Object Repository/Login_Pages/Sign_In_Page/input_Password'

2023-12-22 14:57:15 - [TEST_STEP][PASSED] - click(findTestObject("Object Repository/Login_Pages/Sign_In_Page/button_Sign_In")): Object: 'Object Repository/Login_Pages/Sign_In_Page/button_Sign_In' is clicked on

2023-12-22 14:57:15 - [MESSAGE][PASSED] - Object: 'Object Repository/Login_Pages/Sign_In_Page/button_Sign_In' is clicked on

2023-12-22 14:57:15 - [MESSAGE][PASSED] - Call Test Case 'Test Cases/Common_TestCases/Sign_In' successfully

2023-12-22 14:57:15 - [TEST_STEP][PASSED] - delay(5): Delayed 5 second(s)

2023-12-22 14:57:20 - [MESSAGE][PASSED] - Delayed 5 second(s)

2023-12-22 14:57:20 - [TEST_STEP][PASSED] - scrollToElement(findTestObject("Category_View_Page/Category_View_Page_Objects/btn_Re-record"), 0): Scroll to object 'Object Repository/Category_View_Page/Category_View_Page_Objects/btn_Re-record' successfully

2023-12-22 14:57:20 - [MESSAGE][WARNING] - Timeout '0' is invalid. Using default page load timeout: '30'

2023-12-22 14:57:20 - [MESSAGE][PASSED] - Scroll to object 'Object Repository/Category_View_Page/Category_View_Page_Objects/btn_Re-record' successfully

2023-12-22 14:57:20 - [TEST_STEP][PASSED] - click(findTestObject("Category_View_Page/Category_View_Page_Objects/btn_Re-record")): Object: 'Object Repository/Category_View_Page/Category_View_Page_Objects/btn_Re-record' is clicked on

2023-12-22 14:57:22 - [MESSAGE][PASSED] - Object: 'Object Repository/Category_View_Page/Category_View_Page_Objects/btn_Re-record' is clicked on

2023-12-22 14:57:22 - [TEST_STEP][PASSED] - click(findTestObject("Category_View_Page/Category_View_Page_Objects/btn_Proceed")): Object: 'Object Repository/Category_View_Page/Category_View_Page_Objects/btn_Proceed' is clicked on

2023-12-22 14:57:25 - [MESSAGE][PASSED] - Object: 'Object Repository/Category_View_Page/Category_View_Page_Objects/btn_Proceed' is clicked on

2023-12-22 14:57:25 - [TEST_STEP][PASSED] - waitForElementClickable(findTestObject("Profile_Creation_Page/Profile_Creation_Page_Objects/btn_I_Want_To_Type"), 65): Object 'Object Repository/Profile_Creation_Page/Profile_Creation_Page_Objects/btn_I_Want_To_Type' is clickable

2023-12-22 14:58:06 - [MESSAGE][PASSED] - Object 'Object Repository/Profile_Creation_Page/Profile_Creation_Page_Objects/btn_I_Want_To_Type' is clickable

2023-12-22 14:58:06 - [TEST_STEP][PASSED] - click(findTestObject("Profile_Creation_Page/Profile_Creation_Page_Objects/btn_I_Want_To_Type")): Object: 'Object Repository/Profile_Creation_Page/Profile_Creation_Page_Objects/btn_I_Want_To_Type' is clicked on

2023-12-22 14:58:06 - [MESSAGE][PASSED] - Object: 'Object Repository/Profile_Creation_Page/Profile_Creation_Page_Objects/btn_I_Want_To_Type' is clicked on

2023-12-22 14:58:06 - [TEST_STEP][PASSED] - setText(findTestObject("Profile_Creation_Page/Profile_Creation_Page_Objects/Input_I_Want_To_Type"), Profile): Text 'Greetings, I'm Shresth, a seasoned explorer in the journey of life, joyfully celebrating my 58 years of existence. With a background in astrophysics, I dedicated decades to exploring the mysteries of the universe. Beyond scientific pursuits, I find solace in the world of music, playing the piano and composing melodies that resonate with the cosmos. In a companion, I seek someone who shares my passion for stargazing and the wonders of the universe. Health-wise, I've faced challenges with arthritis, but with regular physiotherapy and a balanced lifestyle, I continue to pursue my passions with vigor. Life has been a captivating adventure, and I look forward to crafting new experiences with a like-minded soul who appreciates the beauty of the cosmos and the art of music.' is set on object 'Object Repository/Profile_Creation_Page/Profile_Creation_Page_Objects/Input_I_Want_To_Type'

2023-12-22 14:58:07 - [MESSAGE][PASSED] - Text 'Greetings, I'm Shresth, a seasoned explorer in the journey of life, joyfully celebrating my 58 years of existence. With a background in astrophysics, I dedicated decades to exploring the mysteries of the universe. Beyond scientific pursuits, I find solace in the world of music, playing the piano and composing melodies that resonate with the cosmos. In a companion, I seek someone who shares my passion for stargazing and the wonders of the universe. Health-wise, I've faced challenges with arthritis, but with regular physiotherapy and a balanced lifestyle, I continue to pursue my passions with vigor. Life has been a captivating adventure, and I look forward to crafting new experiences with a like-minded soul who appreciates the beauty of the cosmos and the art of music.' is set on object 'Object Repository/Profile_Creation_Page/Profile_Creation_Page_Objects/Input_I_Want_To_Type'

2023-12-22 14:58:07 - [TEST_STEP][PASSED] - scrollToElement(findTestObject("Object Repository/Profile_Creation_Page/Profile_Creation_Page_Objects/button_Next"), 0): Scroll to object 'Object Repository/Profile_Creation_Page/Profile_Creation_Page_Objects/button_Next' successfully

2023-12-22 14:58:07 - [MESSAGE][WARNING] - Timeout '0' is invalid. Using default page load timeout: '30'

2023-12-22 14:58:07 - [MESSAGE][PASSED] - Scroll to object 'Object Repository/Profile_Creation_Page/Profile_Creation_Page_Objects/button_Next' successfully

2023-12-22 14:58:07 - [TEST_STEP][PASSED] - click(findTestObject("Object Repository/Profile_Creation_Page/Profile_Creation_Page_Objects/button_Next")): Object: 'Object Repository/Profile_Creation_Page/Profile_Creation_Page_Objects/button_Next' is clicked on

2023-12-22 14:58:07 - [MESSAGE][PASSED] - Object: 'Object Repository/Profile_Creation_Page/Profile_Creation_Page_Objects/button_Next' is clicked on

2023-12-22 14:58:07 - [TEST_STEP][PASSED] - delay(45): Delayed 45 second(s)

2023-12-22 14:58:52 - [MESSAGE][PASSED] - Delayed 45 second(s)

2023-12-22 14:58:52 - [TEST_STEP][PASSED] - Education = getAttribute(findTestObject("Category_View_Page/Category_View_Page_Objects/Input_Edit_Educational_Info"), "value"): Attribute 'value' of object 'Object Repository/Category_View_Page/Category_View_Page_Objects/Input_Edit_Educational_Info' is: 'With a background in astrophysics, I dedicated decades to exploring the mysteries of the universe.'

2023-12-22 14:58:52 - [MESSAGE][PASSED] - Attribute 'value' of object 'Object Repository/Category_View_Page/Category_View_Page_Objects/Input_Edit_Educational_Info' is: 'With a background in astrophysics, I dedicated decades to exploring the mysteries of the universe.'

2023-12-22 14:58:52 - [TEST_STEP][PASSED] - validateText.ValidateText.calculateAndPrintPercentageMatch("EDUCATION", Education, EducationNew): validateText.ValidateText.calculateAndPrintPercentageMatch is PASSED

2023-12-22 14:58:52 - [MESSAGE][PASSED] - validateText.ValidateText.calculateAndPrintPercentageMatch is PASSED

2023-12-22 14:58:52 - [TEST_STEP][PASSED] - Hobbies = getAttribute(findTestObject("Category_View_Page/Category_View_Page_Objects/Input_Edit_Appropriate_Hobbies"), "value"): Attribute 'value' of object 'Object Repository/Category_View_Page/Category_View_Page_Objects/Input_Edit_Appropriate_Hobbies' is: 'Beyond scientific pursuits, I find solace in the world of music, playing the piano and composing melodies that resonate with the cosmos.'

2023-12-22 14:58:52 - [MESSAGE][PASSED] - Attribute 'value' of object 'Object Repository/Category_View_Page/Category_View_Page_Objects/Input_Edit_Appropriate_Hobbies' is: 'Beyond scientific pursuits, I find solace in the world of music, playing the piano and composing melodies that resonate with the cosmos.'

2023-12-22 14:58:52 - [TEST_STEP][PASSED] - validateText.ValidateText.calculateAndPrintPercentageMatch("HOBBIES", Hobbies, HobbiesNew): validateText.ValidateText.calculateAndPrintPercentageMatch is PASSED

2023-12-22 14:58:52 - [MESSAGE][PASSED] - validateText.ValidateText.calculateAndPrintPercentageMatch is PASSED

2023-12-22 14:58:52 - [TEST_STEP][PASSED] - Expectations = getAttribute(findTestObject("Category_View_Page/Category_View_Page_Objects/Input_Edit_expectation"), "value"): Attribute 'value' of object 'Object Repository/Category_View_Page/Category_View_Page_Objects/Input_Edit_expectation' is: 'In a companion, I seek someone who shares my passion for stargazing and the wonders of the universe.'

2023-12-22 14:58:52 - [MESSAGE][PASSED] - Attribute 'value' of object 'Object Repository/Category_View_Page/Category_View_Page_Objects/Input_Edit_expectation' is: 'In a companion, I seek someone who shares my passion for stargazing and the wonders of the universe.'

2023-12-22 14:58:52 - [TEST_STEP][PASSED] - validateText.ValidateText.calculateAndPrintPercentageMatch("EXPECTATIONS", Expectations, ExpectationsNew): validateText.ValidateText.calculateAndPrintPercentageMatch is PASSED

2023-12-22 14:58:52 - [MESSAGE][PASSED] - validateText.ValidateText.calculateAndPrintPercentageMatch is PASSED

2023-12-22 14:58:52 - [TEST_STEP][PASSED] - Others = getAttribute(findTestObject("Category_View_Page/Category_View_Page_Objects/Input_Edit_Appropriate_Health"), "value"): Attribute 'value' of object 'Object Repository/Category_View_Page/Category_View_Page_Objects/Input_Edit_Appropriate_Health' is: 'Greetings, I'm Shresth, a seasoned explorer in the journey of life, joyfully celebrating my 58 years of existence. Life has been a captivating adventure, and I look forward to crafting new experiences with a like-minded soul who appreciates the beauty of the cosmos and the art of music. Health-wise, I've faced challenges with arthritis, but with regular physiotherapy and a balanced lifestyle, I continue to pursue my passions with vigor.'

2023-12-22 14:58:52 - [MESSAGE][PASSED] - Attribute 'value' of object 'Object Repository/Category_View_Page/Category_View_Page_Objects/Input_Edit_Appropriate_Health' is: 'Greetings, I'm Shresth, a seasoned explorer in the journey of life, joyfully celebrating my 58 years of existence. Life has been a captivating adventure, and I look forward to crafting new experiences with a like-minded soul who appreciates the beauty of the cosmos and the art of music. Health-wise, I've faced challenges with arthritis, but with regular physiotherapy and a balanced lifestyle, I continue to pursue my passions with vigor.'

2023-12-22 14:58:52 - [TEST_STEP][PASSED] - validateText.ValidateText.calculateAndPrintPercentageMatch("OTHERS", Others, OtherNew): validateText.ValidateText.calculateAndPrintPercentageMatch is PASSED

2023-12-22 14:58:52 - [MESSAGE][PASSED] - validateText.ValidateText.calculateAndPrintPercentageMatch is PASSED

2023-12-22 14:58:52 - [TEST_STEP][PASSED] - waitForElementClickable(findTestObject("Object Repository/Category_View_Page/Category_View_Page_Objects/button_Next"), 65): Object 'Object Repository/Category_View_Page/Category_View_Page_Objects/button_Next' is clickable

2023-12-22 14:58:52 - [MESSAGE][PASSED] - Object 'Object Repository/Category_View_Page/Category_View_Page_Objects/button_Next' is clickable

2023-12-22 14:58:52 - [TEST_STEP][PASSED] - click(findTestObject("Object Repository/Category_View_Page/Category_View_Page_Objects/button_Next")): Object: 'Object Repository/Category_View_Page/Category_View_Page_Objects/button_Next' is clicked on

2023-12-22 14:58:55 - [MESSAGE][PASSED] - Object: 'Object Repository/Category_View_Page/Category_View_Page_Objects/button_Next' is clicked on

2023-12-22 14:58:55 - [TEST_STEP][PASSED] - waitForElementNotPresent(findTestObject("WaitingPage/Waiting_Page/Clock_categoryToCalender"), 10): Web element with id: 'Object Repository/WaitingPage/Waiting_Page/Clock_categoryToCalender' located by 'By.xpath: //div[@id='root']/div/div/div/div/span' is not present after '10' second(s)

2023-12-22 14:58:56 - [MESSAGE][PASSED] - Web element with id: 'Object Repository/WaitingPage/Waiting_Page/Clock_categoryToCalender' located by 'By.xpath: //div[@id='root']/div/div/div/div/span' is not present after '10' second(s)

2023-12-22 14:58:56 - [TEST_STEP][PASSED] - scrollToElement(findTestObject("Calendar_page/Input_Start_Date"), 0): Scroll to object 'Object Repository/Calendar_page/Input_Start_Date' successfully

2023-12-22 14:58:56 - [MESSAGE][WARNING] - Timeout '0' is invalid. Using default page load timeout: '30'

2023-12-22 14:58:56 - [MESSAGE][PASSED] - Scroll to object 'Object Repository/Calendar_page/Input_Start_Date' successfully

2023-12-22 14:58:56 - [TEST_STEP][PASSED] - click(findTestObject("Calendar_page/Input_Start_Date")): Object: 'Object Repository/Calendar_page/Input_Start_Date' is clicked on

2023-12-22 14:58:56 - [MESSAGE][PASSED] - Object: 'Object Repository/Calendar_page/Input_Start_Date' is clicked on

2023-12-22 14:58:56 - [TEST_STEP][PASSED] - delay(3): Delayed 3 second(s)

2023-12-22 14:58:59 - [MESSAGE][PASSED] - Delayed 3 second(s)

2023-12-22 14:58:59 - [TEST_STEP][PASSED] - click(findTestObject("Calendar_page/startDate/div_27")): Object: 'Object Repository/Calendar_page/startDate/div_27' is clicked on

2023-12-22 14:58:59 - [MESSAGE][PASSED] - Object: 'Object Repository/Calendar_page/startDate/div_27' is clicked on

2023-12-22 14:58:59 - [TEST_STEP][PASSED] - delay(3): Delayed 3 second(s)

2023-12-22 14:59:02 - [MESSAGE][PASSED] - Delayed 3 second(s)

2023-12-22 14:59:02 - [TEST_STEP][PASSED] - click(findTestObject("Calendar_page/Input_Busy_Days")): Object: 'Object Repository/Calendar_page/Input_Busy_Days' is clicked on

2023-12-22 14:59:02 - [MESSAGE][PASSED] - Object: 'Object Repository/Calendar_page/Input_Busy_Days' is clicked on

2023-12-22 14:59:02 - [TEST_STEP][PASSED] - click(findTestObject("Calendar_page/busyDates/div_9")): Object: 'Object Repository/Calendar_page/busyDates/div_9' is clicked on

2023-12-22 14:59:02 - [MESSAGE][PASSED] - Object: 'Object Repository/Calendar_page/busyDates/div_9' is clicked on

2023-12-22 14:59:02 - [TEST_STEP][PASSED] - delay(2): Delayed 2 second(s)

2023-12-22 14:59:04 - [MESSAGE][PASSED] - Delayed 2 second(s)

2023-12-22 14:59:04 - [TEST_STEP][PASSED] - click(findTestObject("Calendar_page/busyDates/div_10")): Object: 'Object Repository/Calendar_page/busyDates/div_10' is clicked on

2023-12-22 14:59:04 - [MESSAGE][PASSED] - Object: 'Object Repository/Calendar_page/busyDates/div_10' is clicked on

2023-12-22 14:59:04 - [TEST_STEP][PASSED] - delay(2): Delayed 2 second(s)

2023-12-22 14:59:06 - [MESSAGE][PASSED] - Delayed 2 second(s)

2023-12-22 14:59:06 - [TEST_STEP][PASSED] - click(findTestObject("Calendar_page/div_day_Column")): Object: 'Object Repository/Calendar_page/div_day_Column' is clicked on

2023-12-22 14:59:06 - [MESSAGE][PASSED] - Object: 'Object Repository/Calendar_page/div_day_Column' is clicked on

2023-12-22 14:59:06 - [TEST_STEP][PASSED] - selectOptionByLabel(findTestObject("Calendar_page/Select_Available_From"), "05:30 PM", false): All options with label '05:30 PM' are selected in object 'Object Repository/Calendar_page/Select_Available_From' 

2023-12-22 14:59:07 - [MESSAGE][PASSED] - All options with label '05:30 PM' are selected in object 'Object Repository/Calendar_page/Select_Available_From' 

2023-12-22 14:59:07 - [TEST_STEP][PASSED] - delay(2): Delayed 2 second(s)

2023-12-22 14:59:09 - [MESSAGE][PASSED] - Delayed 2 second(s)

2023-12-22 14:59:09 - [TEST_STEP][PASSED] - selectOptionByLabel(findTestObject("Calendar_page/Select_Available_To"), "06:00 PM", false): All options with label '06:00 PM' are selected in object 'Object Repository/Calendar_page/Select_Available_To' 

2023-12-22 14:59:09 - [MESSAGE][PASSED] - All options with label '06:00 PM' are selected in object 'Object Repository/Calendar_page/Select_Available_To' 

2023-12-22 14:59:09 - [TEST_STEP][PASSED] - delay(2): Delayed 2 second(s)

2023-12-22 14:59:11 - [MESSAGE][PASSED] - Delayed 2 second(s)

2023-12-22 14:59:11 - [TEST_STEP][PASSED] - click(findTestObject("Calendar_page/button_Save")): Object: 'Object Repository/Calendar_page/button_Save' is clicked on

2023-12-22 14:59:11 - [MESSAGE][PASSED] - Object: 'Object Repository/Calendar_page/button_Save' is clicked on

2023-12-22 14:59:11 - [TEST_STEP][PASSED] - delay(2): Delayed 2 second(s)

2023-12-22 14:59:13 - [MESSAGE][PASSED] - Delayed 2 second(s)

2023-12-22 14:59:13 - [TEST_STEP][PASSED] - click(findTestObject("Calendar_page/button_Next")): Object: 'Object Repository/Calendar_page/button_Next' is clicked on

2023-12-22 14:59:13 - [MESSAGE][PASSED] - Object: 'Object Repository/Calendar_page/button_Next' is clicked on

2023-12-22 14:59:13 - [TEST_STEP][PASSED] - delay(3): Delayed 3 second(s)

2023-12-22 14:59:16 - [MESSAGE][PASSED] - Delayed 3 second(s)

2023-12-22 14:59:16 - [TEST_STEP][PASSED] - click(findTestObject("Calendar_page/button_SaveCalendarPage")): Object: 'Object Repository/Calendar_page/button_SaveCalendarPage' is clicked on

2023-12-22 14:59:16 - [MESSAGE][PASSED] - Object: 'Object Repository/Calendar_page/button_SaveCalendarPage' is clicked on

2023-12-22 14:59:16 - [TEST_STEP][PASSED] - 9: null

2023-12-22 14:59:16 - [TEST_STEP][PASSED] - verifyElementPresent(findTestObject("Object Repository/Thankyou_Page/Thankyou_Page_Objects/txt_h1_Thank you"), 0): Object 'Object Repository/Thankyou_Page/Thankyou_Page_Objects/txt_h1_Thank you' is present

2023-12-22 14:59:16 - [MESSAGE][WARNING] - Timeout '0' is invalid. Using default page load timeout: '30'

2023-12-22 14:59:16 - [MESSAGE][PASSED] - Object 'Object Repository/Thankyou_Page/Thankyou_Page_Objects/txt_h1_Thank you' is present

2023-12-22 14:59:16 - [TEST_STEP][PASSED] - delay(2): Delayed 2 second(s)

2023-12-22 14:59:18 - [MESSAGE][PASSED] - Delayed 2 second(s)

2023-12-22 14:59:18 - [TEST_STEP][PASSED] - closeBrowser(): Browser is closed

2023-12-22 14:59:19 - [MESSAGE][PASSED] - Browser is closed]]></system-out>
         <system-err><![CDATA[]]></system-err>
      </testcase>
      <testcase name="Test Cases/Senior_TestCases/TC03_ReRecord_Type" time="129.667" classname="Test Cases/Senior_TestCases/TC03_ReRecord_Type" status="PASSED">
         <system-out><![CDATA[2023-12-22 14:59:19 - [TEST_CASE][PASSED] - Test Cases/Senior_TestCases/TC03_ReRecord_Type: Test Cases/Senior_TestCases/TC03_ReRecord_Type

2023-12-22 14:59:19 - [TEST_STEP][PASSED] - callTestCase(findTestCase("Common_TestCases/Sign_In"), ["email":Email, "password":Password], STOP_ON_FAILURE): Call Test Case 'Test Cases/Common_TestCases/Sign_In' successfully

2023-12-22 14:59:19 - [TEST_CASE][PASSED] - Test Cases/Common_TestCases/Sign_In: Test Cases/Common_TestCases/Sign_In

2023-12-22 14:59:19 - [TEST_STEP][PASSED] - System.setProperty("webdriver.chrome.driver", "Data Files/chromedriver-win64/chromedriver.exe"): null

2023-12-22 14:59:19 - [TEST_STEP][PASSED] - options = new org.openqa.selenium.chrome.ChromeOptions(): null

2023-12-22 14:59:19 - [TEST_STEP][PASSED] - options.addArguments("start-maximized"): null

2023-12-22 14:59:19 - [TEST_STEP][PASSED] - options.addArguments("force-device-scale-factor=1.2"): null

2023-12-22 14:59:19 - [TEST_STEP][PASSED] - options.setExperimentalOption("prefs", new Script1700728747802$1(this)): null

2023-12-22 14:59:19 - [TEST_STEP][PASSED] - capabilities = DesiredCapabilities.chrome(): null

2023-12-22 14:59:19 - [TEST_STEP][PASSED] - capabilities.setCapability(CAPABILITY, options): null

2023-12-22 14:59:19 - [TEST_STEP][PASSED] - driver = new org.openqa.selenium.chrome.ChromeDriver(capabilities): null

2023-12-22 14:59:20 - [TEST_STEP][PASSED] - changeWebDriver(driver): null

2023-12-22 14:59:20 - [TEST_STEP][PASSED] - navigateToUrl("https://caring-connections-qa.azurewebsites.net/"): Navigate to 'https://caring-connections-qa.azurewebsites.net/' successfully

2023-12-22 14:59:24 - [MESSAGE][PASSED] - Navigate to 'https://caring-connections-qa.azurewebsites.net/' successfully

2023-12-22 14:59:24 - [TEST_STEP][PASSED] - setText(findTestObject("Login_Pages/Sign_In_Page/input_Username"), email): Text 'naveen702@gmail.com' is set on object 'Object Repository/Login_Pages/Sign_In_Page/input_Username'

2023-12-22 14:59:24 - [MESSAGE][PASSED] - Text 'naveen702@gmail.com' is set on object 'Object Repository/Login_Pages/Sign_In_Page/input_Username'

2023-12-22 14:59:24 - [TEST_STEP][PASSED] - setText(findTestObject("Login_Pages/Sign_In_Page/input_Password"), password): Text 'Test@123' is set on object 'Object Repository/Login_Pages/Sign_In_Page/input_Password'

2023-12-22 14:59:24 - [MESSAGE][PASSED] - Text 'Test@123' is set on object 'Object Repository/Login_Pages/Sign_In_Page/input_Password'

2023-12-22 14:59:24 - [TEST_STEP][PASSED] - click(findTestObject("Object Repository/Login_Pages/Sign_In_Page/button_Sign_In")): Object: 'Object Repository/Login_Pages/Sign_In_Page/button_Sign_In' is clicked on

2023-12-22 14:59:24 - [MESSAGE][PASSED] - Object: 'Object Repository/Login_Pages/Sign_In_Page/button_Sign_In' is clicked on

2023-12-22 14:59:24 - [MESSAGE][PASSED] - Call Test Case 'Test Cases/Common_TestCases/Sign_In' successfully

2023-12-22 14:59:24 - [TEST_STEP][PASSED] - delay(5): Delayed 5 second(s)

2023-12-22 14:59:29 - [MESSAGE][PASSED] - Delayed 5 second(s)

2023-12-22 14:59:29 - [TEST_STEP][PASSED] - scrollToElement(findTestObject("Category_View_Page/Category_View_Page_Objects/btn_Re-record"), 0): Scroll to object 'Object Repository/Category_View_Page/Category_View_Page_Objects/btn_Re-record' successfully

2023-12-22 14:59:29 - [MESSAGE][WARNING] - Timeout '0' is invalid. Using default page load timeout: '30'

2023-12-22 14:59:29 - [MESSAGE][PASSED] - Scroll to object 'Object Repository/Category_View_Page/Category_View_Page_Objects/btn_Re-record' successfully

2023-12-22 14:59:29 - [TEST_STEP][PASSED] - click(findTestObject("Category_View_Page/Category_View_Page_Objects/btn_Re-record")): Object: 'Object Repository/Category_View_Page/Category_View_Page_Objects/btn_Re-record' is clicked on

2023-12-22 14:59:31 - [MESSAGE][PASSED] - Object: 'Object Repository/Category_View_Page/Category_View_Page_Objects/btn_Re-record' is clicked on

2023-12-22 14:59:31 - [TEST_STEP][PASSED] - click(findTestObject("Category_View_Page/Category_View_Page_Objects/btn_Proceed")): Object: 'Object Repository/Category_View_Page/Category_View_Page_Objects/btn_Proceed' is clicked on

2023-12-22 14:59:33 - [MESSAGE][PASSED] - Object: 'Object Repository/Category_View_Page/Category_View_Page_Objects/btn_Proceed' is clicked on

2023-12-22 14:59:33 - [TEST_STEP][PASSED] - waitForElementClickable(findTestObject("Profile_Creation_Page/Profile_Creation_Page_Objects/btn_I_Want_To_Type"), 65): Object 'Object Repository/Profile_Creation_Page/Profile_Creation_Page_Objects/btn_I_Want_To_Type' is clickable

2023-12-22 15:00:16 - [MESSAGE][PASSED] - Object 'Object Repository/Profile_Creation_Page/Profile_Creation_Page_Objects/btn_I_Want_To_Type' is clickable

2023-12-22 15:00:16 - [TEST_STEP][PASSED] - click(findTestObject("Profile_Creation_Page/Profile_Creation_Page_Objects/btn_I_Want_To_Type")): Object: 'Object Repository/Profile_Creation_Page/Profile_Creation_Page_Objects/btn_I_Want_To_Type' is clicked on

2023-12-22 15:00:16 - [MESSAGE][PASSED] - Object: 'Object Repository/Profile_Creation_Page/Profile_Creation_Page_Objects/btn_I_Want_To_Type' is clicked on

2023-12-22 15:00:16 - [TEST_STEP][PASSED] - setText(findTestObject("Profile_Creation_Page/Profile_Creation_Page_Objects/Input_I_Want_To_Type"), Profile): Text 'Greetings, I'm Naveen , a seasoned explorer in the journey of life, joyfully celebrating my 58 years of existence. With a background in literature, I dedicated decades to exploring the rich world of words and stories. Beyond academic pursuits, I find solace in the world of painting, crafting vibrant canvases that express the beauty of the written word. In a companion, I hope to find someone who shares my love for literature and the appreciation for the creative blend of art and storytelling. Health-wise, I've faced challenges with allergies, but with careful management and a balanced lifestyle, I continue to pursue my passions with vigor. Life has been a captivating adventure through the pages of books and art, and I look forward to painting new chapters with a like-minded soul who values the beauty of storytelling and the creativity of artistic expression.' is set on object 'Object Repository/Profile_Creation_Page/Profile_Creation_Page_Objects/Input_I_Want_To_Type'

2023-12-22 15:00:16 - [MESSAGE][PASSED] - Text 'Greetings, I'm Naveen , a seasoned explorer in the journey of life, joyfully celebrating my 58 years of existence. With a background in literature, I dedicated decades to exploring the rich world of words and stories. Beyond academic pursuits, I find solace in the world of painting, crafting vibrant canvases that express the beauty of the written word. In a companion, I hope to find someone who shares my love for literature and the appreciation for the creative blend of art and storytelling. Health-wise, I've faced challenges with allergies, but with careful management and a balanced lifestyle, I continue to pursue my passions with vigor. Life has been a captivating adventure through the pages of books and art, and I look forward to painting new chapters with a like-minded soul who values the beauty of storytelling and the creativity of artistic expression.' is set on object 'Object Repository/Profile_Creation_Page/Profile_Creation_Page_Objects/Input_I_Want_To_Type'

2023-12-22 15:00:16 - [TEST_STEP][PASSED] - scrollToElement(findTestObject("Object Repository/Profile_Creation_Page/Profile_Creation_Page_Objects/button_Next"), 0): Scroll to object 'Object Repository/Profile_Creation_Page/Profile_Creation_Page_Objects/button_Next' successfully

2023-12-22 15:00:16 - [MESSAGE][WARNING] - Timeout '0' is invalid. Using default page load timeout: '30'

2023-12-22 15:00:16 - [MESSAGE][PASSED] - Scroll to object 'Object Repository/Profile_Creation_Page/Profile_Creation_Page_Objects/button_Next' successfully

2023-12-22 15:00:16 - [TEST_STEP][PASSED] - click(findTestObject("Object Repository/Profile_Creation_Page/Profile_Creation_Page_Objects/button_Next")): Object: 'Object Repository/Profile_Creation_Page/Profile_Creation_Page_Objects/button_Next' is clicked on

2023-12-22 15:00:16 - [MESSAGE][PASSED] - Object: 'Object Repository/Profile_Creation_Page/Profile_Creation_Page_Objects/button_Next' is clicked on

2023-12-22 15:00:16 - [TEST_STEP][PASSED] - delay(45): Delayed 45 second(s)

2023-12-22 15:01:01 - [MESSAGE][PASSED] - Delayed 45 second(s)

2023-12-22 15:01:01 - [TEST_STEP][PASSED] - Education = getAttribute(findTestObject("Category_View_Page/Category_View_Page_Objects/Input_Edit_Educational_Info"), "value"): Attribute 'value' of object 'Object Repository/Category_View_Page/Category_View_Page_Objects/Input_Edit_Educational_Info' is: 'With a background in literature, I dedicated decades to exploring the rich world of words and stories.'

2023-12-22 15:01:01 - [MESSAGE][PASSED] - Attribute 'value' of object 'Object Repository/Category_View_Page/Category_View_Page_Objects/Input_Edit_Educational_Info' is: 'With a background in literature, I dedicated decades to exploring the rich world of words and stories.'

2023-12-22 15:01:01 - [TEST_STEP][PASSED] - validateText.ValidateText.calculateAndPrintPercentageMatch("EDUCATION", Education, EducationNew): validateText.ValidateText.calculateAndPrintPercentageMatch is PASSED

2023-12-22 15:01:01 - [MESSAGE][PASSED] - validateText.ValidateText.calculateAndPrintPercentageMatch is PASSED

2023-12-22 15:01:01 - [TEST_STEP][PASSED] - Hobbies = getAttribute(findTestObject("Category_View_Page/Category_View_Page_Objects/Input_Edit_Appropriate_Hobbies"), "value"): Attribute 'value' of object 'Object Repository/Category_View_Page/Category_View_Page_Objects/Input_Edit_Appropriate_Hobbies' is: 'Beyond academic pursuits, I find solace in the world of painting, crafting vibrant canvases that express the beauty of the written word.'

2023-12-22 15:01:01 - [MESSAGE][PASSED] - Attribute 'value' of object 'Object Repository/Category_View_Page/Category_View_Page_Objects/Input_Edit_Appropriate_Hobbies' is: 'Beyond academic pursuits, I find solace in the world of painting, crafting vibrant canvases that express the beauty of the written word.'

2023-12-22 15:01:01 - [TEST_STEP][PASSED] - validateText.ValidateText.calculateAndPrintPercentageMatch("HOBBIES", Hobbies, HobbiesNew): validateText.ValidateText.calculateAndPrintPercentageMatch is PASSED

2023-12-22 15:01:01 - [MESSAGE][PASSED] - validateText.ValidateText.calculateAndPrintPercentageMatch is PASSED

2023-12-22 15:01:01 - [TEST_STEP][PASSED] - Expectations = getAttribute(findTestObject("Category_View_Page/Category_View_Page_Objects/Input_Edit_expectation"), "value"): Attribute 'value' of object 'Object Repository/Category_View_Page/Category_View_Page_Objects/Input_Edit_expectation' is: 'In a companion, I hope to find someone who shares my love for literature and the appreciation for the creative blend of art and storytelling.'

2023-12-22 15:01:02 - [MESSAGE][PASSED] - Attribute 'value' of object 'Object Repository/Category_View_Page/Category_View_Page_Objects/Input_Edit_expectation' is: 'In a companion, I hope to find someone who shares my love for literature and the appreciation for the creative blend of art and storytelling.'

2023-12-22 15:01:02 - [TEST_STEP][PASSED] - validateText.ValidateText.calculateAndPrintPercentageMatch("EXPECTATIONS", Expectations, ExpectationsNew): validateText.ValidateText.calculateAndPrintPercentageMatch is PASSED

2023-12-22 15:01:02 - [MESSAGE][PASSED] - validateText.ValidateText.calculateAndPrintPercentageMatch is PASSED

2023-12-22 15:01:02 - [TEST_STEP][PASSED] - Others = getAttribute(findTestObject("Category_View_Page/Category_View_Page_Objects/Input_Edit_Appropriate_Health"), "value"): Attribute 'value' of object 'Object Repository/Category_View_Page/Category_View_Page_Objects/Input_Edit_Appropriate_Health' is: 'Greetings, I'm Naveen , a seasoned explorer in the journey of life, joyfully celebrating my 58 years of existence. Life has been a captivating adventure through the pages of books and art, and I look forward to painting new chapters with a like-minded soul who values the beauty of storytelling and the creativity of artistic expression. Health-wise, I've faced challenges with allergies, but with careful management and a balanced lifestyle, I continue to pursue my passions with vigor.'

2023-12-22 15:01:02 - [MESSAGE][PASSED] - Attribute 'value' of object 'Object Repository/Category_View_Page/Category_View_Page_Objects/Input_Edit_Appropriate_Health' is: 'Greetings, I'm Naveen , a seasoned explorer in the journey of life, joyfully celebrating my 58 years of existence. Life has been a captivating adventure through the pages of books and art, and I look forward to painting new chapters with a like-minded soul who values the beauty of storytelling and the creativity of artistic expression. Health-wise, I've faced challenges with allergies, but with careful management and a balanced lifestyle, I continue to pursue my passions with vigor.'

2023-12-22 15:01:02 - [TEST_STEP][PASSED] - validateText.ValidateText.calculateAndPrintPercentageMatch("OTHERS", Others, OtherNew): validateText.ValidateText.calculateAndPrintPercentageMatch is PASSED

2023-12-22 15:01:02 - [MESSAGE][PASSED] - validateText.ValidateText.calculateAndPrintPercentageMatch is PASSED

2023-12-22 15:01:02 - [TEST_STEP][PASSED] - waitForElementClickable(findTestObject("Object Repository/Category_View_Page/Category_View_Page_Objects/button_Next"), 65): Object 'Object Repository/Category_View_Page/Category_View_Page_Objects/button_Next' is clickable

2023-12-22 15:01:02 - [MESSAGE][PASSED] - Object 'Object Repository/Category_View_Page/Category_View_Page_Objects/button_Next' is clickable

2023-12-22 15:01:02 - [TEST_STEP][PASSED] - click(findTestObject("Object Repository/Category_View_Page/Category_View_Page_Objects/button_Next")): Object: 'Object Repository/Category_View_Page/Category_View_Page_Objects/button_Next' is clicked on

2023-12-22 15:01:04 - [MESSAGE][PASSED] - Object: 'Object Repository/Category_View_Page/Category_View_Page_Objects/button_Next' is clicked on

2023-12-22 15:01:04 - [TEST_STEP][PASSED] - waitForElementNotPresent(findTestObject("WaitingPage/Waiting_Page/Clock_categoryToCalender"), 10): Web element with id: 'Object Repository/WaitingPage/Waiting_Page/Clock_categoryToCalender' located by 'By.xpath: //div[@id='root']/div/div/div/div/span' is not present after '10' second(s)

2023-12-22 15:01:06 - [MESSAGE][PASSED] - Web element with id: 'Object Repository/WaitingPage/Waiting_Page/Clock_categoryToCalender' located by 'By.xpath: //div[@id='root']/div/div/div/div/span' is not present after '10' second(s)

2023-12-22 15:01:06 - [TEST_STEP][PASSED] - scrollToElement(findTestObject("Calendar_page/Input_Start_Date"), 0): Scroll to object 'Object Repository/Calendar_page/Input_Start_Date' successfully

2023-12-22 15:01:06 - [MESSAGE][WARNING] - Timeout '0' is invalid. Using default page load timeout: '30'

2023-12-22 15:01:06 - [MESSAGE][PASSED] - Scroll to object 'Object Repository/Calendar_page/Input_Start_Date' successfully

2023-12-22 15:01:06 - [TEST_STEP][PASSED] - click(findTestObject("Calendar_page/Input_Start_Date")): Object: 'Object Repository/Calendar_page/Input_Start_Date' is clicked on

2023-12-22 15:01:06 - [MESSAGE][PASSED] - Object: 'Object Repository/Calendar_page/Input_Start_Date' is clicked on

2023-12-22 15:01:06 - [TEST_STEP][PASSED] - delay(3): Delayed 3 second(s)

2023-12-22 15:01:09 - [MESSAGE][PASSED] - Delayed 3 second(s)

2023-12-22 15:01:09 - [TEST_STEP][PASSED] - click(findTestObject("Calendar_page/startDate/div_27")): Object: 'Object Repository/Calendar_page/startDate/div_27' is clicked on

2023-12-22 15:01:09 - [MESSAGE][PASSED] - Object: 'Object Repository/Calendar_page/startDate/div_27' is clicked on

2023-12-22 15:01:09 - [TEST_STEP][PASSED] - delay(3): Delayed 3 second(s)

2023-12-22 15:01:12 - [MESSAGE][PASSED] - Delayed 3 second(s)

2023-12-22 15:01:12 - [TEST_STEP][PASSED] - click(findTestObject("Calendar_page/Input_Busy_Days")): Object: 'Object Repository/Calendar_page/Input_Busy_Days' is clicked on

2023-12-22 15:01:12 - [MESSAGE][PASSED] - Object: 'Object Repository/Calendar_page/Input_Busy_Days' is clicked on

2023-12-22 15:01:12 - [TEST_STEP][PASSED] - click(findTestObject("Calendar_page/busyDates/div_9")): Object: 'Object Repository/Calendar_page/busyDates/div_9' is clicked on

2023-12-22 15:01:12 - [MESSAGE][PASSED] - Object: 'Object Repository/Calendar_page/busyDates/div_9' is clicked on

2023-12-22 15:01:12 - [TEST_STEP][PASSED] - delay(2): Delayed 2 second(s)

2023-12-22 15:01:14 - [MESSAGE][PASSED] - Delayed 2 second(s)

2023-12-22 15:01:14 - [TEST_STEP][PASSED] - click(findTestObject("Calendar_page/busyDates/div_10")): Object: 'Object Repository/Calendar_page/busyDates/div_10' is clicked on

2023-12-22 15:01:14 - [MESSAGE][PASSED] - Object: 'Object Repository/Calendar_page/busyDates/div_10' is clicked on

2023-12-22 15:01:14 - [TEST_STEP][PASSED] - delay(2): Delayed 2 second(s)

2023-12-22 15:01:16 - [MESSAGE][PASSED] - Delayed 2 second(s)

2023-12-22 15:01:16 - [TEST_STEP][PASSED] - click(findTestObject("Calendar_page/div_day_Column")): Object: 'Object Repository/Calendar_page/div_day_Column' is clicked on

2023-12-22 15:01:16 - [MESSAGE][PASSED] - Object: 'Object Repository/Calendar_page/div_day_Column' is clicked on

2023-12-22 15:01:16 - [TEST_STEP][PASSED] - selectOptionByLabel(findTestObject("Calendar_page/Select_Available_From"), "05:30 PM", false): All options with label '05:30 PM' are selected in object 'Object Repository/Calendar_page/Select_Available_From' 

2023-12-22 15:01:16 - [MESSAGE][PASSED] - All options with label '05:30 PM' are selected in object 'Object Repository/Calendar_page/Select_Available_From' 

2023-12-22 15:01:16 - [TEST_STEP][PASSED] - delay(2): Delayed 2 second(s)

2023-12-22 15:01:18 - [MESSAGE][PASSED] - Delayed 2 second(s)

2023-12-22 15:01:18 - [TEST_STEP][PASSED] - selectOptionByLabel(findTestObject("Calendar_page/Select_Available_To"), "06:00 PM", false): All options with label '06:00 PM' are selected in object 'Object Repository/Calendar_page/Select_Available_To' 

2023-12-22 15:01:19 - [MESSAGE][PASSED] - All options with label '06:00 PM' are selected in object 'Object Repository/Calendar_page/Select_Available_To' 

2023-12-22 15:01:19 - [TEST_STEP][PASSED] - delay(2): Delayed 2 second(s)

2023-12-22 15:01:21 - [MESSAGE][PASSED] - Delayed 2 second(s)

2023-12-22 15:01:21 - [TEST_STEP][PASSED] - click(findTestObject("Calendar_page/button_Save")): Object: 'Object Repository/Calendar_page/button_Save' is clicked on

2023-12-22 15:01:21 - [MESSAGE][PASSED] - Object: 'Object Repository/Calendar_page/button_Save' is clicked on

2023-12-22 15:01:21 - [TEST_STEP][PASSED] - delay(2): Delayed 2 second(s)

2023-12-22 15:01:23 - [MESSAGE][PASSED] - Delayed 2 second(s)

2023-12-22 15:01:23 - [TEST_STEP][PASSED] - click(findTestObject("Calendar_page/button_Next")): Object: 'Object Repository/Calendar_page/button_Next' is clicked on

2023-12-22 15:01:23 - [MESSAGE][PASSED] - Object: 'Object Repository/Calendar_page/button_Next' is clicked on

2023-12-22 15:01:23 - [TEST_STEP][PASSED] - delay(3): Delayed 3 second(s)

2023-12-22 15:01:26 - [MESSAGE][PASSED] - Delayed 3 second(s)

2023-12-22 15:01:26 - [TEST_STEP][PASSED] - click(findTestObject("Calendar_page/button_SaveCalendarPage")): Object: 'Object Repository/Calendar_page/button_SaveCalendarPage' is clicked on

2023-12-22 15:01:26 - [MESSAGE][PASSED] - Object: 'Object Repository/Calendar_page/button_SaveCalendarPage' is clicked on

2023-12-22 15:01:26 - [TEST_STEP][PASSED] - 9: null

2023-12-22 15:01:26 - [TEST_STEP][PASSED] - verifyElementPresent(findTestObject("Object Repository/Thankyou_Page/Thankyou_Page_Objects/txt_h1_Thank you"), 0): Object 'Object Repository/Thankyou_Page/Thankyou_Page_Objects/txt_h1_Thank you' is present

2023-12-22 15:01:26 - [MESSAGE][WARNING] - Timeout '0' is invalid. Using default page load timeout: '30'

2023-12-22 15:01:26 - [MESSAGE][PASSED] - Object 'Object Repository/Thankyou_Page/Thankyou_Page_Objects/txt_h1_Thank you' is present

2023-12-22 15:01:26 - [TEST_STEP][PASSED] - delay(2): Delayed 2 second(s)

2023-12-22 15:01:28 - [MESSAGE][PASSED] - Delayed 2 second(s)

2023-12-22 15:01:28 - [TEST_STEP][PASSED] - closeBrowser(): Browser is closed

2023-12-22 15:01:28 - [MESSAGE][PASSED] - Browser is closed]]></system-out>
         <system-err><![CDATA[]]></system-err>
      </testcase>
      <testcase name="Test Cases/Senior_TestCases/TC03_ReRecord_Type" time="127.902" classname="Test Cases/Senior_TestCases/TC03_ReRecord_Type" status="PASSED">
         <system-out><![CDATA[2023-12-22 15:03:52 - [TEST_CASE][PASSED] - Test Cases/Senior_TestCases/TC03_ReRecord_Type: Test Cases/Senior_TestCases/TC03_ReRecord_Type

2023-12-22 15:03:52 - [TEST_STEP][PASSED] - callTestCase(findTestCase("Common_TestCases/Sign_In"), ["email":Email, "password":Password], STOP_ON_FAILURE): Call Test Case 'Test Cases/Common_TestCases/Sign_In' successfully

2023-12-22 15:03:53 - [TEST_CASE][PASSED] - Test Cases/Common_TestCases/Sign_In: Test Cases/Common_TestCases/Sign_In

2023-12-22 15:03:53 - [TEST_STEP][PASSED] - System.setProperty("webdriver.chrome.driver", "Data Files/chromedriver-win64/chromedriver.exe"): null

2023-12-22 15:03:53 - [TEST_STEP][PASSED] - options = new org.openqa.selenium.chrome.ChromeOptions(): null

2023-12-22 15:03:53 - [TEST_STEP][PASSED] - options.addArguments("start-maximized"): null

2023-12-22 15:03:53 - [TEST_STEP][PASSED] - options.addArguments("force-device-scale-factor=1.2"): null

2023-12-22 15:03:53 - [TEST_STEP][PASSED] - options.setExperimentalOption("prefs", new Script1700728747802$1(this)): null

2023-12-22 15:03:53 - [TEST_STEP][PASSED] - capabilities = DesiredCapabilities.chrome(): null

2023-12-22 15:03:53 - [TEST_STEP][PASSED] - capabilities.setCapability(CAPABILITY, options): null

2023-12-22 15:03:53 - [TEST_STEP][PASSED] - driver = new org.openqa.selenium.chrome.ChromeDriver(capabilities): null

2023-12-22 15:03:54 - [TEST_STEP][PASSED] - changeWebDriver(driver): null

2023-12-22 15:03:54 - [TEST_STEP][PASSED] - navigateToUrl("https://caring-connections-qa.azurewebsites.net/"): Navigate to 'https://caring-connections-qa.azurewebsites.net/' successfully

2023-12-22 15:03:57 - [MESSAGE][PASSED] - Navigate to 'https://caring-connections-qa.azurewebsites.net/' successfully

2023-12-22 15:03:57 - [TEST_STEP][PASSED] - setText(findTestObject("Login_Pages/Sign_In_Page/input_Username"), email): Text 'kanchan702@gmail.com' is set on object 'Object Repository/Login_Pages/Sign_In_Page/input_Username'

2023-12-22 15:03:58 - [MESSAGE][PASSED] - Text 'kanchan702@gmail.com' is set on object 'Object Repository/Login_Pages/Sign_In_Page/input_Username'

2023-12-22 15:03:58 - [TEST_STEP][PASSED] - setText(findTestObject("Login_Pages/Sign_In_Page/input_Password"), password): Text 'Test@123' is set on object 'Object Repository/Login_Pages/Sign_In_Page/input_Password'

2023-12-22 15:03:58 - [MESSAGE][PASSED] - Text 'Test@123' is set on object 'Object Repository/Login_Pages/Sign_In_Page/input_Password'

2023-12-22 15:03:58 - [TEST_STEP][PASSED] - click(findTestObject("Object Repository/Login_Pages/Sign_In_Page/button_Sign_In")): Object: 'Object Repository/Login_Pages/Sign_In_Page/button_Sign_In' is clicked on

2023-12-22 15:03:58 - [MESSAGE][PASSED] - Object: 'Object Repository/Login_Pages/Sign_In_Page/button_Sign_In' is clicked on

2023-12-22 15:03:58 - [MESSAGE][PASSED] - Call Test Case 'Test Cases/Common_TestCases/Sign_In' successfully

2023-12-22 15:03:58 - [TEST_STEP][PASSED] - delay(5): Delayed 5 second(s)

2023-12-22 15:04:03 - [MESSAGE][PASSED] - Delayed 5 second(s)

2023-12-22 15:04:03 - [TEST_STEP][PASSED] - scrollToElement(findTestObject("Category_View_Page/Category_View_Page_Objects/btn_Re-record"), 0): Scroll to object 'Object Repository/Category_View_Page/Category_View_Page_Objects/btn_Re-record' successfully

2023-12-22 15:04:03 - [MESSAGE][WARNING] - Timeout '0' is invalid. Using default page load timeout: '30'

2023-12-22 15:04:03 - [MESSAGE][PASSED] - Scroll to object 'Object Repository/Category_View_Page/Category_View_Page_Objects/btn_Re-record' successfully

2023-12-22 15:04:03 - [TEST_STEP][PASSED] - click(findTestObject("Category_View_Page/Category_View_Page_Objects/btn_Re-record")): Object: 'Object Repository/Category_View_Page/Category_View_Page_Objects/btn_Re-record' is clicked on

2023-12-22 15:04:05 - [MESSAGE][PASSED] - Object: 'Object Repository/Category_View_Page/Category_View_Page_Objects/btn_Re-record' is clicked on

2023-12-22 15:04:05 - [TEST_STEP][PASSED] - click(findTestObject("Category_View_Page/Category_View_Page_Objects/btn_Proceed")): Object: 'Object Repository/Category_View_Page/Category_View_Page_Objects/btn_Proceed' is clicked on

2023-12-22 15:04:07 - [MESSAGE][PASSED] - Object: 'Object Repository/Category_View_Page/Category_View_Page_Objects/btn_Proceed' is clicked on

2023-12-22 15:04:07 - [TEST_STEP][PASSED] - waitForElementClickable(findTestObject("Profile_Creation_Page/Profile_Creation_Page_Objects/btn_I_Want_To_Type"), 65): Object 'Object Repository/Profile_Creation_Page/Profile_Creation_Page_Objects/btn_I_Want_To_Type' is clickable

2023-12-22 15:04:49 - [MESSAGE][PASSED] - Object 'Object Repository/Profile_Creation_Page/Profile_Creation_Page_Objects/btn_I_Want_To_Type' is clickable

2023-12-22 15:04:49 - [TEST_STEP][PASSED] - click(findTestObject("Profile_Creation_Page/Profile_Creation_Page_Objects/btn_I_Want_To_Type")): Object: 'Object Repository/Profile_Creation_Page/Profile_Creation_Page_Objects/btn_I_Want_To_Type' is clicked on

2023-12-22 15:04:49 - [MESSAGE][PASSED] - Object: 'Object Repository/Profile_Creation_Page/Profile_Creation_Page_Objects/btn_I_Want_To_Type' is clicked on

2023-12-22 15:04:49 - [TEST_STEP][PASSED] - setText(findTestObject("Profile_Creation_Page/Profile_Creation_Page_Objects/Input_I_Want_To_Type"), Profile): Text 'Greetings, I'm Kanchan , a seasoned explorer in the journey of life, joyfully celebrating my 55 years of existence. With a background in literature, I dedicated decades to exploring the rich world of words and stories. Beyond academic pursuits, I find solace in the world of painting, crafting vibrant canvases that express the beauty of the written word. In a companion, I hope to find someone who shares my love for literature and the appreciation for the creative blend of art and storytelling. Health-wise, I've faced challenges with allergies, but with careful management and a balanced lifestyle, I continue to pursue my passions with vigor. Life has been a captivating adventure through the pages of books and art, and I look forward to painting new chapters with a like-minded soul who values the beauty of storytelling and the creativity of artistic expression.' is set on object 'Object Repository/Profile_Creation_Page/Profile_Creation_Page_Objects/Input_I_Want_To_Type'

2023-12-22 15:04:50 - [MESSAGE][PASSED] - Text 'Greetings, I'm Kanchan , a seasoned explorer in the journey of life, joyfully celebrating my 55 years of existence. With a background in literature, I dedicated decades to exploring the rich world of words and stories. Beyond academic pursuits, I find solace in the world of painting, crafting vibrant canvases that express the beauty of the written word. In a companion, I hope to find someone who shares my love for literature and the appreciation for the creative blend of art and storytelling. Health-wise, I've faced challenges with allergies, but with careful management and a balanced lifestyle, I continue to pursue my passions with vigor. Life has been a captivating adventure through the pages of books and art, and I look forward to painting new chapters with a like-minded soul who values the beauty of storytelling and the creativity of artistic expression.' is set on object 'Object Repository/Profile_Creation_Page/Profile_Creation_Page_Objects/Input_I_Want_To_Type'

2023-12-22 15:04:50 - [TEST_STEP][PASSED] - scrollToElement(findTestObject("Object Repository/Profile_Creation_Page/Profile_Creation_Page_Objects/button_Next"), 0): Scroll to object 'Object Repository/Profile_Creation_Page/Profile_Creation_Page_Objects/button_Next' successfully

2023-12-22 15:04:50 - [MESSAGE][WARNING] - Timeout '0' is invalid. Using default page load timeout: '30'

2023-12-22 15:04:50 - [MESSAGE][PASSED] - Scroll to object 'Object Repository/Profile_Creation_Page/Profile_Creation_Page_Objects/button_Next' successfully

2023-12-22 15:04:50 - [TEST_STEP][PASSED] - click(findTestObject("Object Repository/Profile_Creation_Page/Profile_Creation_Page_Objects/button_Next")): Object: 'Object Repository/Profile_Creation_Page/Profile_Creation_Page_Objects/button_Next' is clicked on

2023-12-22 15:04:50 - [MESSAGE][PASSED] - Object: 'Object Repository/Profile_Creation_Page/Profile_Creation_Page_Objects/button_Next' is clicked on

2023-12-22 15:04:50 - [TEST_STEP][PASSED] - delay(45): Delayed 45 second(s)

2023-12-22 15:05:35 - [MESSAGE][PASSED] - Delayed 45 second(s)

2023-12-22 15:05:35 - [TEST_STEP][PASSED] - Education = getAttribute(findTestObject("Category_View_Page/Category_View_Page_Objects/Input_Edit_Educational_Info"), "value"): Attribute 'value' of object 'Object Repository/Category_View_Page/Category_View_Page_Objects/Input_Edit_Educational_Info' is: 'With a background in literature, I dedicated decades to exploring the rich world of words and stories.'

2023-12-22 15:05:35 - [MESSAGE][PASSED] - Attribute 'value' of object 'Object Repository/Category_View_Page/Category_View_Page_Objects/Input_Edit_Educational_Info' is: 'With a background in literature, I dedicated decades to exploring the rich world of words and stories.'

2023-12-22 15:05:35 - [TEST_STEP][PASSED] - validateText.ValidateText.calculateAndPrintPercentageMatch("EDUCATION", Education, EducationNew): validateText.ValidateText.calculateAndPrintPercentageMatch is PASSED

2023-12-22 15:05:35 - [MESSAGE][PASSED] - validateText.ValidateText.calculateAndPrintPercentageMatch is PASSED

2023-12-22 15:05:35 - [TEST_STEP][PASSED] - Hobbies = getAttribute(findTestObject("Category_View_Page/Category_View_Page_Objects/Input_Edit_Appropriate_Hobbies"), "value"): Attribute 'value' of object 'Object Repository/Category_View_Page/Category_View_Page_Objects/Input_Edit_Appropriate_Hobbies' is: 'Beyond academic pursuits, I find solace in the world of painting, crafting vibrant canvases that express the beauty of the written word.'

2023-12-22 15:05:35 - [MESSAGE][PASSED] - Attribute 'value' of object 'Object Repository/Category_View_Page/Category_View_Page_Objects/Input_Edit_Appropriate_Hobbies' is: 'Beyond academic pursuits, I find solace in the world of painting, crafting vibrant canvases that express the beauty of the written word.'

2023-12-22 15:05:35 - [TEST_STEP][PASSED] - validateText.ValidateText.calculateAndPrintPercentageMatch("HOBBIES", Hobbies, HobbiesNew): validateText.ValidateText.calculateAndPrintPercentageMatch is PASSED

2023-12-22 15:05:35 - [MESSAGE][PASSED] - validateText.ValidateText.calculateAndPrintPercentageMatch is PASSED

2023-12-22 15:05:35 - [TEST_STEP][PASSED] - Expectations = getAttribute(findTestObject("Category_View_Page/Category_View_Page_Objects/Input_Edit_expectation"), "value"): Attribute 'value' of object 'Object Repository/Category_View_Page/Category_View_Page_Objects/Input_Edit_expectation' is: 'In a companion, I hope to find someone who shares my love for literature and the appreciation for the creative blend of art and storytelling.'

2023-12-22 15:05:35 - [MESSAGE][PASSED] - Attribute 'value' of object 'Object Repository/Category_View_Page/Category_View_Page_Objects/Input_Edit_expectation' is: 'In a companion, I hope to find someone who shares my love for literature and the appreciation for the creative blend of art and storytelling.'

2023-12-22 15:05:35 - [TEST_STEP][PASSED] - validateText.ValidateText.calculateAndPrintPercentageMatch("EXPECTATIONS", Expectations, ExpectationsNew): validateText.ValidateText.calculateAndPrintPercentageMatch is PASSED

2023-12-22 15:05:35 - [MESSAGE][PASSED] - validateText.ValidateText.calculateAndPrintPercentageMatch is PASSED

2023-12-22 15:05:35 - [TEST_STEP][PASSED] - Others = getAttribute(findTestObject("Category_View_Page/Category_View_Page_Objects/Input_Edit_Appropriate_Health"), "value"): Attribute 'value' of object 'Object Repository/Category_View_Page/Category_View_Page_Objects/Input_Edit_Appropriate_Health' is: 'Greetings, I'm Kanchan , a seasoned explorer in the journey of life, joyfully celebrating my 55 years of existence. Life has been a captivating adventure through the pages of books and art, and I look forward to painting new chapters with a like-minded soul who values the beauty of storytelling and the creativity of artistic expression. Health-wise, I've faced challenges with allergies, but with careful management and a balanced lifestyle, I continue to pursue my passions with vigor.'

2023-12-22 15:05:35 - [MESSAGE][PASSED] - Attribute 'value' of object 'Object Repository/Category_View_Page/Category_View_Page_Objects/Input_Edit_Appropriate_Health' is: 'Greetings, I'm Kanchan , a seasoned explorer in the journey of life, joyfully celebrating my 55 years of existence. Life has been a captivating adventure through the pages of books and art, and I look forward to painting new chapters with a like-minded soul who values the beauty of storytelling and the creativity of artistic expression. Health-wise, I've faced challenges with allergies, but with careful management and a balanced lifestyle, I continue to pursue my passions with vigor.'

2023-12-22 15:05:35 - [TEST_STEP][PASSED] - validateText.ValidateText.calculateAndPrintPercentageMatch("OTHERS", Others, OtherNew): validateText.ValidateText.calculateAndPrintPercentageMatch is PASSED

2023-12-22 15:05:35 - [MESSAGE][PASSED] - validateText.ValidateText.calculateAndPrintPercentageMatch is PASSED

2023-12-22 15:05:35 - [TEST_STEP][PASSED] - waitForElementClickable(findTestObject("Object Repository/Category_View_Page/Category_View_Page_Objects/button_Next"), 65): Object 'Object Repository/Category_View_Page/Category_View_Page_Objects/button_Next' is clickable

2023-12-22 15:05:35 - [MESSAGE][PASSED] - Object 'Object Repository/Category_View_Page/Category_View_Page_Objects/button_Next' is clickable

2023-12-22 15:05:35 - [TEST_STEP][PASSED] - click(findTestObject("Object Repository/Category_View_Page/Category_View_Page_Objects/button_Next")): Object: 'Object Repository/Category_View_Page/Category_View_Page_Objects/button_Next' is clicked on

2023-12-22 15:05:37 - [MESSAGE][PASSED] - Object: 'Object Repository/Category_View_Page/Category_View_Page_Objects/button_Next' is clicked on

2023-12-22 15:05:37 - [TEST_STEP][PASSED] - waitForElementNotPresent(findTestObject("WaitingPage/Waiting_Page/Clock_categoryToCalender"), 10): Web element with id: 'Object Repository/WaitingPage/Waiting_Page/Clock_categoryToCalender' located by 'By.xpath: //div[@id='root']/div/div/div/div/span' is not present after '10' second(s)

2023-12-22 15:05:38 - [MESSAGE][PASSED] - Web element with id: 'Object Repository/WaitingPage/Waiting_Page/Clock_categoryToCalender' located by 'By.xpath: //div[@id='root']/div/div/div/div/span' is not present after '10' second(s)

2023-12-22 15:05:38 - [TEST_STEP][PASSED] - scrollToElement(findTestObject("Calendar_page/Input_Start_Date"), 0): Scroll to object 'Object Repository/Calendar_page/Input_Start_Date' successfully

2023-12-22 15:05:38 - [MESSAGE][WARNING] - Timeout '0' is invalid. Using default page load timeout: '30'

2023-12-22 15:05:38 - [MESSAGE][PASSED] - Scroll to object 'Object Repository/Calendar_page/Input_Start_Date' successfully

2023-12-22 15:05:38 - [TEST_STEP][PASSED] - click(findTestObject("Calendar_page/Input_Start_Date")): Object: 'Object Repository/Calendar_page/Input_Start_Date' is clicked on

2023-12-22 15:05:38 - [MESSAGE][PASSED] - Object: 'Object Repository/Calendar_page/Input_Start_Date' is clicked on

2023-12-22 15:05:38 - [TEST_STEP][PASSED] - delay(3): Delayed 3 second(s)

2023-12-22 15:05:41 - [MESSAGE][PASSED] - Delayed 3 second(s)

2023-12-22 15:05:41 - [TEST_STEP][PASSED] - click(findTestObject("Calendar_page/startDate/div_27")): Object: 'Object Repository/Calendar_page/startDate/div_27' is clicked on

2023-12-22 15:05:41 - [MESSAGE][PASSED] - Object: 'Object Repository/Calendar_page/startDate/div_27' is clicked on

2023-12-22 15:05:41 - [TEST_STEP][PASSED] - delay(3): Delayed 3 second(s)

2023-12-22 15:05:44 - [MESSAGE][PASSED] - Delayed 3 second(s)

2023-12-22 15:05:44 - [TEST_STEP][PASSED] - click(findTestObject("Calendar_page/Input_Busy_Days")): Object: 'Object Repository/Calendar_page/Input_Busy_Days' is clicked on

2023-12-22 15:05:44 - [MESSAGE][PASSED] - Object: 'Object Repository/Calendar_page/Input_Busy_Days' is clicked on

2023-12-22 15:05:44 - [TEST_STEP][PASSED] - click(findTestObject("Calendar_page/busyDates/div_9")): Object: 'Object Repository/Calendar_page/busyDates/div_9' is clicked on

2023-12-22 15:05:44 - [MESSAGE][PASSED] - Object: 'Object Repository/Calendar_page/busyDates/div_9' is clicked on

2023-12-22 15:05:44 - [TEST_STEP][PASSED] - delay(2): Delayed 2 second(s)

2023-12-22 15:05:46 - [MESSAGE][PASSED] - Delayed 2 second(s)

2023-12-22 15:05:46 - [TEST_STEP][PASSED] - click(findTestObject("Calendar_page/busyDates/div_10")): Object: 'Object Repository/Calendar_page/busyDates/div_10' is clicked on

2023-12-22 15:05:46 - [MESSAGE][PASSED] - Object: 'Object Repository/Calendar_page/busyDates/div_10' is clicked on

2023-12-22 15:05:46 - [TEST_STEP][PASSED] - delay(2): Delayed 2 second(s)

2023-12-22 15:05:48 - [MESSAGE][PASSED] - Delayed 2 second(s)

2023-12-22 15:05:48 - [TEST_STEP][PASSED] - click(findTestObject("Calendar_page/div_day_Column")): Object: 'Object Repository/Calendar_page/div_day_Column' is clicked on

2023-12-22 15:05:49 - [MESSAGE][PASSED] - Object: 'Object Repository/Calendar_page/div_day_Column' is clicked on

2023-12-22 15:05:49 - [TEST_STEP][PASSED] - selectOptionByLabel(findTestObject("Calendar_page/Select_Available_From"), "05:30 PM", false): All options with label '05:30 PM' are selected in object 'Object Repository/Calendar_page/Select_Available_From' 

2023-12-22 15:05:49 - [MESSAGE][PASSED] - All options with label '05:30 PM' are selected in object 'Object Repository/Calendar_page/Select_Available_From' 

2023-12-22 15:05:49 - [TEST_STEP][PASSED] - delay(2): Delayed 2 second(s)

2023-12-22 15:05:51 - [MESSAGE][PASSED] - Delayed 2 second(s)

2023-12-22 15:05:51 - [TEST_STEP][PASSED] - selectOptionByLabel(findTestObject("Calendar_page/Select_Available_To"), "06:00 PM", false): All options with label '06:00 PM' are selected in object 'Object Repository/Calendar_page/Select_Available_To' 

2023-12-22 15:05:51 - [MESSAGE][PASSED] - All options with label '06:00 PM' are selected in object 'Object Repository/Calendar_page/Select_Available_To' 

2023-12-22 15:05:51 - [TEST_STEP][PASSED] - delay(2): Delayed 2 second(s)

2023-12-22 15:05:53 - [MESSAGE][PASSED] - Delayed 2 second(s)

2023-12-22 15:05:53 - [TEST_STEP][PASSED] - click(findTestObject("Calendar_page/button_Save")): Object: 'Object Repository/Calendar_page/button_Save' is clicked on

2023-12-22 15:05:53 - [MESSAGE][PASSED] - Object: 'Object Repository/Calendar_page/button_Save' is clicked on

2023-12-22 15:05:53 - [TEST_STEP][PASSED] - delay(2): Delayed 2 second(s)

2023-12-22 15:05:55 - [MESSAGE][PASSED] - Delayed 2 second(s)

2023-12-22 15:05:55 - [TEST_STEP][PASSED] - click(findTestObject("Calendar_page/button_Next")): Object: 'Object Repository/Calendar_page/button_Next' is clicked on

2023-12-22 15:05:55 - [MESSAGE][PASSED] - Object: 'Object Repository/Calendar_page/button_Next' is clicked on

2023-12-22 15:05:55 - [TEST_STEP][PASSED] - delay(3): Delayed 3 second(s)

2023-12-22 15:05:58 - [MESSAGE][PASSED] - Delayed 3 second(s)

2023-12-22 15:05:58 - [TEST_STEP][PASSED] - click(findTestObject("Calendar_page/button_SaveCalendarPage")): Object: 'Object Repository/Calendar_page/button_SaveCalendarPage' is clicked on

2023-12-22 15:05:58 - [MESSAGE][PASSED] - Object: 'Object Repository/Calendar_page/button_SaveCalendarPage' is clicked on

2023-12-22 15:05:58 - [TEST_STEP][PASSED] - 9: null

2023-12-22 15:05:58 - [TEST_STEP][PASSED] - verifyElementPresent(findTestObject("Object Repository/Thankyou_Page/Thankyou_Page_Objects/txt_h1_Thank you"), 0): Object 'Object Repository/Thankyou_Page/Thankyou_Page_Objects/txt_h1_Thank you' is present

2023-12-22 15:05:58 - [MESSAGE][WARNING] - Timeout '0' is invalid. Using default page load timeout: '30'

2023-12-22 15:05:58 - [MESSAGE][PASSED] - Object 'Object Repository/Thankyou_Page/Thankyou_Page_Objects/txt_h1_Thank you' is present

2023-12-22 15:05:58 - [TEST_STEP][PASSED] - delay(2): Delayed 2 second(s)

2023-12-22 15:06:00 - [MESSAGE][PASSED] - Delayed 2 second(s)

2023-12-22 15:06:00 - [TEST_STEP][PASSED] - closeBrowser(): Browser is closed

2023-12-22 15:06:00 - [MESSAGE][PASSED] - Browser is closed]]></system-out>
         <system-err><![CDATA[]]></system-err>
      </testcase>
      <testcase name="Test Cases/Senior_TestCases/TC03_ReRecord_Type" time="128.232" classname="Test Cases/Senior_TestCases/TC03_ReRecord_Type" status="PASSED">
         <system-out><![CDATA[2023-12-22 15:06:00 - [TEST_CASE][PASSED] - Test Cases/Senior_TestCases/TC03_ReRecord_Type: Test Cases/Senior_TestCases/TC03_ReRecord_Type

2023-12-22 15:06:00 - [TEST_STEP][PASSED] - callTestCase(findTestCase("Common_TestCases/Sign_In"), ["email":Email, "password":Password], STOP_ON_FAILURE): Call Test Case 'Test Cases/Common_TestCases/Sign_In' successfully

2023-12-22 15:06:00 - [TEST_CASE][PASSED] - Test Cases/Common_TestCases/Sign_In: Test Cases/Common_TestCases/Sign_In

2023-12-22 15:06:00 - [TEST_STEP][PASSED] - System.setProperty("webdriver.chrome.driver", "Data Files/chromedriver-win64/chromedriver.exe"): null

2023-12-22 15:06:00 - [TEST_STEP][PASSED] - options = new org.openqa.selenium.chrome.ChromeOptions(): null

2023-12-22 15:06:00 - [TEST_STEP][PASSED] - options.addArguments("start-maximized"): null

2023-12-22 15:06:00 - [TEST_STEP][PASSED] - options.addArguments("force-device-scale-factor=1.2"): null

2023-12-22 15:06:00 - [TEST_STEP][PASSED] - options.setExperimentalOption("prefs", new Script1700728747802$1(this)): null

2023-12-22 15:06:00 - [TEST_STEP][PASSED] - capabilities = DesiredCapabilities.chrome(): null

2023-12-22 15:06:00 - [TEST_STEP][PASSED] - capabilities.setCapability(CAPABILITY, options): null

2023-12-22 15:06:00 - [TEST_STEP][PASSED] - driver = new org.openqa.selenium.chrome.ChromeDriver(capabilities): null

2023-12-22 15:06:01 - [TEST_STEP][PASSED] - changeWebDriver(driver): null

2023-12-22 15:06:01 - [TEST_STEP][PASSED] - navigateToUrl("https://caring-connections-qa.azurewebsites.net/"): Navigate to 'https://caring-connections-qa.azurewebsites.net/' successfully

2023-12-22 15:06:05 - [MESSAGE][PASSED] - Navigate to 'https://caring-connections-qa.azurewebsites.net/' successfully

2023-12-22 15:06:05 - [TEST_STEP][PASSED] - setText(findTestObject("Login_Pages/Sign_In_Page/input_Username"), email): Text 'harsh702@gmail.com' is set on object 'Object Repository/Login_Pages/Sign_In_Page/input_Username'

2023-12-22 15:06:05 - [MESSAGE][PASSED] - Text 'harsh702@gmail.com' is set on object 'Object Repository/Login_Pages/Sign_In_Page/input_Username'

2023-12-22 15:06:05 - [TEST_STEP][PASSED] - setText(findTestObject("Login_Pages/Sign_In_Page/input_Password"), password): Text 'Test@123' is set on object 'Object Repository/Login_Pages/Sign_In_Page/input_Password'

2023-12-22 15:06:05 - [MESSAGE][PASSED] - Text 'Test@123' is set on object 'Object Repository/Login_Pages/Sign_In_Page/input_Password'

2023-12-22 15:06:05 - [TEST_STEP][PASSED] - click(findTestObject("Object Repository/Login_Pages/Sign_In_Page/button_Sign_In")): Object: 'Object Repository/Login_Pages/Sign_In_Page/button_Sign_In' is clicked on

2023-12-22 15:06:06 - [MESSAGE][PASSED] - Object: 'Object Repository/Login_Pages/Sign_In_Page/button_Sign_In' is clicked on

2023-12-22 15:06:06 - [MESSAGE][PASSED] - Call Test Case 'Test Cases/Common_TestCases/Sign_In' successfully

2023-12-22 15:06:06 - [TEST_STEP][PASSED] - delay(5): Delayed 5 second(s)

2023-12-22 15:06:11 - [MESSAGE][PASSED] - Delayed 5 second(s)

2023-12-22 15:06:11 - [TEST_STEP][PASSED] - scrollToElement(findTestObject("Category_View_Page/Category_View_Page_Objects/btn_Re-record"), 0): Scroll to object 'Object Repository/Category_View_Page/Category_View_Page_Objects/btn_Re-record' successfully

2023-12-22 15:06:11 - [MESSAGE][WARNING] - Timeout '0' is invalid. Using default page load timeout: '30'

2023-12-22 15:06:11 - [MESSAGE][PASSED] - Scroll to object 'Object Repository/Category_View_Page/Category_View_Page_Objects/btn_Re-record' successfully

2023-12-22 15:06:11 - [TEST_STEP][PASSED] - click(findTestObject("Category_View_Page/Category_View_Page_Objects/btn_Re-record")): Object: 'Object Repository/Category_View_Page/Category_View_Page_Objects/btn_Re-record' is clicked on

2023-12-22 15:06:13 - [MESSAGE][PASSED] - Object: 'Object Repository/Category_View_Page/Category_View_Page_Objects/btn_Re-record' is clicked on

2023-12-22 15:06:13 - [TEST_STEP][PASSED] - click(findTestObject("Category_View_Page/Category_View_Page_Objects/btn_Proceed")): Object: 'Object Repository/Category_View_Page/Category_View_Page_Objects/btn_Proceed' is clicked on

2023-12-22 15:06:15 - [MESSAGE][PASSED] - Object: 'Object Repository/Category_View_Page/Category_View_Page_Objects/btn_Proceed' is clicked on

2023-12-22 15:06:15 - [TEST_STEP][PASSED] - waitForElementClickable(findTestObject("Profile_Creation_Page/Profile_Creation_Page_Objects/btn_I_Want_To_Type"), 65): Object 'Object Repository/Profile_Creation_Page/Profile_Creation_Page_Objects/btn_I_Want_To_Type' is clickable

2023-12-22 15:06:57 - [MESSAGE][PASSED] - Object 'Object Repository/Profile_Creation_Page/Profile_Creation_Page_Objects/btn_I_Want_To_Type' is clickable

2023-12-22 15:06:57 - [TEST_STEP][PASSED] - click(findTestObject("Profile_Creation_Page/Profile_Creation_Page_Objects/btn_I_Want_To_Type")): Object: 'Object Repository/Profile_Creation_Page/Profile_Creation_Page_Objects/btn_I_Want_To_Type' is clicked on

2023-12-22 15:06:57 - [MESSAGE][PASSED] - Object: 'Object Repository/Profile_Creation_Page/Profile_Creation_Page_Objects/btn_I_Want_To_Type' is clicked on

2023-12-22 15:06:57 - [TEST_STEP][PASSED] - setText(findTestObject("Profile_Creation_Page/Profile_Creation_Page_Objects/Input_I_Want_To_Type"), Profile): Text 'Greetings, I'm Harsh, a seasoned explorer in the journey of life, joyfully celebrating my 57 years of existence. With a background in environmental science, I dedicated decades to understanding and preserving the natural world. Beyond scientific pursuits, I find solace in the world of pottery, shaping clay into intricate forms, and the therapeutic art of cooking. In a companion, I seek someone who shares my passion for environmental conservation and has an appreciation for the creative blend of artistry and sustainable living. Health-wise, I've faced challenges with asthma, but with careful management and regular breathing exercises, I continue to pursue my passions with vigor.' is set on object 'Object Repository/Profile_Creation_Page/Profile_Creation_Page_Objects/Input_I_Want_To_Type'

2023-12-22 15:06:57 - [MESSAGE][PASSED] - Text 'Greetings, I'm Harsh, a seasoned explorer in the journey of life, joyfully celebrating my 57 years of existence. With a background in environmental science, I dedicated decades to understanding and preserving the natural world. Beyond scientific pursuits, I find solace in the world of pottery, shaping clay into intricate forms, and the therapeutic art of cooking. In a companion, I seek someone who shares my passion for environmental conservation and has an appreciation for the creative blend of artistry and sustainable living. Health-wise, I've faced challenges with asthma, but with careful management and regular breathing exercises, I continue to pursue my passions with vigor.' is set on object 'Object Repository/Profile_Creation_Page/Profile_Creation_Page_Objects/Input_I_Want_To_Type'

2023-12-22 15:06:57 - [TEST_STEP][PASSED] - scrollToElement(findTestObject("Object Repository/Profile_Creation_Page/Profile_Creation_Page_Objects/button_Next"), 0): Scroll to object 'Object Repository/Profile_Creation_Page/Profile_Creation_Page_Objects/button_Next' successfully

2023-12-22 15:06:57 - [MESSAGE][WARNING] - Timeout '0' is invalid. Using default page load timeout: '30'

2023-12-22 15:06:57 - [MESSAGE][PASSED] - Scroll to object 'Object Repository/Profile_Creation_Page/Profile_Creation_Page_Objects/button_Next' successfully

2023-12-22 15:06:57 - [TEST_STEP][PASSED] - click(findTestObject("Object Repository/Profile_Creation_Page/Profile_Creation_Page_Objects/button_Next")): Object: 'Object Repository/Profile_Creation_Page/Profile_Creation_Page_Objects/button_Next' is clicked on

2023-12-22 15:06:57 - [MESSAGE][PASSED] - Object: 'Object Repository/Profile_Creation_Page/Profile_Creation_Page_Objects/button_Next' is clicked on

2023-12-22 15:06:57 - [TEST_STEP][PASSED] - delay(45): Delayed 45 second(s)

2023-12-22 15:07:42 - [MESSAGE][PASSED] - Delayed 45 second(s)

2023-12-22 15:07:42 - [TEST_STEP][PASSED] - Education = getAttribute(findTestObject("Category_View_Page/Category_View_Page_Objects/Input_Edit_Educational_Info"), "value"): Attribute 'value' of object 'Object Repository/Category_View_Page/Category_View_Page_Objects/Input_Edit_Educational_Info' is: 'With a background in environmental science, I dedicated decades to understanding and preserving the natural world.'

2023-12-22 15:07:42 - [MESSAGE][PASSED] - Attribute 'value' of object 'Object Repository/Category_View_Page/Category_View_Page_Objects/Input_Edit_Educational_Info' is: 'With a background in environmental science, I dedicated decades to understanding and preserving the natural world.'

2023-12-22 15:07:42 - [TEST_STEP][PASSED] - validateText.ValidateText.calculateAndPrintPercentageMatch("EDUCATION", Education, EducationNew): validateText.ValidateText.calculateAndPrintPercentageMatch is PASSED

2023-12-22 15:07:42 - [MESSAGE][PASSED] - validateText.ValidateText.calculateAndPrintPercentageMatch is PASSED

2023-12-22 15:07:42 - [TEST_STEP][PASSED] - Hobbies = getAttribute(findTestObject("Category_View_Page/Category_View_Page_Objects/Input_Edit_Appropriate_Hobbies"), "value"): Attribute 'value' of object 'Object Repository/Category_View_Page/Category_View_Page_Objects/Input_Edit_Appropriate_Hobbies' is: 'Beyond scientific pursuits, I find solace in the world of pottery, shaping clay into intricate forms, and the therapeutic art of cooking.'

2023-12-22 15:07:42 - [MESSAGE][PASSED] - Attribute 'value' of object 'Object Repository/Category_View_Page/Category_View_Page_Objects/Input_Edit_Appropriate_Hobbies' is: 'Beyond scientific pursuits, I find solace in the world of pottery, shaping clay into intricate forms, and the therapeutic art of cooking.'

2023-12-22 15:07:42 - [TEST_STEP][PASSED] - validateText.ValidateText.calculateAndPrintPercentageMatch("HOBBIES", Hobbies, HobbiesNew): validateText.ValidateText.calculateAndPrintPercentageMatch is PASSED

2023-12-22 15:07:42 - [MESSAGE][PASSED] - validateText.ValidateText.calculateAndPrintPercentageMatch is PASSED

2023-12-22 15:07:42 - [TEST_STEP][PASSED] - Expectations = getAttribute(findTestObject("Category_View_Page/Category_View_Page_Objects/Input_Edit_expectation"), "value"): Attribute 'value' of object 'Object Repository/Category_View_Page/Category_View_Page_Objects/Input_Edit_expectation' is: 'In a companion, I seek someone who shares my passion for environmental conservation and has an appreciation for the creative blend of artistry and sustainable living.'

2023-12-22 15:07:42 - [MESSAGE][PASSED] - Attribute 'value' of object 'Object Repository/Category_View_Page/Category_View_Page_Objects/Input_Edit_expectation' is: 'In a companion, I seek someone who shares my passion for environmental conservation and has an appreciation for the creative blend of artistry and sustainable living.'

2023-12-22 15:07:42 - [TEST_STEP][PASSED] - validateText.ValidateText.calculateAndPrintPercentageMatch("EXPECTATIONS", Expectations, ExpectationsNew): validateText.ValidateText.calculateAndPrintPercentageMatch is PASSED

2023-12-22 15:07:42 - [MESSAGE][PASSED] - validateText.ValidateText.calculateAndPrintPercentageMatch is PASSED

2023-12-22 15:07:42 - [TEST_STEP][PASSED] - Others = getAttribute(findTestObject("Category_View_Page/Category_View_Page_Objects/Input_Edit_Appropriate_Health"), "value"): Attribute 'value' of object 'Object Repository/Category_View_Page/Category_View_Page_Objects/Input_Edit_Appropriate_Health' is: 'Greetings, I'm Harsh, a seasoned explorer in the journey of life, joyfully celebrating my 57 years of existence. Health-wise, I've faced challenges with asthma, but with careful management and regular breathing exercises, I continue to pursue my passions with vigor.'

2023-12-22 15:07:43 - [MESSAGE][PASSED] - Attribute 'value' of object 'Object Repository/Category_View_Page/Category_View_Page_Objects/Input_Edit_Appropriate_Health' is: 'Greetings, I'm Harsh, a seasoned explorer in the journey of life, joyfully celebrating my 57 years of existence. Health-wise, I've faced challenges with asthma, but with careful management and regular breathing exercises, I continue to pursue my passions with vigor.'

2023-12-22 15:07:43 - [TEST_STEP][PASSED] - validateText.ValidateText.calculateAndPrintPercentageMatch("OTHERS", Others, OtherNew): validateText.ValidateText.calculateAndPrintPercentageMatch is PASSED

2023-12-22 15:07:43 - [MESSAGE][PASSED] - validateText.ValidateText.calculateAndPrintPercentageMatch is PASSED

2023-12-22 15:07:43 - [TEST_STEP][PASSED] - waitForElementClickable(findTestObject("Object Repository/Category_View_Page/Category_View_Page_Objects/button_Next"), 65): Object 'Object Repository/Category_View_Page/Category_View_Page_Objects/button_Next' is clickable

2023-12-22 15:07:43 - [MESSAGE][PASSED] - Object 'Object Repository/Category_View_Page/Category_View_Page_Objects/button_Next' is clickable

2023-12-22 15:07:43 - [TEST_STEP][PASSED] - click(findTestObject("Object Repository/Category_View_Page/Category_View_Page_Objects/button_Next")): Object: 'Object Repository/Category_View_Page/Category_View_Page_Objects/button_Next' is clicked on

2023-12-22 15:07:45 - [MESSAGE][PASSED] - Object: 'Object Repository/Category_View_Page/Category_View_Page_Objects/button_Next' is clicked on

2023-12-22 15:07:45 - [TEST_STEP][PASSED] - waitForElementNotPresent(findTestObject("WaitingPage/Waiting_Page/Clock_categoryToCalender"), 10): Web element with id: 'Object Repository/WaitingPage/Waiting_Page/Clock_categoryToCalender' located by 'By.xpath: //div[@id='root']/div/div/div/div/span' is not present after '10' second(s)

2023-12-22 15:07:46 - [MESSAGE][PASSED] - Web element with id: 'Object Repository/WaitingPage/Waiting_Page/Clock_categoryToCalender' located by 'By.xpath: //div[@id='root']/div/div/div/div/span' is not present after '10' second(s)

2023-12-22 15:07:46 - [TEST_STEP][PASSED] - scrollToElement(findTestObject("Calendar_page/Input_Start_Date"), 0): Scroll to object 'Object Repository/Calendar_page/Input_Start_Date' successfully

2023-12-22 15:07:46 - [MESSAGE][WARNING] - Timeout '0' is invalid. Using default page load timeout: '30'

2023-12-22 15:07:46 - [MESSAGE][PASSED] - Scroll to object 'Object Repository/Calendar_page/Input_Start_Date' successfully

2023-12-22 15:07:46 - [TEST_STEP][PASSED] - click(findTestObject("Calendar_page/Input_Start_Date")): Object: 'Object Repository/Calendar_page/Input_Start_Date' is clicked on

2023-12-22 15:07:46 - [MESSAGE][PASSED] - Object: 'Object Repository/Calendar_page/Input_Start_Date' is clicked on

2023-12-22 15:07:46 - [TEST_STEP][PASSED] - delay(3): Delayed 3 second(s)

2023-12-22 15:07:49 - [MESSAGE][PASSED] - Delayed 3 second(s)

2023-12-22 15:07:49 - [TEST_STEP][PASSED] - click(findTestObject("Calendar_page/startDate/div_27")): Object: 'Object Repository/Calendar_page/startDate/div_27' is clicked on

2023-12-22 15:07:50 - [MESSAGE][PASSED] - Object: 'Object Repository/Calendar_page/startDate/div_27' is clicked on

2023-12-22 15:07:50 - [TEST_STEP][PASSED] - delay(3): Delayed 3 second(s)

2023-12-22 15:07:53 - [MESSAGE][PASSED] - Delayed 3 second(s)

2023-12-22 15:07:53 - [TEST_STEP][PASSED] - click(findTestObject("Calendar_page/Input_Busy_Days")): Object: 'Object Repository/Calendar_page/Input_Busy_Days' is clicked on

2023-12-22 15:07:53 - [MESSAGE][PASSED] - Object: 'Object Repository/Calendar_page/Input_Busy_Days' is clicked on

2023-12-22 15:07:53 - [TEST_STEP][PASSED] - click(findTestObject("Calendar_page/busyDates/div_9")): Object: 'Object Repository/Calendar_page/busyDates/div_9' is clicked on

2023-12-22 15:07:53 - [MESSAGE][PASSED] - Object: 'Object Repository/Calendar_page/busyDates/div_9' is clicked on

2023-12-22 15:07:53 - [TEST_STEP][PASSED] - delay(2): Delayed 2 second(s)

2023-12-22 15:07:55 - [MESSAGE][PASSED] - Delayed 2 second(s)

2023-12-22 15:07:55 - [TEST_STEP][PASSED] - click(findTestObject("Calendar_page/busyDates/div_10")): Object: 'Object Repository/Calendar_page/busyDates/div_10' is clicked on

2023-12-22 15:07:55 - [MESSAGE][PASSED] - Object: 'Object Repository/Calendar_page/busyDates/div_10' is clicked on

2023-12-22 15:07:55 - [TEST_STEP][PASSED] - delay(2): Delayed 2 second(s)

2023-12-22 15:07:57 - [MESSAGE][PASSED] - Delayed 2 second(s)

2023-12-22 15:07:57 - [TEST_STEP][PASSED] - click(findTestObject("Calendar_page/div_day_Column")): Object: 'Object Repository/Calendar_page/div_day_Column' is clicked on

2023-12-22 15:07:57 - [MESSAGE][PASSED] - Object: 'Object Repository/Calendar_page/div_day_Column' is clicked on

2023-12-22 15:07:57 - [TEST_STEP][PASSED] - selectOptionByLabel(findTestObject("Calendar_page/Select_Available_From"), "05:30 PM", false): All options with label '05:30 PM' are selected in object 'Object Repository/Calendar_page/Select_Available_From' 

2023-12-22 15:07:57 - [MESSAGE][PASSED] - All options with label '05:30 PM' are selected in object 'Object Repository/Calendar_page/Select_Available_From' 

2023-12-22 15:07:57 - [TEST_STEP][PASSED] - delay(2): Delayed 2 second(s)

2023-12-22 15:07:59 - [MESSAGE][PASSED] - Delayed 2 second(s)

2023-12-22 15:07:59 - [TEST_STEP][PASSED] - selectOptionByLabel(findTestObject("Calendar_page/Select_Available_To"), "06:00 PM", false): All options with label '06:00 PM' are selected in object 'Object Repository/Calendar_page/Select_Available_To' 

2023-12-22 15:07:59 - [MESSAGE][PASSED] - All options with label '06:00 PM' are selected in object 'Object Repository/Calendar_page/Select_Available_To' 

2023-12-22 15:07:59 - [TEST_STEP][PASSED] - delay(2): Delayed 2 second(s)

2023-12-22 15:08:01 - [MESSAGE][PASSED] - Delayed 2 second(s)

2023-12-22 15:08:01 - [TEST_STEP][PASSED] - click(findTestObject("Calendar_page/button_Save")): Object: 'Object Repository/Calendar_page/button_Save' is clicked on

2023-12-22 15:08:01 - [MESSAGE][PASSED] - Object: 'Object Repository/Calendar_page/button_Save' is clicked on

2023-12-22 15:08:01 - [TEST_STEP][PASSED] - delay(2): Delayed 2 second(s)

2023-12-22 15:08:03 - [MESSAGE][PASSED] - Delayed 2 second(s)

2023-12-22 15:08:03 - [TEST_STEP][PASSED] - click(findTestObject("Calendar_page/button_Next")): Object: 'Object Repository/Calendar_page/button_Next' is clicked on

2023-12-22 15:08:03 - [MESSAGE][PASSED] - Object: 'Object Repository/Calendar_page/button_Next' is clicked on

2023-12-22 15:08:03 - [TEST_STEP][PASSED] - delay(3): Delayed 3 second(s)

2023-12-22 15:08:06 - [MESSAGE][PASSED] - Delayed 3 second(s)

2023-12-22 15:08:06 - [TEST_STEP][PASSED] - click(findTestObject("Calendar_page/button_SaveCalendarPage")): Object: 'Object Repository/Calendar_page/button_SaveCalendarPage' is clicked on

2023-12-22 15:08:06 - [MESSAGE][PASSED] - Object: 'Object Repository/Calendar_page/button_SaveCalendarPage' is clicked on

2023-12-22 15:08:06 - [TEST_STEP][PASSED] - 9: null

2023-12-22 15:08:06 - [TEST_STEP][PASSED] - verifyElementPresent(findTestObject("Object Repository/Thankyou_Page/Thankyou_Page_Objects/txt_h1_Thank you"), 0): Object 'Object Repository/Thankyou_Page/Thankyou_Page_Objects/txt_h1_Thank you' is present

2023-12-22 15:08:06 - [MESSAGE][WARNING] - Timeout '0' is invalid. Using default page load timeout: '30'

2023-12-22 15:08:06 - [MESSAGE][PASSED] - Object 'Object Repository/Thankyou_Page/Thankyou_Page_Objects/txt_h1_Thank you' is present

2023-12-22 15:08:06 - [TEST_STEP][PASSED] - delay(2): Delayed 2 second(s)

2023-12-22 15:08:08 - [MESSAGE][PASSED] - Delayed 2 second(s)

2023-12-22 15:08:08 - [TEST_STEP][PASSED] - closeBrowser(): Browser is closed

2023-12-22 15:08:09 - [MESSAGE][PASSED] - Browser is closed]]></system-out>
         <system-err><![CDATA[]]></system-err>
      </testcase>
      <system-out><![CDATA[2023-12-22 14:43:21 - [TEST_SUITE][FAILED] - Senior_Type: Test Cases/Senior_TestCases/TC03_ReRecord_Type FAILED.
Reason:
com.kms.katalon.core.exception.StepFailedException: Unable to click on object 'Object Repository/Calendar_page/Input_Busy_Days'
	at com.kms.katalon.core.webui.keyword.internal.WebUIKeywordMain.stepFailed(WebUIKeywordMain.groovy:64)
	at com.kms.katalon.core.webui.keyword.internal.WebUIKeywordMain.runKeyword(WebUIKeywordMain.groovy:26)
	at com.kms.katalon.core.webui.keyword.builtin.ClickKeyword.click(ClickKeyword.groovy:74)
	at com.kms.katalon.core.webui.keyword.builtin.ClickKeyword.execute(ClickKeyword.groovy:40)
	at com.kms.katalon.core.keyword.internal.KeywordExecutor.executeKeywordForPlatform(KeywordExecutor.groovy:74)
	at com.kms.katalon.core.webui.keyword.WebUiBuiltInKeywords.click(WebUiBuiltInKeywords.groovy:620)
	at TC03_ReRecord_Type.run(TC03_ReRecord_Type:151)
	at com.kms.katalon.core.main.ScriptEngine.run(ScriptEngine.java:194)
	at com.kms.katalon.core.main.ScriptEngine.runScriptAsRawText(ScriptEngine.java:119)
	at com.kms.katalon.core.main.TestCaseExecutor.runScript(TestCaseExecutor.java:448)
	at com.kms.katalon.core.main.TestCaseExecutor.doExecute(TestCaseExecutor.java:439)
	at com.kms.katalon.core.main.TestCaseExecutor.processExecutionPhase(TestCaseExecutor.java:418)
	at com.kms.katalon.core.main.TestCaseExecutor.accessMainPhase(TestCaseExecutor.java:410)
	at com.kms.katalon.core.main.TestCaseExecutor.execute(TestCaseExecutor.java:285)
	at com.kms.katalon.core.common.CommonExecutor.accessTestCaseMainPhase(CommonExecutor.java:65)
	at com.kms.katalon.core.main.TestSuiteExecutor.accessTestSuiteMainPhase(TestSuiteExecutor.java:148)
	at com.kms.katalon.core.main.TestSuiteExecutor.execute(TestSuiteExecutor.java:106)
	at com.kms.katalon.core.main.TestCaseMain.startTestSuite(TestCaseMain.java:187)
	at TempTestSuite1703236398822.run(TempTestSuite1703236398822.groovy:36)
	at java.base/jdk.internal.reflect.NativeMethodAccessorImpl.invoke0(Native Method)
	at java.base/jdk.internal.reflect.NativeMethodAccessorImpl.invoke(NativeMethodAccessorImpl.java:77)
	at java.base/jdk.internal.reflect.DelegatingMethodAccessorImpl.invoke(DelegatingMethodAccessorImpl.java:43)
Caused by: com.kms.katalon.core.webui.exception.WebElementNotFoundException: Web element with id: 'Object Repository/Calendar_page/Input_Busy_Days' located by '//input[@value='']' not found
	at com.kms.katalon.core.webui.common.WebUiCommonHelper.findWebElement(WebUiCommonHelper.java:1379)
	at com.kms.katalon.core.webui.keyword.internal.WebUIAbstractKeyword.findWebElement(WebUIAbstractKeyword.groovy:27)
	at com.kms.katalon.core.webui.keyword.builtin.ClickKeyword$_click_closure1.doCall(ClickKeyword.groovy:65)
	at com.kms.katalon.core.webui.keyword.builtin.ClickKeyword$_click_closure1.call(ClickKeyword.groovy)
	at com.kms.katalon.core.webui.keyword.internal.WebUIKeywordMain.runKeyword(WebUIKeywordMain.groovy:20)
	... 20 more]]></system-out>
      <system-err><![CDATA[2023-12-22 14:43:21 - [TEST_SUITE][FAILED] - Senior_Type: Test Cases/Senior_TestCases/TC03_ReRecord_Type FAILED.
Reason:
com.kms.katalon.core.exception.StepFailedException: Unable to click on object 'Object Repository/Calendar_page/Input_Busy_Days'
	at com.kms.katalon.core.webui.keyword.internal.WebUIKeywordMain.stepFailed(WebUIKeywordMain.groovy:64)
	at com.kms.katalon.core.webui.keyword.internal.WebUIKeywordMain.runKeyword(WebUIKeywordMain.groovy:26)
	at com.kms.katalon.core.webui.keyword.builtin.ClickKeyword.click(ClickKeyword.groovy:74)
	at com.kms.katalon.core.webui.keyword.builtin.ClickKeyword.execute(ClickKeyword.groovy:40)
	at com.kms.katalon.core.keyword.internal.KeywordExecutor.executeKeywordForPlatform(KeywordExecutor.groovy:74)
	at com.kms.katalon.core.webui.keyword.WebUiBuiltInKeywords.click(WebUiBuiltInKeywords.groovy:620)
	at TC03_ReRecord_Type.run(TC03_ReRecord_Type:151)
	at com.kms.katalon.core.main.ScriptEngine.run(ScriptEngine.java:194)
	at com.kms.katalon.core.main.ScriptEngine.runScriptAsRawText(ScriptEngine.java:119)
	at com.kms.katalon.core.main.TestCaseExecutor.runScript(TestCaseExecutor.java:448)
	at com.kms.katalon.core.main.TestCaseExecutor.doExecute(TestCaseExecutor.java:439)
	at com.kms.katalon.core.main.TestCaseExecutor.processExecutionPhase(TestCaseExecutor.java:418)
	at com.kms.katalon.core.main.TestCaseExecutor.accessMainPhase(TestCaseExecutor.java:410)
	at com.kms.katalon.core.main.TestCaseExecutor.execute(TestCaseExecutor.java:285)
	at com.kms.katalon.core.common.CommonExecutor.accessTestCaseMainPhase(CommonExecutor.java:65)
	at com.kms.katalon.core.main.TestSuiteExecutor.accessTestSuiteMainPhase(TestSuiteExecutor.java:148)
	at com.kms.katalon.core.main.TestSuiteExecutor.execute(TestSuiteExecutor.java:106)
	at com.kms.katalon.core.main.TestCaseMain.startTestSuite(TestCaseMain.java:187)
	at TempTestSuite1703236398822.run(TempTestSuite1703236398822.groovy:36)
	at java.base/jdk.internal.reflect.NativeMethodAccessorImpl.invoke0(Native Method)
	at java.base/jdk.internal.reflect.NativeMethodAccessorImpl.invoke(NativeMethodAccessorImpl.java:77)
	at java.base/jdk.internal.reflect.DelegatingMethodAccessorImpl.invoke(DelegatingMethodAccessorImpl.java:43)
Caused by: com.kms.katalon.core.webui.exception.WebElementNotFoundException: Web element with id: 'Object Repository/Calendar_page/Input_Busy_Days' located by '//input[@value='']' not found
	at com.kms.katalon.core.webui.common.WebUiCommonHelper.findWebElement(WebUiCommonHelper.java:1379)
	at com.kms.katalon.core.webui.keyword.internal.WebUIAbstractKeyword.findWebElement(WebUIAbstractKeyword.groovy:27)
	at com.kms.katalon.core.webui.keyword.builtin.ClickKeyword$_click_closure1.doCall(ClickKeyword.groovy:65)
	at com.kms.katalon.core.webui.keyword.builtin.ClickKeyword$_click_closure1.call(ClickKeyword.groovy)
	at com.kms.katalon.core.webui.keyword.internal.WebUIKeywordMain.runKeyword(WebUIKeywordMain.groovy:20)
	... 20 more]]></system-err>
   </testsuite>
</testsuites>
