<?xml version="1.0" encoding="UTF-8"?>
<testsuites name="Senior_Type" time="242.211" tests="2" failures="0" errors="0">
   <testsuite name="Senior_Type" tests="2" failures="0" errors="0" time="242.211" skipped="0" timestamp="28-02-2024T13:19:49" hostname="Dilip Sunar - 192.168.1.3" id="Test Suites/FunctionalTestSuites/Senior/Senior_Type">
      <properties>
         <property name="deviceName" value=""/>
         <property name="devicePlatform" value=""/>
         <property name="logFolder" value="C:\\Users\\Dilip Sunar\\git\\common-repo\\Reports\\20240228_131935\\FunctionalTestSuites\\Senior\\Senior_Type\\20240228_131935"/>
         <property name="logFiles" value="C:\\Users\\Dilip Sunar\\git\\common-repo\\Reports\\20240228_131935\\FunctionalTestSuites\\Senior\\Senior_Type\\20240228_131935\\execution0.log"/>
         <property name="attachments" value=""/>
         <property name="hostName" value="Dilip Sunar - 192.168.1.3"/>
         <property name="os" value="Windows 11 64bit"/>
         <property name="katalonVersion" value="9.2.0.212"/>
         <property name="browser" value="Chrome 122.0.0.0"/>
         <property name="hostAddress" value="192.168.1.3"/>
         <property name="sessionId" value="3cd97190d9aeee5fadc6b97cf7c934e7"/>
         <property name="seleniumVersion" value="3.141.59"/>
         <property name="proxyInformation" value="ProxyInformation { proxyOption=NO_PROXY, proxyServerType=HTTP, username=, password=********, proxyServerAddress=, proxyServerPort=0, executionList=&quot;&quot;, isApplyToDesiredCapabilities=true }"/>
         <property name="platform" value="Windows 11"/>
      </properties>
      <testcase name="Test Cases/End_To_End_TestCases/Senior_Full_Flow/CreateProfile_Type" time="129.959" classname="Test Cases/End_To_End_TestCases/Senior_Full_Flow/CreateProfile_Type" status="PASSED">
         <system-out><![CDATA[28-02-2024T13:19:49 - [TEST_CASE][PASSED] - Test Cases/End_To_End_TestCases/Senior_Full_Flow/CreateProfile_Type: Test Cases/End_To_End_TestCases/Senior_Full_Flow/CreateProfile_Type

28-02-2024T13:19:50 - [TEST_STEP][PASSED] - callTestCase(findTestCase("Common_TestCases/Senior_SignUp"), ["username":UserName, "email":Email, "zipcode":ZipCode, "password":Password], STOP_ON_FAILURE): Call Test Case 'Test Cases/Common_TestCases/Senior_SignUp' successfully

28-02-2024T13:19:50 - [TEST_CASE][PASSED] - Test Cases/Common_TestCases/Senior_SignUp: Test Cases/Common_TestCases/Senior_SignUp

28-02-2024T13:19:50 - [TEST_STEP][PASSED] - System.setProperty("webdriver.chrome.driver", "Data Files/chromedriver-win64/chromedriver.exe"): null

28-02-2024T13:19:50 - [TEST_STEP][PASSED] - options = new org.openqa.selenium.chrome.ChromeOptions(): null

28-02-2024T13:19:50 - [TEST_STEP][PASSED] - options.addArguments("start-maximized"): null

28-02-2024T13:19:50 - [TEST_STEP][PASSED] - options.addArguments("force-device-scale-factor=1.2"): null

28-02-2024T13:19:50 - [TEST_STEP][PASSED] - options.setExperimentalOption("prefs", new Script1700728747795$1(this)): null

28-02-2024T13:19:50 - [TEST_STEP][PASSED] - capabilities = DesiredCapabilities.chrome(): null

28-02-2024T13:19:50 - [TEST_STEP][PASSED] - capabilities.setCapability(CAPABILITY, options): null

28-02-2024T13:19:50 - [TEST_STEP][PASSED] - driver = new org.openqa.selenium.chrome.ChromeDriver(capabilities): null

28-02-2024T13:19:53 - [TEST_STEP][PASSED] - changeWebDriver(driver): null

28-02-2024T13:19:53 - [TEST_STEP][PASSED] - navigateToUrl("https://caring-connections-qa.azurewebsites.net/"): Navigate to 'https://caring-connections-qa.azurewebsites.net/' successfully

28-02-2024T13:19:59 - [MESSAGE][PASSED] - Navigate to 'https://caring-connections-qa.azurewebsites.net/' successfully

28-02-2024T13:19:59 - [TEST_STEP][PASSED] - click(findTestObject("Login_Pages/Sign_In_Page/button_Sign_Up")): Object: 'Object Repository/Login_Pages/Sign_In_Page/button_Sign_Up' is clicked on

28-02-2024T13:19:59 - [MESSAGE][PASSED] - Object: 'Object Repository/Login_Pages/Sign_In_Page/button_Sign_Up' is clicked on

28-02-2024T13:19:59 - [TEST_STEP][PASSED] - setText(findTestObject("Login_Pages/Sign_Up_Page/Input_First_Last_Name"), username): Text 'Naveen' is set on object 'Object Repository/Login_Pages/Sign_Up_Page/Input_First_Last_Name'

28-02-2024T13:20:00 - [MESSAGE][PASSED] - Text 'Naveen' is set on object 'Object Repository/Login_Pages/Sign_Up_Page/Input_First_Last_Name'

28-02-2024T13:20:00 - [TEST_STEP][PASSED] - setText(findTestObject("Login_Pages/Sign_Up_Page/Input_ZIP_code"), zipcode): Text '464646' is set on object 'Object Repository/Login_Pages/Sign_Up_Page/Input_ZIP_code'

28-02-2024T13:20:00 - [MESSAGE][PASSED] - Text '464646' is set on object 'Object Repository/Login_Pages/Sign_Up_Page/Input_ZIP_code'

28-02-2024T13:20:00 - [TEST_STEP][PASSED] - setText(findTestObject("Login_Pages/Sign_Up_Page/Input_Username"), email): Text 'naveenn11011@gmail.com' is set on object 'Object Repository/Login_Pages/Sign_Up_Page/Input_Username'

28-02-2024T13:20:00 - [MESSAGE][PASSED] - Text 'naveenn11011@gmail.com' is set on object 'Object Repository/Login_Pages/Sign_Up_Page/Input_Username'

28-02-2024T13:20:00 - [TEST_STEP][PASSED] - setText(findTestObject("Login_Pages/Sign_Up_Page/Input_Password"), password): Text 'Test@123' is set on object 'Object Repository/Login_Pages/Sign_Up_Page/Input_Password'

28-02-2024T13:20:00 - [MESSAGE][PASSED] - Text 'Test@123' is set on object 'Object Repository/Login_Pages/Sign_Up_Page/Input_Password'

28-02-2024T13:20:00 - [TEST_STEP][PASSED] - click(findTestObject("Login_Pages/Sign_Up_Page/button_role_Senior")): Object: 'Object Repository/Login_Pages/Sign_Up_Page/button_role_Senior' is clicked on

28-02-2024T13:20:00 - [MESSAGE][PASSED] - Object: 'Object Repository/Login_Pages/Sign_Up_Page/button_role_Senior' is clicked on

28-02-2024T13:20:00 - [TEST_STEP][PASSED] - click(findTestObject("Login_Pages/Sign_Up_Page/button_Sign_Up")): Object: 'Object Repository/Login_Pages/Sign_Up_Page/button_Sign_Up' is clicked on

28-02-2024T13:20:00 - [MESSAGE][PASSED] - Object: 'Object Repository/Login_Pages/Sign_Up_Page/button_Sign_Up' is clicked on

28-02-2024T13:20:00 - [MESSAGE][PASSED] - Call Test Case 'Test Cases/Common_TestCases/Senior_SignUp' successfully

28-02-2024T13:20:00 - [TEST_STEP][PASSED] - verifyElementPresent(findTestObject("Profile_Creation_Page/Profile_Creation_Page_Objects/Text_Expectations_From_Companion"), 0): Object 'Object Repository/Profile_Creation_Page/Profile_Creation_Page_Objects/Text_Expectations_From_Companion' is present

28-02-2024T13:20:01 - [MESSAGE][WARNING] - Timeout '0' is invalid. Using default page load timeout: '30'

28-02-2024T13:20:10 - [MESSAGE][PASSED] - Object 'Object Repository/Profile_Creation_Page/Profile_Creation_Page_Objects/Text_Expectations_From_Companion' is present

28-02-2024T13:20:10 - [TEST_STEP][PASSED] - verifyElementPresent(findTestObject("Profile_Creation_Page/Profile_Creation_Page_Objects/Text_Select the button of your choice to create your profile"), 0): Object 'Object Repository/Profile_Creation_Page/Profile_Creation_Page_Objects/Text_Select the button of your choice to create your profile' is present

28-02-2024T13:20:10 - [MESSAGE][WARNING] - Timeout '0' is invalid. Using default page load timeout: '30'

28-02-2024T13:20:10 - [MESSAGE][PASSED] - Object 'Object Repository/Profile_Creation_Page/Profile_Creation_Page_Objects/Text_Select the button of your choice to create your profile' is present

28-02-2024T13:20:10 - [TEST_STEP][PASSED] - verifyElementPresent(findTestObject("Profile_Creation_Page/Profile_Creation_Page_Objects/Text_We are excited"), 0): Object 'Object Repository/Profile_Creation_Page/Profile_Creation_Page_Objects/Text_We are excited' is present

28-02-2024T13:20:10 - [MESSAGE][WARNING] - Timeout '0' is invalid. Using default page load timeout: '30'

28-02-2024T13:20:10 - [MESSAGE][PASSED] - Object 'Object Repository/Profile_Creation_Page/Profile_Creation_Page_Objects/Text_We are excited' is present

28-02-2024T13:20:10 - [TEST_STEP][PASSED] - waitForElementClickable(findTestObject("Profile_Creation_Page/Profile_Creation_Page_Objects/btn_I_Want_To_Type"), 65): Object 'Object Repository/Profile_Creation_Page/Profile_Creation_Page_Objects/btn_I_Want_To_Type' is clickable

28-02-2024T13:21:00 - [MESSAGE][PASSED] - Object 'Object Repository/Profile_Creation_Page/Profile_Creation_Page_Objects/btn_I_Want_To_Type' is clickable

28-02-2024T13:21:00 - [TEST_STEP][PASSED] - click(findTestObject("Profile_Creation_Page/Profile_Creation_Page_Objects/btn_I_Want_To_Type")): Object: 'Object Repository/Profile_Creation_Page/Profile_Creation_Page_Objects/btn_I_Want_To_Type' is clicked on

28-02-2024T13:21:00 - [MESSAGE][PASSED] - Object: 'Object Repository/Profile_Creation_Page/Profile_Creation_Page_Objects/btn_I_Want_To_Type' is clicked on

28-02-2024T13:21:00 - [TEST_STEP][PASSED] - setText(findTestObject("Profile_Creation_Page/Profile_Creation_Page_Objects/Input_I_Want_To_Type"), Profile): Text 'Greetings, I'm Naveen , a seasoned explorer in the journey of life, joyfully celebrating my 58 years of existence. With a background in literature, I dedicated decades to exploring the rich world of words and stories. Beyond academic pursuits, I find solace in the world of painting, crafting vibrant canvases that express the beauty of the written word. I have a joint family of 32 members. In a companion, I hope to find someone who shares my love for literature and the appreciation for the creative blend of art and storytelling. Health-wise, I've faced challenges with allergies, but with careful management and a balanced lifestyle, I continue to pursue my passions with vigor. Life has been a captivating adventure through the pages of books and art, and I look forward to painting new chapters with a like-minded soul who values the beauty of storytelling and the creativity of artistic expression.' is set on object 'Object Repository/Profile_Creation_Page/Profile_Creation_Page_Objects/Input_I_Want_To_Type'

28-02-2024T13:21:01 - [MESSAGE][PASSED] - Text 'Greetings, I'm Naveen , a seasoned explorer in the journey of life, joyfully celebrating my 58 years of existence. With a background in literature, I dedicated decades to exploring the rich world of words and stories. Beyond academic pursuits, I find solace in the world of painting, crafting vibrant canvases that express the beauty of the written word. I have a joint family of 32 members. In a companion, I hope to find someone who shares my love for literature and the appreciation for the creative blend of art and storytelling. Health-wise, I've faced challenges with allergies, but with careful management and a balanced lifestyle, I continue to pursue my passions with vigor. Life has been a captivating adventure through the pages of books and art, and I look forward to painting new chapters with a like-minded soul who values the beauty of storytelling and the creativity of artistic expression.' is set on object 'Object Repository/Profile_Creation_Page/Profile_Creation_Page_Objects/Input_I_Want_To_Type'

28-02-2024T13:21:01 - [TEST_STEP][PASSED] - scrollToElement(findTestObject("Object Repository/Profile_Creation_Page/Profile_Creation_Page_Objects/button_Next"), 0): Scroll to object 'Object Repository/Profile_Creation_Page/Profile_Creation_Page_Objects/button_Next' successfully

28-02-2024T13:21:01 - [MESSAGE][WARNING] - Timeout '0' is invalid. Using default page load timeout: '30'

28-02-2024T13:21:01 - [MESSAGE][PASSED] - Scroll to object 'Object Repository/Profile_Creation_Page/Profile_Creation_Page_Objects/button_Next' successfully

28-02-2024T13:21:01 - [TEST_STEP][PASSED] - click(findTestObject("Object Repository/Profile_Creation_Page/Profile_Creation_Page_Objects/button_Next")): Object: 'Object Repository/Profile_Creation_Page/Profile_Creation_Page_Objects/button_Next' is clicked on

28-02-2024T13:21:01 - [MESSAGE][PASSED] - Object: 'Object Repository/Profile_Creation_Page/Profile_Creation_Page_Objects/button_Next' is clicked on

28-02-2024T13:21:01 - [TEST_STEP][PASSED] - delay(20): Delayed 20 second(s)

28-02-2024T13:21:21 - [MESSAGE][PASSED] - Delayed 20 second(s)

28-02-2024T13:21:21 - [TEST_STEP][PASSED] - waitForElementNotPresent(findTestObject("WaitingPage/Waiting_Page/txt_1-2 minutes"), 180): Web element with id: 'Object Repository/WaitingPage/Waiting_Page/txt_1-2 minutes' located by 'By.xpath: //div[@id='root']/div/div/div/div/div/p[2]' is not present after '180' second(s)

28-02-2024T13:21:28 - [MESSAGE][PASSED] - Web element with id: 'Object Repository/WaitingPage/Waiting_Page/txt_1-2 minutes' located by 'By.xpath: //div[@id='root']/div/div/div/div/div/p[2]' is not present after '180' second(s)

28-02-2024T13:21:28 - [TEST_STEP][PASSED] - Education = getAttribute(findTestObject("Category_View_Page/Category_View_Page_Objects/Input_Edit_Educational_Info"), "value"): Attribute 'value' of object 'Object Repository/Category_View_Page/Category_View_Page_Objects/Input_Edit_Educational_Info' is: 'With a background in literature, I dedicated decades to exploring the rich world of words and stories.'

28-02-2024T13:21:28 - [MESSAGE][PASSED] - Attribute 'value' of object 'Object Repository/Category_View_Page/Category_View_Page_Objects/Input_Edit_Educational_Info' is: 'With a background in literature, I dedicated decades to exploring the rich world of words and stories.'

28-02-2024T13:21:28 - [TEST_STEP][PASSED] - validateText.ValidateText.calculateAndPrintPercentageMatch("EDUCATION", Education, EducationNew): validateText.ValidateText.calculateAndPrintPercentageMatch is PASSED

28-02-2024T13:21:28 - [MESSAGE][PASSED] - validateText.ValidateText.calculateAndPrintPercentageMatch is PASSED

28-02-2024T13:21:28 - [TEST_STEP][PASSED] - FamilyAndCommunity = getAttribute(findTestObject("Category_View_Page/Category_View_Page_Objects/Input_Edit_Family_And_Community_Involvement"), "value"): Attribute 'value' of object 'Object Repository/Category_View_Page/Category_View_Page_Objects/Input_Edit_Family_And_Community_Involvement' is: 'I have a joint family of 32 members.'

28-02-2024T13:21:28 - [MESSAGE][PASSED] - Attribute 'value' of object 'Object Repository/Category_View_Page/Category_View_Page_Objects/Input_Edit_Family_And_Community_Involvement' is: 'I have a joint family of 32 members.'

28-02-2024T13:21:28 - [TEST_STEP][PASSED] - validateText.ValidateText.calculateAndPrintPercentageMatch("FAMILYANDCOMMUNITY", FamilyAndCommunity, FamilyAndCommunityNew): validateText.ValidateText.calculateAndPrintPercentageMatch is PASSED

28-02-2024T13:21:28 - [MESSAGE][PASSED] - validateText.ValidateText.calculateAndPrintPercentageMatch is PASSED

28-02-2024T13:21:28 - [TEST_STEP][PASSED] - Hobbies = getAttribute(findTestObject("Category_View_Page/Category_View_Page_Objects/Input_Edit_Appropriate_Hobbies"), "value"): Attribute 'value' of object 'Object Repository/Category_View_Page/Category_View_Page_Objects/Input_Edit_Appropriate_Hobbies' is: 'Beyond academic pursuits, I find solace in the world of painting, crafting vibrant canvases that express the beauty of the written word.'

28-02-2024T13:21:28 - [MESSAGE][PASSED] - Attribute 'value' of object 'Object Repository/Category_View_Page/Category_View_Page_Objects/Input_Edit_Appropriate_Hobbies' is: 'Beyond academic pursuits, I find solace in the world of painting, crafting vibrant canvases that express the beauty of the written word.'

28-02-2024T13:21:28 - [TEST_STEP][PASSED] - validateText.ValidateText.calculateAndPrintPercentageMatch("HOBBIES", Hobbies, HobbiesNew): validateText.ValidateText.calculateAndPrintPercentageMatch is PASSED

28-02-2024T13:21:28 - [MESSAGE][PASSED] - validateText.ValidateText.calculateAndPrintPercentageMatch is PASSED

28-02-2024T13:21:28 - [TEST_STEP][PASSED] - Expectations = getAttribute(findTestObject("Category_View_Page/Category_View_Page_Objects/Input_Edit_expectation"), "value"): Attribute 'value' of object 'Object Repository/Category_View_Page/Category_View_Page_Objects/Input_Edit_expectation' is: 'In a companion, I hope to find someone who shares my love for literature and the appreciation for the creative blend of art and storytelling.'

28-02-2024T13:21:28 - [MESSAGE][PASSED] - Attribute 'value' of object 'Object Repository/Category_View_Page/Category_View_Page_Objects/Input_Edit_expectation' is: 'In a companion, I hope to find someone who shares my love for literature and the appreciation for the creative blend of art and storytelling.'

28-02-2024T13:21:28 - [TEST_STEP][PASSED] - validateText.ValidateText.calculateAndPrintPercentageMatch("EXPECTATIONS", Expectations, ExpectationsNew): validateText.ValidateText.calculateAndPrintPercentageMatch is PASSED

28-02-2024T13:21:28 - [MESSAGE][PASSED] - validateText.ValidateText.calculateAndPrintPercentageMatch is PASSED

28-02-2024T13:21:28 - [TEST_STEP][PASSED] - Others = getAttribute(findTestObject("Category_View_Page/Category_View_Page_Objects/Input_Edit_Appropriate_Health"), "value"): Attribute 'value' of object 'Object Repository/Category_View_Page/Category_View_Page_Objects/Input_Edit_Appropriate_Health' is: 'Greetings, I'm Naveen , a seasoned explorer in the journey of life, joyfully celebrating my 58 years of existence. Life has been a captivating adventure through the pages of books and art, and I look forward to painting new chapters with a like-minded soul who values the beauty of storytelling and the creativity of artistic expression. Health-wise, I've faced challenges with allergies, but with careful management and a balanced lifestyle, I continue to pursue my passions with vigor.'

28-02-2024T13:21:28 - [MESSAGE][PASSED] - Attribute 'value' of object 'Object Repository/Category_View_Page/Category_View_Page_Objects/Input_Edit_Appropriate_Health' is: 'Greetings, I'm Naveen , a seasoned explorer in the journey of life, joyfully celebrating my 58 years of existence. Life has been a captivating adventure through the pages of books and art, and I look forward to painting new chapters with a like-minded soul who values the beauty of storytelling and the creativity of artistic expression. Health-wise, I've faced challenges with allergies, but with careful management and a balanced lifestyle, I continue to pursue my passions with vigor.'

28-02-2024T13:21:28 - [TEST_STEP][PASSED] - validateText.ValidateText.calculateAndPrintPercentageMatch("OTHERS", Others, OtherNew): validateText.ValidateText.calculateAndPrintPercentageMatch is PASSED

28-02-2024T13:21:28 - [MESSAGE][PASSED] - validateText.ValidateText.calculateAndPrintPercentageMatch is PASSED

28-02-2024T13:21:28 - [TEST_STEP][PASSED] - waitForElementClickable(findTestObject("Category_View_Page/Category_View_Page_Objects/button_Next"), 65): Object 'Object Repository/Category_View_Page/Category_View_Page_Objects/button_Next' is clickable

28-02-2024T13:21:28 - [MESSAGE][PASSED] - Object 'Object Repository/Category_View_Page/Category_View_Page_Objects/button_Next' is clickable

28-02-2024T13:21:28 - [TEST_STEP][PASSED] - click(findTestObject("Category_View_Page/Category_View_Page_Objects/button_Next")): Object: 'Object Repository/Category_View_Page/Category_View_Page_Objects/button_Next' is clicked on

28-02-2024T13:21:31 - [MESSAGE][PASSED] - Object: 'Object Repository/Category_View_Page/Category_View_Page_Objects/button_Next' is clicked on

28-02-2024T13:21:31 - [TEST_STEP][PASSED] - waitForElementNotPresent(findTestObject("WaitingPage/Waiting_Page/Clock_categoryToCalender"), 10): Web element with id: 'Object Repository/WaitingPage/Waiting_Page/Clock_categoryToCalender' located by 'By.xpath: //div[@id='root']/div/div/div/div/span' is not present after '10' second(s)

28-02-2024T13:21:32 - [MESSAGE][PASSED] - Web element with id: 'Object Repository/WaitingPage/Waiting_Page/Clock_categoryToCalender' located by 'By.xpath: //div[@id='root']/div/div/div/div/span' is not present after '10' second(s)

28-02-2024T13:21:32 - [TEST_STEP][PASSED] - scrollToElement(findTestObject("Calendar_page/Input_Start_Date"), 0): Scroll to object 'Object Repository/Calendar_page/Input_Start_Date' successfully

28-02-2024T13:21:32 - [MESSAGE][WARNING] - Timeout '0' is invalid. Using default page load timeout: '30'

28-02-2024T13:21:32 - [MESSAGE][PASSED] - Scroll to object 'Object Repository/Calendar_page/Input_Start_Date' successfully

28-02-2024T13:21:32 - [TEST_STEP][PASSED] - click(findTestObject("Calendar_page/Input_Start_Date")): Object: 'Object Repository/Calendar_page/Input_Start_Date' is clicked on

28-02-2024T13:21:33 - [MESSAGE][PASSED] - Object: 'Object Repository/Calendar_page/Input_Start_Date' is clicked on

28-02-2024T13:21:33 - [TEST_STEP][PASSED] - delay(3): Delayed 3 second(s)

28-02-2024T13:21:36 - [MESSAGE][PASSED] - Delayed 3 second(s)

28-02-2024T13:21:36 - [TEST_STEP][PASSED] - click(findTestObject("Calendar_page/busyDates/JanuaryBusyDate/div_1")): Object: 'Object Repository/Calendar_page/busyDates/JanuaryBusyDate/div_1' is clicked on

28-02-2024T13:21:36 - [MESSAGE][PASSED] - Object: 'Object Repository/Calendar_page/busyDates/JanuaryBusyDate/div_1' is clicked on

28-02-2024T13:21:36 - [TEST_STEP][PASSED] - delay(3): Delayed 3 second(s)

28-02-2024T13:21:39 - [MESSAGE][PASSED] - Delayed 3 second(s)

28-02-2024T13:21:39 - [TEST_STEP][PASSED] - click(findTestObject("Calendar_page/Input_Busy_Days")): Object: 'Object Repository/Calendar_page/Input_Busy_Days' is clicked on

28-02-2024T13:21:39 - [MESSAGE][PASSED] - Object: 'Object Repository/Calendar_page/Input_Busy_Days' is clicked on

28-02-2024T13:21:39 - [TEST_STEP][PASSED] - click(findTestObject("Calendar_page/startDate/JanuaryStartDates/div_23")): Object: 'Object Repository/Calendar_page/startDate/JanuaryStartDates/div_23' is clicked on

28-02-2024T13:21:39 - [MESSAGE][PASSED] - Object: 'Object Repository/Calendar_page/startDate/JanuaryStartDates/div_23' is clicked on

28-02-2024T13:21:39 - [TEST_STEP][PASSED] - delay(2): Delayed 2 second(s)

28-02-2024T13:21:41 - [MESSAGE][PASSED] - Delayed 2 second(s)

28-02-2024T13:21:41 - [TEST_STEP][NOT_RUN] - click(findTestObject("Calendar_page/startDate/JanuaryStartDates/div_24")): NOT_RUN: click(findTestObject("Calendar_page/startDate/JanuaryStartDates/div_24"))

28-02-2024T13:21:41 - [MESSAGE][NOT_RUN] - NOT_RUN: click(findTestObject("Calendar_page/startDate/JanuaryStartDates/div_24"))

28-02-2024T13:21:41 - [TEST_STEP][PASSED] - click(findTestObject("Calendar_page/div_day_Column")): Object: 'Object Repository/Calendar_page/div_day_Column' is clicked on

28-02-2024T13:21:41 - [MESSAGE][PASSED] - Object: 'Object Repository/Calendar_page/div_day_Column' is clicked on

28-02-2024T13:21:41 - [TEST_STEP][PASSED] - selectOptionByLabel(findTestObject("Calendar_page/Select_Available_From"), "01:30 PM", false): All options with label '01:30 PM' are selected in object 'Object Repository/Calendar_page/Select_Available_From' 

28-02-2024T13:21:41 - [MESSAGE][PASSED] - All options with label '01:30 PM' are selected in object 'Object Repository/Calendar_page/Select_Available_From' 

28-02-2024T13:21:41 - [TEST_STEP][PASSED] - delay(2): Delayed 2 second(s)

28-02-2024T13:21:43 - [MESSAGE][PASSED] - Delayed 2 second(s)

28-02-2024T13:21:43 - [TEST_STEP][PASSED] - selectOptionByLabel(findTestObject("Calendar_page/Select_Available_To"), "04:30 PM", false): All options with label '04:30 PM' are selected in object 'Object Repository/Calendar_page/Select_Available_To' 

28-02-2024T13:21:43 - [MESSAGE][PASSED] - All options with label '04:30 PM' are selected in object 'Object Repository/Calendar_page/Select_Available_To' 

28-02-2024T13:21:43 - [TEST_STEP][PASSED] - delay(2): Delayed 2 second(s)

28-02-2024T13:21:45 - [MESSAGE][PASSED] - Delayed 2 second(s)

28-02-2024T13:21:45 - [TEST_STEP][PASSED] - click(findTestObject("Calendar_page/button_Save")): Object: 'Object Repository/Calendar_page/button_Save' is clicked on

28-02-2024T13:21:46 - [MESSAGE][PASSED] - Object: 'Object Repository/Calendar_page/button_Save' is clicked on

28-02-2024T13:21:46 - [TEST_STEP][PASSED] - delay(2): Delayed 2 second(s)

28-02-2024T13:21:48 - [MESSAGE][PASSED] - Delayed 2 second(s)

28-02-2024T13:21:48 - [TEST_STEP][PASSED] - click(findTestObject("Calendar_page/Button_Next (1)")): Object: 'Object Repository/Calendar_page/Button_Next (1)' is clicked on

28-02-2024T13:21:48 - [MESSAGE][PASSED] - Object: 'Object Repository/Calendar_page/Button_Next (1)' is clicked on

28-02-2024T13:21:48 - [TEST_STEP][PASSED] - delay(3): Delayed 3 second(s)

28-02-2024T13:21:51 - [MESSAGE][PASSED] - Delayed 3 second(s)

28-02-2024T13:21:51 - [TEST_STEP][PASSED] - click(findTestObject("Calendar_page/button_Ok")): Object: 'Object Repository/Calendar_page/button_Ok' is clicked on

28-02-2024T13:21:51 - [MESSAGE][PASSED] - Object: 'Object Repository/Calendar_page/button_Ok' is clicked on

28-02-2024T13:21:51 - [TEST_STEP][PASSED] - delay(2): Delayed 2 second(s)

28-02-2024T13:21:53 - [MESSAGE][PASSED] - Delayed 2 second(s)

28-02-2024T13:21:53 - [TEST_STEP][PASSED] - callTestCase(findTestCase("Senior_TestCases/TC15_SeniorDemographic"), ["UserName":UserName, "ZipCode":ZipCode, "Email":Email, "Password":Password, "Profile":Profile, "EducationNew":EducationNew, ... ], STOP_ON_FAILURE): Call Test Case 'Test Cases/Senior_TestCases/TC15_SeniorDemographic' successfully

28-02-2024T13:21:53 - [TEST_CASE][PASSED] - Test Cases/Senior_TestCases/TC15_SeniorDemographic: Test Cases/Senior_TestCases/TC15_SeniorDemographic

28-02-2024T13:21:53 - [TEST_STEP][PASSED] - verifyElementPresent(findTestObject("Demographic Page/Text_Personal Information"), 0, STOP_ON_FAILURE): Object 'Object Repository/Demographic Page/Text_Personal Information' is present

28-02-2024T13:21:53 - [MESSAGE][WARNING] - Timeout '0' is invalid. Using default page load timeout: '30'

28-02-2024T13:21:53 - [MESSAGE][PASSED] - Object 'Object Repository/Demographic Page/Text_Personal Information' is present

28-02-2024T13:21:53 - [TEST_STEP][PASSED] - verifyElementPresent(findTestObject("Demographic Page/My Information/Text_My Information"), 0, STOP_ON_FAILURE): Object 'Object Repository/Demographic Page/My Information/Text_My Information' is present

28-02-2024T13:21:53 - [MESSAGE][WARNING] - Timeout '0' is invalid. Using default page load timeout: '30'

28-02-2024T13:21:53 - [MESSAGE][PASSED] - Object 'Object Repository/Demographic Page/My Information/Text_My Information' is present

28-02-2024T13:21:53 - [TEST_STEP][PASSED] - NAME = getAttribute(findTestObject("Demographic Page/My Information/Input_Name"), "value"): Attribute 'value' of object 'Object Repository/Demographic Page/My Information/Input_Name' is: 'Naveen'

28-02-2024T13:21:53 - [MESSAGE][PASSED] - Attribute 'value' of object 'Object Repository/Demographic Page/My Information/Input_Name' is: 'Naveen'

28-02-2024T13:21:53 - [TEST_STEP][PASSED] - validateText.ValidateText.calculateAndPrintPercentageMatch("Name", NAME, UserName): validateText.ValidateText.calculateAndPrintPercentageMatch is PASSED

28-02-2024T13:21:53 - [MESSAGE][PASSED] - validateText.ValidateText.calculateAndPrintPercentageMatch is PASSED

28-02-2024T13:21:53 - [TEST_STEP][PASSED] - verifyElementPresent(findTestObject("Demographic Page/My Information/Input__MobileNumber"), 0): Object 'Object Repository/Demographic Page/My Information/Input__MobileNumber' is present

28-02-2024T13:21:53 - [MESSAGE][WARNING] - Timeout '0' is invalid. Using default page load timeout: '30'

28-02-2024T13:21:53 - [MESSAGE][PASSED] - Object 'Object Repository/Demographic Page/My Information/Input__MobileNumber' is present

28-02-2024T13:21:53 - [TEST_STEP][PASSED] - setText(findTestObject("Demographic Page/My Information/Input__MobileNumber"), mobile_no): Text '2298900988' is set on object 'Object Repository/Demographic Page/My Information/Input__MobileNumber'

28-02-2024T13:21:54 - [MESSAGE][PASSED] - Text '2298900988' is set on object 'Object Repository/Demographic Page/My Information/Input__MobileNumber'

28-02-2024T13:21:54 - [TEST_STEP][PASSED] - setText(findTestObject("Demographic Page/My Information/Input__BirthYear"), birth_year): Text '1988' is set on object 'Object Repository/Demographic Page/My Information/Input__BirthYear'

28-02-2024T13:21:54 - [MESSAGE][PASSED] - Text '1988' is set on object 'Object Repository/Demographic Page/My Information/Input__BirthYear'

28-02-2024T13:21:54 - [TEST_STEP][PASSED] - EMAIL = getAttribute(findTestObject("Demographic Page/My Information/Input_Email"), "value"): Attribute 'value' of object 'Object Repository/Demographic Page/My Information/Input_Email' is: 'naveenn1101100@gmail.com'

28-02-2024T13:21:54 - [MESSAGE][PASSED] - Attribute 'value' of object 'Object Repository/Demographic Page/My Information/Input_Email' is: 'naveenn1101100@gmail.com'

28-02-2024T13:21:54 - [TEST_STEP][PASSED] - validateText.ValidateText.calculateAndPrintPercentageMatch("Email", EMAIL, Email): validateText.ValidateText.calculateAndPrintPercentageMatch is PASSED

28-02-2024T13:21:54 - [MESSAGE][PASSED] - validateText.ValidateText.calculateAndPrintPercentageMatch is PASSED

28-02-2024T13:21:54 - [TEST_STEP][PASSED] - setText(findTestObject("Demographic Page/My Information/Input__Address1"), address_1): Text 'Oak Lane' is set on object 'Object Repository/Demographic Page/My Information/Input__Address1'

28-02-2024T13:21:54 - [MESSAGE][PASSED] - Text 'Oak Lane' is set on object 'Object Repository/Demographic Page/My Information/Input__Address1'

28-02-2024T13:21:54 - [TEST_STEP][PASSED] - setText(findTestObject("Demographic Page/My Information/Input_Address2"), address_2): Text 'Temple Road' is set on object 'Object Repository/Demographic Page/My Information/Input_Address2'

28-02-2024T13:21:54 - [MESSAGE][PASSED] - Text 'Temple Road' is set on object 'Object Repository/Demographic Page/My Information/Input_Address2'

28-02-2024T13:21:54 - [TEST_STEP][PASSED] - selectOptionByLabel(findTestObject("Demographic Page/My Information/Select_State"), "Texas", false): All options with label 'Texas' are selected in object 'Object Repository/Demographic Page/My Information/Select_State' 

28-02-2024T13:21:54 - [MESSAGE][PASSED] - All options with label 'Texas' are selected in object 'Object Repository/Demographic Page/My Information/Select_State' 

28-02-2024T13:21:54 - [TEST_STEP][PASSED] - selectOptionByLabel(findTestObject("Demographic Page/My Information/Select_City"), "Houston", false): All options with label 'Houston' are selected in object 'Object Repository/Demographic Page/My Information/Select_City' 

28-02-2024T13:21:54 - [MESSAGE][PASSED] - All options with label 'Houston' are selected in object 'Object Repository/Demographic Page/My Information/Select_City' 

28-02-2024T13:21:54 - [TEST_STEP][PASSED] - setText(findTestObject("Demographic Page/My Information/Input__Zipcode"), ZipCode): Text '464646' is set on object 'Object Repository/Demographic Page/My Information/Input__Zipcode'

28-02-2024T13:21:55 - [MESSAGE][PASSED] - Text '464646' is set on object 'Object Repository/Demographic Page/My Information/Input__Zipcode'

28-02-2024T13:21:55 - [TEST_STEP][PASSED] - setText(findTestObject("ECemergencyNew/Page_CaringConnections-v-1.17/input__emergencyName"), emergency_name): Text 'Shri' is set on object 'Object Repository/ECemergencyNew/Page_CaringConnections-v-1.17/input__emergencyName'

28-02-2024T13:21:55 - [MESSAGE][PASSED] - Text 'Shri' is set on object 'Object Repository/ECemergencyNew/Page_CaringConnections-v-1.17/input__emergencyName'

28-02-2024T13:21:55 - [TEST_STEP][PASSED] - selectOptionByLabel(findTestObject("ECemergencyNew/Page_CaringConnections-v-1.17/Select_EC_Relation"), "Family", false): All options with label 'Family' are selected in object 'Object Repository/ECemergencyNew/Page_CaringConnections-v-1.17/Select_EC_Relation' 

28-02-2024T13:21:55 - [MESSAGE][PASSED] - All options with label 'Family' are selected in object 'Object Repository/ECemergencyNew/Page_CaringConnections-v-1.17/Select_EC_Relation' 

28-02-2024T13:21:55 - [TEST_STEP][PASSED] - setText(findTestObject("ECemergencyNew/Page_CaringConnections-v-1.17/input__emergencyAddress"), emergency_address): Text 'Zion Colony' is set on object 'Object Repository/ECemergencyNew/Page_CaringConnections-v-1.17/input__emergencyAddress'

28-02-2024T13:21:55 - [MESSAGE][PASSED] - Text 'Zion Colony' is set on object 'Object Repository/ECemergencyNew/Page_CaringConnections-v-1.17/input__emergencyAddress'

28-02-2024T13:21:55 - [TEST_STEP][PASSED] - setText(findTestObject("ECemergencyNew/Page_CaringConnections-v-1.17/input_Address Line 2 (Optional)_emergencyAddress2"), address_line2): Text 'Eros Lane' is set on object 'Object Repository/ECemergencyNew/Page_CaringConnections-v-1.17/input_Address Line 2 (Optional)_emergencyAddress2'

28-02-2024T13:21:55 - [MESSAGE][PASSED] - Text 'Eros Lane' is set on object 'Object Repository/ECemergencyNew/Page_CaringConnections-v-1.17/input_Address Line 2 (Optional)_emergencyAddress2'

28-02-2024T13:21:55 - [TEST_STEP][PASSED] - selectOptionByLabel(findTestObject("ECemergencyNew/Page_CaringConnections-v-1.17/Select_EC_State"), "California", false): All options with label 'California' are selected in object 'Object Repository/ECemergencyNew/Page_CaringConnections-v-1.17/Select_EC_State' 

28-02-2024T13:21:55 - [MESSAGE][PASSED] - All options with label 'California' are selected in object 'Object Repository/ECemergencyNew/Page_CaringConnections-v-1.17/Select_EC_State' 

28-02-2024T13:21:55 - [TEST_STEP][PASSED] - selectOptionByLabel(findTestObject("ECemergencyNew/Page_CaringConnections-v-1.17/SelectEC_City"), "Fresno", false): All options with label 'Fresno' are selected in object 'Object Repository/ECemergencyNew/Page_CaringConnections-v-1.17/SelectEC_City' 

28-02-2024T13:21:55 - [MESSAGE][PASSED] - All options with label 'Fresno' are selected in object 'Object Repository/ECemergencyNew/Page_CaringConnections-v-1.17/SelectEC_City' 

28-02-2024T13:21:55 - [TEST_STEP][PASSED] - setText(findTestObject("ECemergencyNew/Page_CaringConnections-v-1.17/input__emergencyZipcode"), emergency_zip_code): Text '345654' is set on object 'Object Repository/ECemergencyNew/Page_CaringConnections-v-1.17/input__emergencyZipcode'

28-02-2024T13:21:56 - [MESSAGE][PASSED] - Text '345654' is set on object 'Object Repository/ECemergencyNew/Page_CaringConnections-v-1.17/input__emergencyZipcode'

28-02-2024T13:21:56 - [TEST_STEP][PASSED] - setText(findTestObject("ECemergencyNew/Page_CaringConnections-v-1.17/input__emergencyMobileNumber"), emergency_mobile_no): Text '3454345213' is set on object 'Object Repository/ECemergencyNew/Page_CaringConnections-v-1.17/input__emergencyMobileNumber'

28-02-2024T13:21:56 - [MESSAGE][PASSED] - Text '3454345213' is set on object 'Object Repository/ECemergencyNew/Page_CaringConnections-v-1.17/input__emergencyMobileNumber'

28-02-2024T13:21:56 - [TEST_STEP][PASSED] - setText(findTestObject("ECemergencyNew/Page_CaringConnections-v-1.17/input_Other No_emergencyOtherNumber"), emergency_other_no): Text '3355645780' is set on object 'Object Repository/ECemergencyNew/Page_CaringConnections-v-1.17/input_Other No_emergencyOtherNumber'

28-02-2024T13:21:56 - [MESSAGE][PASSED] - Text '3355645780' is set on object 'Object Repository/ECemergencyNew/Page_CaringConnections-v-1.17/input_Other No_emergencyOtherNumber'

28-02-2024T13:21:56 - [TEST_STEP][PASSED] - click(findTestObject("Demographic Page/Demographic_Validation/Senior_Demographic_Validation/Page_CaringConnections-v-1.18/button_Next")): Object: 'Object Repository/Demographic Page/Demographic_Validation/Senior_Demographic_Validation/Page_CaringConnections-v-1.18/button_Next' is clicked on

28-02-2024T13:21:58 - [MESSAGE][PASSED] - Object: 'Object Repository/Demographic Page/Demographic_Validation/Senior_Demographic_Validation/Page_CaringConnections-v-1.18/button_Next' is clicked on

28-02-2024T13:21:58 - [MESSAGE][PASSED] - Call Test Case 'Test Cases/Senior_TestCases/TC15_SeniorDemographic' successfully

28-02-2024T13:21:58 - [TEST_STEP][PASSED] - callTestCase(findTestCase("Other_Imp_TestCases/Thank_You_Page"), [:], STOP_ON_FAILURE): Call Test Case 'Test Cases/Other_Imp_TestCases/Thank_You_Page' successfully

28-02-2024T13:21:58 - [TEST_CASE][PASSED] - Test Cases/Other_Imp_TestCases/Thank_You_Page: Test Cases/Other_Imp_TestCases/Thank_You_Page

28-02-2024T13:21:58 - [TEST_STEP][PASSED] - verifyElementPresent(findTestObject("Object Repository/Thank_You_Page/Page_CaringConnections-v-1.18/h1_Thank you"), 0): Object 'Object Repository/Thank_You_Page/Page_CaringConnections-v-1.18/h1_Thank you' is present

28-02-2024T13:21:58 - [MESSAGE][WARNING] - Timeout '0' is invalid. Using default page load timeout: '30'

28-02-2024T13:21:58 - [MESSAGE][PASSED] - Object 'Object Repository/Thank_You_Page/Page_CaringConnections-v-1.18/h1_Thank you' is present

28-02-2024T13:21:58 - [TEST_STEP][PASSED] - verifyElementPresent(findTestObject("Object Repository/Thank_You_Page/Page_CaringConnections-v-1.18/p_badge(role)"), 0): Object 'Object Repository/Thank_You_Page/Page_CaringConnections-v-1.18/p_badge(role)' is present

28-02-2024T13:21:58 - [MESSAGE][WARNING] - Timeout '0' is invalid. Using default page load timeout: '30'

28-02-2024T13:21:58 - [MESSAGE][PASSED] - Object 'Object Repository/Thank_You_Page/Page_CaringConnections-v-1.18/p_badge(role)' is present

28-02-2024T13:21:58 - [TEST_STEP][PASSED] - verifyElementPresent(findTestObject("Thank_You_Page/Page_CaringConnections-v-1.18/img"), 0): Object 'Object Repository/Thank_You_Page/Page_CaringConnections-v-1.18/img' is present

28-02-2024T13:21:58 - [MESSAGE][WARNING] - Timeout '0' is invalid. Using default page load timeout: '30'

28-02-2024T13:21:58 - [MESSAGE][PASSED] - Object 'Object Repository/Thank_You_Page/Page_CaringConnections-v-1.18/img' is present

28-02-2024T13:21:58 - [TEST_STEP][PASSED] - click(findTestObject("Object Repository/Thank_You_Page/Page_CaringConnections-v-1.18/img")): Object: 'Object Repository/Thank_You_Page/Page_CaringConnections-v-1.18/img' is clicked on

28-02-2024T13:21:59 - [MESSAGE][PASSED] - Object: 'Object Repository/Thank_You_Page/Page_CaringConnections-v-1.18/img' is clicked on

28-02-2024T13:21:59 - [MESSAGE][PASSED] - Call Test Case 'Test Cases/Other_Imp_TestCases/Thank_You_Page' successfully]]></system-out>
         <system-err><![CDATA[]]></system-err>
      </testcase>
      <testcase name="Test Cases/End_To_End_TestCases/Senior_Full_Flow/ReRecord_Type" time="111.646" classname="Test Cases/End_To_End_TestCases/Senior_Full_Flow/ReRecord_Type" status="PASSED">
         <system-out><![CDATA[28-02-2024T13:22:00 - [TEST_CASE][PASSED] - Test Cases/End_To_End_TestCases/Senior_Full_Flow/ReRecord_Type: Test Cases/End_To_End_TestCases/Senior_Full_Flow/ReRecord_Type

28-02-2024T13:22:00 - [TEST_STEP][PASSED] - callTestCase(findTestCase("Common_TestCases/Senior_Sign_In"), ["email":"", "password":""], STOP_ON_FAILURE): Call Test Case 'Test Cases/Common_TestCases/Senior_Sign_In' successfully

28-02-2024T13:22:00 - [TEST_CASE][PASSED] - Test Cases/Common_TestCases/Senior_Sign_In: Test Cases/Common_TestCases/Senior_Sign_In

28-02-2024T13:22:00 - [TEST_STEP][PASSED] - System.setProperty("webdriver.chrome.driver", "Data Files/chromedriver-win64/chromedriver.exe"): null

28-02-2024T13:22:00 - [TEST_STEP][PASSED] - options = new org.openqa.selenium.chrome.ChromeOptions(): null

28-02-2024T13:22:00 - [TEST_STEP][PASSED] - options.addArguments("start-maximized"): null

28-02-2024T13:22:00 - [TEST_STEP][PASSED] - options.addArguments("force-device-scale-factor=1.2"): null

28-02-2024T13:22:00 - [TEST_STEP][PASSED] - options.setExperimentalOption("prefs", new Script1707288331643$1(this)): null

28-02-2024T13:22:00 - [TEST_STEP][PASSED] - capabilities = DesiredCapabilities.chrome(): null

28-02-2024T13:22:00 - [TEST_STEP][PASSED] - capabilities.setCapability(CAPABILITY, options): null

28-02-2024T13:22:00 - [TEST_STEP][PASSED] - driver = new org.openqa.selenium.chrome.ChromeDriver(capabilities): null

28-02-2024T13:22:02 - [TEST_STEP][PASSED] - changeWebDriver(driver): null

28-02-2024T13:22:02 - [TEST_STEP][PASSED] - navigateToUrl("https://caring-connections-qa.azurewebsites.net/"): Navigate to 'https://caring-connections-qa.azurewebsites.net/' successfully

28-02-2024T13:22:08 - [MESSAGE][PASSED] - Navigate to 'https://caring-connections-qa.azurewebsites.net/' successfully

28-02-2024T13:22:08 - [TEST_STEP][PASSED] - setText(findTestObject("Login_Pages/Sign_In_Page/input_Username"), "dilip@gmail.com"): Text 'dilip@gmail.com' is set on object 'Object Repository/Login_Pages/Sign_In_Page/input_Username'

28-02-2024T13:22:08 - [MESSAGE][PASSED] - Text 'dilip@gmail.com' is set on object 'Object Repository/Login_Pages/Sign_In_Page/input_Username'

28-02-2024T13:22:08 - [TEST_STEP][PASSED] - setText(findTestObject("Login_Pages/Sign_In_Page/input_Password"), "Test@123"): Text 'Test@123' is set on object 'Object Repository/Login_Pages/Sign_In_Page/input_Password'

28-02-2024T13:22:08 - [MESSAGE][PASSED] - Text 'Test@123' is set on object 'Object Repository/Login_Pages/Sign_In_Page/input_Password'

28-02-2024T13:22:08 - [TEST_STEP][PASSED] - click(findTestObject("Login_Pages/Sign_In_Page/button_Sign_In")): Object: 'Object Repository/Login_Pages/Sign_In_Page/button_Sign_In' is clicked on

28-02-2024T13:22:08 - [MESSAGE][PASSED] - Object: 'Object Repository/Login_Pages/Sign_In_Page/button_Sign_In' is clicked on

28-02-2024T13:22:08 - [MESSAGE][PASSED] - Call Test Case 'Test Cases/Common_TestCases/Senior_Sign_In' successfully

28-02-2024T13:22:08 - [TEST_STEP][PASSED] - delay(5): Delayed 5 second(s)

28-02-2024T13:22:13 - [MESSAGE][PASSED] - Delayed 5 second(s)

28-02-2024T13:22:13 - [TEST_STEP][PASSED] - scrollToElement(findTestObject("Category_View_Page/Category_View_Page_Objects/btn_Re-record"), 0): Scroll to object 'Object Repository/Category_View_Page/Category_View_Page_Objects/btn_Re-record' successfully

28-02-2024T13:22:14 - [MESSAGE][WARNING] - Timeout '0' is invalid. Using default page load timeout: '30'

28-02-2024T13:22:14 - [MESSAGE][PASSED] - Scroll to object 'Object Repository/Category_View_Page/Category_View_Page_Objects/btn_Re-record' successfully

28-02-2024T13:22:14 - [TEST_STEP][PASSED] - click(findTestObject("Category_View_Page/Category_View_Page_Objects/btn_Re-record")): Object: 'Object Repository/Category_View_Page/Category_View_Page_Objects/btn_Re-record' is clicked on

28-02-2024T13:22:16 - [MESSAGE][PASSED] - Object: 'Object Repository/Category_View_Page/Category_View_Page_Objects/btn_Re-record' is clicked on

28-02-2024T13:22:16 - [TEST_STEP][PASSED] - click(findTestObject("Category_View_Page/Category_View_Page_Objects/btn_Proceed")): Object: 'Object Repository/Category_View_Page/Category_View_Page_Objects/btn_Proceed' is clicked on

28-02-2024T13:22:18 - [MESSAGE][PASSED] - Object: 'Object Repository/Category_View_Page/Category_View_Page_Objects/btn_Proceed' is clicked on

28-02-2024T13:22:18 - [TEST_STEP][PASSED] - waitForElementClickable(findTestObject("Profile_Creation_Page/Profile_Creation_Page_Objects/btn_I_Want_To_Type"), 65): Object 'Object Repository/Profile_Creation_Page/Profile_Creation_Page_Objects/btn_I_Want_To_Type' is clickable

28-02-2024T13:23:07 - [MESSAGE][PASSED] - Object 'Object Repository/Profile_Creation_Page/Profile_Creation_Page_Objects/btn_I_Want_To_Type' is clickable

28-02-2024T13:23:07 - [TEST_STEP][PASSED] - click(findTestObject("Profile_Creation_Page/Profile_Creation_Page_Objects/btn_I_Want_To_Type")): Object: 'Object Repository/Profile_Creation_Page/Profile_Creation_Page_Objects/btn_I_Want_To_Type' is clicked on

28-02-2024T13:23:08 - [MESSAGE][PASSED] - Object: 'Object Repository/Profile_Creation_Page/Profile_Creation_Page_Objects/btn_I_Want_To_Type' is clicked on

28-02-2024T13:23:08 - [TEST_STEP][PASSED] - setText(findTestObject("Profile_Creation_Page/Profile_Creation_Page_Objects/Input_I_Want_To_Type"), Profile): Text 'Greetings, I'm Naveen , a seasoned explorer in the journey of life, joyfully celebrating my 58 years of existence. With a background in literature, I dedicated decades to exploring the rich world of words and stories. Beyond academic pursuits, I find solace in the world of painting, crafting vibrant canvases that express the beauty of the written word. I have a joint family of 32 members. In a companion, I hope to find someone who shares my love for literature and the appreciation for the creative blend of art and storytelling. Health-wise, I've faced challenges with allergies, but with careful management and a balanced lifestyle, I continue to pursue my passions with vigor. Life has been a captivating adventure through the pages of books and art, and I look forward to painting new chapters with a like-minded soul who values the beauty of storytelling and the creativity of artistic expression.' is set on object 'Object Repository/Profile_Creation_Page/Profile_Creation_Page_Objects/Input_I_Want_To_Type'

28-02-2024T13:23:08 - [MESSAGE][PASSED] - Text 'Greetings, I'm Naveen , a seasoned explorer in the journey of life, joyfully celebrating my 58 years of existence. With a background in literature, I dedicated decades to exploring the rich world of words and stories. Beyond academic pursuits, I find solace in the world of painting, crafting vibrant canvases that express the beauty of the written word. I have a joint family of 32 members. In a companion, I hope to find someone who shares my love for literature and the appreciation for the creative blend of art and storytelling. Health-wise, I've faced challenges with allergies, but with careful management and a balanced lifestyle, I continue to pursue my passions with vigor. Life has been a captivating adventure through the pages of books and art, and I look forward to painting new chapters with a like-minded soul who values the beauty of storytelling and the creativity of artistic expression.' is set on object 'Object Repository/Profile_Creation_Page/Profile_Creation_Page_Objects/Input_I_Want_To_Type'

28-02-2024T13:23:08 - [TEST_STEP][PASSED] - scrollToElement(findTestObject("Object Repository/Profile_Creation_Page/Profile_Creation_Page_Objects/button_Next"), 0): Scroll to object 'Object Repository/Profile_Creation_Page/Profile_Creation_Page_Objects/button_Next' successfully

28-02-2024T13:23:08 - [MESSAGE][WARNING] - Timeout '0' is invalid. Using default page load timeout: '30'

28-02-2024T13:23:08 - [MESSAGE][PASSED] - Scroll to object 'Object Repository/Profile_Creation_Page/Profile_Creation_Page_Objects/button_Next' successfully

28-02-2024T13:23:08 - [TEST_STEP][PASSED] - click(findTestObject("Object Repository/Profile_Creation_Page/Profile_Creation_Page_Objects/button_Next")): Object: 'Object Repository/Profile_Creation_Page/Profile_Creation_Page_Objects/button_Next' is clicked on

28-02-2024T13:23:08 - [MESSAGE][PASSED] - Object: 'Object Repository/Profile_Creation_Page/Profile_Creation_Page_Objects/button_Next' is clicked on

28-02-2024T13:23:08 - [TEST_STEP][PASSED] - delay(20): Delayed 20 second(s)

28-02-2024T13:23:28 - [MESSAGE][PASSED] - Delayed 20 second(s)

28-02-2024T13:23:28 - [TEST_STEP][PASSED] - waitForElementNotPresent(findTestObject("WaitingPage/Waiting_Page/txt_1-2 minutes"), 180): Web element with id: 'Object Repository/WaitingPage/Waiting_Page/txt_1-2 minutes' located by 'By.xpath: //div[@id='root']/div/div/div/div/div/p[2]' is not present after '180' second(s)

28-02-2024T13:23:28 - [MESSAGE][PASSED] - Web element with id: 'Object Repository/WaitingPage/Waiting_Page/txt_1-2 minutes' located by 'By.xpath: //div[@id='root']/div/div/div/div/div/p[2]' is not present after '180' second(s)

28-02-2024T13:23:28 - [TEST_STEP][PASSED] - Education = getAttribute(findTestObject("Category_View_Page/Category_View_Page_Objects/Input_Edit_Educational_Info"), "value"): Attribute 'value' of object 'Object Repository/Category_View_Page/Category_View_Page_Objects/Input_Edit_Educational_Info' is: 'With a background in literature, I dedicated decades to exploring the rich world of words and stories.'

28-02-2024T13:23:28 - [MESSAGE][PASSED] - Attribute 'value' of object 'Object Repository/Category_View_Page/Category_View_Page_Objects/Input_Edit_Educational_Info' is: 'With a background in literature, I dedicated decades to exploring the rich world of words and stories.'

28-02-2024T13:23:28 - [TEST_STEP][PASSED] - validateText.ValidateText.calculateAndPrintPercentageMatch("EDUCATION", Education, EducationNew): validateText.ValidateText.calculateAndPrintPercentageMatch is PASSED

28-02-2024T13:23:28 - [MESSAGE][PASSED] - validateText.ValidateText.calculateAndPrintPercentageMatch is PASSED

28-02-2024T13:23:28 - [TEST_STEP][PASSED] - FamilyAndCommunity = getAttribute(findTestObject("Category_View_Page/Category_View_Page_Objects/Input_Edit_Family_And_Community_Involvement"), "value"): Attribute 'value' of object 'Object Repository/Category_View_Page/Category_View_Page_Objects/Input_Edit_Family_And_Community_Involvement' is: 'I have a joint family of 32 members.'

28-02-2024T13:23:28 - [MESSAGE][PASSED] - Attribute 'value' of object 'Object Repository/Category_View_Page/Category_View_Page_Objects/Input_Edit_Family_And_Community_Involvement' is: 'I have a joint family of 32 members.'

28-02-2024T13:23:28 - [TEST_STEP][PASSED] - validateText.ValidateText.calculateAndPrintPercentageMatch("FAMILYANDCOMMUNITY", FamilyAndCommunity, FamilyAndCommunityNew): validateText.ValidateText.calculateAndPrintPercentageMatch is PASSED

28-02-2024T13:23:28 - [MESSAGE][PASSED] - validateText.ValidateText.calculateAndPrintPercentageMatch is PASSED

28-02-2024T13:23:28 - [TEST_STEP][PASSED] - Hobbies = getAttribute(findTestObject("Category_View_Page/Category_View_Page_Objects/Input_Edit_Appropriate_Hobbies"), "value"): Attribute 'value' of object 'Object Repository/Category_View_Page/Category_View_Page_Objects/Input_Edit_Appropriate_Hobbies' is: 'Beyond academic pursuits, I find solace in the world of painting, crafting vibrant canvases that express the beauty of the written word.'

28-02-2024T13:23:28 - [MESSAGE][PASSED] - Attribute 'value' of object 'Object Repository/Category_View_Page/Category_View_Page_Objects/Input_Edit_Appropriate_Hobbies' is: 'Beyond academic pursuits, I find solace in the world of painting, crafting vibrant canvases that express the beauty of the written word.'

28-02-2024T13:23:28 - [TEST_STEP][PASSED] - validateText.ValidateText.calculateAndPrintPercentageMatch("HOBBIES", Hobbies, HobbiesNew): validateText.ValidateText.calculateAndPrintPercentageMatch is PASSED

28-02-2024T13:23:28 - [MESSAGE][PASSED] - validateText.ValidateText.calculateAndPrintPercentageMatch is PASSED

28-02-2024T13:23:28 - [TEST_STEP][PASSED] - Expectations = getAttribute(findTestObject("Category_View_Page/Category_View_Page_Objects/Input_Edit_expectation"), "value"): Attribute 'value' of object 'Object Repository/Category_View_Page/Category_View_Page_Objects/Input_Edit_expectation' is: 'In a companion, I hope to find someone who shares my love for literature and the appreciation for the creative blend of art and storytelling.'

28-02-2024T13:23:28 - [MESSAGE][PASSED] - Attribute 'value' of object 'Object Repository/Category_View_Page/Category_View_Page_Objects/Input_Edit_expectation' is: 'In a companion, I hope to find someone who shares my love for literature and the appreciation for the creative blend of art and storytelling.'

28-02-2024T13:23:28 - [TEST_STEP][PASSED] - validateText.ValidateText.calculateAndPrintPercentageMatch("EXPECTATIONS", Expectations, ExpectationsNew): validateText.ValidateText.calculateAndPrintPercentageMatch is PASSED

28-02-2024T13:23:28 - [MESSAGE][PASSED] - validateText.ValidateText.calculateAndPrintPercentageMatch is PASSED

28-02-2024T13:23:28 - [TEST_STEP][PASSED] - Others = getAttribute(findTestObject("Category_View_Page/Category_View_Page_Objects/Input_Edit_Appropriate_Health"), "value"): Attribute 'value' of object 'Object Repository/Category_View_Page/Category_View_Page_Objects/Input_Edit_Appropriate_Health' is: 'Greetings, I'm Naveen , a seasoned explorer in the journey of life, joyfully celebrating my 58 years of existence. Life has been a captivating adventure through the pages of books and art, and I look forward to painting new chapters with a like-minded soul who values the beauty of storytelling and the creativity of artistic expression. Health-wise, I've faced challenges with allergies, but with careful management and a balanced lifestyle, I continue to pursue my passions with vigor.'

28-02-2024T13:23:28 - [MESSAGE][PASSED] - Attribute 'value' of object 'Object Repository/Category_View_Page/Category_View_Page_Objects/Input_Edit_Appropriate_Health' is: 'Greetings, I'm Naveen , a seasoned explorer in the journey of life, joyfully celebrating my 58 years of existence. Life has been a captivating adventure through the pages of books and art, and I look forward to painting new chapters with a like-minded soul who values the beauty of storytelling and the creativity of artistic expression. Health-wise, I've faced challenges with allergies, but with careful management and a balanced lifestyle, I continue to pursue my passions with vigor.'

28-02-2024T13:23:28 - [TEST_STEP][PASSED] - validateText.ValidateText.calculateAndPrintPercentageMatch("OTHERS", Others, OtherNew): validateText.ValidateText.calculateAndPrintPercentageMatch is PASSED

28-02-2024T13:23:28 - [MESSAGE][PASSED] - validateText.ValidateText.calculateAndPrintPercentageMatch is PASSED

28-02-2024T13:23:28 - [TEST_STEP][PASSED] - waitForElementClickable(findTestObject("Category_View_Page/Category_View_Page_Objects/button_Next"), 65): Object 'Object Repository/Category_View_Page/Category_View_Page_Objects/button_Next' is clickable

28-02-2024T13:23:28 - [MESSAGE][PASSED] - Object 'Object Repository/Category_View_Page/Category_View_Page_Objects/button_Next' is clickable

28-02-2024T13:23:28 - [TEST_STEP][PASSED] - click(findTestObject("Category_View_Page/Category_View_Page_Objects/button_Next")): Object: 'Object Repository/Category_View_Page/Category_View_Page_Objects/button_Next' is clicked on

28-02-2024T13:23:30 - [MESSAGE][PASSED] - Object: 'Object Repository/Category_View_Page/Category_View_Page_Objects/button_Next' is clicked on

28-02-2024T13:23:30 - [TEST_STEP][PASSED] - waitForElementNotPresent(findTestObject("WaitingPage/Waiting_Page/Clock_categoryToCalender"), 10): Web element with id: 'Object Repository/WaitingPage/Waiting_Page/Clock_categoryToCalender' located by 'By.xpath: //div[@id='root']/div/div/div/div/span' is not present after '10' second(s)

28-02-2024T13:23:33 - [MESSAGE][PASSED] - Web element with id: 'Object Repository/WaitingPage/Waiting_Page/Clock_categoryToCalender' located by 'By.xpath: //div[@id='root']/div/div/div/div/span' is not present after '10' second(s)

28-02-2024T13:23:33 - [TEST_STEP][PASSED] - scrollToElement(findTestObject("Calendar_page/Input_Start_Date"), 0): Scroll to object 'Object Repository/Calendar_page/Input_Start_Date' successfully

28-02-2024T13:23:33 - [MESSAGE][WARNING] - Timeout '0' is invalid. Using default page load timeout: '30'

28-02-2024T13:23:33 - [MESSAGE][PASSED] - Scroll to object 'Object Repository/Calendar_page/Input_Start_Date' successfully

28-02-2024T13:23:33 - [TEST_STEP][PASSED] - click(findTestObject("Calendar_page/Input_Busy_Days")): Object: 'Object Repository/Calendar_page/Input_Busy_Days' is clicked on

28-02-2024T13:23:33 - [MESSAGE][PASSED] - Object: 'Object Repository/Calendar_page/Input_Busy_Days' is clicked on

28-02-2024T13:23:33 - [TEST_STEP][NOT_RUN] - click(findTestObject("Calendar_page/startDate/JanuaryStartDates/div_27")): NOT_RUN: click(findTestObject("Calendar_page/startDate/JanuaryStartDates/div_27"))

28-02-2024T13:23:33 - [MESSAGE][NOT_RUN] - NOT_RUN: click(findTestObject("Calendar_page/startDate/JanuaryStartDates/div_27"))

28-02-2024T13:23:33 - [TEST_STEP][NOT_RUN] - delay(2): NOT_RUN: delay(2)

28-02-2024T13:23:33 - [MESSAGE][NOT_RUN] - NOT_RUN: delay(2)

28-02-2024T13:23:33 - [TEST_STEP][NOT_RUN] - click(findTestObject("Calendar_page/startDate/JanuaryStartDates/div_27")): NOT_RUN: click(findTestObject("Calendar_page/startDate/JanuaryStartDates/div_27"))

28-02-2024T13:23:33 - [MESSAGE][NOT_RUN] - NOT_RUN: click(findTestObject("Calendar_page/startDate/JanuaryStartDates/div_27"))

28-02-2024T13:23:33 - [TEST_STEP][PASSED] - delay(2): Delayed 2 second(s)

28-02-2024T13:23:35 - [MESSAGE][PASSED] - Delayed 2 second(s)

28-02-2024T13:23:35 - [TEST_STEP][PASSED] - click(findTestObject("Calendar_page/div_day_Column")): Object: 'Object Repository/Calendar_page/div_day_Column' is clicked on

28-02-2024T13:23:35 - [MESSAGE][PASSED] - Object: 'Object Repository/Calendar_page/div_day_Column' is clicked on

28-02-2024T13:23:35 - [TEST_STEP][PASSED] - selectOptionByLabel(findTestObject("Calendar_page/Select_Available_From"), "05:30 PM", false): All options with label '05:30 PM' are selected in object 'Object Repository/Calendar_page/Select_Available_From' 

28-02-2024T13:23:35 - [MESSAGE][PASSED] - All options with label '05:30 PM' are selected in object 'Object Repository/Calendar_page/Select_Available_From' 

28-02-2024T13:23:35 - [TEST_STEP][PASSED] - delay(2): Delayed 2 second(s)

28-02-2024T13:23:37 - [MESSAGE][PASSED] - Delayed 2 second(s)

28-02-2024T13:23:37 - [TEST_STEP][PASSED] - selectOptionByLabel(findTestObject("Calendar_page/Select_Available_To"), "06:00 PM", false): All options with label '06:00 PM' are selected in object 'Object Repository/Calendar_page/Select_Available_To' 

28-02-2024T13:23:37 - [MESSAGE][PASSED] - All options with label '06:00 PM' are selected in object 'Object Repository/Calendar_page/Select_Available_To' 

28-02-2024T13:23:37 - [TEST_STEP][PASSED] - delay(2): Delayed 2 second(s)

28-02-2024T13:23:39 - [MESSAGE][PASSED] - Delayed 2 second(s)

28-02-2024T13:23:39 - [TEST_STEP][PASSED] - click(findTestObject("Calendar_page/button_Save")): Object: 'Object Repository/Calendar_page/button_Save' is clicked on

28-02-2024T13:23:39 - [MESSAGE][PASSED] - Object: 'Object Repository/Calendar_page/button_Save' is clicked on

28-02-2024T13:23:39 - [TEST_STEP][PASSED] - delay(2): Delayed 2 second(s)

28-02-2024T13:23:41 - [MESSAGE][PASSED] - Delayed 2 second(s)

28-02-2024T13:23:41 - [TEST_STEP][PASSED] - click(findTestObject("Calendar_page/Button_Next (1)")): Object: 'Object Repository/Calendar_page/Button_Next (1)' is clicked on

28-02-2024T13:23:41 - [MESSAGE][PASSED] - Object: 'Object Repository/Calendar_page/Button_Next (1)' is clicked on

28-02-2024T13:23:41 - [TEST_STEP][PASSED] - delay(3): Delayed 3 second(s)

28-02-2024T13:23:44 - [MESSAGE][PASSED] - Delayed 3 second(s)

28-02-2024T13:23:44 - [TEST_STEP][PASSED] - click(findTestObject("Calendar_page/button_Ok")): Object: 'Object Repository/Calendar_page/button_Ok' is clicked on

28-02-2024T13:23:44 - [MESSAGE][PASSED] - Object: 'Object Repository/Calendar_page/button_Ok' is clicked on

28-02-2024T13:23:44 - [TEST_STEP][PASSED] - delay(2): Delayed 2 second(s)

28-02-2024T13:23:46 - [MESSAGE][PASSED] - Delayed 2 second(s)

28-02-2024T13:23:46 - [TEST_STEP][PASSED] - callTestCase(findTestCase("Senior_TestCases/TC15_SeniorDemographic"), ["UserName":"", "Email":Email, "Profile":Profile, "EducationNew":EducationNew, "FamilyAndCommunityNew":FamilyAndCommunityNew, ... ], STOP_ON_FAILURE): Call Test Case 'Test Cases/Senior_TestCases/TC15_SeniorDemographic' successfully

28-02-2024T13:23:46 - [TEST_CASE][PASSED] - Test Cases/Senior_TestCases/TC15_SeniorDemographic: Test Cases/Senior_TestCases/TC15_SeniorDemographic

28-02-2024T13:23:46 - [TEST_STEP][PASSED] - verifyElementPresent(findTestObject("Demographic Page/Text_Personal Information"), 0, STOP_ON_FAILURE): Object 'Object Repository/Demographic Page/Text_Personal Information' is present

28-02-2024T13:23:46 - [MESSAGE][WARNING] - Timeout '0' is invalid. Using default page load timeout: '30'

28-02-2024T13:23:46 - [MESSAGE][PASSED] - Object 'Object Repository/Demographic Page/Text_Personal Information' is present

28-02-2024T13:23:46 - [TEST_STEP][PASSED] - verifyElementPresent(findTestObject("Demographic Page/My Information/Text_My Information"), 0, STOP_ON_FAILURE): Object 'Object Repository/Demographic Page/My Information/Text_My Information' is present

28-02-2024T13:23:46 - [MESSAGE][WARNING] - Timeout '0' is invalid. Using default page load timeout: '30'

28-02-2024T13:23:46 - [MESSAGE][PASSED] - Object 'Object Repository/Demographic Page/My Information/Text_My Information' is present

28-02-2024T13:23:46 - [TEST_STEP][PASSED] - NAME = getAttribute(findTestObject("Demographic Page/My Information/Input_Name"), "value"): Attribute 'value' of object 'Object Repository/Demographic Page/My Information/Input_Name' is: 'dilip'

28-02-2024T13:23:46 - [MESSAGE][PASSED] - Attribute 'value' of object 'Object Repository/Demographic Page/My Information/Input_Name' is: 'dilip'

28-02-2024T13:23:46 - [TEST_STEP][PASSED] - validateText.ValidateText.calculateAndPrintPercentageMatch("Name", NAME, UserName): validateText.ValidateText.calculateAndPrintPercentageMatch is PASSED

28-02-2024T13:23:46 - [MESSAGE][PASSED] - validateText.ValidateText.calculateAndPrintPercentageMatch is PASSED

28-02-2024T13:23:46 - [TEST_STEP][PASSED] - verifyElementPresent(findTestObject("Demographic Page/My Information/Input__MobileNumber"), 0): Object 'Object Repository/Demographic Page/My Information/Input__MobileNumber' is present

28-02-2024T13:23:46 - [MESSAGE][WARNING] - Timeout '0' is invalid. Using default page load timeout: '30'

28-02-2024T13:23:46 - [MESSAGE][PASSED] - Object 'Object Repository/Demographic Page/My Information/Input__MobileNumber' is present

28-02-2024T13:23:46 - [TEST_STEP][PASSED] - setText(findTestObject("Demographic Page/My Information/Input__MobileNumber"), mobile_no): Text '2298900988' is set on object 'Object Repository/Demographic Page/My Information/Input__MobileNumber'

28-02-2024T13:23:46 - [MESSAGE][PASSED] - Text '2298900988' is set on object 'Object Repository/Demographic Page/My Information/Input__MobileNumber'

28-02-2024T13:23:46 - [TEST_STEP][PASSED] - setText(findTestObject("Demographic Page/My Information/Input__BirthYear"), birth_year): Text '1988' is set on object 'Object Repository/Demographic Page/My Information/Input__BirthYear'

28-02-2024T13:23:47 - [MESSAGE][PASSED] - Text '1988' is set on object 'Object Repository/Demographic Page/My Information/Input__BirthYear'

28-02-2024T13:23:47 - [TEST_STEP][PASSED] - EMAIL = getAttribute(findTestObject("Demographic Page/My Information/Input_Email"), "value"): Attribute 'value' of object 'Object Repository/Demographic Page/My Information/Input_Email' is: 'Dilip@gmail.com'

28-02-2024T13:23:47 - [MESSAGE][PASSED] - Attribute 'value' of object 'Object Repository/Demographic Page/My Information/Input_Email' is: 'Dilip@gmail.com'

28-02-2024T13:23:47 - [TEST_STEP][PASSED] - validateText.ValidateText.calculateAndPrintPercentageMatch("Email", EMAIL, Email): validateText.ValidateText.calculateAndPrintPercentageMatch is PASSED

28-02-2024T13:23:47 - [MESSAGE][PASSED] - validateText.ValidateText.calculateAndPrintPercentageMatch is PASSED

28-02-2024T13:23:47 - [TEST_STEP][PASSED] - setText(findTestObject("Demographic Page/My Information/Input__Address1"), address_1): Text 'Oak Lane' is set on object 'Object Repository/Demographic Page/My Information/Input__Address1'

28-02-2024T13:23:47 - [MESSAGE][PASSED] - Text 'Oak Lane' is set on object 'Object Repository/Demographic Page/My Information/Input__Address1'

28-02-2024T13:23:47 - [TEST_STEP][PASSED] - setText(findTestObject("Demographic Page/My Information/Input_Address2"), address_2): Text 'Temple Road' is set on object 'Object Repository/Demographic Page/My Information/Input_Address2'

28-02-2024T13:23:47 - [MESSAGE][PASSED] - Text 'Temple Road' is set on object 'Object Repository/Demographic Page/My Information/Input_Address2'

28-02-2024T13:23:47 - [TEST_STEP][PASSED] - selectOptionByLabel(findTestObject("Demographic Page/My Information/Select_State"), "Texas", false): All options with label 'Texas' are selected in object 'Object Repository/Demographic Page/My Information/Select_State' 

28-02-2024T13:23:47 - [MESSAGE][PASSED] - All options with label 'Texas' are selected in object 'Object Repository/Demographic Page/My Information/Select_State' 

28-02-2024T13:23:47 - [TEST_STEP][PASSED] - selectOptionByLabel(findTestObject("Demographic Page/My Information/Select_City"), "Houston", false): All options with label 'Houston' are selected in object 'Object Repository/Demographic Page/My Information/Select_City' 

28-02-2024T13:23:47 - [MESSAGE][PASSED] - All options with label 'Houston' are selected in object 'Object Repository/Demographic Page/My Information/Select_City' 

28-02-2024T13:23:47 - [TEST_STEP][PASSED] - setText(findTestObject("Demographic Page/My Information/Input__Zipcode"), ZipCode): Text '' is set on object 'Object Repository/Demographic Page/My Information/Input__Zipcode'

28-02-2024T13:23:47 - [MESSAGE][PASSED] - Text '' is set on object 'Object Repository/Demographic Page/My Information/Input__Zipcode'

28-02-2024T13:23:47 - [TEST_STEP][PASSED] - setText(findTestObject("ECemergencyNew/Page_CaringConnections-v-1.17/input__emergencyName"), emergency_name): Text 'Shri' is set on object 'Object Repository/ECemergencyNew/Page_CaringConnections-v-1.17/input__emergencyName'

28-02-2024T13:23:47 - [MESSAGE][PASSED] - Text 'Shri' is set on object 'Object Repository/ECemergencyNew/Page_CaringConnections-v-1.17/input__emergencyName'

28-02-2024T13:23:47 - [TEST_STEP][PASSED] - selectOptionByLabel(findTestObject("ECemergencyNew/Page_CaringConnections-v-1.17/Select_EC_Relation"), "Family", false): All options with label 'Family' are selected in object 'Object Repository/ECemergencyNew/Page_CaringConnections-v-1.17/Select_EC_Relation' 

28-02-2024T13:23:47 - [MESSAGE][PASSED] - All options with label 'Family' are selected in object 'Object Repository/ECemergencyNew/Page_CaringConnections-v-1.17/Select_EC_Relation' 

28-02-2024T13:23:47 - [TEST_STEP][PASSED] - setText(findTestObject("ECemergencyNew/Page_CaringConnections-v-1.17/input__emergencyAddress"), emergency_address): Text 'Zion Colony' is set on object 'Object Repository/ECemergencyNew/Page_CaringConnections-v-1.17/input__emergencyAddress'

28-02-2024T13:23:47 - [MESSAGE][PASSED] - Text 'Zion Colony' is set on object 'Object Repository/ECemergencyNew/Page_CaringConnections-v-1.17/input__emergencyAddress'

28-02-2024T13:23:47 - [TEST_STEP][PASSED] - setText(findTestObject("ECemergencyNew/Page_CaringConnections-v-1.17/input_Address Line 2 (Optional)_emergencyAddress2"), address_line2): Text 'Eros Lane' is set on object 'Object Repository/ECemergencyNew/Page_CaringConnections-v-1.17/input_Address Line 2 (Optional)_emergencyAddress2'

28-02-2024T13:23:47 - [MESSAGE][PASSED] - Text 'Eros Lane' is set on object 'Object Repository/ECemergencyNew/Page_CaringConnections-v-1.17/input_Address Line 2 (Optional)_emergencyAddress2'

28-02-2024T13:23:47 - [TEST_STEP][PASSED] - selectOptionByLabel(findTestObject("ECemergencyNew/Page_CaringConnections-v-1.17/Select_EC_State"), "California", false): All options with label 'California' are selected in object 'Object Repository/ECemergencyNew/Page_CaringConnections-v-1.17/Select_EC_State' 

28-02-2024T13:23:47 - [MESSAGE][PASSED] - All options with label 'California' are selected in object 'Object Repository/ECemergencyNew/Page_CaringConnections-v-1.17/Select_EC_State' 

28-02-2024T13:23:47 - [TEST_STEP][PASSED] - selectOptionByLabel(findTestObject("ECemergencyNew/Page_CaringConnections-v-1.17/SelectEC_City"), "Fresno", false): All options with label 'Fresno' are selected in object 'Object Repository/ECemergencyNew/Page_CaringConnections-v-1.17/SelectEC_City' 

28-02-2024T13:23:48 - [MESSAGE][PASSED] - All options with label 'Fresno' are selected in object 'Object Repository/ECemergencyNew/Page_CaringConnections-v-1.17/SelectEC_City' 

28-02-2024T13:23:48 - [TEST_STEP][PASSED] - setText(findTestObject("ECemergencyNew/Page_CaringConnections-v-1.17/input__emergencyZipcode"), emergency_zip_code): Text '345654' is set on object 'Object Repository/ECemergencyNew/Page_CaringConnections-v-1.17/input__emergencyZipcode'

28-02-2024T13:23:48 - [MESSAGE][PASSED] - Text '345654' is set on object 'Object Repository/ECemergencyNew/Page_CaringConnections-v-1.17/input__emergencyZipcode'

28-02-2024T13:23:48 - [TEST_STEP][PASSED] - setText(findTestObject("ECemergencyNew/Page_CaringConnections-v-1.17/input__emergencyMobileNumber"), emergency_mobile_no): Text '3454345213' is set on object 'Object Repository/ECemergencyNew/Page_CaringConnections-v-1.17/input__emergencyMobileNumber'

28-02-2024T13:23:48 - [MESSAGE][PASSED] - Text '3454345213' is set on object 'Object Repository/ECemergencyNew/Page_CaringConnections-v-1.17/input__emergencyMobileNumber'

28-02-2024T13:23:48 - [TEST_STEP][PASSED] - setText(findTestObject("ECemergencyNew/Page_CaringConnections-v-1.17/input_Other No_emergencyOtherNumber"), emergency_other_no): Text '3355645780' is set on object 'Object Repository/ECemergencyNew/Page_CaringConnections-v-1.17/input_Other No_emergencyOtherNumber'

28-02-2024T13:23:48 - [MESSAGE][PASSED] - Text '3355645780' is set on object 'Object Repository/ECemergencyNew/Page_CaringConnections-v-1.17/input_Other No_emergencyOtherNumber'

28-02-2024T13:23:48 - [TEST_STEP][PASSED] - click(findTestObject("Demographic Page/Demographic_Validation/Senior_Demographic_Validation/Page_CaringConnections-v-1.18/button_Next")): Object: 'Object Repository/Demographic Page/Demographic_Validation/Senior_Demographic_Validation/Page_CaringConnections-v-1.18/button_Next' is clicked on

28-02-2024T13:23:50 - [MESSAGE][PASSED] - Object: 'Object Repository/Demographic Page/Demographic_Validation/Senior_Demographic_Validation/Page_CaringConnections-v-1.18/button_Next' is clicked on

28-02-2024T13:23:50 - [MESSAGE][PASSED] - Call Test Case 'Test Cases/Senior_TestCases/TC15_SeniorDemographic' successfully

28-02-2024T13:23:50 - [TEST_STEP][PASSED] - callTestCase(findTestCase("Other_Imp_TestCases/Thank_You_Page"), [:], STOP_ON_FAILURE): Call Test Case 'Test Cases/Other_Imp_TestCases/Thank_You_Page' successfully

28-02-2024T13:23:50 - [TEST_CASE][PASSED] - Test Cases/Other_Imp_TestCases/Thank_You_Page: Test Cases/Other_Imp_TestCases/Thank_You_Page

28-02-2024T13:23:50 - [TEST_STEP][PASSED] - verifyElementPresent(findTestObject("Object Repository/Thank_You_Page/Page_CaringConnections-v-1.18/h1_Thank you"), 0): Object 'Object Repository/Thank_You_Page/Page_CaringConnections-v-1.18/h1_Thank you' is present

28-02-2024T13:23:50 - [MESSAGE][WARNING] - Timeout '0' is invalid. Using default page load timeout: '30'

28-02-2024T13:23:50 - [MESSAGE][PASSED] - Object 'Object Repository/Thank_You_Page/Page_CaringConnections-v-1.18/h1_Thank you' is present

28-02-2024T13:23:50 - [TEST_STEP][PASSED] - verifyElementPresent(findTestObject("Object Repository/Thank_You_Page/Page_CaringConnections-v-1.18/p_badge(role)"), 0): Object 'Object Repository/Thank_You_Page/Page_CaringConnections-v-1.18/p_badge(role)' is present

28-02-2024T13:23:50 - [MESSAGE][WARNING] - Timeout '0' is invalid. Using default page load timeout: '30'

28-02-2024T13:23:50 - [MESSAGE][PASSED] - Object 'Object Repository/Thank_You_Page/Page_CaringConnections-v-1.18/p_badge(role)' is present

28-02-2024T13:23:50 - [TEST_STEP][PASSED] - verifyElementPresent(findTestObject("Thank_You_Page/Page_CaringConnections-v-1.18/img"), 0): Object 'Object Repository/Thank_You_Page/Page_CaringConnections-v-1.18/img' is present

28-02-2024T13:23:50 - [MESSAGE][WARNING] - Timeout '0' is invalid. Using default page load timeout: '30'

28-02-2024T13:23:50 - [MESSAGE][PASSED] - Object 'Object Repository/Thank_You_Page/Page_CaringConnections-v-1.18/img' is present

28-02-2024T13:23:50 - [TEST_STEP][PASSED] - click(findTestObject("Object Repository/Thank_You_Page/Page_CaringConnections-v-1.18/img")): Object: 'Object Repository/Thank_You_Page/Page_CaringConnections-v-1.18/img' is clicked on

28-02-2024T13:23:51 - [MESSAGE][PASSED] - Object: 'Object Repository/Thank_You_Page/Page_CaringConnections-v-1.18/img' is clicked on

28-02-2024T13:23:51 - [MESSAGE][PASSED] - Call Test Case 'Test Cases/Other_Imp_TestCases/Thank_You_Page' successfully]]></system-out>
         <system-err><![CDATA[]]></system-err>
      </testcase>
      <system-out><![CDATA[28-02-2024T13:19:49 - [TEST_SUITE][PASSED] - Senior_Type: Test Cases/End_To_End_TestCases/Senior_Full_Flow/ReRecord_Type]]></system-out>
      <system-err><![CDATA[]]></system-err>
   </testsuite>
</testsuites>
