<?xml version="1.0" encoding="UTF-8"?>
<testsuites name="Companion_Type" time="253.336" tests="2" failures="0" errors="0">
   <testsuite name="Companion_Type" tests="2" failures="0" errors="0" time="253.336" skipped="0" timestamp="2024-01-12 14:14:02" hostname="PalakGupta - LININDAUG23-266.bbrouter" id="Test Suites/FunctionalTestSuites/Companion/Companion_Type">
      <properties>
         <property name="deviceName" value=""/>
         <property name="devicePlatform" value=""/>
         <property name="logFolder" value="C:\\Users\\PalakGupta\\OneDrive - pursuit software development pvt. ltd\\Desktop\\Automation_CaringConnection\\Reports\\20240112_141400\\FunctionalTestSuites\\Companion\\Companion_Type\\20240112_141400"/>
         <property name="logFiles" value="C:\\Users\\PalakGupta\\OneDrive - pursuit software development pvt. ltd\\Desktop\\Automation_CaringConnection\\Reports\\20240112_141400\\FunctionalTestSuites\\Companion\\Companion_Type\\20240112_141400\\execution0.log"/>
         <property name="attachments" value=""/>
         <property name="hostName" value="PalakGupta - LININDAUG23-266.bbrouter"/>
         <property name="os" value="Windows 11 64bit"/>
         <property name="katalonVersion" value="9.0.0.212"/>
         <property name="browser" value="Chrome 120.0.0.0"/>
         <property name="hostAddress" value="192.168.1.7"/>
         <property name="sessionId" value="cb837f9dcbc099e4efb115f4eb6cc934"/>
         <property name="seleniumVersion" value="3.141.59"/>
         <property name="proxyInformation" value="ProxyInformation { proxyOption=NO_PROXY, proxyServerType=HTTP, username=, password=********, proxyServerAddress=, proxyServerPort=0, executionList=&quot;&quot;, isApplyToDesiredCapabilities=true }"/>
         <property name="platform" value="Windows 11"/>
      </properties>
      <testcase name="Test Cases/Companion_TestCases/TC06_CreateProfile_Type" time="129.289" classname="Test Cases/Companion_TestCases/TC06_CreateProfile_Type" status="PASSED">
         <system-out><![CDATA[2024-01-12 14:14:02 - [TEST_CASE][PASSED] - Test Cases/Companion_TestCases/TC06_CreateProfile_Type: Test Cases/Companion_TestCases/TC06_CreateProfile_Type

2024-01-12 14:14:03 - [TEST_STEP][PASSED] - callTestCase(findTestCase("Common_TestCases/Companion_SignUp"), ["username":UserName, "zipcode":ZipCode, "email":Email, "password":Password], STOP_ON_FAILURE): Call Test Case 'Test Cases/Common_TestCases/Companion_SignUp' successfully

2024-01-12 14:14:03 - [TEST_CASE][PASSED] - Test Cases/Common_TestCases/Companion_SignUp: Test Cases/Common_TestCases/Companion_SignUp

2024-01-12 14:14:03 - [TEST_STEP][PASSED] - System.setProperty("webdriver.chrome.driver", "Data Files/chromedriver-win64/chromedriver.exe"): null

2024-01-12 14:14:03 - [TEST_STEP][PASSED] - options = new org.openqa.selenium.chrome.ChromeOptions(): null

2024-01-12 14:14:03 - [TEST_STEP][PASSED] - options.addArguments("start-maximized"): null

2024-01-12 14:14:03 - [TEST_STEP][PASSED] - options.addArguments("force-device-scale-factor=1.2"): null

2024-01-12 14:14:03 - [TEST_STEP][PASSED] - options.setExperimentalOption("prefs", new Script1700728747784$1(this)): null

2024-01-12 14:14:03 - [TEST_STEP][PASSED] - capabilities = DesiredCapabilities.chrome(): null

2024-01-12 14:14:03 - [TEST_STEP][PASSED] - capabilities.setCapability(CAPABILITY, options): null

2024-01-12 14:14:03 - [TEST_STEP][PASSED] - driver = new org.openqa.selenium.chrome.ChromeDriver(capabilities): null

2024-01-12 14:14:05 - [TEST_STEP][PASSED] - changeWebDriver(driver): null

2024-01-12 14:14:05 - [TEST_STEP][PASSED] - navigateToUrl("https://caring-connections-qa.azurewebsites.net/"): Navigate to 'https://caring-connections-qa.azurewebsites.net/' successfully

2024-01-12 14:14:09 - [MESSAGE][PASSED] - Navigate to 'https://caring-connections-qa.azurewebsites.net/' successfully

2024-01-12 14:14:09 - [TEST_STEP][PASSED] - click(findTestObject("Login_Pages/Sign_In_Page/button_Sign_Up")): Object: 'Object Repository/Login_Pages/Sign_In_Page/button_Sign_Up' is clicked on

2024-01-12 14:14:10 - [MESSAGE][PASSED] - Object: 'Object Repository/Login_Pages/Sign_In_Page/button_Sign_Up' is clicked on

2024-01-12 14:14:10 - [TEST_STEP][PASSED] - setText(findTestObject("Login_Pages/Sign_Up_Page/Input_First_Last_Name"), username): Text 'Emily' is set on object 'Object Repository/Login_Pages/Sign_Up_Page/Input_First_Last_Name'

2024-01-12 14:14:10 - [MESSAGE][PASSED] - Text 'Emily' is set on object 'Object Repository/Login_Pages/Sign_Up_Page/Input_First_Last_Name'

2024-01-12 14:14:10 - [TEST_STEP][PASSED] - setText(findTestObject("Login_Pages/Sign_Up_Page/Input_ZIP_code"), zipcode): Text '464646' is set on object 'Object Repository/Login_Pages/Sign_Up_Page/Input_ZIP_code'

2024-01-12 14:14:10 - [MESSAGE][PASSED] - Text '464646' is set on object 'Object Repository/Login_Pages/Sign_Up_Page/Input_ZIP_code'

2024-01-12 14:14:10 - [TEST_STEP][PASSED] - setText(findTestObject("Login_Pages/Sign_Up_Page/Input_Username"), email): Text 'emilye100@gmail.com' is set on object 'Object Repository/Login_Pages/Sign_Up_Page/Input_Username'

2024-01-12 14:14:10 - [MESSAGE][PASSED] - Text 'emilye100@gmail.com' is set on object 'Object Repository/Login_Pages/Sign_Up_Page/Input_Username'

2024-01-12 14:14:10 - [TEST_STEP][PASSED] - setText(findTestObject("Login_Pages/Sign_Up_Page/Input_Password"), password): Text 'Test@123' is set on object 'Object Repository/Login_Pages/Sign_Up_Page/Input_Password'

2024-01-12 14:14:10 - [MESSAGE][PASSED] - Text 'Test@123' is set on object 'Object Repository/Login_Pages/Sign_Up_Page/Input_Password'

2024-01-12 14:14:10 - [TEST_STEP][PASSED] - click(findTestObject("Login_Pages/Sign_Up_Page/button_role_Companion")): Object: 'Object Repository/Login_Pages/Sign_Up_Page/button_role_Companion' is clicked on

2024-01-12 14:14:11 - [MESSAGE][PASSED] - Object: 'Object Repository/Login_Pages/Sign_Up_Page/button_role_Companion' is clicked on

2024-01-12 14:14:11 - [TEST_STEP][PASSED] - click(findTestObject("Login_Pages/Sign_Up_Page/button_Sign_Up")): Object: 'Object Repository/Login_Pages/Sign_Up_Page/button_Sign_Up' is clicked on

2024-01-12 14:14:11 - [MESSAGE][PASSED] - Object: 'Object Repository/Login_Pages/Sign_Up_Page/button_Sign_Up' is clicked on

2024-01-12 14:14:11 - [MESSAGE][PASSED] - Call Test Case 'Test Cases/Common_TestCases/Companion_SignUp' successfully

2024-01-12 14:14:11 - [TEST_STEP][PASSED] - verifyElementPresent(findTestObject("Profile_Creation_Page/Profile_Creation_Page_Objects/Text_Expectations_From_Senior"), 0): Object 'Object Repository/Profile_Creation_Page/Profile_Creation_Page_Objects/Text_Expectations_From_Senior' is present

2024-01-12 14:14:11 - [MESSAGE][WARNING] - Timeout '0' is invalid. Using default page load timeout: '30'

2024-01-12 14:14:16 - [MESSAGE][PASSED] - Object 'Object Repository/Profile_Creation_Page/Profile_Creation_Page_Objects/Text_Expectations_From_Senior' is present

2024-01-12 14:14:16 - [TEST_STEP][PASSED] - verifyElementPresent(findTestObject("Profile_Creation_Page/Profile_Creation_Page_Objects/Text_Select the button of your choice to create your profile"), 0): Object 'Object Repository/Profile_Creation_Page/Profile_Creation_Page_Objects/Text_Select the button of your choice to create your profile' is present

2024-01-12 14:14:16 - [MESSAGE][WARNING] - Timeout '0' is invalid. Using default page load timeout: '30'

2024-01-12 14:14:16 - [MESSAGE][PASSED] - Object 'Object Repository/Profile_Creation_Page/Profile_Creation_Page_Objects/Text_Select the button of your choice to create your profile' is present

2024-01-12 14:14:16 - [TEST_STEP][PASSED] - verifyElementPresent(findTestObject("Profile_Creation_Page/Profile_Creation_Page_Objects/Text_We are excited"), 0): Object 'Object Repository/Profile_Creation_Page/Profile_Creation_Page_Objects/Text_We are excited' is present

2024-01-12 14:14:16 - [MESSAGE][WARNING] - Timeout '0' is invalid. Using default page load timeout: '30'

2024-01-12 14:14:16 - [MESSAGE][PASSED] - Object 'Object Repository/Profile_Creation_Page/Profile_Creation_Page_Objects/Text_We are excited' is present

2024-01-12 14:14:16 - [TEST_STEP][PASSED] - waitForElementClickable(findTestObject("Profile_Creation_Page/Profile_Creation_Page_Objects/btn_I_Want_To_Type"), 65): Object 'Object Repository/Profile_Creation_Page/Profile_Creation_Page_Objects/btn_I_Want_To_Type' is clickable

2024-01-12 14:14:59 - [MESSAGE][PASSED] - Object 'Object Repository/Profile_Creation_Page/Profile_Creation_Page_Objects/btn_I_Want_To_Type' is clickable

2024-01-12 14:14:59 - [TEST_STEP][PASSED] - click(findTestObject("Profile_Creation_Page/Profile_Creation_Page_Objects/btn_I_Want_To_Type")): Object: 'Object Repository/Profile_Creation_Page/Profile_Creation_Page_Objects/btn_I_Want_To_Type' is clicked on

2024-01-12 14:14:59 - [MESSAGE][PASSED] - Object: 'Object Repository/Profile_Creation_Page/Profile_Creation_Page_Objects/btn_I_Want_To_Type' is clicked on

2024-01-12 14:14:59 - [TEST_STEP][PASSED] - setText(findTestObject("Profile_Creation_Page/Profile_Creation_Page_Objects/Input_I_Want_To_Type"), Profile): Text 'Hello, I'm Emily, an avid environmental enthusiast, celebrating my 28 years of existence. Armed with a Bachelor's degree in environmental science, I've dedicated the past six years to researching and advocating for sustainable agricultural practices. Beyond my scientific work, I find immense joy in expressing my creativity through painting, creating vibrant works of art that reflect the beauty of the natural world. In my quest for professional growth, I'm in search of a Senior who can offer valuable insights as I navigate the complex world of environmental research and advocacy. On a personal front, I prioritize a balanced lifestyle despite managing allergies, with a carefully planned diet and regular meditation sessions ensuring both my physical and mental well-being. ' is set on object 'Object Repository/Profile_Creation_Page/Profile_Creation_Page_Objects/Input_I_Want_To_Type'

2024-01-12 14:14:59 - [MESSAGE][PASSED] - Text 'Hello, I'm Emily, an avid environmental enthusiast, celebrating my 28 years of existence. Armed with a Bachelor's degree in environmental science, I've dedicated the past six years to researching and advocating for sustainable agricultural practices. Beyond my scientific work, I find immense joy in expressing my creativity through painting, creating vibrant works of art that reflect the beauty of the natural world. In my quest for professional growth, I'm in search of a Senior who can offer valuable insights as I navigate the complex world of environmental research and advocacy. On a personal front, I prioritize a balanced lifestyle despite managing allergies, with a carefully planned diet and regular meditation sessions ensuring both my physical and mental well-being. ' is set on object 'Object Repository/Profile_Creation_Page/Profile_Creation_Page_Objects/Input_I_Want_To_Type'

2024-01-12 14:14:59 - [TEST_STEP][PASSED] - scrollToElement(findTestObject("Object Repository/Profile_Creation_Page/Profile_Creation_Page_Objects/button_Next"), 0): Scroll to object 'Object Repository/Profile_Creation_Page/Profile_Creation_Page_Objects/button_Next' successfully

2024-01-12 14:14:59 - [MESSAGE][WARNING] - Timeout '0' is invalid. Using default page load timeout: '30'

2024-01-12 14:14:59 - [MESSAGE][PASSED] - Scroll to object 'Object Repository/Profile_Creation_Page/Profile_Creation_Page_Objects/button_Next' successfully

2024-01-12 14:14:59 - [TEST_STEP][PASSED] - click(findTestObject("Object Repository/Profile_Creation_Page/Profile_Creation_Page_Objects/button_Next")): Object: 'Object Repository/Profile_Creation_Page/Profile_Creation_Page_Objects/button_Next' is clicked on

2024-01-12 14:14:59 - [MESSAGE][PASSED] - Object: 'Object Repository/Profile_Creation_Page/Profile_Creation_Page_Objects/button_Next' is clicked on

2024-01-12 14:14:59 - [TEST_STEP][PASSED] - delay(45): Delayed 45 second(s)

2024-01-12 14:15:44 - [MESSAGE][PASSED] - Delayed 45 second(s)

2024-01-12 14:15:44 - [TEST_STEP][PASSED] - Education = getAttribute(findTestObject("Category_View_Page/Category_View_Page_Objects/Input_Edit_Educational_Info"), "value"): Attribute 'value' of object 'Object Repository/Category_View_Page/Category_View_Page_Objects/Input_Edit_Educational_Info' is: 'Armed with a Bachelor's degree in environmental science, I've dedicated the past six years to researching and advocating for sustainable agricultural practices.'

2024-01-12 14:15:44 - [MESSAGE][PASSED] - Attribute 'value' of object 'Object Repository/Category_View_Page/Category_View_Page_Objects/Input_Edit_Educational_Info' is: 'Armed with a Bachelor's degree in environmental science, I've dedicated the past six years to researching and advocating for sustainable agricultural practices.'

2024-01-12 14:15:44 - [TEST_STEP][PASSED] - validateText.ValidateText.calculateAndPrintPercentageMatch("EDUCATION", Education, EducationNew): validateText.ValidateText.calculateAndPrintPercentageMatch is PASSED

2024-01-12 14:15:45 - [MESSAGE][PASSED] - validateText.ValidateText.calculateAndPrintPercentageMatch is PASSED

2024-01-12 14:15:45 - [TEST_STEP][PASSED] - Hobbies = getAttribute(findTestObject("Category_View_Page/Category_View_Page_Objects/Input_Edit_Appropriate_Hobbies"), "value"): Attribute 'value' of object 'Object Repository/Category_View_Page/Category_View_Page_Objects/Input_Edit_Appropriate_Hobbies' is: 'Beyond my scientific work, I find immense joy in expressing my creativity through painting, creating vibrant works of art that reflect the beauty of the natural world.'

2024-01-12 14:15:45 - [MESSAGE][PASSED] - Attribute 'value' of object 'Object Repository/Category_View_Page/Category_View_Page_Objects/Input_Edit_Appropriate_Hobbies' is: 'Beyond my scientific work, I find immense joy in expressing my creativity through painting, creating vibrant works of art that reflect the beauty of the natural world.'

2024-01-12 14:15:45 - [TEST_STEP][PASSED] - validateText.ValidateText.calculateAndPrintPercentageMatch("HOBBIES", Hobbies, HobbiesNew): validateText.ValidateText.calculateAndPrintPercentageMatch is PASSED

2024-01-12 14:15:45 - [MESSAGE][PASSED] - validateText.ValidateText.calculateAndPrintPercentageMatch is PASSED

2024-01-12 14:15:45 - [TEST_STEP][PASSED] - Expectations = getAttribute(findTestObject("Category_View_Page/Category_View_Page_Objects/Input_Edit_expectation"), "value"): Attribute 'value' of object 'Object Repository/Category_View_Page/Category_View_Page_Objects/Input_Edit_expectation' is: 'In my quest for professional growth, I'm in search of a Senior who can offer valuable insights as I navigate the complex world of environmental research and advocacy.'

2024-01-12 14:15:45 - [MESSAGE][PASSED] - Attribute 'value' of object 'Object Repository/Category_View_Page/Category_View_Page_Objects/Input_Edit_expectation' is: 'In my quest for professional growth, I'm in search of a Senior who can offer valuable insights as I navigate the complex world of environmental research and advocacy.'

2024-01-12 14:15:45 - [TEST_STEP][PASSED] - validateText.ValidateText.calculateAndPrintPercentageMatch("EXPECTATIONS", Expectations, ExpectationsNew): validateText.ValidateText.calculateAndPrintPercentageMatch is PASSED

2024-01-12 14:15:45 - [MESSAGE][PASSED] - validateText.ValidateText.calculateAndPrintPercentageMatch is PASSED

2024-01-12 14:15:45 - [TEST_STEP][PASSED] - Others = getAttribute(findTestObject("Category_View_Page/Category_View_Page_Objects/Input_Edit_Appropriate_Health"), "value"): Attribute 'value' of object 'Object Repository/Category_View_Page/Category_View_Page_Objects/Input_Edit_Appropriate_Health' is: 'Hello, I'm Emily, an avid environmental enthusiast, celebrating my 28 years of existence. On a personal front, I prioritize a balanced lifestyle despite managing allergies, with a carefully planned diet and regular meditation sessions ensuring both my physical and mental well-being.'

2024-01-12 14:15:45 - [MESSAGE][PASSED] - Attribute 'value' of object 'Object Repository/Category_View_Page/Category_View_Page_Objects/Input_Edit_Appropriate_Health' is: 'Hello, I'm Emily, an avid environmental enthusiast, celebrating my 28 years of existence. On a personal front, I prioritize a balanced lifestyle despite managing allergies, with a carefully planned diet and regular meditation sessions ensuring both my physical and mental well-being.'

2024-01-12 14:15:45 - [TEST_STEP][PASSED] - validateText.ValidateText.calculateAndPrintPercentageMatch("OTHERS", Others, OtherNew): validateText.ValidateText.calculateAndPrintPercentageMatch is PASSED

2024-01-12 14:15:45 - [MESSAGE][PASSED] - validateText.ValidateText.calculateAndPrintPercentageMatch is PASSED

2024-01-12 14:15:45 - [TEST_STEP][PASSED] - waitForElementClickable(findTestObject("Object Repository/Category_View_Page/Category_View_Page_Objects/button_Next"), 65): Object 'Object Repository/Category_View_Page/Category_View_Page_Objects/button_Next' is clickable

2024-01-12 14:15:45 - [MESSAGE][PASSED] - Object 'Object Repository/Category_View_Page/Category_View_Page_Objects/button_Next' is clickable

2024-01-12 14:15:45 - [TEST_STEP][PASSED] - click(findTestObject("Object Repository/Category_View_Page/Category_View_Page_Objects/button_Next")): Object: 'Object Repository/Category_View_Page/Category_View_Page_Objects/button_Next' is clicked on

2024-01-12 14:15:47 - [MESSAGE][PASSED] - Object: 'Object Repository/Category_View_Page/Category_View_Page_Objects/button_Next' is clicked on

2024-01-12 14:15:47 - [TEST_STEP][PASSED] - waitForElementNotPresent(findTestObject("WaitingPage/Waiting_Page/Clock_categoryToCalender"), 10): Web element with id: 'Object Repository/WaitingPage/Waiting_Page/Clock_categoryToCalender' located by 'By.xpath: //div[@id='root']/div/div/div/div/span' is not present after '10' second(s)

2024-01-12 14:15:49 - [MESSAGE][PASSED] - Web element with id: 'Object Repository/WaitingPage/Waiting_Page/Clock_categoryToCalender' located by 'By.xpath: //div[@id='root']/div/div/div/div/span' is not present after '10' second(s)

2024-01-12 14:15:49 - [TEST_STEP][PASSED] - scrollToElement(findTestObject("Calendar_page/Input_Start_Date"), 0): Scroll to object 'Object Repository/Calendar_page/Input_Start_Date' successfully

2024-01-12 14:15:49 - [MESSAGE][WARNING] - Timeout '0' is invalid. Using default page load timeout: '30'

2024-01-12 14:15:49 - [MESSAGE][PASSED] - Scroll to object 'Object Repository/Calendar_page/Input_Start_Date' successfully

2024-01-12 14:15:49 - [TEST_STEP][PASSED] - click(findTestObject("Calendar_page/Input_Start_Date")): Object: 'Object Repository/Calendar_page/Input_Start_Date' is clicked on

2024-01-12 14:15:49 - [MESSAGE][PASSED] - Object: 'Object Repository/Calendar_page/Input_Start_Date' is clicked on

2024-01-12 14:15:49 - [TEST_STEP][PASSED] - delay(3): Delayed 3 second(s)

2024-01-12 14:15:52 - [MESSAGE][PASSED] - Delayed 3 second(s)

2024-01-12 14:15:52 - [TEST_STEP][PASSED] - click(findTestObject("Calendar_page/startDate/JanuaryStartDates/div_14")): Object: 'Object Repository/Calendar_page/startDate/JanuaryStartDates/div_14' is clicked on

2024-01-12 14:15:52 - [MESSAGE][PASSED] - Object: 'Object Repository/Calendar_page/startDate/JanuaryStartDates/div_14' is clicked on

2024-01-12 14:15:52 - [TEST_STEP][PASSED] - delay(3): Delayed 3 second(s)

2024-01-12 14:15:55 - [MESSAGE][PASSED] - Delayed 3 second(s)

2024-01-12 14:15:55 - [TEST_STEP][PASSED] - click(findTestObject("Calendar_page/Input_Busy_Days")): Object: 'Object Repository/Calendar_page/Input_Busy_Days' is clicked on

2024-01-12 14:15:55 - [MESSAGE][PASSED] - Object: 'Object Repository/Calendar_page/Input_Busy_Days' is clicked on

2024-01-12 14:15:55 - [TEST_STEP][PASSED] - click(findTestObject("Calendar_page/startDate/JanuaryStartDates/div_20")): Object: 'Object Repository/Calendar_page/startDate/JanuaryStartDates/div_20' is clicked on

2024-01-12 14:15:55 - [MESSAGE][PASSED] - Object: 'Object Repository/Calendar_page/startDate/JanuaryStartDates/div_20' is clicked on

2024-01-12 14:15:55 - [TEST_STEP][PASSED] - delay(2): Delayed 2 second(s)

2024-01-12 14:15:57 - [MESSAGE][PASSED] - Delayed 2 second(s)

2024-01-12 14:15:57 - [TEST_STEP][PASSED] - click(findTestObject("Calendar_page/busyDates/JanuaryBusyDate/div_26")): Object: 'Object Repository/Calendar_page/busyDates/JanuaryBusyDate/div_26' is clicked on

2024-01-12 14:15:57 - [MESSAGE][PASSED] - Object: 'Object Repository/Calendar_page/busyDates/JanuaryBusyDate/div_26' is clicked on

2024-01-12 14:15:57 - [TEST_STEP][PASSED] - delay(2): Delayed 2 second(s)

2024-01-12 14:15:59 - [MESSAGE][PASSED] - Delayed 2 second(s)

2024-01-12 14:15:59 - [TEST_STEP][PASSED] - click(findTestObject("Calendar_page/div_day_Column")): Object: 'Object Repository/Calendar_page/div_day_Column' is clicked on

2024-01-12 14:16:00 - [MESSAGE][PASSED] - Object: 'Object Repository/Calendar_page/div_day_Column' is clicked on

2024-01-12 14:16:00 - [TEST_STEP][PASSED] - selectOptionByLabel(findTestObject("Calendar_page/Select_Available_From"), "05:30 PM", false): All options with label '05:30 PM' are selected in object 'Object Repository/Calendar_page/Select_Available_From' 

2024-01-12 14:16:00 - [MESSAGE][PASSED] - All options with label '05:30 PM' are selected in object 'Object Repository/Calendar_page/Select_Available_From' 

2024-01-12 14:16:00 - [TEST_STEP][PASSED] - delay(2): Delayed 2 second(s)

2024-01-12 14:16:02 - [MESSAGE][PASSED] - Delayed 2 second(s)

2024-01-12 14:16:02 - [TEST_STEP][PASSED] - selectOptionByLabel(findTestObject("Calendar_page/Select_Available_To"), "06:00 PM", false): All options with label '06:00 PM' are selected in object 'Object Repository/Calendar_page/Select_Available_To' 

2024-01-12 14:16:02 - [MESSAGE][PASSED] - All options with label '06:00 PM' are selected in object 'Object Repository/Calendar_page/Select_Available_To' 

2024-01-12 14:16:02 - [TEST_STEP][PASSED] - delay(2): Delayed 2 second(s)

2024-01-12 14:16:04 - [MESSAGE][PASSED] - Delayed 2 second(s)

2024-01-12 14:16:04 - [TEST_STEP][PASSED] - click(findTestObject("Calendar_page/button_Save")): Object: 'Object Repository/Calendar_page/button_Save' is clicked on

2024-01-12 14:16:04 - [MESSAGE][PASSED] - Object: 'Object Repository/Calendar_page/button_Save' is clicked on

2024-01-12 14:16:04 - [TEST_STEP][PASSED] - delay(2): Delayed 2 second(s)

2024-01-12 14:16:06 - [MESSAGE][PASSED] - Delayed 2 second(s)

2024-01-12 14:16:06 - [TEST_STEP][PASSED] - click(findTestObject("Calendar_page/Button_Next (1)")): Object: 'Object Repository/Calendar_page/Button_Next (1)' is clicked on

2024-01-12 14:16:06 - [MESSAGE][PASSED] - Object: 'Object Repository/Calendar_page/Button_Next (1)' is clicked on

2024-01-12 14:16:06 - [TEST_STEP][PASSED] - delay(3): Delayed 3 second(s)

2024-01-12 14:16:09 - [MESSAGE][PASSED] - Delayed 3 second(s)

2024-01-12 14:16:09 - [TEST_STEP][PASSED] - click(findTestObject("Calendar_page/button_Ok")): Object: 'Object Repository/Calendar_page/button_Ok' is clicked on

2024-01-12 14:16:09 - [MESSAGE][PASSED] - Object: 'Object Repository/Calendar_page/button_Ok' is clicked on

2024-01-12 14:16:09 - [TEST_STEP][PASSED] - delay(2): Delayed 2 second(s)

2024-01-12 14:16:11 - [MESSAGE][PASSED] - Delayed 2 second(s)

2024-01-12 14:16:11 - [TEST_STEP][PASSED] - closeBrowser(): Browser is closed

2024-01-12 14:16:12 - [MESSAGE][PASSED] - Browser is closed]]></system-out>
         <system-err><![CDATA[]]></system-err>
      </testcase>
      <testcase name="Test Cases/Companion_TestCases/TC07_ReRecord_Type" time="123.725" classname="Test Cases/Companion_TestCases/TC07_ReRecord_Type" status="PASSED">
         <system-out><![CDATA[2024-01-12 14:16:12 - [TEST_CASE][PASSED] - Test Cases/Companion_TestCases/TC07_ReRecord_Type: Test Cases/Companion_TestCases/TC07_ReRecord_Type

2024-01-12 14:16:12 - [TEST_STEP][PASSED] - callTestCase(findTestCase("Common_TestCases/Sign_In"), ["email":Email, "password":Password], STOP_ON_FAILURE): Call Test Case 'Test Cases/Common_TestCases/Sign_In' successfully

2024-01-12 14:16:12 - [TEST_CASE][PASSED] - Test Cases/Common_TestCases/Sign_In: Test Cases/Common_TestCases/Sign_In

2024-01-12 14:16:12 - [TEST_STEP][PASSED] - System.setProperty("webdriver.chrome.driver", "Data Files/chromedriver-win64/chromedriver.exe"): null

2024-01-12 14:16:12 - [TEST_STEP][PASSED] - options = new org.openqa.selenium.chrome.ChromeOptions(): null

2024-01-12 14:16:12 - [TEST_STEP][PASSED] - options.addArguments("start-maximized"): null

2024-01-12 14:16:12 - [TEST_STEP][PASSED] - options.addArguments("force-device-scale-factor=1.2"): null

2024-01-12 14:16:12 - [TEST_STEP][PASSED] - options.setExperimentalOption("prefs", new Script1700728747802$1(this)): null

2024-01-12 14:16:12 - [TEST_STEP][PASSED] - capabilities = DesiredCapabilities.chrome(): null

2024-01-12 14:16:12 - [TEST_STEP][PASSED] - capabilities.setCapability(CAPABILITY, options): null

2024-01-12 14:16:12 - [TEST_STEP][PASSED] - driver = new org.openqa.selenium.chrome.ChromeDriver(capabilities): null

2024-01-12 14:16:14 - [TEST_STEP][PASSED] - changeWebDriver(driver): null

2024-01-12 14:16:14 - [TEST_STEP][PASSED] - navigateToUrl("https://caring-connections-qa.azurewebsites.net/"): Navigate to 'https://caring-connections-qa.azurewebsites.net/' successfully

2024-01-12 14:16:17 - [MESSAGE][PASSED] - Navigate to 'https://caring-connections-qa.azurewebsites.net/' successfully

2024-01-12 14:16:17 - [TEST_STEP][PASSED] - setText(findTestObject("Login_Pages/Sign_In_Page/input_Username"), email): Text 'emilye100@gmail.com' is set on object 'Object Repository/Login_Pages/Sign_In_Page/input_Username'

2024-01-12 14:16:18 - [MESSAGE][PASSED] - Text 'emilye100@gmail.com' is set on object 'Object Repository/Login_Pages/Sign_In_Page/input_Username'

2024-01-12 14:16:18 - [TEST_STEP][PASSED] - setText(findTestObject("Login_Pages/Sign_In_Page/input_Password"), password): Text 'Test@123' is set on object 'Object Repository/Login_Pages/Sign_In_Page/input_Password'

2024-01-12 14:16:18 - [MESSAGE][PASSED] - Text 'Test@123' is set on object 'Object Repository/Login_Pages/Sign_In_Page/input_Password'

2024-01-12 14:16:18 - [TEST_STEP][PASSED] - click(findTestObject("Object Repository/Login_Pages/Sign_In_Page/button_Sign_In")): Object: 'Object Repository/Login_Pages/Sign_In_Page/button_Sign_In' is clicked on

2024-01-12 14:16:18 - [MESSAGE][PASSED] - Object: 'Object Repository/Login_Pages/Sign_In_Page/button_Sign_In' is clicked on

2024-01-12 14:16:18 - [MESSAGE][PASSED] - Call Test Case 'Test Cases/Common_TestCases/Sign_In' successfully

2024-01-12 14:16:18 - [TEST_STEP][PASSED] - delay(5): Delayed 5 second(s)

2024-01-12 14:16:23 - [MESSAGE][PASSED] - Delayed 5 second(s)

2024-01-12 14:16:23 - [TEST_STEP][PASSED] - scrollToElement(findTestObject("Object Repository/Category_View_Page/Category_View_Page_Objects/button_Re-record"), 0): Scroll to object 'Object Repository/Category_View_Page/Category_View_Page_Objects/button_Re-record' successfully

2024-01-12 14:16:23 - [MESSAGE][WARNING] - Timeout '0' is invalid. Using default page load timeout: '30'

2024-01-12 14:16:23 - [MESSAGE][PASSED] - Scroll to object 'Object Repository/Category_View_Page/Category_View_Page_Objects/button_Re-record' successfully

2024-01-12 14:16:23 - [TEST_STEP][PASSED] - click(findTestObject("Object Repository/Category_View_Page/Category_View_Page_Objects/button_Re-record")): Object: 'Object Repository/Category_View_Page/Category_View_Page_Objects/button_Re-record' is clicked on

2024-01-12 14:16:25 - [MESSAGE][PASSED] - Object: 'Object Repository/Category_View_Page/Category_View_Page_Objects/button_Re-record' is clicked on

2024-01-12 14:16:25 - [TEST_STEP][PASSED] - click(findTestObject("Object Repository/Category_View_Page/Category_View_Page_Objects/btn_Proceed_ReRecord")): Object: 'Object Repository/Category_View_Page/Category_View_Page_Objects/btn_Proceed_ReRecord' is clicked on

2024-01-12 14:16:27 - [MESSAGE][PASSED] - Object: 'Object Repository/Category_View_Page/Category_View_Page_Objects/btn_Proceed_ReRecord' is clicked on

2024-01-12 14:16:27 - [TEST_STEP][PASSED] - waitForElementClickable(findTestObject("Profile_Creation_Page/Profile_Creation_Page_Objects/btn_I_Want_To_Type"), 65): Object 'Object Repository/Profile_Creation_Page/Profile_Creation_Page_Objects/btn_I_Want_To_Type' is clickable

2024-01-12 14:17:10 - [MESSAGE][PASSED] - Object 'Object Repository/Profile_Creation_Page/Profile_Creation_Page_Objects/btn_I_Want_To_Type' is clickable

2024-01-12 14:17:10 - [TEST_STEP][PASSED] - click(findTestObject("Profile_Creation_Page/Profile_Creation_Page_Objects/btn_I_Want_To_Type")): Object: 'Object Repository/Profile_Creation_Page/Profile_Creation_Page_Objects/btn_I_Want_To_Type' is clicked on

2024-01-12 14:17:10 - [MESSAGE][PASSED] - Object: 'Object Repository/Profile_Creation_Page/Profile_Creation_Page_Objects/btn_I_Want_To_Type' is clicked on

2024-01-12 14:17:10 - [TEST_STEP][PASSED] - setText(findTestObject("Profile_Creation_Page/Profile_Creation_Page_Objects/Input_I_Want_To_Type"), Profile): Text 'Hello, I'm Emily, an avid environmental enthusiast, celebrating my 28 years of existence. Armed with a Bachelor's degree in environmental science, I've dedicated the past six years to researching and advocating for sustainable agricultural practices. Beyond my scientific work, I find immense joy in expressing my creativity through painting, creating vibrant works of art that reflect the beauty of the natural world. In my quest for professional growth, I'm in search of a Senior who can offer valuable insights as I navigate the complex world of environmental research and advocacy. On a personal front, I prioritize a balanced lifestyle despite managing allergies, with a carefully planned diet and regular meditation sessions ensuring both my physical and mental well-being. ' is set on object 'Object Repository/Profile_Creation_Page/Profile_Creation_Page_Objects/Input_I_Want_To_Type'

2024-01-12 14:17:10 - [MESSAGE][PASSED] - Text 'Hello, I'm Emily, an avid environmental enthusiast, celebrating my 28 years of existence. Armed with a Bachelor's degree in environmental science, I've dedicated the past six years to researching and advocating for sustainable agricultural practices. Beyond my scientific work, I find immense joy in expressing my creativity through painting, creating vibrant works of art that reflect the beauty of the natural world. In my quest for professional growth, I'm in search of a Senior who can offer valuable insights as I navigate the complex world of environmental research and advocacy. On a personal front, I prioritize a balanced lifestyle despite managing allergies, with a carefully planned diet and regular meditation sessions ensuring both my physical and mental well-being. ' is set on object 'Object Repository/Profile_Creation_Page/Profile_Creation_Page_Objects/Input_I_Want_To_Type'

2024-01-12 14:17:10 - [TEST_STEP][PASSED] - scrollToElement(findTestObject("Object Repository/Profile_Creation_Page/Profile_Creation_Page_Objects/button_Next"), 0): Scroll to object 'Object Repository/Profile_Creation_Page/Profile_Creation_Page_Objects/button_Next' successfully

2024-01-12 14:17:10 - [MESSAGE][WARNING] - Timeout '0' is invalid. Using default page load timeout: '30'

2024-01-12 14:17:10 - [MESSAGE][PASSED] - Scroll to object 'Object Repository/Profile_Creation_Page/Profile_Creation_Page_Objects/button_Next' successfully

2024-01-12 14:17:10 - [TEST_STEP][PASSED] - click(findTestObject("Object Repository/Profile_Creation_Page/Profile_Creation_Page_Objects/button_Next")): Object: 'Object Repository/Profile_Creation_Page/Profile_Creation_Page_Objects/button_Next' is clicked on

2024-01-12 14:17:10 - [MESSAGE][PASSED] - Object: 'Object Repository/Profile_Creation_Page/Profile_Creation_Page_Objects/button_Next' is clicked on

2024-01-12 14:17:10 - [TEST_STEP][PASSED] - delay(45): Delayed 45 second(s)

2024-01-12 14:17:55 - [MESSAGE][PASSED] - Delayed 45 second(s)

2024-01-12 14:17:55 - [TEST_STEP][PASSED] - Education = getAttribute(findTestObject("Category_View_Page/Category_View_Page_Objects/Input_Edit_Educational_Info"), "value"): Attribute 'value' of object 'Object Repository/Category_View_Page/Category_View_Page_Objects/Input_Edit_Educational_Info' is: 'Armed with a Bachelor's degree in environmental science, I've dedicated the past six years to researching and advocating for sustainable agricultural practices.'

2024-01-12 14:17:55 - [MESSAGE][PASSED] - Attribute 'value' of object 'Object Repository/Category_View_Page/Category_View_Page_Objects/Input_Edit_Educational_Info' is: 'Armed with a Bachelor's degree in environmental science, I've dedicated the past six years to researching and advocating for sustainable agricultural practices.'

2024-01-12 14:17:55 - [TEST_STEP][PASSED] - validateText.ValidateText.calculateAndPrintPercentageMatch("EDUCATION", Education, EducationNew): validateText.ValidateText.calculateAndPrintPercentageMatch is PASSED

2024-01-12 14:17:55 - [MESSAGE][PASSED] - validateText.ValidateText.calculateAndPrintPercentageMatch is PASSED

2024-01-12 14:17:55 - [TEST_STEP][PASSED] - Hobbies = getAttribute(findTestObject("Category_View_Page/Category_View_Page_Objects/Input_Edit_Appropriate_Hobbies"), "value"): Attribute 'value' of object 'Object Repository/Category_View_Page/Category_View_Page_Objects/Input_Edit_Appropriate_Hobbies' is: 'Beyond my scientific work, I find immense joy in expressing my creativity through painting, creating vibrant works of art that reflect the beauty of the natural world.'

2024-01-12 14:17:55 - [MESSAGE][PASSED] - Attribute 'value' of object 'Object Repository/Category_View_Page/Category_View_Page_Objects/Input_Edit_Appropriate_Hobbies' is: 'Beyond my scientific work, I find immense joy in expressing my creativity through painting, creating vibrant works of art that reflect the beauty of the natural world.'

2024-01-12 14:17:55 - [TEST_STEP][PASSED] - validateText.ValidateText.calculateAndPrintPercentageMatch("HOBBIES", Hobbies, HobbiesNew): validateText.ValidateText.calculateAndPrintPercentageMatch is PASSED

2024-01-12 14:17:55 - [MESSAGE][PASSED] - validateText.ValidateText.calculateAndPrintPercentageMatch is PASSED

2024-01-12 14:17:55 - [TEST_STEP][PASSED] - Expectations = getAttribute(findTestObject("Category_View_Page/Category_View_Page_Objects/Input_Edit_expectation"), "value"): Attribute 'value' of object 'Object Repository/Category_View_Page/Category_View_Page_Objects/Input_Edit_expectation' is: 'In my quest for professional growth, I'm in search of a Senior who can offer valuable insights as I navigate the complex world of environmental research and advocacy.'

2024-01-12 14:17:55 - [MESSAGE][PASSED] - Attribute 'value' of object 'Object Repository/Category_View_Page/Category_View_Page_Objects/Input_Edit_expectation' is: 'In my quest for professional growth, I'm in search of a Senior who can offer valuable insights as I navigate the complex world of environmental research and advocacy.'

2024-01-12 14:17:55 - [TEST_STEP][PASSED] - validateText.ValidateText.calculateAndPrintPercentageMatch("EXPECTATIONS", Expectations, ExpectationsNew): validateText.ValidateText.calculateAndPrintPercentageMatch is PASSED

2024-01-12 14:17:55 - [MESSAGE][PASSED] - validateText.ValidateText.calculateAndPrintPercentageMatch is PASSED

2024-01-12 14:17:55 - [TEST_STEP][PASSED] - Others = getAttribute(findTestObject("Category_View_Page/Category_View_Page_Objects/Input_Edit_Appropriate_Health"), "value"): Attribute 'value' of object 'Object Repository/Category_View_Page/Category_View_Page_Objects/Input_Edit_Appropriate_Health' is: 'Hello, I'm Emily, an avid environmental enthusiast, celebrating my 28 years of existence. On a personal front, I prioritize a balanced lifestyle despite managing allergies, with a carefully planned diet and regular meditation sessions ensuring both my physical and mental well-being.'

2024-01-12 14:17:56 - [MESSAGE][PASSED] - Attribute 'value' of object 'Object Repository/Category_View_Page/Category_View_Page_Objects/Input_Edit_Appropriate_Health' is: 'Hello, I'm Emily, an avid environmental enthusiast, celebrating my 28 years of existence. On a personal front, I prioritize a balanced lifestyle despite managing allergies, with a carefully planned diet and regular meditation sessions ensuring both my physical and mental well-being.'

2024-01-12 14:17:56 - [TEST_STEP][PASSED] - validateText.ValidateText.calculateAndPrintPercentageMatch("OTHERS", Others, OtherNew): validateText.ValidateText.calculateAndPrintPercentageMatch is PASSED

2024-01-12 14:17:56 - [MESSAGE][PASSED] - validateText.ValidateText.calculateAndPrintPercentageMatch is PASSED

2024-01-12 14:17:56 - [TEST_STEP][PASSED] - waitForElementClickable(findTestObject("Object Repository/Category_View_Page/Category_View_Page_Objects/button_Next"), 65): Object 'Object Repository/Category_View_Page/Category_View_Page_Objects/button_Next' is clickable

2024-01-12 14:17:56 - [MESSAGE][PASSED] - Object 'Object Repository/Category_View_Page/Category_View_Page_Objects/button_Next' is clickable

2024-01-12 14:17:56 - [TEST_STEP][PASSED] - click(findTestObject("Object Repository/Category_View_Page/Category_View_Page_Objects/button_Next")): Object: 'Object Repository/Category_View_Page/Category_View_Page_Objects/button_Next' is clicked on

2024-01-12 14:17:58 - [MESSAGE][PASSED] - Object: 'Object Repository/Category_View_Page/Category_View_Page_Objects/button_Next' is clicked on

2024-01-12 14:17:58 - [TEST_STEP][PASSED] - waitForElementNotPresent(findTestObject("WaitingPage/Waiting_Page/Clock_categoryToCalender"), 10): Web element with id: 'Object Repository/WaitingPage/Waiting_Page/Clock_categoryToCalender' located by 'By.xpath: //div[@id='root']/div/div/div/div/span' is not present after '10' second(s)

2024-01-12 14:17:59 - [MESSAGE][PASSED] - Web element with id: 'Object Repository/WaitingPage/Waiting_Page/Clock_categoryToCalender' located by 'By.xpath: //div[@id='root']/div/div/div/div/span' is not present after '10' second(s)

2024-01-12 14:17:59 - [TEST_STEP][PASSED] - scrollToElement(findTestObject("Calendar_page/Input_Start_Date"), 0): Scroll to object 'Object Repository/Calendar_page/Input_Start_Date' successfully

2024-01-12 14:17:59 - [MESSAGE][WARNING] - Timeout '0' is invalid. Using default page load timeout: '30'

2024-01-12 14:17:59 - [MESSAGE][PASSED] - Scroll to object 'Object Repository/Calendar_page/Input_Start_Date' successfully

2024-01-12 14:17:59 - [TEST_STEP][PASSED] - click(findTestObject("Calendar_page/Input_Busy_Days")): Object: 'Object Repository/Calendar_page/Input_Busy_Days' is clicked on

2024-01-12 14:18:00 - [MESSAGE][PASSED] - Object: 'Object Repository/Calendar_page/Input_Busy_Days' is clicked on

2024-01-12 14:18:00 - [TEST_STEP][PASSED] - click(findTestObject("Calendar_page/startDate/JanuaryStartDates/div_16")): Object: 'Object Repository/Calendar_page/startDate/JanuaryStartDates/div_16' is clicked on

2024-01-12 14:18:00 - [MESSAGE][PASSED] - Object: 'Object Repository/Calendar_page/startDate/JanuaryStartDates/div_16' is clicked on

2024-01-12 14:18:00 - [TEST_STEP][PASSED] - delay(2): Delayed 2 second(s)

2024-01-12 14:18:02 - [MESSAGE][PASSED] - Delayed 2 second(s)

2024-01-12 14:18:02 - [TEST_STEP][PASSED] - click(findTestObject("Calendar_page/startDate/JanuaryStartDates/div_16")): Object: 'Object Repository/Calendar_page/startDate/JanuaryStartDates/div_16' is clicked on

2024-01-12 14:18:02 - [MESSAGE][PASSED] - Object: 'Object Repository/Calendar_page/startDate/JanuaryStartDates/div_16' is clicked on

2024-01-12 14:18:02 - [TEST_STEP][PASSED] - delay(2): Delayed 2 second(s)

2024-01-12 14:18:04 - [MESSAGE][PASSED] - Delayed 2 second(s)

2024-01-12 14:18:04 - [TEST_STEP][PASSED] - click(findTestObject("Calendar_page/div_day_Column")): Object: 'Object Repository/Calendar_page/div_day_Column' is clicked on

2024-01-12 14:18:04 - [MESSAGE][PASSED] - Object: 'Object Repository/Calendar_page/div_day_Column' is clicked on

2024-01-12 14:18:04 - [TEST_STEP][PASSED] - selectOptionByLabel(findTestObject("Calendar_page/Select_Available_From"), "05:30 PM", false): All options with label '05:30 PM' are selected in object 'Object Repository/Calendar_page/Select_Available_From' 

2024-01-12 14:18:04 - [MESSAGE][PASSED] - All options with label '05:30 PM' are selected in object 'Object Repository/Calendar_page/Select_Available_From' 

2024-01-12 14:18:04 - [TEST_STEP][PASSED] - delay(2): Delayed 2 second(s)

2024-01-12 14:18:06 - [MESSAGE][PASSED] - Delayed 2 second(s)

2024-01-12 14:18:06 - [TEST_STEP][PASSED] - selectOptionByLabel(findTestObject("Calendar_page/Select_Available_To"), "06:00 PM", false): All options with label '06:00 PM' are selected in object 'Object Repository/Calendar_page/Select_Available_To' 

2024-01-12 14:18:06 - [MESSAGE][PASSED] - All options with label '06:00 PM' are selected in object 'Object Repository/Calendar_page/Select_Available_To' 

2024-01-12 14:18:06 - [TEST_STEP][PASSED] - delay(2): Delayed 2 second(s)

2024-01-12 14:18:08 - [MESSAGE][PASSED] - Delayed 2 second(s)

2024-01-12 14:18:08 - [TEST_STEP][PASSED] - click(findTestObject("Calendar_page/button_Save")): Object: 'Object Repository/Calendar_page/button_Save' is clicked on

2024-01-12 14:18:08 - [MESSAGE][PASSED] - Object: 'Object Repository/Calendar_page/button_Save' is clicked on

2024-01-12 14:18:08 - [TEST_STEP][PASSED] - delay(2): Delayed 2 second(s)

2024-01-12 14:18:10 - [MESSAGE][PASSED] - Delayed 2 second(s)

2024-01-12 14:18:10 - [TEST_STEP][PASSED] - click(findTestObject("Calendar_page/Button_Next (1)")): Object: 'Object Repository/Calendar_page/Button_Next (1)' is clicked on

2024-01-12 14:18:10 - [MESSAGE][PASSED] - Object: 'Object Repository/Calendar_page/Button_Next (1)' is clicked on

2024-01-12 14:18:10 - [TEST_STEP][PASSED] - delay(3): Delayed 3 second(s)

2024-01-12 14:18:13 - [MESSAGE][PASSED] - Delayed 3 second(s)

2024-01-12 14:18:13 - [TEST_STEP][PASSED] - click(findTestObject("Calendar_page/button_Ok")): Object: 'Object Repository/Calendar_page/button_Ok' is clicked on

2024-01-12 14:18:13 - [MESSAGE][PASSED] - Object: 'Object Repository/Calendar_page/button_Ok' is clicked on

2024-01-12 14:18:13 - [TEST_STEP][PASSED] - delay(2): Delayed 2 second(s)

2024-01-12 14:18:15 - [MESSAGE][PASSED] - Delayed 2 second(s)

2024-01-12 14:18:15 - [TEST_STEP][PASSED] - closeBrowser(): Browser is closed

2024-01-12 14:18:16 - [MESSAGE][PASSED] - Browser is closed]]></system-out>
         <system-err><![CDATA[]]></system-err>
      </testcase>
      <system-out><![CDATA[2024-01-12 14:14:02 - [TEST_SUITE][PASSED] - Companion_Type: Test Cases/Companion_TestCases/TC07_ReRecord_Type]]></system-out>
      <system-err><![CDATA[]]></system-err>
   </testsuite>
</testsuites>
