<?xml version="1.0" encoding="UTF-8"?>
<testsuites name="Senior_Type" time="242.391" tests="2" failures="0" errors="0">
   <testsuite name="Senior_Type" tests="2" failures="0" errors="0" time="242.391" skipped="0" timestamp="19-02-2024T10:21:58" hostname="Dilip Sunar - 192.168.1.2" id="Test Suites/FunctionalTestSuites/Senior/Senior_Type">
      <properties>
         <property name="deviceName" value=""/>
         <property name="devicePlatform" value=""/>
         <property name="logFolder" value="C:\\Users\\Dilip Sunar\\git\\common-repo-harsh-dilip\\Reports\\20240219_102154\\FunctionalTestSuites\\Senior\\Senior_Type\\20240219_102155"/>
         <property name="logFiles" value="C:\\Users\\Dilip Sunar\\git\\common-repo-harsh-dilip\\Reports\\20240219_102154\\FunctionalTestSuites\\Senior\\Senior_Type\\20240219_102155\\execution0.log"/>
         <property name="attachments" value=""/>
         <property name="hostName" value="Dilip Sunar - 192.168.1.2"/>
         <property name="os" value="Windows 11 64bit"/>
         <property name="katalonVersion" value="9.2.0.212"/>
         <property name="browser" value="Chrome 121.0.0.0"/>
         <property name="hostAddress" value="192.168.1.2"/>
         <property name="sessionId" value="6e1449e4cb309eceab4692e67c416aa4"/>
         <property name="seleniumVersion" value="3.141.59"/>
         <property name="proxyInformation" value="ProxyInformation { proxyOption=NO_PROXY, proxyServerType=HTTP, username=, password=********, proxyServerAddress=, proxyServerPort=0, executionList=&quot;&quot;, isApplyToDesiredCapabilities=true }"/>
         <property name="platform" value="Windows 11"/>
      </properties>
      <testcase name="Test Cases/Senior_TestCases/TC01_CreateProfile_Type" time="124.243" classname="Test Cases/Senior_TestCases/TC01_CreateProfile_Type" status="PASSED">
         <system-out><![CDATA[19-02-2024T10:21:59 - [TEST_CASE][PASSED] - Test Cases/Senior_TestCases/TC01_CreateProfile_Type: Test Cases/Senior_TestCases/TC01_CreateProfile_Type

19-02-2024T10:21:59 - [TEST_STEP][PASSED] - callTestCase(findTestCase("Common_TestCases/Senior_SignUp"), ["username":UserName, "email":Email, "zipcode":ZipCode, "password":Password], STOP_ON_FAILURE): Call Test Case 'Test Cases/Common_TestCases/Senior_SignUp' successfully

19-02-2024T10:21:59 - [TEST_CASE][PASSED] - Test Cases/Common_TestCases/Senior_SignUp: Test Cases/Common_TestCases/Senior_SignUp

19-02-2024T10:22:00 - [TEST_STEP][PASSED] - System.setProperty("webdriver.chrome.driver", "Data Files/chromedriver-win64/chromedriver.exe"): null

19-02-2024T10:22:00 - [TEST_STEP][PASSED] - options = new org.openqa.selenium.chrome.ChromeOptions(): null

19-02-2024T10:22:00 - [TEST_STEP][PASSED] - options.addArguments("start-maximized"): null

19-02-2024T10:22:00 - [TEST_STEP][PASSED] - options.addArguments("force-device-scale-factor=1.2"): null

19-02-2024T10:22:00 - [TEST_STEP][PASSED] - options.setExperimentalOption("prefs", new Script1700728747795$1(this)): null

19-02-2024T10:22:00 - [TEST_STEP][PASSED] - capabilities = DesiredCapabilities.chrome(): null

19-02-2024T10:22:00 - [TEST_STEP][PASSED] - capabilities.setCapability(CAPABILITY, options): null

19-02-2024T10:22:00 - [TEST_STEP][PASSED] - driver = new org.openqa.selenium.chrome.ChromeDriver(capabilities): null

19-02-2024T10:22:01 - [TEST_STEP][PASSED] - changeWebDriver(driver): null

19-02-2024T10:22:01 - [TEST_STEP][PASSED] - navigateToUrl("https://caring-connections-qa.azurewebsites.net/"): Navigate to 'https://caring-connections-qa.azurewebsites.net/' successfully

19-02-2024T10:22:06 - [MESSAGE][PASSED] - Navigate to 'https://caring-connections-qa.azurewebsites.net/' successfully

19-02-2024T10:22:06 - [TEST_STEP][PASSED] - click(findTestObject("Login_Pages/Sign_In_Page/button_Sign_Up")): Object: 'Object Repository/Login_Pages/Sign_In_Page/button_Sign_Up' is clicked on

19-02-2024T10:22:07 - [MESSAGE][PASSED] - Object: 'Object Repository/Login_Pages/Sign_In_Page/button_Sign_Up' is clicked on

19-02-2024T10:22:07 - [TEST_STEP][PASSED] - setText(findTestObject("Login_Pages/Sign_Up_Page/Input_First_Last_Name"), username): Text 'Naveen' is set on object 'Object Repository/Login_Pages/Sign_Up_Page/Input_First_Last_Name'

19-02-2024T10:22:07 - [MESSAGE][PASSED] - Text 'Naveen' is set on object 'Object Repository/Login_Pages/Sign_Up_Page/Input_First_Last_Name'

19-02-2024T10:22:07 - [TEST_STEP][PASSED] - setText(findTestObject("Login_Pages/Sign_Up_Page/Input_ZIP_code"), zipcode): Text '464646' is set on object 'Object Repository/Login_Pages/Sign_Up_Page/Input_ZIP_code'

19-02-2024T10:22:07 - [MESSAGE][PASSED] - Text '464646' is set on object 'Object Repository/Login_Pages/Sign_Up_Page/Input_ZIP_code'

19-02-2024T10:22:07 - [TEST_STEP][PASSED] - setText(findTestObject("Login_Pages/Sign_Up_Page/Input_Username"), email): Text 'naveenn11011@gmail.com' is set on object 'Object Repository/Login_Pages/Sign_Up_Page/Input_Username'

19-02-2024T10:22:07 - [MESSAGE][PASSED] - Text 'naveenn11011@gmail.com' is set on object 'Object Repository/Login_Pages/Sign_Up_Page/Input_Username'

19-02-2024T10:22:07 - [TEST_STEP][PASSED] - setText(findTestObject("Login_Pages/Sign_Up_Page/Input_Password"), password): Text 'Test@123' is set on object 'Object Repository/Login_Pages/Sign_Up_Page/Input_Password'

19-02-2024T10:22:07 - [MESSAGE][PASSED] - Text 'Test@123' is set on object 'Object Repository/Login_Pages/Sign_Up_Page/Input_Password'

19-02-2024T10:22:07 - [TEST_STEP][PASSED] - click(findTestObject("Login_Pages/Sign_Up_Page/button_role_Senior")): Object: 'Object Repository/Login_Pages/Sign_Up_Page/button_role_Senior' is clicked on

19-02-2024T10:22:07 - [MESSAGE][PASSED] - Object: 'Object Repository/Login_Pages/Sign_Up_Page/button_role_Senior' is clicked on

19-02-2024T10:22:07 - [TEST_STEP][PASSED] - click(findTestObject("Login_Pages/Sign_Up_Page/button_Sign_Up")): Object: 'Object Repository/Login_Pages/Sign_Up_Page/button_Sign_Up' is clicked on

19-02-2024T10:22:08 - [MESSAGE][PASSED] - Object: 'Object Repository/Login_Pages/Sign_Up_Page/button_Sign_Up' is clicked on

19-02-2024T10:22:08 - [MESSAGE][PASSED] - Call Test Case 'Test Cases/Common_TestCases/Senior_SignUp' successfully

19-02-2024T10:22:08 - [TEST_STEP][PASSED] - verifyElementPresent(findTestObject("Profile_Creation_Page/Profile_Creation_Page_Objects/Text_Expectations_From_Companion"), 0): Object 'Object Repository/Profile_Creation_Page/Profile_Creation_Page_Objects/Text_Expectations_From_Companion' is present

19-02-2024T10:22:08 - [MESSAGE][WARNING] - Timeout '0' is invalid. Using default page load timeout: '30'

19-02-2024T10:22:19 - [MESSAGE][PASSED] - Object 'Object Repository/Profile_Creation_Page/Profile_Creation_Page_Objects/Text_Expectations_From_Companion' is present

19-02-2024T10:22:19 - [TEST_STEP][PASSED] - verifyElementPresent(findTestObject("Profile_Creation_Page/Profile_Creation_Page_Objects/Text_Select the button of your choice to create your profile"), 0): Object 'Object Repository/Profile_Creation_Page/Profile_Creation_Page_Objects/Text_Select the button of your choice to create your profile' is present

19-02-2024T10:22:19 - [MESSAGE][WARNING] - Timeout '0' is invalid. Using default page load timeout: '30'

19-02-2024T10:22:19 - [MESSAGE][PASSED] - Object 'Object Repository/Profile_Creation_Page/Profile_Creation_Page_Objects/Text_Select the button of your choice to create your profile' is present

19-02-2024T10:22:19 - [TEST_STEP][PASSED] - verifyElementPresent(findTestObject("Profile_Creation_Page/Profile_Creation_Page_Objects/Text_We are excited"), 0): Object 'Object Repository/Profile_Creation_Page/Profile_Creation_Page_Objects/Text_We are excited' is present

19-02-2024T10:22:19 - [MESSAGE][WARNING] - Timeout '0' is invalid. Using default page load timeout: '30'

19-02-2024T10:22:19 - [MESSAGE][PASSED] - Object 'Object Repository/Profile_Creation_Page/Profile_Creation_Page_Objects/Text_We are excited' is present

19-02-2024T10:22:19 - [TEST_STEP][PASSED] - waitForElementClickable(findTestObject("Profile_Creation_Page/Profile_Creation_Page_Objects/btn_I_Want_To_Type"), 65): Object 'Object Repository/Profile_Creation_Page/Profile_Creation_Page_Objects/btn_I_Want_To_Type' is clickable

19-02-2024T10:23:08 - [MESSAGE][PASSED] - Object 'Object Repository/Profile_Creation_Page/Profile_Creation_Page_Objects/btn_I_Want_To_Type' is clickable

19-02-2024T10:23:08 - [TEST_STEP][PASSED] - click(findTestObject("Profile_Creation_Page/Profile_Creation_Page_Objects/btn_I_Want_To_Type")): Object: 'Object Repository/Profile_Creation_Page/Profile_Creation_Page_Objects/btn_I_Want_To_Type' is clicked on

19-02-2024T10:23:08 - [MESSAGE][PASSED] - Object: 'Object Repository/Profile_Creation_Page/Profile_Creation_Page_Objects/btn_I_Want_To_Type' is clicked on

19-02-2024T10:23:08 - [TEST_STEP][PASSED] - setText(findTestObject("Profile_Creation_Page/Profile_Creation_Page_Objects/Input_I_Want_To_Type"), Profile): Text 'Greetings, I'm Naveen , a seasoned explorer in the journey of life, joyfully celebrating my 58 years of existence. With a background in literature, I dedicated decades to exploring the rich world of words and stories. Beyond academic pursuits, I find solace in the world of painting, crafting vibrant canvases that express the beauty of the written word. I have a joint family of 32 members. In a companion, I hope to find someone who shares my love for literature and the appreciation for the creative blend of art and storytelling. Health-wise, I've faced challenges with allergies, but with careful management and a balanced lifestyle, I continue to pursue my passions with vigor. Life has been a captivating adventure through the pages of books and art, and I look forward to painting new chapters with a like-minded soul who values the beauty of storytelling and the creativity of artistic expression.' is set on object 'Object Repository/Profile_Creation_Page/Profile_Creation_Page_Objects/Input_I_Want_To_Type'

19-02-2024T10:23:10 - [MESSAGE][PASSED] - Text 'Greetings, I'm Naveen , a seasoned explorer in the journey of life, joyfully celebrating my 58 years of existence. With a background in literature, I dedicated decades to exploring the rich world of words and stories. Beyond academic pursuits, I find solace in the world of painting, crafting vibrant canvases that express the beauty of the written word. I have a joint family of 32 members. In a companion, I hope to find someone who shares my love for literature and the appreciation for the creative blend of art and storytelling. Health-wise, I've faced challenges with allergies, but with careful management and a balanced lifestyle, I continue to pursue my passions with vigor. Life has been a captivating adventure through the pages of books and art, and I look forward to painting new chapters with a like-minded soul who values the beauty of storytelling and the creativity of artistic expression.' is set on object 'Object Repository/Profile_Creation_Page/Profile_Creation_Page_Objects/Input_I_Want_To_Type'

19-02-2024T10:23:10 - [TEST_STEP][PASSED] - scrollToElement(findTestObject("Object Repository/Profile_Creation_Page/Profile_Creation_Page_Objects/button_Next"), 0): Scroll to object 'Object Repository/Profile_Creation_Page/Profile_Creation_Page_Objects/button_Next' successfully

19-02-2024T10:23:10 - [MESSAGE][WARNING] - Timeout '0' is invalid. Using default page load timeout: '30'

19-02-2024T10:23:10 - [MESSAGE][PASSED] - Scroll to object 'Object Repository/Profile_Creation_Page/Profile_Creation_Page_Objects/button_Next' successfully

19-02-2024T10:23:10 - [TEST_STEP][PASSED] - click(findTestObject("Object Repository/Profile_Creation_Page/Profile_Creation_Page_Objects/button_Next")): Object: 'Object Repository/Profile_Creation_Page/Profile_Creation_Page_Objects/button_Next' is clicked on

19-02-2024T10:23:10 - [MESSAGE][PASSED] - Object: 'Object Repository/Profile_Creation_Page/Profile_Creation_Page_Objects/button_Next' is clicked on

19-02-2024T10:23:10 - [TEST_STEP][PASSED] - delay(20): Delayed 20 second(s)

19-02-2024T10:23:30 - [MESSAGE][PASSED] - Delayed 20 second(s)

19-02-2024T10:23:30 - [TEST_STEP][PASSED] - waitForElementNotPresent(findTestObject("WaitingPage/Waiting_Page/txt_1-2 minutes"), 180): Web element with id: 'Object Repository/WaitingPage/Waiting_Page/txt_1-2 minutes' located by 'By.xpath: //div[@id='root']/div/div/div/div/div/p[2]' is not present after '180' second(s)

19-02-2024T10:23:30 - [MESSAGE][PASSED] - Web element with id: 'Object Repository/WaitingPage/Waiting_Page/txt_1-2 minutes' located by 'By.xpath: //div[@id='root']/div/div/div/div/div/p[2]' is not present after '180' second(s)

19-02-2024T10:23:30 - [TEST_STEP][PASSED] - Education = getAttribute(findTestObject("Category_View_Page/Category_View_Page_Objects/Input_Edit_Educational_Info"), "value"): Attribute 'value' of object 'Object Repository/Category_View_Page/Category_View_Page_Objects/Input_Edit_Educational_Info' is: 'With a background in literature, I dedicated decades to exploring the rich world of words and stories.'

19-02-2024T10:23:30 - [MESSAGE][PASSED] - Attribute 'value' of object 'Object Repository/Category_View_Page/Category_View_Page_Objects/Input_Edit_Educational_Info' is: 'With a background in literature, I dedicated decades to exploring the rich world of words and stories.'

19-02-2024T10:23:30 - [TEST_STEP][PASSED] - validateText.ValidateText.calculateAndPrintPercentageMatch("EDUCATION", Education, EducationNew): validateText.ValidateText.calculateAndPrintPercentageMatch is PASSED

19-02-2024T10:23:31 - [MESSAGE][PASSED] - validateText.ValidateText.calculateAndPrintPercentageMatch is PASSED

19-02-2024T10:23:31 - [TEST_STEP][PASSED] - FamilyAndCommunity = getAttribute(findTestObject("Category_View_Page/Category_View_Page_Objects/Input_Edit_Family_And_Community_Involvement"), "value"): Attribute 'value' of object 'Object Repository/Category_View_Page/Category_View_Page_Objects/Input_Edit_Family_And_Community_Involvement' is: 'I have a joint family of 32 members.'

19-02-2024T10:23:31 - [MESSAGE][PASSED] - Attribute 'value' of object 'Object Repository/Category_View_Page/Category_View_Page_Objects/Input_Edit_Family_And_Community_Involvement' is: 'I have a joint family of 32 members.'

19-02-2024T10:23:31 - [TEST_STEP][PASSED] - validateText.ValidateText.calculateAndPrintPercentageMatch("FAMILYANDCOMMUNITY", FamilyAndCommunity, FamilyAndCommunityNew): validateText.ValidateText.calculateAndPrintPercentageMatch is PASSED

19-02-2024T10:23:31 - [MESSAGE][PASSED] - validateText.ValidateText.calculateAndPrintPercentageMatch is PASSED

19-02-2024T10:23:31 - [TEST_STEP][PASSED] - Hobbies = getAttribute(findTestObject("Category_View_Page/Category_View_Page_Objects/Input_Edit_Appropriate_Hobbies"), "value"): Attribute 'value' of object 'Object Repository/Category_View_Page/Category_View_Page_Objects/Input_Edit_Appropriate_Hobbies' is: 'Beyond academic pursuits, I find solace in the world of painting, crafting vibrant canvases that express the beauty of the written word.'

19-02-2024T10:23:31 - [MESSAGE][PASSED] - Attribute 'value' of object 'Object Repository/Category_View_Page/Category_View_Page_Objects/Input_Edit_Appropriate_Hobbies' is: 'Beyond academic pursuits, I find solace in the world of painting, crafting vibrant canvases that express the beauty of the written word.'

19-02-2024T10:23:31 - [TEST_STEP][PASSED] - validateText.ValidateText.calculateAndPrintPercentageMatch("HOBBIES", Hobbies, HobbiesNew): validateText.ValidateText.calculateAndPrintPercentageMatch is PASSED

19-02-2024T10:23:31 - [MESSAGE][PASSED] - validateText.ValidateText.calculateAndPrintPercentageMatch is PASSED

19-02-2024T10:23:31 - [TEST_STEP][PASSED] - Expectations = getAttribute(findTestObject("Category_View_Page/Category_View_Page_Objects/Input_Edit_expectation"), "value"): Attribute 'value' of object 'Object Repository/Category_View_Page/Category_View_Page_Objects/Input_Edit_expectation' is: 'In a companion, I hope to find someone who shares my love for literature and the appreciation for the creative blend of art and storytelling.'

19-02-2024T10:23:31 - [MESSAGE][PASSED] - Attribute 'value' of object 'Object Repository/Category_View_Page/Category_View_Page_Objects/Input_Edit_expectation' is: 'In a companion, I hope to find someone who shares my love for literature and the appreciation for the creative blend of art and storytelling.'

19-02-2024T10:23:31 - [TEST_STEP][PASSED] - validateText.ValidateText.calculateAndPrintPercentageMatch("EXPECTATIONS", Expectations, ExpectationsNew): validateText.ValidateText.calculateAndPrintPercentageMatch is PASSED

19-02-2024T10:23:31 - [MESSAGE][PASSED] - validateText.ValidateText.calculateAndPrintPercentageMatch is PASSED

19-02-2024T10:23:31 - [TEST_STEP][PASSED] - Others = getAttribute(findTestObject("Category_View_Page/Category_View_Page_Objects/Input_Edit_Appropriate_Health"), "value"): Attribute 'value' of object 'Object Repository/Category_View_Page/Category_View_Page_Objects/Input_Edit_Appropriate_Health' is: 'Greetings, I'm Naveen , a seasoned explorer in the journey of life, joyfully celebrating my 58 years of existence. Life has been a captivating adventure through the pages of books and art, and I look forward to painting new chapters with a like-minded soul who values the beauty of storytelling and the creativity of artistic expression. Health-wise, I've faced challenges with allergies, but with careful management and a balanced lifestyle, I continue to pursue my passions with vigor.'

19-02-2024T10:23:32 - [MESSAGE][PASSED] - Attribute 'value' of object 'Object Repository/Category_View_Page/Category_View_Page_Objects/Input_Edit_Appropriate_Health' is: 'Greetings, I'm Naveen , a seasoned explorer in the journey of life, joyfully celebrating my 58 years of existence. Life has been a captivating adventure through the pages of books and art, and I look forward to painting new chapters with a like-minded soul who values the beauty of storytelling and the creativity of artistic expression. Health-wise, I've faced challenges with allergies, but with careful management and a balanced lifestyle, I continue to pursue my passions with vigor.'

19-02-2024T10:23:32 - [TEST_STEP][PASSED] - validateText.ValidateText.calculateAndPrintPercentageMatch("OTHERS", Others, OtherNew): validateText.ValidateText.calculateAndPrintPercentageMatch is PASSED

19-02-2024T10:23:32 - [MESSAGE][PASSED] - validateText.ValidateText.calculateAndPrintPercentageMatch is PASSED

19-02-2024T10:23:32 - [TEST_STEP][PASSED] - waitForElementClickable(findTestObject("Object Repository/Category_View_Page/Category_View_Page_Objects/button_Next"), 65): Object 'Object Repository/Category_View_Page/Category_View_Page_Objects/button_Next' is clickable

19-02-2024T10:23:32 - [MESSAGE][PASSED] - Object 'Object Repository/Category_View_Page/Category_View_Page_Objects/button_Next' is clickable

19-02-2024T10:23:32 - [TEST_STEP][PASSED] - click(findTestObject("Object Repository/Category_View_Page/Category_View_Page_Objects/button_Next")): Object: 'Object Repository/Category_View_Page/Category_View_Page_Objects/button_Next' is clicked on

19-02-2024T10:23:34 - [MESSAGE][PASSED] - Object: 'Object Repository/Category_View_Page/Category_View_Page_Objects/button_Next' is clicked on

19-02-2024T10:23:34 - [TEST_STEP][PASSED] - waitForElementNotPresent(findTestObject("WaitingPage/Waiting_Page/Clock_categoryToCalender"), 10): Web element with id: 'Object Repository/WaitingPage/Waiting_Page/Clock_categoryToCalender' located by 'By.xpath: //div[@id='root']/div/div/div/div/span' is not present after '10' second(s)

19-02-2024T10:23:36 - [MESSAGE][PASSED] - Web element with id: 'Object Repository/WaitingPage/Waiting_Page/Clock_categoryToCalender' located by 'By.xpath: //div[@id='root']/div/div/div/div/span' is not present after '10' second(s)

19-02-2024T10:23:36 - [TEST_STEP][PASSED] - scrollToElement(findTestObject("Calendar_page/Input_Start_Date"), 0): Scroll to object 'Object Repository/Calendar_page/Input_Start_Date' successfully

19-02-2024T10:23:36 - [MESSAGE][WARNING] - Timeout '0' is invalid. Using default page load timeout: '30'

19-02-2024T10:23:36 - [MESSAGE][PASSED] - Scroll to object 'Object Repository/Calendar_page/Input_Start_Date' successfully

19-02-2024T10:23:36 - [TEST_STEP][PASSED] - click(findTestObject("Calendar_page/Input_Start_Date")): Object: 'Object Repository/Calendar_page/Input_Start_Date' is clicked on

19-02-2024T10:23:36 - [MESSAGE][PASSED] - Object: 'Object Repository/Calendar_page/Input_Start_Date' is clicked on

19-02-2024T10:23:36 - [TEST_STEP][PASSED] - delay(3): Delayed 3 second(s)

19-02-2024T10:23:39 - [MESSAGE][PASSED] - Delayed 3 second(s)

19-02-2024T10:23:39 - [TEST_STEP][PASSED] - click(findTestObject("Calendar_page/startDate/JanuaryStartDates/div_20")): Object: 'Object Repository/Calendar_page/startDate/JanuaryStartDates/div_20' is clicked on

19-02-2024T10:23:39 - [MESSAGE][PASSED] - Object: 'Object Repository/Calendar_page/startDate/JanuaryStartDates/div_20' is clicked on

19-02-2024T10:23:39 - [TEST_STEP][PASSED] - delay(3): Delayed 3 second(s)

19-02-2024T10:23:43 - [MESSAGE][PASSED] - Delayed 3 second(s)

19-02-2024T10:23:43 - [TEST_STEP][PASSED] - click(findTestObject("Calendar_page/Input_Busy_Days")): Object: 'Object Repository/Calendar_page/Input_Busy_Days' is clicked on

19-02-2024T10:23:43 - [MESSAGE][PASSED] - Object: 'Object Repository/Calendar_page/Input_Busy_Days' is clicked on

19-02-2024T10:23:43 - [TEST_STEP][PASSED] - click(findTestObject("Calendar_page/startDate/JanuaryStartDates/div_23")): Object: 'Object Repository/Calendar_page/startDate/JanuaryStartDates/div_23' is clicked on

19-02-2024T10:23:43 - [MESSAGE][PASSED] - Object: 'Object Repository/Calendar_page/startDate/JanuaryStartDates/div_23' is clicked on

19-02-2024T10:23:43 - [TEST_STEP][PASSED] - delay(2): Delayed 2 second(s)

19-02-2024T10:23:45 - [MESSAGE][PASSED] - Delayed 2 second(s)

19-02-2024T10:23:45 - [TEST_STEP][NOT_RUN] - click(findTestObject("Calendar_page/startDate/JanuaryStartDates/div_24")): NOT_RUN: click(findTestObject("Calendar_page/startDate/JanuaryStartDates/div_24"))

19-02-2024T10:23:45 - [MESSAGE][NOT_RUN] - NOT_RUN: click(findTestObject("Calendar_page/startDate/JanuaryStartDates/div_24"))

19-02-2024T10:23:45 - [TEST_STEP][PASSED] - click(findTestObject("Calendar_page/div_day_Column")): Object: 'Object Repository/Calendar_page/div_day_Column' is clicked on

19-02-2024T10:23:45 - [MESSAGE][PASSED] - Object: 'Object Repository/Calendar_page/div_day_Column' is clicked on

19-02-2024T10:23:45 - [TEST_STEP][PASSED] - selectOptionByLabel(findTestObject("Calendar_page/Select_Available_From"), "01:30 PM", false): All options with label '01:30 PM' are selected in object 'Object Repository/Calendar_page/Select_Available_From' 

19-02-2024T10:23:45 - [MESSAGE][PASSED] - All options with label '01:30 PM' are selected in object 'Object Repository/Calendar_page/Select_Available_From' 

19-02-2024T10:23:45 - [TEST_STEP][PASSED] - delay(2): Delayed 2 second(s)

19-02-2024T10:23:47 - [MESSAGE][PASSED] - Delayed 2 second(s)

19-02-2024T10:23:47 - [TEST_STEP][PASSED] - selectOptionByLabel(findTestObject("Calendar_page/Select_Available_To"), "04:30 PM", false): All options with label '04:30 PM' are selected in object 'Object Repository/Calendar_page/Select_Available_To' 

19-02-2024T10:23:47 - [MESSAGE][PASSED] - All options with label '04:30 PM' are selected in object 'Object Repository/Calendar_page/Select_Available_To' 

19-02-2024T10:23:47 - [TEST_STEP][PASSED] - delay(2): Delayed 2 second(s)

19-02-2024T10:23:49 - [MESSAGE][PASSED] - Delayed 2 second(s)

19-02-2024T10:23:49 - [TEST_STEP][PASSED] - click(findTestObject("Calendar_page/button_Save")): Object: 'Object Repository/Calendar_page/button_Save' is clicked on

19-02-2024T10:23:50 - [MESSAGE][PASSED] - Object: 'Object Repository/Calendar_page/button_Save' is clicked on

19-02-2024T10:23:50 - [TEST_STEP][PASSED] - delay(2): Delayed 2 second(s)

19-02-2024T10:23:52 - [MESSAGE][PASSED] - Delayed 2 second(s)

19-02-2024T10:23:52 - [TEST_STEP][PASSED] - click(findTestObject("Calendar_page/Button_Next (1)")): Object: 'Object Repository/Calendar_page/Button_Next (1)' is clicked on

19-02-2024T10:23:52 - [MESSAGE][PASSED] - Object: 'Object Repository/Calendar_page/Button_Next (1)' is clicked on

19-02-2024T10:23:52 - [TEST_STEP][PASSED] - delay(3): Delayed 3 second(s)

19-02-2024T10:23:55 - [MESSAGE][PASSED] - Delayed 3 second(s)

19-02-2024T10:23:55 - [TEST_STEP][PASSED] - click(findTestObject("Calendar_page/button_Ok")): Object: 'Object Repository/Calendar_page/button_Ok' is clicked on

19-02-2024T10:23:55 - [MESSAGE][PASSED] - Object: 'Object Repository/Calendar_page/button_Ok' is clicked on

19-02-2024T10:23:55 - [TEST_STEP][PASSED] - delay(2): Delayed 2 second(s)

19-02-2024T10:23:57 - [MESSAGE][PASSED] - Delayed 2 second(s)

19-02-2024T10:23:57 - [TEST_STEP][PASSED] - callTestCase(findTestCase("Senior_TestCases/TC06_SeniorDemographic"), ["UserName":UserName, "ZipCode":ZipCode, "Email":Email, "Password":Password, "Profile":Profile, "EducationNew":EducationNew, ... ], STOP_ON_FAILURE): Call Test Case 'Test Cases/Senior_TestCases/TC06_SeniorDemographic' successfully

19-02-2024T10:23:57 - [TEST_CASE][PASSED] - Test Cases/Senior_TestCases/TC06_SeniorDemographic: Test Cases/Senior_TestCases/TC06_SeniorDemographic

19-02-2024T10:23:58 - [TEST_STEP][PASSED] - verifyElementPresent(findTestObject("Demographic Page/Text_Personal Information"), 0, STOP_ON_FAILURE): Object 'Object Repository/Demographic Page/Text_Personal Information' is present

19-02-2024T10:23:58 - [MESSAGE][WARNING] - Timeout '0' is invalid. Using default page load timeout: '30'

19-02-2024T10:23:58 - [MESSAGE][PASSED] - Object 'Object Repository/Demographic Page/Text_Personal Information' is present

19-02-2024T10:23:58 - [TEST_STEP][PASSED] - verifyElementPresent(findTestObject("Demographic Page/My Information/Text_My Information"), 0, STOP_ON_FAILURE): Object 'Object Repository/Demographic Page/My Information/Text_My Information' is present

19-02-2024T10:23:58 - [MESSAGE][WARNING] - Timeout '0' is invalid. Using default page load timeout: '30'

19-02-2024T10:23:59 - [MESSAGE][PASSED] - Object 'Object Repository/Demographic Page/My Information/Text_My Information' is present

19-02-2024T10:23:59 - [TEST_STEP][PASSED] - NAME = getAttribute(findTestObject("Demographic Page/My Information/Input_Name"), "value"): Attribute 'value' of object 'Object Repository/Demographic Page/My Information/Input_Name' is: 'Naveen'

19-02-2024T10:23:59 - [MESSAGE][PASSED] - Attribute 'value' of object 'Object Repository/Demographic Page/My Information/Input_Name' is: 'Naveen'

19-02-2024T10:23:59 - [TEST_STEP][PASSED] - validateText.ValidateText.calculateAndPrintPercentageMatch("Name", NAME, UserName): validateText.ValidateText.calculateAndPrintPercentageMatch is PASSED

19-02-2024T10:23:59 - [MESSAGE][PASSED] - validateText.ValidateText.calculateAndPrintPercentageMatch is PASSED

19-02-2024T10:23:59 - [TEST_STEP][PASSED] - verifyElementPresent(findTestObject("Demographic Page/My Information/Input__MobileNumber"), 0): Object 'Object Repository/Demographic Page/My Information/Input__MobileNumber' is present

19-02-2024T10:23:59 - [MESSAGE][WARNING] - Timeout '0' is invalid. Using default page load timeout: '30'

19-02-2024T10:23:59 - [MESSAGE][PASSED] - Object 'Object Repository/Demographic Page/My Information/Input__MobileNumber' is present

19-02-2024T10:23:59 - [TEST_STEP][PASSED] - setText(findTestObject("Demographic Page/My Information/Input__MobileNumber"), mobile_no): Text '2298900988' is set on object 'Object Repository/Demographic Page/My Information/Input__MobileNumber'

19-02-2024T10:23:59 - [MESSAGE][PASSED] - Text '2298900988' is set on object 'Object Repository/Demographic Page/My Information/Input__MobileNumber'

19-02-2024T10:23:59 - [TEST_STEP][PASSED] - setText(findTestObject("Demographic Page/My Information/Input__BirthYear"), birth_year): Text '1988' is set on object 'Object Repository/Demographic Page/My Information/Input__BirthYear'

19-02-2024T10:23:59 - [MESSAGE][PASSED] - Text '1988' is set on object 'Object Repository/Demographic Page/My Information/Input__BirthYear'

19-02-2024T10:23:59 - [TEST_STEP][PASSED] - EMAIL = getAttribute(findTestObject("Demographic Page/My Information/Input_Email"), "value"): Attribute 'value' of object 'Object Repository/Demographic Page/My Information/Input_Email' is: 'naveenn110113@gmail.com'

19-02-2024T10:23:59 - [MESSAGE][PASSED] - Attribute 'value' of object 'Object Repository/Demographic Page/My Information/Input_Email' is: 'naveenn110113@gmail.com'

19-02-2024T10:23:59 - [TEST_STEP][PASSED] - validateText.ValidateText.calculateAndPrintPercentageMatch("Email", EMAIL, Email): validateText.ValidateText.calculateAndPrintPercentageMatch is PASSED

19-02-2024T10:23:59 - [MESSAGE][PASSED] - validateText.ValidateText.calculateAndPrintPercentageMatch is PASSED

19-02-2024T10:23:59 - [TEST_STEP][PASSED] - setText(findTestObject("Demographic Page/My Information/Input__Address1"), address_1): Text 'Oak Lane' is set on object 'Object Repository/Demographic Page/My Information/Input__Address1'

19-02-2024T10:24:00 - [MESSAGE][PASSED] - Text 'Oak Lane' is set on object 'Object Repository/Demographic Page/My Information/Input__Address1'

19-02-2024T10:24:00 - [TEST_STEP][PASSED] - setText(findTestObject("Demographic Page/My Information/Input_Address2"), address_2): Text 'Temple Road' is set on object 'Object Repository/Demographic Page/My Information/Input_Address2'

19-02-2024T10:24:00 - [MESSAGE][PASSED] - Text 'Temple Road' is set on object 'Object Repository/Demographic Page/My Information/Input_Address2'

19-02-2024T10:24:00 - [TEST_STEP][PASSED] - selectOptionByLabel(findTestObject("Demographic Page/My Information/Select_State"), "Texas", false): All options with label 'Texas' are selected in object 'Object Repository/Demographic Page/My Information/Select_State' 

19-02-2024T10:24:00 - [MESSAGE][PASSED] - All options with label 'Texas' are selected in object 'Object Repository/Demographic Page/My Information/Select_State' 

19-02-2024T10:24:00 - [TEST_STEP][PASSED] - selectOptionByLabel(findTestObject("Demographic Page/My Information/Select_City"), "Houston", false): All options with label 'Houston' are selected in object 'Object Repository/Demographic Page/My Information/Select_City' 

19-02-2024T10:24:00 - [MESSAGE][PASSED] - All options with label 'Houston' are selected in object 'Object Repository/Demographic Page/My Information/Select_City' 

19-02-2024T10:24:00 - [TEST_STEP][PASSED] - setText(findTestObject("Demographic Page/My Information/Input__Zipcode"), ZipCode): Text '464646' is set on object 'Object Repository/Demographic Page/My Information/Input__Zipcode'

19-02-2024T10:24:00 - [MESSAGE][PASSED] - Text '464646' is set on object 'Object Repository/Demographic Page/My Information/Input__Zipcode'

19-02-2024T10:24:00 - [TEST_STEP][PASSED] - setText(findTestObject("ECemergencyNew/Page_CaringConnections-v-1.17/input__emergencyName"), emergency_name): Text 'Shri' is set on object 'Object Repository/ECemergencyNew/Page_CaringConnections-v-1.17/input__emergencyName'

19-02-2024T10:24:00 - [MESSAGE][PASSED] - Text 'Shri' is set on object 'Object Repository/ECemergencyNew/Page_CaringConnections-v-1.17/input__emergencyName'

19-02-2024T10:24:00 - [TEST_STEP][PASSED] - selectOptionByLabel(findTestObject("ECemergencyNew/Page_CaringConnections-v-1.17/Select_EC_Relation"), "Family", false): All options with label 'Family' are selected in object 'Object Repository/ECemergencyNew/Page_CaringConnections-v-1.17/Select_EC_Relation' 

19-02-2024T10:24:00 - [MESSAGE][PASSED] - All options with label 'Family' are selected in object 'Object Repository/ECemergencyNew/Page_CaringConnections-v-1.17/Select_EC_Relation' 

19-02-2024T10:24:00 - [TEST_STEP][PASSED] - setText(findTestObject("ECemergencyNew/Page_CaringConnections-v-1.17/input__emergencyAddress"), emergency_address): Text 'Zion Colony' is set on object 'Object Repository/ECemergencyNew/Page_CaringConnections-v-1.17/input__emergencyAddress'

19-02-2024T10:24:01 - [MESSAGE][PASSED] - Text 'Zion Colony' is set on object 'Object Repository/ECemergencyNew/Page_CaringConnections-v-1.17/input__emergencyAddress'

19-02-2024T10:24:01 - [TEST_STEP][PASSED] - setText(findTestObject("ECemergencyNew/Page_CaringConnections-v-1.17/input_Address Line 2 (Optional)_emergencyAddress2"), address_line2): Text 'Eros Lane' is set on object 'Object Repository/ECemergencyNew/Page_CaringConnections-v-1.17/input_Address Line 2 (Optional)_emergencyAddress2'

19-02-2024T10:24:01 - [MESSAGE][PASSED] - Text 'Eros Lane' is set on object 'Object Repository/ECemergencyNew/Page_CaringConnections-v-1.17/input_Address Line 2 (Optional)_emergencyAddress2'

19-02-2024T10:24:01 - [TEST_STEP][PASSED] - selectOptionByLabel(findTestObject("ECemergencyNew/Page_CaringConnections-v-1.17/Select_EC_State"), "California", false): All options with label 'California' are selected in object 'Object Repository/ECemergencyNew/Page_CaringConnections-v-1.17/Select_EC_State' 

19-02-2024T10:24:01 - [MESSAGE][PASSED] - All options with label 'California' are selected in object 'Object Repository/ECemergencyNew/Page_CaringConnections-v-1.17/Select_EC_State' 

19-02-2024T10:24:01 - [TEST_STEP][PASSED] - selectOptionByLabel(findTestObject("ECemergencyNew/Page_CaringConnections-v-1.17/SelectEC_City"), "Fresno", false): All options with label 'Fresno' are selected in object 'Object Repository/ECemergencyNew/Page_CaringConnections-v-1.17/SelectEC_City' 

19-02-2024T10:24:01 - [MESSAGE][PASSED] - All options with label 'Fresno' are selected in object 'Object Repository/ECemergencyNew/Page_CaringConnections-v-1.17/SelectEC_City' 

19-02-2024T10:24:01 - [TEST_STEP][PASSED] - setText(findTestObject("ECemergencyNew/Page_CaringConnections-v-1.17/input__emergencyZipcode"), emergency_zip_code): Text '345654' is set on object 'Object Repository/ECemergencyNew/Page_CaringConnections-v-1.17/input__emergencyZipcode'

19-02-2024T10:24:01 - [MESSAGE][PASSED] - Text '345654' is set on object 'Object Repository/ECemergencyNew/Page_CaringConnections-v-1.17/input__emergencyZipcode'

19-02-2024T10:24:01 - [TEST_STEP][PASSED] - setText(findTestObject("ECemergencyNew/Page_CaringConnections-v-1.17/input__emergencyMobileNumber"), emergency_mobile_no): Text '3454345213' is set on object 'Object Repository/ECemergencyNew/Page_CaringConnections-v-1.17/input__emergencyMobileNumber'

19-02-2024T10:24:02 - [MESSAGE][PASSED] - Text '3454345213' is set on object 'Object Repository/ECemergencyNew/Page_CaringConnections-v-1.17/input__emergencyMobileNumber'

19-02-2024T10:24:02 - [TEST_STEP][PASSED] - setText(findTestObject("ECemergencyNew/Page_CaringConnections-v-1.17/input_Other No_emergencyOtherNumber"), emergency_other_no): Text '3355645780' is set on object 'Object Repository/ECemergencyNew/Page_CaringConnections-v-1.17/input_Other No_emergencyOtherNumber'

19-02-2024T10:24:02 - [MESSAGE][PASSED] - Text '3355645780' is set on object 'Object Repository/ECemergencyNew/Page_CaringConnections-v-1.17/input_Other No_emergencyOtherNumber'

19-02-2024T10:24:02 - [TEST_STEP][PASSED] - click(findTestObject("Demographic Page/Demographic_Validation/Senior_Demographic_Validation/Page_CaringConnections-v-1.18/button_Next")): Object: 'Object Repository/Demographic Page/Demographic_Validation/Senior_Demographic_Validation/Page_CaringConnections-v-1.18/button_Next' is clicked on

19-02-2024T10:24:02 - [MESSAGE][PASSED] - Object: 'Object Repository/Demographic Page/Demographic_Validation/Senior_Demographic_Validation/Page_CaringConnections-v-1.18/button_Next' is clicked on

19-02-2024T10:24:02 - [MESSAGE][PASSED] - Call Test Case 'Test Cases/Senior_TestCases/TC06_SeniorDemographic' successfully

19-02-2024T10:24:02 - [TEST_STEP][PASSED] - callTestCase(findTestCase("Common_TestCases/Thank_You_Page"), [:], STOP_ON_FAILURE): Call Test Case 'Test Cases/Common_TestCases/Thank_You_Page' successfully

19-02-2024T10:24:02 - [TEST_CASE][PASSED] - Test Cases/Common_TestCases/Thank_You_Page: Test Cases/Common_TestCases/Thank_You_Page

19-02-2024T10:24:02 - [TEST_STEP][PASSED] - verifyElementPresent(findTestObject("Object Repository/Thank_You_Page/Page_CaringConnections-v-1.18/h1_Thank you"), 0): Object 'Object Repository/Thank_You_Page/Page_CaringConnections-v-1.18/h1_Thank you' is present

19-02-2024T10:24:02 - [MESSAGE][WARNING] - Timeout '0' is invalid. Using default page load timeout: '30'

19-02-2024T10:24:02 - [MESSAGE][PASSED] - Object 'Object Repository/Thank_You_Page/Page_CaringConnections-v-1.18/h1_Thank you' is present

19-02-2024T10:24:02 - [TEST_STEP][PASSED] - verifyElementPresent(findTestObject("Object Repository/Thank_You_Page/Page_CaringConnections-v-1.18/p_badge(role)"), 0): Object 'Object Repository/Thank_You_Page/Page_CaringConnections-v-1.18/p_badge(role)' is present

19-02-2024T10:24:02 - [MESSAGE][WARNING] - Timeout '0' is invalid. Using default page load timeout: '30'

19-02-2024T10:24:02 - [MESSAGE][PASSED] - Object 'Object Repository/Thank_You_Page/Page_CaringConnections-v-1.18/p_badge(role)' is present

19-02-2024T10:24:02 - [TEST_STEP][PASSED] - verifyElementPresent(findTestObject("Thank_You_Page/Page_CaringConnections-v-1.18/img"), 0): Object 'Object Repository/Thank_You_Page/Page_CaringConnections-v-1.18/img' is present

19-02-2024T10:24:02 - [MESSAGE][WARNING] - Timeout '0' is invalid. Using default page load timeout: '30'

19-02-2024T10:24:02 - [MESSAGE][PASSED] - Object 'Object Repository/Thank_You_Page/Page_CaringConnections-v-1.18/img' is present

19-02-2024T10:24:02 - [TEST_STEP][PASSED] - click(findTestObject("Object Repository/Thank_You_Page/Page_CaringConnections-v-1.18/img")): Object: 'Object Repository/Thank_You_Page/Page_CaringConnections-v-1.18/img' is clicked on

19-02-2024T10:24:03 - [MESSAGE][PASSED] - Object: 'Object Repository/Thank_You_Page/Page_CaringConnections-v-1.18/img' is clicked on

19-02-2024T10:24:03 - [MESSAGE][PASSED] - Call Test Case 'Test Cases/Common_TestCases/Thank_You_Page' successfully]]></system-out>
         <system-err><![CDATA[]]></system-err>
      </testcase>
      <testcase name="Test Cases/Senior_TestCases/TC03_ReRecord_Type" time="117.473" classname="Test Cases/Senior_TestCases/TC03_ReRecord_Type" status="PASSED">
         <system-out><![CDATA[19-02-2024T10:24:03 - [TEST_CASE][PASSED] - Test Cases/Senior_TestCases/TC03_ReRecord_Type: Test Cases/Senior_TestCases/TC03_ReRecord_Type

19-02-2024T10:24:04 - [TEST_STEP][PASSED] - callTestCase(findTestCase("Common_TestCases/Senior_Sign_In"), ["email":"", "password":""], STOP_ON_FAILURE): Call Test Case 'Test Cases/Common_TestCases/Senior_Sign_In' successfully

19-02-2024T10:24:04 - [TEST_CASE][PASSED] - Test Cases/Common_TestCases/Senior_Sign_In: Test Cases/Common_TestCases/Senior_Sign_In

19-02-2024T10:24:04 - [TEST_STEP][PASSED] - System.setProperty("webdriver.chrome.driver", "Data Files/chromedriver-win64/chromedriver.exe"): null

19-02-2024T10:24:04 - [TEST_STEP][PASSED] - options = new org.openqa.selenium.chrome.ChromeOptions(): null

19-02-2024T10:24:04 - [TEST_STEP][PASSED] - options.addArguments("start-maximized"): null

19-02-2024T10:24:04 - [TEST_STEP][PASSED] - options.addArguments("force-device-scale-factor=1.2"): null

19-02-2024T10:24:04 - [TEST_STEP][PASSED] - options.setExperimentalOption("prefs", new Script1707288331643$1(this)): null

19-02-2024T10:24:04 - [TEST_STEP][PASSED] - capabilities = DesiredCapabilities.chrome(): null

19-02-2024T10:24:04 - [TEST_STEP][PASSED] - capabilities.setCapability(CAPABILITY, options): null

19-02-2024T10:24:04 - [TEST_STEP][PASSED] - driver = new org.openqa.selenium.chrome.ChromeDriver(capabilities): null

19-02-2024T10:24:05 - [TEST_STEP][PASSED] - changeWebDriver(driver): null

19-02-2024T10:24:05 - [TEST_STEP][PASSED] - navigateToUrl("https://caring-connections-qa.azurewebsites.net/"): Navigate to 'https://caring-connections-qa.azurewebsites.net/' successfully

19-02-2024T10:24:09 - [MESSAGE][PASSED] - Navigate to 'https://caring-connections-qa.azurewebsites.net/' successfully

19-02-2024T10:24:09 - [TEST_STEP][PASSED] - setText(findTestObject("Login_Pages/Sign_In_Page/input_Username"), "dilip@gmail.com"): Text 'dilip@gmail.com' is set on object 'Object Repository/Login_Pages/Sign_In_Page/input_Username'

19-02-2024T10:24:09 - [MESSAGE][PASSED] - Text 'dilip@gmail.com' is set on object 'Object Repository/Login_Pages/Sign_In_Page/input_Username'

19-02-2024T10:24:09 - [TEST_STEP][PASSED] - setText(findTestObject("Login_Pages/Sign_In_Page/input_Password"), "Test@123"): Text 'Test@123' is set on object 'Object Repository/Login_Pages/Sign_In_Page/input_Password'

19-02-2024T10:24:09 - [MESSAGE][PASSED] - Text 'Test@123' is set on object 'Object Repository/Login_Pages/Sign_In_Page/input_Password'

19-02-2024T10:24:09 - [TEST_STEP][PASSED] - click(findTestObject("Login_Pages/Sign_In_Page/button_Sign_In")): Object: 'Object Repository/Login_Pages/Sign_In_Page/button_Sign_In' is clicked on

19-02-2024T10:24:09 - [MESSAGE][PASSED] - Object: 'Object Repository/Login_Pages/Sign_In_Page/button_Sign_In' is clicked on

19-02-2024T10:24:09 - [MESSAGE][PASSED] - Call Test Case 'Test Cases/Common_TestCases/Senior_Sign_In' successfully

19-02-2024T10:24:09 - [TEST_STEP][PASSED] - delay(5): Delayed 5 second(s)

19-02-2024T10:24:14 - [MESSAGE][PASSED] - Delayed 5 second(s)

19-02-2024T10:24:14 - [TEST_STEP][PASSED] - scrollToElement(findTestObject("Category_View_Page/Category_View_Page_Objects/btn_Re-record"), 0): Scroll to object 'Object Repository/Category_View_Page/Category_View_Page_Objects/btn_Re-record' successfully

19-02-2024T10:24:14 - [MESSAGE][WARNING] - Timeout '0' is invalid. Using default page load timeout: '30'

19-02-2024T10:24:14 - [MESSAGE][PASSED] - Scroll to object 'Object Repository/Category_View_Page/Category_View_Page_Objects/btn_Re-record' successfully

19-02-2024T10:24:14 - [TEST_STEP][PASSED] - click(findTestObject("Category_View_Page/Category_View_Page_Objects/btn_Re-record")): Object: 'Object Repository/Category_View_Page/Category_View_Page_Objects/btn_Re-record' is clicked on

19-02-2024T10:24:16 - [MESSAGE][PASSED] - Object: 'Object Repository/Category_View_Page/Category_View_Page_Objects/btn_Re-record' is clicked on

19-02-2024T10:24:16 - [TEST_STEP][PASSED] - click(findTestObject("Category_View_Page/Category_View_Page_Objects/btn_Proceed")): Object: 'Object Repository/Category_View_Page/Category_View_Page_Objects/btn_Proceed' is clicked on

19-02-2024T10:24:18 - [MESSAGE][PASSED] - Object: 'Object Repository/Category_View_Page/Category_View_Page_Objects/btn_Proceed' is clicked on

19-02-2024T10:24:18 - [TEST_STEP][PASSED] - waitForElementClickable(findTestObject("Profile_Creation_Page/Profile_Creation_Page_Objects/btn_I_Want_To_Type"), 65): Object 'Object Repository/Profile_Creation_Page/Profile_Creation_Page_Objects/btn_I_Want_To_Type' is clickable

19-02-2024T10:25:07 - [MESSAGE][PASSED] - Object 'Object Repository/Profile_Creation_Page/Profile_Creation_Page_Objects/btn_I_Want_To_Type' is clickable

19-02-2024T10:25:07 - [TEST_STEP][PASSED] - click(findTestObject("Profile_Creation_Page/Profile_Creation_Page_Objects/btn_I_Want_To_Type")): Object: 'Object Repository/Profile_Creation_Page/Profile_Creation_Page_Objects/btn_I_Want_To_Type' is clicked on

19-02-2024T10:25:08 - [MESSAGE][PASSED] - Object: 'Object Repository/Profile_Creation_Page/Profile_Creation_Page_Objects/btn_I_Want_To_Type' is clicked on

19-02-2024T10:25:08 - [TEST_STEP][PASSED] - setText(findTestObject("Profile_Creation_Page/Profile_Creation_Page_Objects/Input_I_Want_To_Type"), Profile): Text 'Greetings, I'm Naveen , a seasoned explorer in the journey of life, joyfully celebrating my 58 years of existence. With a background in literature, I dedicated decades to exploring the rich world of words and stories. Beyond academic pursuits, I find solace in the world of painting, crafting vibrant canvases that express the beauty of the written word. I have a joint family of 32 members. In a companion, I hope to find someone who shares my love for literature and the appreciation for the creative blend of art and storytelling. Health-wise, I've faced challenges with allergies, but with careful management and a balanced lifestyle, I continue to pursue my passions with vigor. Life has been a captivating adventure through the pages of books and art, and I look forward to painting new chapters with a like-minded soul who values the beauty of storytelling and the creativity of artistic expression.' is set on object 'Object Repository/Profile_Creation_Page/Profile_Creation_Page_Objects/Input_I_Want_To_Type'

19-02-2024T10:25:10 - [MESSAGE][PASSED] - Text 'Greetings, I'm Naveen , a seasoned explorer in the journey of life, joyfully celebrating my 58 years of existence. With a background in literature, I dedicated decades to exploring the rich world of words and stories. Beyond academic pursuits, I find solace in the world of painting, crafting vibrant canvases that express the beauty of the written word. I have a joint family of 32 members. In a companion, I hope to find someone who shares my love for literature and the appreciation for the creative blend of art and storytelling. Health-wise, I've faced challenges with allergies, but with careful management and a balanced lifestyle, I continue to pursue my passions with vigor. Life has been a captivating adventure through the pages of books and art, and I look forward to painting new chapters with a like-minded soul who values the beauty of storytelling and the creativity of artistic expression.' is set on object 'Object Repository/Profile_Creation_Page/Profile_Creation_Page_Objects/Input_I_Want_To_Type'

19-02-2024T10:25:10 - [TEST_STEP][PASSED] - scrollToElement(findTestObject("Object Repository/Profile_Creation_Page/Profile_Creation_Page_Objects/button_Next"), 0): Scroll to object 'Object Repository/Profile_Creation_Page/Profile_Creation_Page_Objects/button_Next' successfully

19-02-2024T10:25:10 - [MESSAGE][WARNING] - Timeout '0' is invalid. Using default page load timeout: '30'

19-02-2024T10:25:10 - [MESSAGE][PASSED] - Scroll to object 'Object Repository/Profile_Creation_Page/Profile_Creation_Page_Objects/button_Next' successfully

19-02-2024T10:25:10 - [TEST_STEP][PASSED] - click(findTestObject("Object Repository/Profile_Creation_Page/Profile_Creation_Page_Objects/button_Next")): Object: 'Object Repository/Profile_Creation_Page/Profile_Creation_Page_Objects/button_Next' is clicked on

19-02-2024T10:25:10 - [MESSAGE][PASSED] - Object: 'Object Repository/Profile_Creation_Page/Profile_Creation_Page_Objects/button_Next' is clicked on

19-02-2024T10:25:10 - [TEST_STEP][PASSED] - delay(20): Delayed 20 second(s)

19-02-2024T10:25:30 - [MESSAGE][PASSED] - Delayed 20 second(s)

19-02-2024T10:25:30 - [TEST_STEP][PASSED] - waitForElementNotPresent(findTestObject("WaitingPage/Waiting_Page/txt_1-2 minutes"), 180): Web element with id: 'Object Repository/WaitingPage/Waiting_Page/txt_1-2 minutes' located by 'By.xpath: //div[@id='root']/div/div/div/div/div/p[2]' is not present after '180' second(s)

19-02-2024T10:25:30 - [MESSAGE][PASSED] - Web element with id: 'Object Repository/WaitingPage/Waiting_Page/txt_1-2 minutes' located by 'By.xpath: //div[@id='root']/div/div/div/div/div/p[2]' is not present after '180' second(s)

19-02-2024T10:25:30 - [TEST_STEP][PASSED] - Education = getAttribute(findTestObject("Category_View_Page/Category_View_Page_Objects/Input_Edit_Educational_Info"), "value"): Attribute 'value' of object 'Object Repository/Category_View_Page/Category_View_Page_Objects/Input_Edit_Educational_Info' is: 'With a background in literature, I dedicated decades to exploring the rich world of words and stories.'

19-02-2024T10:25:30 - [MESSAGE][PASSED] - Attribute 'value' of object 'Object Repository/Category_View_Page/Category_View_Page_Objects/Input_Edit_Educational_Info' is: 'With a background in literature, I dedicated decades to exploring the rich world of words and stories.'

19-02-2024T10:25:30 - [TEST_STEP][PASSED] - validateText.ValidateText.calculateAndPrintPercentageMatch("EDUCATION", Education, EducationNew): validateText.ValidateText.calculateAndPrintPercentageMatch is PASSED

19-02-2024T10:25:30 - [MESSAGE][PASSED] - validateText.ValidateText.calculateAndPrintPercentageMatch is PASSED

19-02-2024T10:25:30 - [TEST_STEP][PASSED] - FamilyAndCommunity = getAttribute(findTestObject("Category_View_Page/Category_View_Page_Objects/Input_Edit_Family_And_Community_Involvement"), "value"): Attribute 'value' of object 'Object Repository/Category_View_Page/Category_View_Page_Objects/Input_Edit_Family_And_Community_Involvement' is: 'I have a joint family of 32 members.'

19-02-2024T10:25:31 - [MESSAGE][PASSED] - Attribute 'value' of object 'Object Repository/Category_View_Page/Category_View_Page_Objects/Input_Edit_Family_And_Community_Involvement' is: 'I have a joint family of 32 members.'

19-02-2024T10:25:31 - [TEST_STEP][PASSED] - validateText.ValidateText.calculateAndPrintPercentageMatch("FAMILYANDCOMMUNITY", FamilyAndCommunity, FamilyAndCommunityNew): validateText.ValidateText.calculateAndPrintPercentageMatch is PASSED

19-02-2024T10:25:31 - [MESSAGE][PASSED] - validateText.ValidateText.calculateAndPrintPercentageMatch is PASSED

19-02-2024T10:25:31 - [TEST_STEP][PASSED] - Hobbies = getAttribute(findTestObject("Category_View_Page/Category_View_Page_Objects/Input_Edit_Appropriate_Hobbies"), "value"): Attribute 'value' of object 'Object Repository/Category_View_Page/Category_View_Page_Objects/Input_Edit_Appropriate_Hobbies' is: 'Beyond academic pursuits, I find solace in the world of painting, crafting vibrant canvases that express the beauty of the written word.'

19-02-2024T10:25:31 - [MESSAGE][PASSED] - Attribute 'value' of object 'Object Repository/Category_View_Page/Category_View_Page_Objects/Input_Edit_Appropriate_Hobbies' is: 'Beyond academic pursuits, I find solace in the world of painting, crafting vibrant canvases that express the beauty of the written word.'

19-02-2024T10:25:31 - [TEST_STEP][PASSED] - validateText.ValidateText.calculateAndPrintPercentageMatch("HOBBIES", Hobbies, HobbiesNew): validateText.ValidateText.calculateAndPrintPercentageMatch is PASSED

19-02-2024T10:25:31 - [MESSAGE][PASSED] - validateText.ValidateText.calculateAndPrintPercentageMatch is PASSED

19-02-2024T10:25:31 - [TEST_STEP][PASSED] - Expectations = getAttribute(findTestObject("Category_View_Page/Category_View_Page_Objects/Input_Edit_expectation"), "value"): Attribute 'value' of object 'Object Repository/Category_View_Page/Category_View_Page_Objects/Input_Edit_expectation' is: 'In a companion, I hope to find someone who shares my love for literature and the appreciation for the creative blend of art and storytelling.'

19-02-2024T10:25:32 - [MESSAGE][PASSED] - Attribute 'value' of object 'Object Repository/Category_View_Page/Category_View_Page_Objects/Input_Edit_expectation' is: 'In a companion, I hope to find someone who shares my love for literature and the appreciation for the creative blend of art and storytelling.'

19-02-2024T10:25:32 - [TEST_STEP][PASSED] - validateText.ValidateText.calculateAndPrintPercentageMatch("EXPECTATIONS", Expectations, ExpectationsNew): validateText.ValidateText.calculateAndPrintPercentageMatch is PASSED

19-02-2024T10:25:32 - [MESSAGE][PASSED] - validateText.ValidateText.calculateAndPrintPercentageMatch is PASSED

19-02-2024T10:25:32 - [TEST_STEP][PASSED] - Others = getAttribute(findTestObject("Category_View_Page/Category_View_Page_Objects/Input_Edit_Appropriate_Health"), "value"): Attribute 'value' of object 'Object Repository/Category_View_Page/Category_View_Page_Objects/Input_Edit_Appropriate_Health' is: 'Greetings, I'm Naveen , a seasoned explorer in the journey of life, joyfully celebrating my 58 years of existence. Life has been a captivating adventure through the pages of books and art, and I look forward to painting new chapters with a like-minded soul who values the beauty of storytelling and the creativity of artistic expression. Health-wise, I've faced challenges with allergies, but with careful management and a balanced lifestyle, I continue to pursue my passions with vigor.'

19-02-2024T10:25:32 - [MESSAGE][PASSED] - Attribute 'value' of object 'Object Repository/Category_View_Page/Category_View_Page_Objects/Input_Edit_Appropriate_Health' is: 'Greetings, I'm Naveen , a seasoned explorer in the journey of life, joyfully celebrating my 58 years of existence. Life has been a captivating adventure through the pages of books and art, and I look forward to painting new chapters with a like-minded soul who values the beauty of storytelling and the creativity of artistic expression. Health-wise, I've faced challenges with allergies, but with careful management and a balanced lifestyle, I continue to pursue my passions with vigor.'

19-02-2024T10:25:32 - [TEST_STEP][PASSED] - validateText.ValidateText.calculateAndPrintPercentageMatch("OTHERS", Others, OtherNew): validateText.ValidateText.calculateAndPrintPercentageMatch is PASSED

19-02-2024T10:25:32 - [MESSAGE][PASSED] - validateText.ValidateText.calculateAndPrintPercentageMatch is PASSED

19-02-2024T10:25:32 - [TEST_STEP][PASSED] - waitForElementClickable(findTestObject("Object Repository/Category_View_Page/Category_View_Page_Objects/button_Next"), 65): Object 'Object Repository/Category_View_Page/Category_View_Page_Objects/button_Next' is clickable

19-02-2024T10:25:32 - [MESSAGE][PASSED] - Object 'Object Repository/Category_View_Page/Category_View_Page_Objects/button_Next' is clickable

19-02-2024T10:25:32 - [TEST_STEP][PASSED] - click(findTestObject("Object Repository/Category_View_Page/Category_View_Page_Objects/button_Next")): Object: 'Object Repository/Category_View_Page/Category_View_Page_Objects/button_Next' is clicked on

19-02-2024T10:25:34 - [MESSAGE][PASSED] - Object: 'Object Repository/Category_View_Page/Category_View_Page_Objects/button_Next' is clicked on

19-02-2024T10:25:34 - [TEST_STEP][PASSED] - waitForElementNotPresent(findTestObject("WaitingPage/Waiting_Page/Clock_categoryToCalender"), 10): Web element with id: 'Object Repository/WaitingPage/Waiting_Page/Clock_categoryToCalender' located by 'By.xpath: //div[@id='root']/div/div/div/div/span' is not present after '10' second(s)

19-02-2024T10:25:36 - [MESSAGE][PASSED] - Web element with id: 'Object Repository/WaitingPage/Waiting_Page/Clock_categoryToCalender' located by 'By.xpath: //div[@id='root']/div/div/div/div/span' is not present after '10' second(s)

19-02-2024T10:25:36 - [TEST_STEP][PASSED] - scrollToElement(findTestObject("Calendar_page/Input_Start_Date"), 0): Scroll to object 'Object Repository/Calendar_page/Input_Start_Date' successfully

19-02-2024T10:25:36 - [MESSAGE][WARNING] - Timeout '0' is invalid. Using default page load timeout: '30'

19-02-2024T10:25:36 - [MESSAGE][PASSED] - Scroll to object 'Object Repository/Calendar_page/Input_Start_Date' successfully

19-02-2024T10:25:36 - [TEST_STEP][PASSED] - click(findTestObject("Calendar_page/Input_Busy_Days")): Object: 'Object Repository/Calendar_page/Input_Busy_Days' is clicked on

19-02-2024T10:25:37 - [MESSAGE][PASSED] - Object: 'Object Repository/Calendar_page/Input_Busy_Days' is clicked on

19-02-2024T10:25:37 - [TEST_STEP][PASSED] - click(findTestObject("Calendar_page/startDate/JanuaryStartDates/div_27")): Object: 'Object Repository/Calendar_page/startDate/JanuaryStartDates/div_27' is clicked on

19-02-2024T10:25:37 - [MESSAGE][PASSED] - Object: 'Object Repository/Calendar_page/startDate/JanuaryStartDates/div_27' is clicked on

19-02-2024T10:25:37 - [TEST_STEP][PASSED] - delay(2): Delayed 2 second(s)

19-02-2024T10:25:39 - [MESSAGE][PASSED] - Delayed 2 second(s)

19-02-2024T10:25:39 - [TEST_STEP][PASSED] - click(findTestObject("Calendar_page/startDate/JanuaryStartDates/div_27")): Object: 'Object Repository/Calendar_page/startDate/JanuaryStartDates/div_27' is clicked on

19-02-2024T10:25:39 - [MESSAGE][PASSED] - Object: 'Object Repository/Calendar_page/startDate/JanuaryStartDates/div_27' is clicked on

19-02-2024T10:25:39 - [TEST_STEP][PASSED] - delay(2): Delayed 2 second(s)

19-02-2024T10:25:41 - [MESSAGE][PASSED] - Delayed 2 second(s)

19-02-2024T10:25:41 - [TEST_STEP][PASSED] - click(findTestObject("Calendar_page/div_day_Column")): Object: 'Object Repository/Calendar_page/div_day_Column' is clicked on

19-02-2024T10:25:41 - [MESSAGE][PASSED] - Object: 'Object Repository/Calendar_page/div_day_Column' is clicked on

19-02-2024T10:25:41 - [TEST_STEP][PASSED] - selectOptionByLabel(findTestObject("Calendar_page/Select_Available_From"), "05:30 PM", false): All options with label '05:30 PM' are selected in object 'Object Repository/Calendar_page/Select_Available_From' 

19-02-2024T10:25:41 - [MESSAGE][PASSED] - All options with label '05:30 PM' are selected in object 'Object Repository/Calendar_page/Select_Available_From' 

19-02-2024T10:25:41 - [TEST_STEP][PASSED] - delay(2): Delayed 2 second(s)

19-02-2024T10:25:43 - [MESSAGE][PASSED] - Delayed 2 second(s)

19-02-2024T10:25:43 - [TEST_STEP][PASSED] - selectOptionByLabel(findTestObject("Calendar_page/Select_Available_To"), "06:00 PM", false): All options with label '06:00 PM' are selected in object 'Object Repository/Calendar_page/Select_Available_To' 

19-02-2024T10:25:44 - [MESSAGE][PASSED] - All options with label '06:00 PM' are selected in object 'Object Repository/Calendar_page/Select_Available_To' 

19-02-2024T10:25:44 - [TEST_STEP][PASSED] - delay(2): Delayed 2 second(s)

19-02-2024T10:25:46 - [MESSAGE][PASSED] - Delayed 2 second(s)

19-02-2024T10:25:46 - [TEST_STEP][PASSED] - click(findTestObject("Calendar_page/button_Save")): Object: 'Object Repository/Calendar_page/button_Save' is clicked on

19-02-2024T10:25:46 - [MESSAGE][PASSED] - Object: 'Object Repository/Calendar_page/button_Save' is clicked on

19-02-2024T10:25:46 - [TEST_STEP][PASSED] - delay(2): Delayed 2 second(s)

19-02-2024T10:25:48 - [MESSAGE][PASSED] - Delayed 2 second(s)

19-02-2024T10:25:48 - [TEST_STEP][PASSED] - click(findTestObject("Calendar_page/Button_Next (1)")): Object: 'Object Repository/Calendar_page/Button_Next (1)' is clicked on

19-02-2024T10:25:48 - [MESSAGE][PASSED] - Object: 'Object Repository/Calendar_page/Button_Next (1)' is clicked on

19-02-2024T10:25:48 - [TEST_STEP][PASSED] - delay(3): Delayed 3 second(s)

19-02-2024T10:25:51 - [MESSAGE][PASSED] - Delayed 3 second(s)

19-02-2024T10:25:51 - [TEST_STEP][PASSED] - click(findTestObject("Calendar_page/button_Ok")): Object: 'Object Repository/Calendar_page/button_Ok' is clicked on

19-02-2024T10:25:51 - [MESSAGE][PASSED] - Object: 'Object Repository/Calendar_page/button_Ok' is clicked on

19-02-2024T10:25:51 - [TEST_STEP][PASSED] - delay(2): Delayed 2 second(s)

19-02-2024T10:25:53 - [MESSAGE][PASSED] - Delayed 2 second(s)

19-02-2024T10:25:53 - [TEST_STEP][PASSED] - callTestCase(findTestCase("Senior_TestCases/TC06_SeniorDemographic"), ["UserName":"", "Email":Email, "Profile":Profile, "EducationNew":EducationNew, "FamilyAndCommunityNew":FamilyAndCommunityNew, ... ], STOP_ON_FAILURE): Call Test Case 'Test Cases/Senior_TestCases/TC06_SeniorDemographic' successfully

19-02-2024T10:25:53 - [TEST_CASE][PASSED] - Test Cases/Senior_TestCases/TC06_SeniorDemographic: Test Cases/Senior_TestCases/TC06_SeniorDemographic

19-02-2024T10:25:54 - [TEST_STEP][PASSED] - verifyElementPresent(findTestObject("Demographic Page/Text_Personal Information"), 0, STOP_ON_FAILURE): Object 'Object Repository/Demographic Page/Text_Personal Information' is present

19-02-2024T10:25:54 - [MESSAGE][WARNING] - Timeout '0' is invalid. Using default page load timeout: '30'

19-02-2024T10:25:54 - [MESSAGE][PASSED] - Object 'Object Repository/Demographic Page/Text_Personal Information' is present

19-02-2024T10:25:54 - [TEST_STEP][PASSED] - verifyElementPresent(findTestObject("Demographic Page/My Information/Text_My Information"), 0, STOP_ON_FAILURE): Object 'Object Repository/Demographic Page/My Information/Text_My Information' is present

19-02-2024T10:25:54 - [MESSAGE][WARNING] - Timeout '0' is invalid. Using default page load timeout: '30'

19-02-2024T10:25:54 - [MESSAGE][PASSED] - Object 'Object Repository/Demographic Page/My Information/Text_My Information' is present

19-02-2024T10:25:54 - [TEST_STEP][PASSED] - NAME = getAttribute(findTestObject("Demographic Page/My Information/Input_Name"), "value"): Attribute 'value' of object 'Object Repository/Demographic Page/My Information/Input_Name' is: 'dilip'

19-02-2024T10:25:54 - [MESSAGE][PASSED] - Attribute 'value' of object 'Object Repository/Demographic Page/My Information/Input_Name' is: 'dilip'

19-02-2024T10:25:54 - [TEST_STEP][PASSED] - validateText.ValidateText.calculateAndPrintPercentageMatch("Name", NAME, UserName): validateText.ValidateText.calculateAndPrintPercentageMatch is PASSED

19-02-2024T10:25:54 - [MESSAGE][PASSED] - validateText.ValidateText.calculateAndPrintPercentageMatch is PASSED

19-02-2024T10:25:54 - [TEST_STEP][PASSED] - verifyElementPresent(findTestObject("Demographic Page/My Information/Input__MobileNumber"), 0): Object 'Object Repository/Demographic Page/My Information/Input__MobileNumber' is present

19-02-2024T10:25:55 - [MESSAGE][WARNING] - Timeout '0' is invalid. Using default page load timeout: '30'

19-02-2024T10:25:55 - [MESSAGE][PASSED] - Object 'Object Repository/Demographic Page/My Information/Input__MobileNumber' is present

19-02-2024T10:25:55 - [TEST_STEP][PASSED] - setText(findTestObject("Demographic Page/My Information/Input__MobileNumber"), mobile_no): Text '2298900988' is set on object 'Object Repository/Demographic Page/My Information/Input__MobileNumber'

19-02-2024T10:25:55 - [MESSAGE][PASSED] - Text '2298900988' is set on object 'Object Repository/Demographic Page/My Information/Input__MobileNumber'

19-02-2024T10:25:55 - [TEST_STEP][PASSED] - setText(findTestObject("Demographic Page/My Information/Input__BirthYear"), birth_year): Text '1988' is set on object 'Object Repository/Demographic Page/My Information/Input__BirthYear'

19-02-2024T10:25:55 - [MESSAGE][PASSED] - Text '1988' is set on object 'Object Repository/Demographic Page/My Information/Input__BirthYear'

19-02-2024T10:25:55 - [TEST_STEP][PASSED] - EMAIL = getAttribute(findTestObject("Demographic Page/My Information/Input_Email"), "value"): Attribute 'value' of object 'Object Repository/Demographic Page/My Information/Input_Email' is: 'Dilip@gmail.com'

19-02-2024T10:25:55 - [MESSAGE][PASSED] - Attribute 'value' of object 'Object Repository/Demographic Page/My Information/Input_Email' is: 'Dilip@gmail.com'

19-02-2024T10:25:55 - [TEST_STEP][PASSED] - validateText.ValidateText.calculateAndPrintPercentageMatch("Email", EMAIL, Email): validateText.ValidateText.calculateAndPrintPercentageMatch is PASSED

19-02-2024T10:25:55 - [MESSAGE][PASSED] - validateText.ValidateText.calculateAndPrintPercentageMatch is PASSED

19-02-2024T10:25:55 - [TEST_STEP][PASSED] - setText(findTestObject("Demographic Page/My Information/Input__Address1"), address_1): Text 'Oak Lane' is set on object 'Object Repository/Demographic Page/My Information/Input__Address1'

19-02-2024T10:25:55 - [MESSAGE][PASSED] - Text 'Oak Lane' is set on object 'Object Repository/Demographic Page/My Information/Input__Address1'

19-02-2024T10:25:55 - [TEST_STEP][PASSED] - setText(findTestObject("Demographic Page/My Information/Input_Address2"), address_2): Text 'Temple Road' is set on object 'Object Repository/Demographic Page/My Information/Input_Address2'

19-02-2024T10:25:56 - [MESSAGE][PASSED] - Text 'Temple Road' is set on object 'Object Repository/Demographic Page/My Information/Input_Address2'

19-02-2024T10:25:56 - [TEST_STEP][PASSED] - selectOptionByLabel(findTestObject("Demographic Page/My Information/Select_State"), "Texas", false): All options with label 'Texas' are selected in object 'Object Repository/Demographic Page/My Information/Select_State' 

19-02-2024T10:25:56 - [MESSAGE][PASSED] - All options with label 'Texas' are selected in object 'Object Repository/Demographic Page/My Information/Select_State' 

19-02-2024T10:25:56 - [TEST_STEP][PASSED] - selectOptionByLabel(findTestObject("Demographic Page/My Information/Select_City"), "Houston", false): All options with label 'Houston' are selected in object 'Object Repository/Demographic Page/My Information/Select_City' 

19-02-2024T10:25:56 - [MESSAGE][PASSED] - All options with label 'Houston' are selected in object 'Object Repository/Demographic Page/My Information/Select_City' 

19-02-2024T10:25:56 - [TEST_STEP][PASSED] - setText(findTestObject("Demographic Page/My Information/Input__Zipcode"), ZipCode): Text '' is set on object 'Object Repository/Demographic Page/My Information/Input__Zipcode'

19-02-2024T10:25:56 - [MESSAGE][PASSED] - Text '' is set on object 'Object Repository/Demographic Page/My Information/Input__Zipcode'

19-02-2024T10:25:56 - [TEST_STEP][PASSED] - setText(findTestObject("ECemergencyNew/Page_CaringConnections-v-1.17/input__emergencyName"), emergency_name): Text 'Shri' is set on object 'Object Repository/ECemergencyNew/Page_CaringConnections-v-1.17/input__emergencyName'

19-02-2024T10:25:56 - [MESSAGE][PASSED] - Text 'Shri' is set on object 'Object Repository/ECemergencyNew/Page_CaringConnections-v-1.17/input__emergencyName'

19-02-2024T10:25:56 - [TEST_STEP][PASSED] - selectOptionByLabel(findTestObject("ECemergencyNew/Page_CaringConnections-v-1.17/Select_EC_Relation"), "Family", false): All options with label 'Family' are selected in object 'Object Repository/ECemergencyNew/Page_CaringConnections-v-1.17/Select_EC_Relation' 

19-02-2024T10:25:56 - [MESSAGE][PASSED] - All options with label 'Family' are selected in object 'Object Repository/ECemergencyNew/Page_CaringConnections-v-1.17/Select_EC_Relation' 

19-02-2024T10:25:56 - [TEST_STEP][PASSED] - setText(findTestObject("ECemergencyNew/Page_CaringConnections-v-1.17/input__emergencyAddress"), emergency_address): Text 'Zion Colony' is set on object 'Object Repository/ECemergencyNew/Page_CaringConnections-v-1.17/input__emergencyAddress'

19-02-2024T10:25:56 - [MESSAGE][PASSED] - Text 'Zion Colony' is set on object 'Object Repository/ECemergencyNew/Page_CaringConnections-v-1.17/input__emergencyAddress'

19-02-2024T10:25:56 - [TEST_STEP][PASSED] - setText(findTestObject("ECemergencyNew/Page_CaringConnections-v-1.17/input_Address Line 2 (Optional)_emergencyAddress2"), address_line2): Text 'Eros Lane' is set on object 'Object Repository/ECemergencyNew/Page_CaringConnections-v-1.17/input_Address Line 2 (Optional)_emergencyAddress2'

19-02-2024T10:25:57 - [MESSAGE][PASSED] - Text 'Eros Lane' is set on object 'Object Repository/ECemergencyNew/Page_CaringConnections-v-1.17/input_Address Line 2 (Optional)_emergencyAddress2'

19-02-2024T10:25:57 - [TEST_STEP][PASSED] - selectOptionByLabel(findTestObject("ECemergencyNew/Page_CaringConnections-v-1.17/Select_EC_State"), "California", false): All options with label 'California' are selected in object 'Object Repository/ECemergencyNew/Page_CaringConnections-v-1.17/Select_EC_State' 

19-02-2024T10:25:57 - [MESSAGE][PASSED] - All options with label 'California' are selected in object 'Object Repository/ECemergencyNew/Page_CaringConnections-v-1.17/Select_EC_State' 

19-02-2024T10:25:57 - [TEST_STEP][PASSED] - selectOptionByLabel(findTestObject("ECemergencyNew/Page_CaringConnections-v-1.17/SelectEC_City"), "Fresno", false): All options with label 'Fresno' are selected in object 'Object Repository/ECemergencyNew/Page_CaringConnections-v-1.17/SelectEC_City' 

19-02-2024T10:25:57 - [MESSAGE][PASSED] - All options with label 'Fresno' are selected in object 'Object Repository/ECemergencyNew/Page_CaringConnections-v-1.17/SelectEC_City' 

19-02-2024T10:25:57 - [TEST_STEP][PASSED] - setText(findTestObject("ECemergencyNew/Page_CaringConnections-v-1.17/input__emergencyZipcode"), emergency_zip_code): Text '345654' is set on object 'Object Repository/ECemergencyNew/Page_CaringConnections-v-1.17/input__emergencyZipcode'

19-02-2024T10:25:57 - [MESSAGE][PASSED] - Text '345654' is set on object 'Object Repository/ECemergencyNew/Page_CaringConnections-v-1.17/input__emergencyZipcode'

19-02-2024T10:25:57 - [TEST_STEP][PASSED] - setText(findTestObject("ECemergencyNew/Page_CaringConnections-v-1.17/input__emergencyMobileNumber"), emergency_mobile_no): Text '3454345213' is set on object 'Object Repository/ECemergencyNew/Page_CaringConnections-v-1.17/input__emergencyMobileNumber'

19-02-2024T10:25:57 - [MESSAGE][PASSED] - Text '3454345213' is set on object 'Object Repository/ECemergencyNew/Page_CaringConnections-v-1.17/input__emergencyMobileNumber'

19-02-2024T10:25:57 - [TEST_STEP][PASSED] - setText(findTestObject("ECemergencyNew/Page_CaringConnections-v-1.17/input_Other No_emergencyOtherNumber"), emergency_other_no): Text '3355645780' is set on object 'Object Repository/ECemergencyNew/Page_CaringConnections-v-1.17/input_Other No_emergencyOtherNumber'

19-02-2024T10:25:57 - [MESSAGE][PASSED] - Text '3355645780' is set on object 'Object Repository/ECemergencyNew/Page_CaringConnections-v-1.17/input_Other No_emergencyOtherNumber'

19-02-2024T10:25:57 - [TEST_STEP][PASSED] - click(findTestObject("Demographic Page/Demographic_Validation/Senior_Demographic_Validation/Page_CaringConnections-v-1.18/button_Next")): Object: 'Object Repository/Demographic Page/Demographic_Validation/Senior_Demographic_Validation/Page_CaringConnections-v-1.18/button_Next' is clicked on

19-02-2024T10:26:00 - [MESSAGE][PASSED] - Object: 'Object Repository/Demographic Page/Demographic_Validation/Senior_Demographic_Validation/Page_CaringConnections-v-1.18/button_Next' is clicked on

19-02-2024T10:26:00 - [MESSAGE][PASSED] - Call Test Case 'Test Cases/Senior_TestCases/TC06_SeniorDemographic' successfully

19-02-2024T10:26:00 - [TEST_STEP][PASSED] - callTestCase(findTestCase("Common_TestCases/Thank_You_Page"), [:], STOP_ON_FAILURE): Call Test Case 'Test Cases/Common_TestCases/Thank_You_Page' successfully

19-02-2024T10:26:00 - [TEST_CASE][PASSED] - Test Cases/Common_TestCases/Thank_You_Page: Test Cases/Common_TestCases/Thank_You_Page

19-02-2024T10:26:00 - [TEST_STEP][PASSED] - verifyElementPresent(findTestObject("Object Repository/Thank_You_Page/Page_CaringConnections-v-1.18/h1_Thank you"), 0): Object 'Object Repository/Thank_You_Page/Page_CaringConnections-v-1.18/h1_Thank you' is present

19-02-2024T10:26:00 - [MESSAGE][WARNING] - Timeout '0' is invalid. Using default page load timeout: '30'

19-02-2024T10:26:00 - [MESSAGE][PASSED] - Object 'Object Repository/Thank_You_Page/Page_CaringConnections-v-1.18/h1_Thank you' is present

19-02-2024T10:26:00 - [TEST_STEP][PASSED] - verifyElementPresent(findTestObject("Object Repository/Thank_You_Page/Page_CaringConnections-v-1.18/p_badge(role)"), 0): Object 'Object Repository/Thank_You_Page/Page_CaringConnections-v-1.18/p_badge(role)' is present

19-02-2024T10:26:00 - [MESSAGE][WARNING] - Timeout '0' is invalid. Using default page load timeout: '30'

19-02-2024T10:26:00 - [MESSAGE][PASSED] - Object 'Object Repository/Thank_You_Page/Page_CaringConnections-v-1.18/p_badge(role)' is present

19-02-2024T10:26:00 - [TEST_STEP][PASSED] - verifyElementPresent(findTestObject("Thank_You_Page/Page_CaringConnections-v-1.18/img"), 0): Object 'Object Repository/Thank_You_Page/Page_CaringConnections-v-1.18/img' is present

19-02-2024T10:26:00 - [MESSAGE][WARNING] - Timeout '0' is invalid. Using default page load timeout: '30'

19-02-2024T10:26:00 - [MESSAGE][PASSED] - Object 'Object Repository/Thank_You_Page/Page_CaringConnections-v-1.18/img' is present

19-02-2024T10:26:00 - [TEST_STEP][PASSED] - click(findTestObject("Object Repository/Thank_You_Page/Page_CaringConnections-v-1.18/img")): Object: 'Object Repository/Thank_You_Page/Page_CaringConnections-v-1.18/img' is clicked on

19-02-2024T10:26:01 - [MESSAGE][PASSED] - Object: 'Object Repository/Thank_You_Page/Page_CaringConnections-v-1.18/img' is clicked on

19-02-2024T10:26:01 - [MESSAGE][PASSED] - Call Test Case 'Test Cases/Common_TestCases/Thank_You_Page' successfully]]></system-out>
         <system-err><![CDATA[]]></system-err>
      </testcase>
      <system-out><![CDATA[19-02-2024T10:21:58 - [TEST_SUITE][PASSED] - Senior_Type: Test Cases/Senior_TestCases/TC03_ReRecord_Type]]></system-out>
      <system-err><![CDATA[]]></system-err>
   </testsuite>
</testsuites>
