<?xml version="1.0" encoding="UTF-8"?>
<testsuites name="Senior_Type" time="736.661" tests="6" failures="0" errors="0">
   <testsuite name="Senior_Type" tests="6" failures="0" errors="0" time="736.661" skipped="0" timestamp="2024-01-12 13:27:33" hostname="PalakGupta - LININDAUG23-266.bbrouter" id="Test Suites/Senior/Senior_Type">
      <properties>
         <property name="deviceName" value=""/>
         <property name="devicePlatform" value=""/>
         <property name="logFolder" value="C:\\Users\\PalakGupta\\OneDrive - pursuit software development pvt. ltd\\Desktop\\Automation_CaringConnection\\Reports\\20240112_132731\\Senior\\Senior_Type\\20240112_132731"/>
         <property name="logFiles" value="C:\\Users\\PalakGupta\\OneDrive - pursuit software development pvt. ltd\\Desktop\\Automation_CaringConnection\\Reports\\20240112_132731\\Senior\\Senior_Type\\20240112_132731\\execution0.log"/>
         <property name="attachments" value=""/>
         <property name="hostName" value="PalakGupta - LININDAUG23-266.bbrouter"/>
         <property name="os" value="Windows 11 64bit"/>
         <property name="katalonVersion" value="9.0.0.212"/>
         <property name="browser" value="Chrome 120.0.0.0"/>
         <property name="hostAddress" value="192.168.1.7"/>
         <property name="sessionId" value="cb5eb3605cb364c5758a6168716e5813"/>
         <property name="seleniumVersion" value="3.141.59"/>
         <property name="proxyInformation" value="ProxyInformation { proxyOption=NO_PROXY, proxyServerType=HTTP, username=, password=********, proxyServerAddress=, proxyServerPort=0, executionList=&quot;&quot;, isApplyToDesiredCapabilities=true }"/>
         <property name="platform" value="Windows 11"/>
      </properties>
      <testcase name="Test Cases/Senior_TestCases/TC01_CreateProfile_Type" time="118.709" classname="Test Cases/Senior_TestCases/TC01_CreateProfile_Type" status="PASSED">
         <system-out><![CDATA[2024-01-12 13:27:34 - [TEST_CASE][PASSED] - Test Cases/Senior_TestCases/TC01_CreateProfile_Type: Test Cases/Senior_TestCases/TC01_CreateProfile_Type

2024-01-12 13:27:34 - [TEST_STEP][PASSED] - callTestCase(findTestCase("Common_TestCases/Senior_SignUp"), ["username":UserName, "email":Email, "zipcode":ZipCode, "password":Password], STOP_ON_FAILURE): Call Test Case 'Test Cases/Common_TestCases/Senior_SignUp' successfully

2024-01-12 13:27:34 - [TEST_CASE][PASSED] - Test Cases/Common_TestCases/Senior_SignUp: Test Cases/Common_TestCases/Senior_SignUp

2024-01-12 13:27:34 - [TEST_STEP][PASSED] - System.setProperty("webdriver.chrome.driver", "Data Files/chromedriver-win64/chromedriver.exe"): null

2024-01-12 13:27:34 - [TEST_STEP][PASSED] - options = new org.openqa.selenium.chrome.ChromeOptions(): null

2024-01-12 13:27:34 - [TEST_STEP][PASSED] - options.addArguments("start-maximized"): null

2024-01-12 13:27:34 - [TEST_STEP][PASSED] - options.addArguments("force-device-scale-factor=1.2"): null

2024-01-12 13:27:34 - [TEST_STEP][PASSED] - options.setExperimentalOption("prefs", new Script1700728747795$1(this)): null

2024-01-12 13:27:34 - [TEST_STEP][PASSED] - capabilities = DesiredCapabilities.chrome(): null

2024-01-12 13:27:34 - [TEST_STEP][PASSED] - capabilities.setCapability(CAPABILITY, options): null

2024-01-12 13:27:34 - [TEST_STEP][PASSED] - driver = new org.openqa.selenium.chrome.ChromeDriver(capabilities): null

2024-01-12 13:27:36 - [TEST_STEP][PASSED] - changeWebDriver(driver): null

2024-01-12 13:27:36 - [TEST_STEP][PASSED] - navigateToUrl("https://caring-connections-qa.azurewebsites.net/"): Navigate to 'https://caring-connections-qa.azurewebsites.net/' successfully

2024-01-12 13:27:40 - [MESSAGE][PASSED] - Navigate to 'https://caring-connections-qa.azurewebsites.net/' successfully

2024-01-12 13:27:40 - [TEST_STEP][PASSED] - click(findTestObject("Login_Pages/Sign_In_Page/button_Sign_Up")): Object: 'Object Repository/Login_Pages/Sign_In_Page/button_Sign_Up' is clicked on

2024-01-12 13:27:40 - [MESSAGE][PASSED] - Object: 'Object Repository/Login_Pages/Sign_In_Page/button_Sign_Up' is clicked on

2024-01-12 13:27:40 - [TEST_STEP][PASSED] - setText(findTestObject("Login_Pages/Sign_Up_Page/Input_First_Last_Name"), username): Text 'Palak' is set on object 'Object Repository/Login_Pages/Sign_Up_Page/Input_First_Last_Name'

2024-01-12 13:27:40 - [MESSAGE][PASSED] - Text 'Palak' is set on object 'Object Repository/Login_Pages/Sign_Up_Page/Input_First_Last_Name'

2024-01-12 13:27:40 - [TEST_STEP][PASSED] - setText(findTestObject("Login_Pages/Sign_Up_Page/Input_ZIP_code"), zipcode): Text '464646' is set on object 'Object Repository/Login_Pages/Sign_Up_Page/Input_ZIP_code'

2024-01-12 13:27:41 - [MESSAGE][PASSED] - Text '464646' is set on object 'Object Repository/Login_Pages/Sign_Up_Page/Input_ZIP_code'

2024-01-12 13:27:41 - [TEST_STEP][PASSED] - setText(findTestObject("Login_Pages/Sign_Up_Page/Input_Username"), email): Text 'pgpalakg101@gmail.com' is set on object 'Object Repository/Login_Pages/Sign_Up_Page/Input_Username'

2024-01-12 13:27:41 - [MESSAGE][PASSED] - Text 'pgpalakg101@gmail.com' is set on object 'Object Repository/Login_Pages/Sign_Up_Page/Input_Username'

2024-01-12 13:27:41 - [TEST_STEP][PASSED] - setText(findTestObject("Login_Pages/Sign_Up_Page/Input_Password"), password): Text 'Test@123' is set on object 'Object Repository/Login_Pages/Sign_Up_Page/Input_Password'

2024-01-12 13:27:41 - [MESSAGE][PASSED] - Text 'Test@123' is set on object 'Object Repository/Login_Pages/Sign_Up_Page/Input_Password'

2024-01-12 13:27:41 - [TEST_STEP][PASSED] - click(findTestObject("Login_Pages/Sign_Up_Page/button_role_Senior")): Object: 'Object Repository/Login_Pages/Sign_Up_Page/button_role_Senior' is clicked on

2024-01-12 13:27:41 - [MESSAGE][PASSED] - Object: 'Object Repository/Login_Pages/Sign_Up_Page/button_role_Senior' is clicked on

2024-01-12 13:27:41 - [TEST_STEP][PASSED] - click(findTestObject("Login_Pages/Sign_Up_Page/button_Sign_Up")): Object: 'Object Repository/Login_Pages/Sign_Up_Page/button_Sign_Up' is clicked on

2024-01-12 13:27:41 - [MESSAGE][PASSED] - Object: 'Object Repository/Login_Pages/Sign_Up_Page/button_Sign_Up' is clicked on

2024-01-12 13:27:41 - [MESSAGE][PASSED] - Call Test Case 'Test Cases/Common_TestCases/Senior_SignUp' successfully

2024-01-12 13:27:41 - [TEST_STEP][PASSED] - verifyElementPresent(findTestObject("Profile_Creation_Page/Profile_Creation_Page_Objects/Text_Expectations_From_Companion"), 0): Object 'Object Repository/Profile_Creation_Page/Profile_Creation_Page_Objects/Text_Expectations_From_Companion' is present

2024-01-12 13:27:41 - [MESSAGE][WARNING] - Timeout '0' is invalid. Using default page load timeout: '30'

2024-01-12 13:27:46 - [MESSAGE][PASSED] - Object 'Object Repository/Profile_Creation_Page/Profile_Creation_Page_Objects/Text_Expectations_From_Companion' is present

2024-01-12 13:27:46 - [TEST_STEP][PASSED] - verifyElementPresent(findTestObject("Profile_Creation_Page/Profile_Creation_Page_Objects/Text_Select the button of your choice to create your profile"), 0): Object 'Object Repository/Profile_Creation_Page/Profile_Creation_Page_Objects/Text_Select the button of your choice to create your profile' is present

2024-01-12 13:27:46 - [MESSAGE][WARNING] - Timeout '0' is invalid. Using default page load timeout: '30'

2024-01-12 13:27:46 - [MESSAGE][PASSED] - Object 'Object Repository/Profile_Creation_Page/Profile_Creation_Page_Objects/Text_Select the button of your choice to create your profile' is present

2024-01-12 13:27:46 - [TEST_STEP][PASSED] - verifyElementPresent(findTestObject("Profile_Creation_Page/Profile_Creation_Page_Objects/Text_We are excited"), 0): Object 'Object Repository/Profile_Creation_Page/Profile_Creation_Page_Objects/Text_We are excited' is present

2024-01-12 13:27:46 - [MESSAGE][WARNING] - Timeout '0' is invalid. Using default page load timeout: '30'

2024-01-12 13:27:46 - [MESSAGE][PASSED] - Object 'Object Repository/Profile_Creation_Page/Profile_Creation_Page_Objects/Text_We are excited' is present

2024-01-12 13:27:46 - [TEST_STEP][PASSED] - waitForElementClickable(findTestObject("Profile_Creation_Page/Profile_Creation_Page_Objects/btn_I_Want_To_Type"), 65): Object 'Object Repository/Profile_Creation_Page/Profile_Creation_Page_Objects/btn_I_Want_To_Type' is clickable

2024-01-12 13:28:28 - [MESSAGE][PASSED] - Object 'Object Repository/Profile_Creation_Page/Profile_Creation_Page_Objects/btn_I_Want_To_Type' is clickable

2024-01-12 13:28:28 - [TEST_STEP][PASSED] - click(findTestObject("Profile_Creation_Page/Profile_Creation_Page_Objects/btn_I_Want_To_Type")): Object: 'Object Repository/Profile_Creation_Page/Profile_Creation_Page_Objects/btn_I_Want_To_Type' is clicked on

2024-01-12 13:28:28 - [MESSAGE][PASSED] - Object: 'Object Repository/Profile_Creation_Page/Profile_Creation_Page_Objects/btn_I_Want_To_Type' is clicked on

2024-01-12 13:28:28 - [TEST_STEP][PASSED] - setText(findTestObject("Profile_Creation_Page/Profile_Creation_Page_Objects/Input_I_Want_To_Type"), Profile): Text 'Greetings, I'm Palak, a seasoned explorer in the journey of life, joyfully celebrating my 58 years of existence. With a background in environmental science, I dedicated decades to understanding and preserving the natural world. Beyond scientific pursuits, I find solace in the rhythm of pottery, shaping clay into intricate forms, and the therapeutic art of cooking. In a companion, I seek someone who shares my passion for environmental conservation and has an appreciation for the creative blend of artistry and sustainable living. Health-wise, I've faced challenges with asthma, but with careful management and regular breathing exercises, I continue to pursue my passions with vigor. Life has been a captivating adventure, and I look forward to molding new experiences with a like-minded soul who appreciates the beauty of nature and the creativity of the human spirit.' is set on object 'Object Repository/Profile_Creation_Page/Profile_Creation_Page_Objects/Input_I_Want_To_Type'

2024-01-12 13:28:29 - [MESSAGE][PASSED] - Text 'Greetings, I'm Palak, a seasoned explorer in the journey of life, joyfully celebrating my 58 years of existence. With a background in environmental science, I dedicated decades to understanding and preserving the natural world. Beyond scientific pursuits, I find solace in the rhythm of pottery, shaping clay into intricate forms, and the therapeutic art of cooking. In a companion, I seek someone who shares my passion for environmental conservation and has an appreciation for the creative blend of artistry and sustainable living. Health-wise, I've faced challenges with asthma, but with careful management and regular breathing exercises, I continue to pursue my passions with vigor. Life has been a captivating adventure, and I look forward to molding new experiences with a like-minded soul who appreciates the beauty of nature and the creativity of the human spirit.' is set on object 'Object Repository/Profile_Creation_Page/Profile_Creation_Page_Objects/Input_I_Want_To_Type'

2024-01-12 13:28:29 - [TEST_STEP][PASSED] - scrollToElement(findTestObject("Object Repository/Profile_Creation_Page/Profile_Creation_Page_Objects/button_Next"), 0): Scroll to object 'Object Repository/Profile_Creation_Page/Profile_Creation_Page_Objects/button_Next' successfully

2024-01-12 13:28:29 - [MESSAGE][WARNING] - Timeout '0' is invalid. Using default page load timeout: '30'

2024-01-12 13:28:29 - [MESSAGE][PASSED] - Scroll to object 'Object Repository/Profile_Creation_Page/Profile_Creation_Page_Objects/button_Next' successfully

2024-01-12 13:28:29 - [TEST_STEP][PASSED] - click(findTestObject("Object Repository/Profile_Creation_Page/Profile_Creation_Page_Objects/button_Next")): Object: 'Object Repository/Profile_Creation_Page/Profile_Creation_Page_Objects/button_Next' is clicked on

2024-01-12 13:28:29 - [MESSAGE][PASSED] - Object: 'Object Repository/Profile_Creation_Page/Profile_Creation_Page_Objects/button_Next' is clicked on

2024-01-12 13:28:29 - [TEST_STEP][PASSED] - delay(20): Delayed 20 second(s)

2024-01-12 13:28:49 - [MESSAGE][PASSED] - Delayed 20 second(s)

2024-01-12 13:28:49 - [TEST_STEP][PASSED] - waitForElementNotPresent(findTestObject("WaitingPage/Waiting_Page/txt_1-2 minutes"), 180): Web element with id: 'Object Repository/WaitingPage/Waiting_Page/txt_1-2 minutes' located by 'By.xpath: //div[@id='root']/div/div/div/div/div/p[2]' is not present after '180' second(s)

2024-01-12 13:29:05 - [MESSAGE][PASSED] - Web element with id: 'Object Repository/WaitingPage/Waiting_Page/txt_1-2 minutes' located by 'By.xpath: //div[@id='root']/div/div/div/div/div/p[2]' is not present after '180' second(s)

2024-01-12 13:29:05 - [TEST_STEP][PASSED] - Education = getAttribute(findTestObject("Category_View_Page/Category_View_Page_Objects/Input_Edit_Educational_Info"), "value"): Attribute 'value' of object 'Object Repository/Category_View_Page/Category_View_Page_Objects/Input_Edit_Educational_Info' is: 'With a background in environmental science, I dedicated decades to understanding and preserving the natural world.'

2024-01-12 13:29:05 - [MESSAGE][PASSED] - Attribute 'value' of object 'Object Repository/Category_View_Page/Category_View_Page_Objects/Input_Edit_Educational_Info' is: 'With a background in environmental science, I dedicated decades to understanding and preserving the natural world.'

2024-01-12 13:29:05 - [TEST_STEP][PASSED] - validateText.ValidateText.calculateAndPrintPercentageMatch("EDUCATION", Education, EducationNew): validateText.ValidateText.calculateAndPrintPercentageMatch is PASSED

2024-01-12 13:29:05 - [MESSAGE][PASSED] - validateText.ValidateText.calculateAndPrintPercentageMatch is PASSED

2024-01-12 13:29:05 - [TEST_STEP][PASSED] - Hobbies = getAttribute(findTestObject("Category_View_Page/Category_View_Page_Objects/Input_Edit_Appropriate_Hobbies"), "value"): Attribute 'value' of object 'Object Repository/Category_View_Page/Category_View_Page_Objects/Input_Edit_Appropriate_Hobbies' is: 'Beyond scientific pursuits, I find solace in the rhythm of pottery, shaping clay into intricate forms, and the therapeutic art of cooking.'

2024-01-12 13:29:05 - [MESSAGE][PASSED] - Attribute 'value' of object 'Object Repository/Category_View_Page/Category_View_Page_Objects/Input_Edit_Appropriate_Hobbies' is: 'Beyond scientific pursuits, I find solace in the rhythm of pottery, shaping clay into intricate forms, and the therapeutic art of cooking.'

2024-01-12 13:29:05 - [TEST_STEP][PASSED] - validateText.ValidateText.calculateAndPrintPercentageMatch("HOBBIES", Hobbies, HobbiesNew): validateText.ValidateText.calculateAndPrintPercentageMatch is PASSED

2024-01-12 13:29:05 - [MESSAGE][PASSED] - validateText.ValidateText.calculateAndPrintPercentageMatch is PASSED

2024-01-12 13:29:05 - [TEST_STEP][PASSED] - Expectations = getAttribute(findTestObject("Category_View_Page/Category_View_Page_Objects/Input_Edit_expectation"), "value"): Attribute 'value' of object 'Object Repository/Category_View_Page/Category_View_Page_Objects/Input_Edit_expectation' is: 'In a companion, I seek someone who shares my passion for environmental conservation and has an appreciation for the creative blend of artistry and sustainable living.'

2024-01-12 13:29:05 - [MESSAGE][PASSED] - Attribute 'value' of object 'Object Repository/Category_View_Page/Category_View_Page_Objects/Input_Edit_expectation' is: 'In a companion, I seek someone who shares my passion for environmental conservation and has an appreciation for the creative blend of artistry and sustainable living.'

2024-01-12 13:29:05 - [TEST_STEP][PASSED] - validateText.ValidateText.calculateAndPrintPercentageMatch("EXPECTATIONS", Expectations, ExpectationsNew): validateText.ValidateText.calculateAndPrintPercentageMatch is PASSED

2024-01-12 13:29:05 - [MESSAGE][PASSED] - validateText.ValidateText.calculateAndPrintPercentageMatch is PASSED

2024-01-12 13:29:05 - [TEST_STEP][PASSED] - Others = getAttribute(findTestObject("Category_View_Page/Category_View_Page_Objects/Input_Edit_Appropriate_Health"), "value"): Attribute 'value' of object 'Object Repository/Category_View_Page/Category_View_Page_Objects/Input_Edit_Appropriate_Health' is: 'Greetings, I'm Palak, a seasoned explorer in the journey of life, joyfully celebrating my 58 years of existence. Life has been a captivating adventure, and I look forward to molding new experiences with a like-minded soul who appreciates the beauty of nature and the creativity of the human spirit. Health-wise, I've faced challenges with asthma, but with careful management and regular breathing exercises, I continue to pursue my passions with vigor.'

2024-01-12 13:29:05 - [MESSAGE][PASSED] - Attribute 'value' of object 'Object Repository/Category_View_Page/Category_View_Page_Objects/Input_Edit_Appropriate_Health' is: 'Greetings, I'm Palak, a seasoned explorer in the journey of life, joyfully celebrating my 58 years of existence. Life has been a captivating adventure, and I look forward to molding new experiences with a like-minded soul who appreciates the beauty of nature and the creativity of the human spirit. Health-wise, I've faced challenges with asthma, but with careful management and regular breathing exercises, I continue to pursue my passions with vigor.'

2024-01-12 13:29:05 - [TEST_STEP][PASSED] - validateText.ValidateText.calculateAndPrintPercentageMatch("OTHERS", Others, OtherNew): validateText.ValidateText.calculateAndPrintPercentageMatch is PASSED

2024-01-12 13:29:05 - [MESSAGE][PASSED] - validateText.ValidateText.calculateAndPrintPercentageMatch is PASSED

2024-01-12 13:29:05 - [TEST_STEP][PASSED] - waitForElementClickable(findTestObject("Object Repository/Category_View_Page/Category_View_Page_Objects/button_Next"), 65): Object 'Object Repository/Category_View_Page/Category_View_Page_Objects/button_Next' is clickable

2024-01-12 13:29:05 - [MESSAGE][PASSED] - Object 'Object Repository/Category_View_Page/Category_View_Page_Objects/button_Next' is clickable

2024-01-12 13:29:05 - [TEST_STEP][PASSED] - click(findTestObject("Object Repository/Category_View_Page/Category_View_Page_Objects/button_Next")): Object: 'Object Repository/Category_View_Page/Category_View_Page_Objects/button_Next' is clicked on

2024-01-12 13:29:07 - [MESSAGE][PASSED] - Object: 'Object Repository/Category_View_Page/Category_View_Page_Objects/button_Next' is clicked on

2024-01-12 13:29:07 - [TEST_STEP][PASSED] - waitForElementNotPresent(findTestObject("WaitingPage/Waiting_Page/Clock_categoryToCalender"), 10): Web element with id: 'Object Repository/WaitingPage/Waiting_Page/Clock_categoryToCalender' located by 'By.xpath: //div[@id='root']/div/div/div/div/span' is not present after '10' second(s)

2024-01-12 13:29:09 - [MESSAGE][PASSED] - Web element with id: 'Object Repository/WaitingPage/Waiting_Page/Clock_categoryToCalender' located by 'By.xpath: //div[@id='root']/div/div/div/div/span' is not present after '10' second(s)

2024-01-12 13:29:09 - [TEST_STEP][PASSED] - scrollToElement(findTestObject("Calendar_page/Input_Start_Date"), 0): Scroll to object 'Object Repository/Calendar_page/Input_Start_Date' successfully

2024-01-12 13:29:09 - [MESSAGE][WARNING] - Timeout '0' is invalid. Using default page load timeout: '30'

2024-01-12 13:29:09 - [MESSAGE][PASSED] - Scroll to object 'Object Repository/Calendar_page/Input_Start_Date' successfully

2024-01-12 13:29:09 - [TEST_STEP][PASSED] - click(findTestObject("Calendar_page/Input_Start_Date")): Object: 'Object Repository/Calendar_page/Input_Start_Date' is clicked on

2024-01-12 13:29:09 - [MESSAGE][PASSED] - Object: 'Object Repository/Calendar_page/Input_Start_Date' is clicked on

2024-01-12 13:29:09 - [TEST_STEP][PASSED] - delay(3): Delayed 3 second(s)

2024-01-12 13:29:12 - [MESSAGE][PASSED] - Delayed 3 second(s)

2024-01-12 13:29:12 - [TEST_STEP][PASSED] - click(findTestObject("Calendar_page/startDate/JanuaryStartDates/div_14")): Object: 'Object Repository/Calendar_page/startDate/JanuaryStartDates/div_14' is clicked on

2024-01-12 13:29:12 - [MESSAGE][PASSED] - Object: 'Object Repository/Calendar_page/startDate/JanuaryStartDates/div_14' is clicked on

2024-01-12 13:29:12 - [TEST_STEP][PASSED] - delay(3): Delayed 3 second(s)

2024-01-12 13:29:15 - [MESSAGE][PASSED] - Delayed 3 second(s)

2024-01-12 13:29:15 - [TEST_STEP][PASSED] - click(findTestObject("Calendar_page/Input_Busy_Days")): Object: 'Object Repository/Calendar_page/Input_Busy_Days' is clicked on

2024-01-12 13:29:16 - [MESSAGE][PASSED] - Object: 'Object Repository/Calendar_page/Input_Busy_Days' is clicked on

2024-01-12 13:29:16 - [TEST_STEP][PASSED] - click(findTestObject("Calendar_page/busyDates/JanuaryBusyDate/div_17")): Object: 'Object Repository/Calendar_page/busyDates/JanuaryBusyDate/div_17' is clicked on

2024-01-12 13:29:16 - [MESSAGE][PASSED] - Object: 'Object Repository/Calendar_page/busyDates/JanuaryBusyDate/div_17' is clicked on

2024-01-12 13:29:16 - [TEST_STEP][PASSED] - delay(2): Delayed 2 second(s)

2024-01-12 13:29:18 - [MESSAGE][PASSED] - Delayed 2 second(s)

2024-01-12 13:29:18 - [TEST_STEP][PASSED] - click(findTestObject("Calendar_page/busyDates/JanuaryBusyDate/div_22")): Object: 'Object Repository/Calendar_page/busyDates/JanuaryBusyDate/div_22' is clicked on

2024-01-12 13:29:18 - [MESSAGE][PASSED] - Object: 'Object Repository/Calendar_page/busyDates/JanuaryBusyDate/div_22' is clicked on

2024-01-12 13:29:18 - [TEST_STEP][PASSED] - delay(2): Delayed 2 second(s)

2024-01-12 13:29:20 - [MESSAGE][PASSED] - Delayed 2 second(s)

2024-01-12 13:29:20 - [TEST_STEP][PASSED] - click(findTestObject("Calendar_page/div_day_Column")): Object: 'Object Repository/Calendar_page/div_day_Column' is clicked on

2024-01-12 13:29:20 - [MESSAGE][PASSED] - Object: 'Object Repository/Calendar_page/div_day_Column' is clicked on

2024-01-12 13:29:20 - [TEST_STEP][PASSED] - selectOptionByLabel(findTestObject("Calendar_page/Select_Available_From"), "01:30 PM", false): All options with label '01:30 PM' are selected in object 'Object Repository/Calendar_page/Select_Available_From' 

2024-01-12 13:29:20 - [MESSAGE][PASSED] - All options with label '01:30 PM' are selected in object 'Object Repository/Calendar_page/Select_Available_From' 

2024-01-12 13:29:20 - [TEST_STEP][PASSED] - delay(2): Delayed 2 second(s)

2024-01-12 13:29:22 - [MESSAGE][PASSED] - Delayed 2 second(s)

2024-01-12 13:29:22 - [TEST_STEP][PASSED] - selectOptionByLabel(findTestObject("Calendar_page/Select_Available_To"), "04:30 PM", false): All options with label '04:30 PM' are selected in object 'Object Repository/Calendar_page/Select_Available_To' 

2024-01-12 13:29:22 - [MESSAGE][PASSED] - All options with label '04:30 PM' are selected in object 'Object Repository/Calendar_page/Select_Available_To' 

2024-01-12 13:29:22 - [TEST_STEP][PASSED] - delay(2): Delayed 2 second(s)

2024-01-12 13:29:24 - [MESSAGE][PASSED] - Delayed 2 second(s)

2024-01-12 13:29:24 - [TEST_STEP][PASSED] - click(findTestObject("Calendar_page/button_Save")): Object: 'Object Repository/Calendar_page/button_Save' is clicked on

2024-01-12 13:29:24 - [MESSAGE][PASSED] - Object: 'Object Repository/Calendar_page/button_Save' is clicked on

2024-01-12 13:29:24 - [TEST_STEP][PASSED] - delay(2): Delayed 2 second(s)

2024-01-12 13:29:26 - [MESSAGE][PASSED] - Delayed 2 second(s)

2024-01-12 13:29:26 - [TEST_STEP][PASSED] - click(findTestObject("Calendar_page/Button_Next (1)")): Object: 'Object Repository/Calendar_page/Button_Next (1)' is clicked on

2024-01-12 13:29:26 - [MESSAGE][PASSED] - Object: 'Object Repository/Calendar_page/Button_Next (1)' is clicked on

2024-01-12 13:29:27 - [TEST_STEP][PASSED] - delay(3): Delayed 3 second(s)

2024-01-12 13:29:30 - [MESSAGE][PASSED] - Delayed 3 second(s)

2024-01-12 13:29:30 - [TEST_STEP][PASSED] - click(findTestObject("Calendar_page/button_Ok")): Object: 'Object Repository/Calendar_page/button_Ok' is clicked on

2024-01-12 13:29:30 - [MESSAGE][PASSED] - Object: 'Object Repository/Calendar_page/button_Ok' is clicked on

2024-01-12 13:29:30 - [TEST_STEP][PASSED] - delay(2): Delayed 2 second(s)

2024-01-12 13:29:32 - [MESSAGE][PASSED] - Delayed 2 second(s)

2024-01-12 13:29:32 - [TEST_STEP][PASSED] - closeBrowser(): Browser is closed

2024-01-12 13:29:32 - [MESSAGE][PASSED] - Browser is closed]]></system-out>
         <system-err><![CDATA[]]></system-err>
      </testcase>
      <testcase name="Test Cases/Senior_TestCases/TC01_CreateProfile_Type" time="106.504" classname="Test Cases/Senior_TestCases/TC01_CreateProfile_Type" status="PASSED">
         <system-out><![CDATA[2024-01-12 13:29:32 - [TEST_CASE][PASSED] - Test Cases/Senior_TestCases/TC01_CreateProfile_Type: Test Cases/Senior_TestCases/TC01_CreateProfile_Type

2024-01-12 13:29:32 - [TEST_STEP][PASSED] - callTestCase(findTestCase("Common_TestCases/Senior_SignUp"), ["username":UserName, "email":Email, "zipcode":ZipCode, "password":Password], STOP_ON_FAILURE): Call Test Case 'Test Cases/Common_TestCases/Senior_SignUp' successfully

2024-01-12 13:29:33 - [TEST_CASE][PASSED] - Test Cases/Common_TestCases/Senior_SignUp: Test Cases/Common_TestCases/Senior_SignUp

2024-01-12 13:29:33 - [TEST_STEP][PASSED] - System.setProperty("webdriver.chrome.driver", "Data Files/chromedriver-win64/chromedriver.exe"): null

2024-01-12 13:29:33 - [TEST_STEP][PASSED] - options = new org.openqa.selenium.chrome.ChromeOptions(): null

2024-01-12 13:29:33 - [TEST_STEP][PASSED] - options.addArguments("start-maximized"): null

2024-01-12 13:29:33 - [TEST_STEP][PASSED] - options.addArguments("force-device-scale-factor=1.2"): null

2024-01-12 13:29:33 - [TEST_STEP][PASSED] - options.setExperimentalOption("prefs", new Script1700728747795$1(this)): null

2024-01-12 13:29:33 - [TEST_STEP][PASSED] - capabilities = DesiredCapabilities.chrome(): null

2024-01-12 13:29:33 - [TEST_STEP][PASSED] - capabilities.setCapability(CAPABILITY, options): null

2024-01-12 13:29:33 - [TEST_STEP][PASSED] - driver = new org.openqa.selenium.chrome.ChromeDriver(capabilities): null

2024-01-12 13:29:34 - [TEST_STEP][PASSED] - changeWebDriver(driver): null

2024-01-12 13:29:34 - [TEST_STEP][PASSED] - navigateToUrl("https://caring-connections-qa.azurewebsites.net/"): Navigate to 'https://caring-connections-qa.azurewebsites.net/' successfully

2024-01-12 13:29:38 - [MESSAGE][PASSED] - Navigate to 'https://caring-connections-qa.azurewebsites.net/' successfully

2024-01-12 13:29:38 - [TEST_STEP][PASSED] - click(findTestObject("Login_Pages/Sign_In_Page/button_Sign_Up")): Object: 'Object Repository/Login_Pages/Sign_In_Page/button_Sign_Up' is clicked on

2024-01-12 13:29:38 - [MESSAGE][PASSED] - Object: 'Object Repository/Login_Pages/Sign_In_Page/button_Sign_Up' is clicked on

2024-01-12 13:29:38 - [TEST_STEP][PASSED] - setText(findTestObject("Login_Pages/Sign_Up_Page/Input_First_Last_Name"), username): Text 'Shresth' is set on object 'Object Repository/Login_Pages/Sign_Up_Page/Input_First_Last_Name'

2024-01-12 13:29:38 - [MESSAGE][PASSED] - Text 'Shresth' is set on object 'Object Repository/Login_Pages/Sign_Up_Page/Input_First_Last_Name'

2024-01-12 13:29:38 - [TEST_STEP][PASSED] - setText(findTestObject("Login_Pages/Sign_Up_Page/Input_ZIP_code"), zipcode): Text '464646' is set on object 'Object Repository/Login_Pages/Sign_Up_Page/Input_ZIP_code'

2024-01-12 13:29:38 - [MESSAGE][PASSED] - Text '464646' is set on object 'Object Repository/Login_Pages/Sign_Up_Page/Input_ZIP_code'

2024-01-12 13:29:38 - [TEST_STEP][PASSED] - setText(findTestObject("Login_Pages/Sign_Up_Page/Input_Username"), email): Text 'shrestha101@gmail.com' is set on object 'Object Repository/Login_Pages/Sign_Up_Page/Input_Username'

2024-01-12 13:29:38 - [MESSAGE][PASSED] - Text 'shrestha101@gmail.com' is set on object 'Object Repository/Login_Pages/Sign_Up_Page/Input_Username'

2024-01-12 13:29:38 - [TEST_STEP][PASSED] - setText(findTestObject("Login_Pages/Sign_Up_Page/Input_Password"), password): Text 'Test@123' is set on object 'Object Repository/Login_Pages/Sign_Up_Page/Input_Password'

2024-01-12 13:29:38 - [MESSAGE][PASSED] - Text 'Test@123' is set on object 'Object Repository/Login_Pages/Sign_Up_Page/Input_Password'

2024-01-12 13:29:38 - [TEST_STEP][PASSED] - click(findTestObject("Login_Pages/Sign_Up_Page/button_role_Senior")): Object: 'Object Repository/Login_Pages/Sign_Up_Page/button_role_Senior' is clicked on

2024-01-12 13:29:38 - [MESSAGE][PASSED] - Object: 'Object Repository/Login_Pages/Sign_Up_Page/button_role_Senior' is clicked on

2024-01-12 13:29:38 - [TEST_STEP][PASSED] - click(findTestObject("Login_Pages/Sign_Up_Page/button_Sign_Up")): Object: 'Object Repository/Login_Pages/Sign_Up_Page/button_Sign_Up' is clicked on

2024-01-12 13:29:38 - [MESSAGE][PASSED] - Object: 'Object Repository/Login_Pages/Sign_Up_Page/button_Sign_Up' is clicked on

2024-01-12 13:29:38 - [MESSAGE][PASSED] - Call Test Case 'Test Cases/Common_TestCases/Senior_SignUp' successfully

2024-01-12 13:29:38 - [TEST_STEP][PASSED] - verifyElementPresent(findTestObject("Profile_Creation_Page/Profile_Creation_Page_Objects/Text_Expectations_From_Companion"), 0): Object 'Object Repository/Profile_Creation_Page/Profile_Creation_Page_Objects/Text_Expectations_From_Companion' is present

2024-01-12 13:29:38 - [MESSAGE][WARNING] - Timeout '0' is invalid. Using default page load timeout: '30'

2024-01-12 13:29:43 - [MESSAGE][PASSED] - Object 'Object Repository/Profile_Creation_Page/Profile_Creation_Page_Objects/Text_Expectations_From_Companion' is present

2024-01-12 13:29:43 - [TEST_STEP][PASSED] - verifyElementPresent(findTestObject("Profile_Creation_Page/Profile_Creation_Page_Objects/Text_Select the button of your choice to create your profile"), 0): Object 'Object Repository/Profile_Creation_Page/Profile_Creation_Page_Objects/Text_Select the button of your choice to create your profile' is present

2024-01-12 13:29:43 - [MESSAGE][WARNING] - Timeout '0' is invalid. Using default page load timeout: '30'

2024-01-12 13:29:43 - [MESSAGE][PASSED] - Object 'Object Repository/Profile_Creation_Page/Profile_Creation_Page_Objects/Text_Select the button of your choice to create your profile' is present

2024-01-12 13:29:43 - [TEST_STEP][PASSED] - verifyElementPresent(findTestObject("Profile_Creation_Page/Profile_Creation_Page_Objects/Text_We are excited"), 0): Object 'Object Repository/Profile_Creation_Page/Profile_Creation_Page_Objects/Text_We are excited' is present

2024-01-12 13:29:43 - [MESSAGE][WARNING] - Timeout '0' is invalid. Using default page load timeout: '30'

2024-01-12 13:29:44 - [MESSAGE][PASSED] - Object 'Object Repository/Profile_Creation_Page/Profile_Creation_Page_Objects/Text_We are excited' is present

2024-01-12 13:29:44 - [TEST_STEP][PASSED] - waitForElementClickable(findTestObject("Profile_Creation_Page/Profile_Creation_Page_Objects/btn_I_Want_To_Type"), 65): Object 'Object Repository/Profile_Creation_Page/Profile_Creation_Page_Objects/btn_I_Want_To_Type' is clickable

2024-01-12 13:30:26 - [MESSAGE][PASSED] - Object 'Object Repository/Profile_Creation_Page/Profile_Creation_Page_Objects/btn_I_Want_To_Type' is clickable

2024-01-12 13:30:26 - [TEST_STEP][PASSED] - click(findTestObject("Profile_Creation_Page/Profile_Creation_Page_Objects/btn_I_Want_To_Type")): Object: 'Object Repository/Profile_Creation_Page/Profile_Creation_Page_Objects/btn_I_Want_To_Type' is clicked on

2024-01-12 13:30:26 - [MESSAGE][PASSED] - Object: 'Object Repository/Profile_Creation_Page/Profile_Creation_Page_Objects/btn_I_Want_To_Type' is clicked on

2024-01-12 13:30:26 - [TEST_STEP][PASSED] - setText(findTestObject("Profile_Creation_Page/Profile_Creation_Page_Objects/Input_I_Want_To_Type"), Profile): Text 'Greetings, I'm Shresth, a seasoned explorer in the journey of life, joyfully celebrating my 58 years of existence. With a background in astrophysics, I dedicated decades to exploring the mysteries of the universe. Beyond scientific pursuits, I find solace in the world of music, playing the piano and composing melodies that resonate with the cosmos. In a companion, I seek someone who shares my passion for stargazing and the wonders of the universe. Health-wise, I've faced challenges with arthritis, but with regular physiotherapy and a balanced lifestyle, I continue to pursue my passions with vigor. Life has been a captivating adventure, and I look forward to crafting new experiences with a like-minded soul who appreciates the beauty of the cosmos and the art of music.' is set on object 'Object Repository/Profile_Creation_Page/Profile_Creation_Page_Objects/Input_I_Want_To_Type'

2024-01-12 13:30:26 - [MESSAGE][PASSED] - Text 'Greetings, I'm Shresth, a seasoned explorer in the journey of life, joyfully celebrating my 58 years of existence. With a background in astrophysics, I dedicated decades to exploring the mysteries of the universe. Beyond scientific pursuits, I find solace in the world of music, playing the piano and composing melodies that resonate with the cosmos. In a companion, I seek someone who shares my passion for stargazing and the wonders of the universe. Health-wise, I've faced challenges with arthritis, but with regular physiotherapy and a balanced lifestyle, I continue to pursue my passions with vigor. Life has been a captivating adventure, and I look forward to crafting new experiences with a like-minded soul who appreciates the beauty of the cosmos and the art of music.' is set on object 'Object Repository/Profile_Creation_Page/Profile_Creation_Page_Objects/Input_I_Want_To_Type'

2024-01-12 13:30:26 - [TEST_STEP][PASSED] - scrollToElement(findTestObject("Object Repository/Profile_Creation_Page/Profile_Creation_Page_Objects/button_Next"), 0): Scroll to object 'Object Repository/Profile_Creation_Page/Profile_Creation_Page_Objects/button_Next' successfully

2024-01-12 13:30:26 - [MESSAGE][WARNING] - Timeout '0' is invalid. Using default page load timeout: '30'

2024-01-12 13:30:26 - [MESSAGE][PASSED] - Scroll to object 'Object Repository/Profile_Creation_Page/Profile_Creation_Page_Objects/button_Next' successfully

2024-01-12 13:30:26 - [TEST_STEP][PASSED] - click(findTestObject("Object Repository/Profile_Creation_Page/Profile_Creation_Page_Objects/button_Next")): Object: 'Object Repository/Profile_Creation_Page/Profile_Creation_Page_Objects/button_Next' is clicked on

2024-01-12 13:30:26 - [MESSAGE][PASSED] - Object: 'Object Repository/Profile_Creation_Page/Profile_Creation_Page_Objects/button_Next' is clicked on

2024-01-12 13:30:26 - [TEST_STEP][PASSED] - delay(20): Delayed 20 second(s)

2024-01-12 13:30:46 - [MESSAGE][PASSED] - Delayed 20 second(s)

2024-01-12 13:30:46 - [TEST_STEP][PASSED] - waitForElementNotPresent(findTestObject("WaitingPage/Waiting_Page/txt_1-2 minutes"), 180): Web element with id: 'Object Repository/WaitingPage/Waiting_Page/txt_1-2 minutes' located by 'By.xpath: //div[@id='root']/div/div/div/div/div/p[2]' is not present after '180' second(s)

2024-01-12 13:30:53 - [MESSAGE][PASSED] - Web element with id: 'Object Repository/WaitingPage/Waiting_Page/txt_1-2 minutes' located by 'By.xpath: //div[@id='root']/div/div/div/div/div/p[2]' is not present after '180' second(s)

2024-01-12 13:30:53 - [TEST_STEP][PASSED] - Education = getAttribute(findTestObject("Category_View_Page/Category_View_Page_Objects/Input_Edit_Educational_Info"), "value"): Attribute 'value' of object 'Object Repository/Category_View_Page/Category_View_Page_Objects/Input_Edit_Educational_Info' is: 'With a background in astrophysics, I dedicated decades to exploring the mysteries of the universe.'

2024-01-12 13:30:53 - [MESSAGE][PASSED] - Attribute 'value' of object 'Object Repository/Category_View_Page/Category_View_Page_Objects/Input_Edit_Educational_Info' is: 'With a background in astrophysics, I dedicated decades to exploring the mysteries of the universe.'

2024-01-12 13:30:53 - [TEST_STEP][PASSED] - validateText.ValidateText.calculateAndPrintPercentageMatch("EDUCATION", Education, EducationNew): validateText.ValidateText.calculateAndPrintPercentageMatch is PASSED

2024-01-12 13:30:53 - [MESSAGE][PASSED] - validateText.ValidateText.calculateAndPrintPercentageMatch is PASSED

2024-01-12 13:30:53 - [TEST_STEP][PASSED] - Hobbies = getAttribute(findTestObject("Category_View_Page/Category_View_Page_Objects/Input_Edit_Appropriate_Hobbies"), "value"): Attribute 'value' of object 'Object Repository/Category_View_Page/Category_View_Page_Objects/Input_Edit_Appropriate_Hobbies' is: 'Beyond scientific pursuits, I find solace in the world of music, playing the piano and composing melodies that resonate with the cosmos.'

2024-01-12 13:30:53 - [MESSAGE][PASSED] - Attribute 'value' of object 'Object Repository/Category_View_Page/Category_View_Page_Objects/Input_Edit_Appropriate_Hobbies' is: 'Beyond scientific pursuits, I find solace in the world of music, playing the piano and composing melodies that resonate with the cosmos.'

2024-01-12 13:30:53 - [TEST_STEP][PASSED] - validateText.ValidateText.calculateAndPrintPercentageMatch("HOBBIES", Hobbies, HobbiesNew): validateText.ValidateText.calculateAndPrintPercentageMatch is PASSED

2024-01-12 13:30:53 - [MESSAGE][PASSED] - validateText.ValidateText.calculateAndPrintPercentageMatch is PASSED

2024-01-12 13:30:53 - [TEST_STEP][PASSED] - Expectations = getAttribute(findTestObject("Category_View_Page/Category_View_Page_Objects/Input_Edit_expectation"), "value"): Attribute 'value' of object 'Object Repository/Category_View_Page/Category_View_Page_Objects/Input_Edit_expectation' is: 'In a companion, I seek someone who shares my passion for stargazing and the wonders of the universe.'

2024-01-12 13:30:53 - [MESSAGE][PASSED] - Attribute 'value' of object 'Object Repository/Category_View_Page/Category_View_Page_Objects/Input_Edit_expectation' is: 'In a companion, I seek someone who shares my passion for stargazing and the wonders of the universe.'

2024-01-12 13:30:53 - [TEST_STEP][PASSED] - validateText.ValidateText.calculateAndPrintPercentageMatch("EXPECTATIONS", Expectations, ExpectationsNew): validateText.ValidateText.calculateAndPrintPercentageMatch is PASSED

2024-01-12 13:30:53 - [MESSAGE][PASSED] - validateText.ValidateText.calculateAndPrintPercentageMatch is PASSED

2024-01-12 13:30:53 - [TEST_STEP][PASSED] - Others = getAttribute(findTestObject("Category_View_Page/Category_View_Page_Objects/Input_Edit_Appropriate_Health"), "value"): Attribute 'value' of object 'Object Repository/Category_View_Page/Category_View_Page_Objects/Input_Edit_Appropriate_Health' is: 'Greetings, I'm Shresth, a seasoned explorer in the journey of life, joyfully celebrating my 58 years of existence. Life has been a captivating adventure, and I look forward to crafting new experiences with a like-minded soul who appreciates the beauty of the cosmos and the art of music. Health-wise, I've faced challenges with arthritis, but with regular physiotherapy and a balanced lifestyle, I continue to pursue my passions with vigor.'

2024-01-12 13:30:53 - [MESSAGE][PASSED] - Attribute 'value' of object 'Object Repository/Category_View_Page/Category_View_Page_Objects/Input_Edit_Appropriate_Health' is: 'Greetings, I'm Shresth, a seasoned explorer in the journey of life, joyfully celebrating my 58 years of existence. Life has been a captivating adventure, and I look forward to crafting new experiences with a like-minded soul who appreciates the beauty of the cosmos and the art of music. Health-wise, I've faced challenges with arthritis, but with regular physiotherapy and a balanced lifestyle, I continue to pursue my passions with vigor.'

2024-01-12 13:30:53 - [TEST_STEP][PASSED] - validateText.ValidateText.calculateAndPrintPercentageMatch("OTHERS", Others, OtherNew): validateText.ValidateText.calculateAndPrintPercentageMatch is PASSED

2024-01-12 13:30:53 - [MESSAGE][PASSED] - validateText.ValidateText.calculateAndPrintPercentageMatch is PASSED

2024-01-12 13:30:53 - [TEST_STEP][PASSED] - waitForElementClickable(findTestObject("Object Repository/Category_View_Page/Category_View_Page_Objects/button_Next"), 65): Object 'Object Repository/Category_View_Page/Category_View_Page_Objects/button_Next' is clickable

2024-01-12 13:30:53 - [MESSAGE][PASSED] - Object 'Object Repository/Category_View_Page/Category_View_Page_Objects/button_Next' is clickable

2024-01-12 13:30:53 - [TEST_STEP][PASSED] - click(findTestObject("Object Repository/Category_View_Page/Category_View_Page_Objects/button_Next")): Object: 'Object Repository/Category_View_Page/Category_View_Page_Objects/button_Next' is clicked on

2024-01-12 13:30:55 - [MESSAGE][PASSED] - Object: 'Object Repository/Category_View_Page/Category_View_Page_Objects/button_Next' is clicked on

2024-01-12 13:30:55 - [TEST_STEP][PASSED] - waitForElementNotPresent(findTestObject("WaitingPage/Waiting_Page/Clock_categoryToCalender"), 10): Web element with id: 'Object Repository/WaitingPage/Waiting_Page/Clock_categoryToCalender' located by 'By.xpath: //div[@id='root']/div/div/div/div/span' is not present after '10' second(s)

2024-01-12 13:30:57 - [MESSAGE][PASSED] - Web element with id: 'Object Repository/WaitingPage/Waiting_Page/Clock_categoryToCalender' located by 'By.xpath: //div[@id='root']/div/div/div/div/span' is not present after '10' second(s)

2024-01-12 13:30:57 - [TEST_STEP][PASSED] - scrollToElement(findTestObject("Calendar_page/Input_Start_Date"), 0): Scroll to object 'Object Repository/Calendar_page/Input_Start_Date' successfully

2024-01-12 13:30:57 - [MESSAGE][WARNING] - Timeout '0' is invalid. Using default page load timeout: '30'

2024-01-12 13:30:57 - [MESSAGE][PASSED] - Scroll to object 'Object Repository/Calendar_page/Input_Start_Date' successfully

2024-01-12 13:30:57 - [TEST_STEP][PASSED] - click(findTestObject("Calendar_page/Input_Start_Date")): Object: 'Object Repository/Calendar_page/Input_Start_Date' is clicked on

2024-01-12 13:30:57 - [MESSAGE][PASSED] - Object: 'Object Repository/Calendar_page/Input_Start_Date' is clicked on

2024-01-12 13:30:57 - [TEST_STEP][PASSED] - delay(3): Delayed 3 second(s)

2024-01-12 13:31:00 - [MESSAGE][PASSED] - Delayed 3 second(s)

2024-01-12 13:31:00 - [TEST_STEP][PASSED] - click(findTestObject("Calendar_page/startDate/JanuaryStartDates/div_14")): Object: 'Object Repository/Calendar_page/startDate/JanuaryStartDates/div_14' is clicked on

2024-01-12 13:31:00 - [MESSAGE][PASSED] - Object: 'Object Repository/Calendar_page/startDate/JanuaryStartDates/div_14' is clicked on

2024-01-12 13:31:00 - [TEST_STEP][PASSED] - delay(3): Delayed 3 second(s)

2024-01-12 13:31:03 - [MESSAGE][PASSED] - Delayed 3 second(s)

2024-01-12 13:31:03 - [TEST_STEP][PASSED] - click(findTestObject("Calendar_page/Input_Busy_Days")): Object: 'Object Repository/Calendar_page/Input_Busy_Days' is clicked on

2024-01-12 13:31:03 - [MESSAGE][PASSED] - Object: 'Object Repository/Calendar_page/Input_Busy_Days' is clicked on

2024-01-12 13:31:03 - [TEST_STEP][PASSED] - click(findTestObject("Calendar_page/busyDates/JanuaryBusyDate/div_17")): Object: 'Object Repository/Calendar_page/busyDates/JanuaryBusyDate/div_17' is clicked on

2024-01-12 13:31:03 - [MESSAGE][PASSED] - Object: 'Object Repository/Calendar_page/busyDates/JanuaryBusyDate/div_17' is clicked on

2024-01-12 13:31:03 - [TEST_STEP][PASSED] - delay(2): Delayed 2 second(s)

2024-01-12 13:31:05 - [MESSAGE][PASSED] - Delayed 2 second(s)

2024-01-12 13:31:05 - [TEST_STEP][PASSED] - click(findTestObject("Calendar_page/busyDates/JanuaryBusyDate/div_22")): Object: 'Object Repository/Calendar_page/busyDates/JanuaryBusyDate/div_22' is clicked on

2024-01-12 13:31:05 - [MESSAGE][PASSED] - Object: 'Object Repository/Calendar_page/busyDates/JanuaryBusyDate/div_22' is clicked on

2024-01-12 13:31:05 - [TEST_STEP][PASSED] - delay(2): Delayed 2 second(s)

2024-01-12 13:31:07 - [MESSAGE][PASSED] - Delayed 2 second(s)

2024-01-12 13:31:07 - [TEST_STEP][PASSED] - click(findTestObject("Calendar_page/div_day_Column")): Object: 'Object Repository/Calendar_page/div_day_Column' is clicked on

2024-01-12 13:31:07 - [MESSAGE][PASSED] - Object: 'Object Repository/Calendar_page/div_day_Column' is clicked on

2024-01-12 13:31:07 - [TEST_STEP][PASSED] - selectOptionByLabel(findTestObject("Calendar_page/Select_Available_From"), "01:30 PM", false): All options with label '01:30 PM' are selected in object 'Object Repository/Calendar_page/Select_Available_From' 

2024-01-12 13:31:07 - [MESSAGE][PASSED] - All options with label '01:30 PM' are selected in object 'Object Repository/Calendar_page/Select_Available_From' 

2024-01-12 13:31:07 - [TEST_STEP][PASSED] - delay(2): Delayed 2 second(s)

2024-01-12 13:31:09 - [MESSAGE][PASSED] - Delayed 2 second(s)

2024-01-12 13:31:09 - [TEST_STEP][PASSED] - selectOptionByLabel(findTestObject("Calendar_page/Select_Available_To"), "04:30 PM", false): All options with label '04:30 PM' are selected in object 'Object Repository/Calendar_page/Select_Available_To' 

2024-01-12 13:31:09 - [MESSAGE][PASSED] - All options with label '04:30 PM' are selected in object 'Object Repository/Calendar_page/Select_Available_To' 

2024-01-12 13:31:09 - [TEST_STEP][PASSED] - delay(2): Delayed 2 second(s)

2024-01-12 13:31:11 - [MESSAGE][PASSED] - Delayed 2 second(s)

2024-01-12 13:31:11 - [TEST_STEP][PASSED] - click(findTestObject("Calendar_page/button_Save")): Object: 'Object Repository/Calendar_page/button_Save' is clicked on

2024-01-12 13:31:11 - [MESSAGE][PASSED] - Object: 'Object Repository/Calendar_page/button_Save' is clicked on

2024-01-12 13:31:11 - [TEST_STEP][PASSED] - delay(2): Delayed 2 second(s)

2024-01-12 13:31:13 - [MESSAGE][PASSED] - Delayed 2 second(s)

2024-01-12 13:31:13 - [TEST_STEP][PASSED] - click(findTestObject("Calendar_page/Button_Next (1)")): Object: 'Object Repository/Calendar_page/Button_Next (1)' is clicked on

2024-01-12 13:31:13 - [MESSAGE][PASSED] - Object: 'Object Repository/Calendar_page/Button_Next (1)' is clicked on

2024-01-12 13:31:13 - [TEST_STEP][PASSED] - delay(3): Delayed 3 second(s)

2024-01-12 13:31:16 - [MESSAGE][PASSED] - Delayed 3 second(s)

2024-01-12 13:31:16 - [TEST_STEP][PASSED] - click(findTestObject("Calendar_page/button_Ok")): Object: 'Object Repository/Calendar_page/button_Ok' is clicked on

2024-01-12 13:31:16 - [MESSAGE][PASSED] - Object: 'Object Repository/Calendar_page/button_Ok' is clicked on

2024-01-12 13:31:16 - [TEST_STEP][PASSED] - delay(2): Delayed 2 second(s)

2024-01-12 13:31:18 - [MESSAGE][PASSED] - Delayed 2 second(s)

2024-01-12 13:31:18 - [TEST_STEP][PASSED] - closeBrowser(): Browser is closed

2024-01-12 13:31:19 - [MESSAGE][PASSED] - Browser is closed]]></system-out>
         <system-err><![CDATA[]]></system-err>
      </testcase>
      <testcase name="Test Cases/Senior_TestCases/TC01_CreateProfile_Type" time="116.651" classname="Test Cases/Senior_TestCases/TC01_CreateProfile_Type" status="PASSED">
         <system-out><![CDATA[2024-01-12 13:31:19 - [TEST_CASE][PASSED] - Test Cases/Senior_TestCases/TC01_CreateProfile_Type: Test Cases/Senior_TestCases/TC01_CreateProfile_Type

2024-01-12 13:31:19 - [TEST_STEP][PASSED] - callTestCase(findTestCase("Common_TestCases/Senior_SignUp"), ["username":UserName, "email":Email, "zipcode":ZipCode, "password":Password], STOP_ON_FAILURE): Call Test Case 'Test Cases/Common_TestCases/Senior_SignUp' successfully

2024-01-12 13:31:19 - [TEST_CASE][PASSED] - Test Cases/Common_TestCases/Senior_SignUp: Test Cases/Common_TestCases/Senior_SignUp

2024-01-12 13:31:19 - [TEST_STEP][PASSED] - System.setProperty("webdriver.chrome.driver", "Data Files/chromedriver-win64/chromedriver.exe"): null

2024-01-12 13:31:19 - [TEST_STEP][PASSED] - options = new org.openqa.selenium.chrome.ChromeOptions(): null

2024-01-12 13:31:19 - [TEST_STEP][PASSED] - options.addArguments("start-maximized"): null

2024-01-12 13:31:19 - [TEST_STEP][PASSED] - options.addArguments("force-device-scale-factor=1.2"): null

2024-01-12 13:31:19 - [TEST_STEP][PASSED] - options.setExperimentalOption("prefs", new Script1700728747795$1(this)): null

2024-01-12 13:31:19 - [TEST_STEP][PASSED] - capabilities = DesiredCapabilities.chrome(): null

2024-01-12 13:31:19 - [TEST_STEP][PASSED] - capabilities.setCapability(CAPABILITY, options): null

2024-01-12 13:31:19 - [TEST_STEP][PASSED] - driver = new org.openqa.selenium.chrome.ChromeDriver(capabilities): null

2024-01-12 13:31:20 - [TEST_STEP][PASSED] - changeWebDriver(driver): null

2024-01-12 13:31:20 - [TEST_STEP][PASSED] - navigateToUrl("https://caring-connections-qa.azurewebsites.net/"): Navigate to 'https://caring-connections-qa.azurewebsites.net/' successfully

2024-01-12 13:31:24 - [MESSAGE][PASSED] - Navigate to 'https://caring-connections-qa.azurewebsites.net/' successfully

2024-01-12 13:31:24 - [TEST_STEP][PASSED] - click(findTestObject("Login_Pages/Sign_In_Page/button_Sign_Up")): Object: 'Object Repository/Login_Pages/Sign_In_Page/button_Sign_Up' is clicked on

2024-01-12 13:31:24 - [MESSAGE][PASSED] - Object: 'Object Repository/Login_Pages/Sign_In_Page/button_Sign_Up' is clicked on

2024-01-12 13:31:24 - [TEST_STEP][PASSED] - setText(findTestObject("Login_Pages/Sign_Up_Page/Input_First_Last_Name"), username): Text 'Kanchan' is set on object 'Object Repository/Login_Pages/Sign_Up_Page/Input_First_Last_Name'

2024-01-12 13:31:25 - [MESSAGE][PASSED] - Text 'Kanchan' is set on object 'Object Repository/Login_Pages/Sign_Up_Page/Input_First_Last_Name'

2024-01-12 13:31:25 - [TEST_STEP][PASSED] - setText(findTestObject("Login_Pages/Sign_Up_Page/Input_ZIP_code"), zipcode): Text '464646' is set on object 'Object Repository/Login_Pages/Sign_Up_Page/Input_ZIP_code'

2024-01-12 13:31:25 - [MESSAGE][PASSED] - Text '464646' is set on object 'Object Repository/Login_Pages/Sign_Up_Page/Input_ZIP_code'

2024-01-12 13:31:25 - [TEST_STEP][PASSED] - setText(findTestObject("Login_Pages/Sign_Up_Page/Input_Username"), email): Text 'kanchans101@gmail.com' is set on object 'Object Repository/Login_Pages/Sign_Up_Page/Input_Username'

2024-01-12 13:31:25 - [MESSAGE][PASSED] - Text 'kanchans101@gmail.com' is set on object 'Object Repository/Login_Pages/Sign_Up_Page/Input_Username'

2024-01-12 13:31:25 - [TEST_STEP][PASSED] - setText(findTestObject("Login_Pages/Sign_Up_Page/Input_Password"), password): Text 'Test@123' is set on object 'Object Repository/Login_Pages/Sign_Up_Page/Input_Password'

2024-01-12 13:31:25 - [MESSAGE][PASSED] - Text 'Test@123' is set on object 'Object Repository/Login_Pages/Sign_Up_Page/Input_Password'

2024-01-12 13:31:25 - [TEST_STEP][PASSED] - click(findTestObject("Login_Pages/Sign_Up_Page/button_role_Senior")): Object: 'Object Repository/Login_Pages/Sign_Up_Page/button_role_Senior' is clicked on

2024-01-12 13:31:25 - [MESSAGE][PASSED] - Object: 'Object Repository/Login_Pages/Sign_Up_Page/button_role_Senior' is clicked on

2024-01-12 13:31:25 - [TEST_STEP][PASSED] - click(findTestObject("Login_Pages/Sign_Up_Page/button_Sign_Up")): Object: 'Object Repository/Login_Pages/Sign_Up_Page/button_Sign_Up' is clicked on

2024-01-12 13:31:25 - [MESSAGE][PASSED] - Object: 'Object Repository/Login_Pages/Sign_Up_Page/button_Sign_Up' is clicked on

2024-01-12 13:31:25 - [MESSAGE][PASSED] - Call Test Case 'Test Cases/Common_TestCases/Senior_SignUp' successfully

2024-01-12 13:31:25 - [TEST_STEP][PASSED] - verifyElementPresent(findTestObject("Profile_Creation_Page/Profile_Creation_Page_Objects/Text_Expectations_From_Companion"), 0): Object 'Object Repository/Profile_Creation_Page/Profile_Creation_Page_Objects/Text_Expectations_From_Companion' is present

2024-01-12 13:31:25 - [MESSAGE][WARNING] - Timeout '0' is invalid. Using default page load timeout: '30'

2024-01-12 13:31:30 - [MESSAGE][PASSED] - Object 'Object Repository/Profile_Creation_Page/Profile_Creation_Page_Objects/Text_Expectations_From_Companion' is present

2024-01-12 13:31:30 - [TEST_STEP][PASSED] - verifyElementPresent(findTestObject("Profile_Creation_Page/Profile_Creation_Page_Objects/Text_Select the button of your choice to create your profile"), 0): Object 'Object Repository/Profile_Creation_Page/Profile_Creation_Page_Objects/Text_Select the button of your choice to create your profile' is present

2024-01-12 13:31:30 - [MESSAGE][WARNING] - Timeout '0' is invalid. Using default page load timeout: '30'

2024-01-12 13:31:30 - [MESSAGE][PASSED] - Object 'Object Repository/Profile_Creation_Page/Profile_Creation_Page_Objects/Text_Select the button of your choice to create your profile' is present

2024-01-12 13:31:30 - [TEST_STEP][PASSED] - verifyElementPresent(findTestObject("Profile_Creation_Page/Profile_Creation_Page_Objects/Text_We are excited"), 0): Object 'Object Repository/Profile_Creation_Page/Profile_Creation_Page_Objects/Text_We are excited' is present

2024-01-12 13:31:30 - [MESSAGE][WARNING] - Timeout '0' is invalid. Using default page load timeout: '30'

2024-01-12 13:31:30 - [MESSAGE][PASSED] - Object 'Object Repository/Profile_Creation_Page/Profile_Creation_Page_Objects/Text_We are excited' is present

2024-01-12 13:31:30 - [TEST_STEP][PASSED] - waitForElementClickable(findTestObject("Profile_Creation_Page/Profile_Creation_Page_Objects/btn_I_Want_To_Type"), 65): Object 'Object Repository/Profile_Creation_Page/Profile_Creation_Page_Objects/btn_I_Want_To_Type' is clickable

2024-01-12 13:32:11 - [MESSAGE][PASSED] - Object 'Object Repository/Profile_Creation_Page/Profile_Creation_Page_Objects/btn_I_Want_To_Type' is clickable

2024-01-12 13:32:11 - [TEST_STEP][PASSED] - click(findTestObject("Profile_Creation_Page/Profile_Creation_Page_Objects/btn_I_Want_To_Type")): Object: 'Object Repository/Profile_Creation_Page/Profile_Creation_Page_Objects/btn_I_Want_To_Type' is clicked on

2024-01-12 13:32:12 - [MESSAGE][PASSED] - Object: 'Object Repository/Profile_Creation_Page/Profile_Creation_Page_Objects/btn_I_Want_To_Type' is clicked on

2024-01-12 13:32:12 - [TEST_STEP][PASSED] - setText(findTestObject("Profile_Creation_Page/Profile_Creation_Page_Objects/Input_I_Want_To_Type"), Profile): Text 'Greetings, I'm Kanchan , a seasoned explorer in the journey of life, joyfully celebrating my 55 years of existence. With a background in literature, I dedicated decades to exploring the rich world of words and stories. Beyond academic pursuits, I find solace in the world of painting, crafting vibrant canvases that express the beauty of the written word. In a companion, I hope to find someone who shares my love for literature and the appreciation for the creative blend of art and storytelling. Health-wise, I've faced challenges with allergies, but with careful management and a balanced lifestyle, I continue to pursue my passions with vigor. Life has been a captivating adventure through the pages of books and art, and I look forward to painting new chapters with a like-minded soul who values the beauty of storytelling and the creativity of artistic expression.' is set on object 'Object Repository/Profile_Creation_Page/Profile_Creation_Page_Objects/Input_I_Want_To_Type'

2024-01-12 13:32:12 - [MESSAGE][PASSED] - Text 'Greetings, I'm Kanchan , a seasoned explorer in the journey of life, joyfully celebrating my 55 years of existence. With a background in literature, I dedicated decades to exploring the rich world of words and stories. Beyond academic pursuits, I find solace in the world of painting, crafting vibrant canvases that express the beauty of the written word. In a companion, I hope to find someone who shares my love for literature and the appreciation for the creative blend of art and storytelling. Health-wise, I've faced challenges with allergies, but with careful management and a balanced lifestyle, I continue to pursue my passions with vigor. Life has been a captivating adventure through the pages of books and art, and I look forward to painting new chapters with a like-minded soul who values the beauty of storytelling and the creativity of artistic expression.' is set on object 'Object Repository/Profile_Creation_Page/Profile_Creation_Page_Objects/Input_I_Want_To_Type'

2024-01-12 13:32:12 - [TEST_STEP][PASSED] - scrollToElement(findTestObject("Object Repository/Profile_Creation_Page/Profile_Creation_Page_Objects/button_Next"), 0): Scroll to object 'Object Repository/Profile_Creation_Page/Profile_Creation_Page_Objects/button_Next' successfully

2024-01-12 13:32:12 - [MESSAGE][WARNING] - Timeout '0' is invalid. Using default page load timeout: '30'

2024-01-12 13:32:12 - [MESSAGE][PASSED] - Scroll to object 'Object Repository/Profile_Creation_Page/Profile_Creation_Page_Objects/button_Next' successfully

2024-01-12 13:32:12 - [TEST_STEP][PASSED] - click(findTestObject("Object Repository/Profile_Creation_Page/Profile_Creation_Page_Objects/button_Next")): Object: 'Object Repository/Profile_Creation_Page/Profile_Creation_Page_Objects/button_Next' is clicked on

2024-01-12 13:32:12 - [MESSAGE][PASSED] - Object: 'Object Repository/Profile_Creation_Page/Profile_Creation_Page_Objects/button_Next' is clicked on

2024-01-12 13:32:12 - [TEST_STEP][PASSED] - delay(20): Delayed 20 second(s)

2024-01-12 13:32:32 - [MESSAGE][PASSED] - Delayed 20 second(s)

2024-01-12 13:32:32 - [TEST_STEP][PASSED] - waitForElementNotPresent(findTestObject("WaitingPage/Waiting_Page/txt_1-2 minutes"), 180): Web element with id: 'Object Repository/WaitingPage/Waiting_Page/txt_1-2 minutes' located by 'By.xpath: //div[@id='root']/div/div/div/div/div/p[2]' is not present after '180' second(s)

2024-01-12 13:32:49 - [MESSAGE][PASSED] - Web element with id: 'Object Repository/WaitingPage/Waiting_Page/txt_1-2 minutes' located by 'By.xpath: //div[@id='root']/div/div/div/div/div/p[2]' is not present after '180' second(s)

2024-01-12 13:32:49 - [TEST_STEP][PASSED] - Education = getAttribute(findTestObject("Category_View_Page/Category_View_Page_Objects/Input_Edit_Educational_Info"), "value"): Attribute 'value' of object 'Object Repository/Category_View_Page/Category_View_Page_Objects/Input_Edit_Educational_Info' is: 'With a background in literature, I dedicated decades to exploring the rich world of words and stories.'

2024-01-12 13:32:49 - [MESSAGE][PASSED] - Attribute 'value' of object 'Object Repository/Category_View_Page/Category_View_Page_Objects/Input_Edit_Educational_Info' is: 'With a background in literature, I dedicated decades to exploring the rich world of words and stories.'

2024-01-12 13:32:49 - [TEST_STEP][PASSED] - validateText.ValidateText.calculateAndPrintPercentageMatch("EDUCATION", Education, EducationNew): validateText.ValidateText.calculateAndPrintPercentageMatch is PASSED

2024-01-12 13:32:49 - [MESSAGE][PASSED] - validateText.ValidateText.calculateAndPrintPercentageMatch is PASSED

2024-01-12 13:32:49 - [TEST_STEP][PASSED] - Hobbies = getAttribute(findTestObject("Category_View_Page/Category_View_Page_Objects/Input_Edit_Appropriate_Hobbies"), "value"): Attribute 'value' of object 'Object Repository/Category_View_Page/Category_View_Page_Objects/Input_Edit_Appropriate_Hobbies' is: 'Beyond academic pursuits, I find solace in the world of painting, crafting vibrant canvases that express the beauty of the written word.'

2024-01-12 13:32:49 - [MESSAGE][PASSED] - Attribute 'value' of object 'Object Repository/Category_View_Page/Category_View_Page_Objects/Input_Edit_Appropriate_Hobbies' is: 'Beyond academic pursuits, I find solace in the world of painting, crafting vibrant canvases that express the beauty of the written word.'

2024-01-12 13:32:49 - [TEST_STEP][PASSED] - validateText.ValidateText.calculateAndPrintPercentageMatch("HOBBIES", Hobbies, HobbiesNew): validateText.ValidateText.calculateAndPrintPercentageMatch is PASSED

2024-01-12 13:32:49 - [MESSAGE][PASSED] - validateText.ValidateText.calculateAndPrintPercentageMatch is PASSED

2024-01-12 13:32:49 - [TEST_STEP][PASSED] - Expectations = getAttribute(findTestObject("Category_View_Page/Category_View_Page_Objects/Input_Edit_expectation"), "value"): Attribute 'value' of object 'Object Repository/Category_View_Page/Category_View_Page_Objects/Input_Edit_expectation' is: 'In a companion, I hope to find someone who shares my love for literature and the appreciation for the creative blend of art and storytelling.'

2024-01-12 13:32:49 - [MESSAGE][PASSED] - Attribute 'value' of object 'Object Repository/Category_View_Page/Category_View_Page_Objects/Input_Edit_expectation' is: 'In a companion, I hope to find someone who shares my love for literature and the appreciation for the creative blend of art and storytelling.'

2024-01-12 13:32:49 - [TEST_STEP][PASSED] - validateText.ValidateText.calculateAndPrintPercentageMatch("EXPECTATIONS", Expectations, ExpectationsNew): validateText.ValidateText.calculateAndPrintPercentageMatch is PASSED

2024-01-12 13:32:49 - [MESSAGE][PASSED] - validateText.ValidateText.calculateAndPrintPercentageMatch is PASSED

2024-01-12 13:32:49 - [TEST_STEP][PASSED] - Others = getAttribute(findTestObject("Category_View_Page/Category_View_Page_Objects/Input_Edit_Appropriate_Health"), "value"): Attribute 'value' of object 'Object Repository/Category_View_Page/Category_View_Page_Objects/Input_Edit_Appropriate_Health' is: 'Greetings, I'm Kanchan , a seasoned explorer in the journey of life, joyfully celebrating my 55 years of existence. Life has been a captivating adventure through the pages of books and art, and I look forward to painting new chapters with a like-minded soul who values the beauty of storytelling and the creativity of artistic expression. Health-wise, I've faced challenges with allergies, but with careful management and a balanced lifestyle, I continue to pursue my passions with vigor.'

2024-01-12 13:32:49 - [MESSAGE][PASSED] - Attribute 'value' of object 'Object Repository/Category_View_Page/Category_View_Page_Objects/Input_Edit_Appropriate_Health' is: 'Greetings, I'm Kanchan , a seasoned explorer in the journey of life, joyfully celebrating my 55 years of existence. Life has been a captivating adventure through the pages of books and art, and I look forward to painting new chapters with a like-minded soul who values the beauty of storytelling and the creativity of artistic expression. Health-wise, I've faced challenges with allergies, but with careful management and a balanced lifestyle, I continue to pursue my passions with vigor.'

2024-01-12 13:32:49 - [TEST_STEP][PASSED] - validateText.ValidateText.calculateAndPrintPercentageMatch("OTHERS", Others, OtherNew): validateText.ValidateText.calculateAndPrintPercentageMatch is PASSED

2024-01-12 13:32:49 - [MESSAGE][PASSED] - validateText.ValidateText.calculateAndPrintPercentageMatch is PASSED

2024-01-12 13:32:49 - [TEST_STEP][PASSED] - waitForElementClickable(findTestObject("Object Repository/Category_View_Page/Category_View_Page_Objects/button_Next"), 65): Object 'Object Repository/Category_View_Page/Category_View_Page_Objects/button_Next' is clickable

2024-01-12 13:32:49 - [MESSAGE][PASSED] - Object 'Object Repository/Category_View_Page/Category_View_Page_Objects/button_Next' is clickable

2024-01-12 13:32:49 - [TEST_STEP][PASSED] - click(findTestObject("Object Repository/Category_View_Page/Category_View_Page_Objects/button_Next")): Object: 'Object Repository/Category_View_Page/Category_View_Page_Objects/button_Next' is clicked on

2024-01-12 13:32:52 - [MESSAGE][PASSED] - Object: 'Object Repository/Category_View_Page/Category_View_Page_Objects/button_Next' is clicked on

2024-01-12 13:32:52 - [TEST_STEP][PASSED] - waitForElementNotPresent(findTestObject("WaitingPage/Waiting_Page/Clock_categoryToCalender"), 10): Web element with id: 'Object Repository/WaitingPage/Waiting_Page/Clock_categoryToCalender' located by 'By.xpath: //div[@id='root']/div/div/div/div/span' is not present after '10' second(s)

2024-01-12 13:32:53 - [MESSAGE][PASSED] - Web element with id: 'Object Repository/WaitingPage/Waiting_Page/Clock_categoryToCalender' located by 'By.xpath: //div[@id='root']/div/div/div/div/span' is not present after '10' second(s)

2024-01-12 13:32:53 - [TEST_STEP][PASSED] - scrollToElement(findTestObject("Calendar_page/Input_Start_Date"), 0): Scroll to object 'Object Repository/Calendar_page/Input_Start_Date' successfully

2024-01-12 13:32:53 - [MESSAGE][WARNING] - Timeout '0' is invalid. Using default page load timeout: '30'

2024-01-12 13:32:53 - [MESSAGE][PASSED] - Scroll to object 'Object Repository/Calendar_page/Input_Start_Date' successfully

2024-01-12 13:32:53 - [TEST_STEP][PASSED] - click(findTestObject("Calendar_page/Input_Start_Date")): Object: 'Object Repository/Calendar_page/Input_Start_Date' is clicked on

2024-01-12 13:32:53 - [MESSAGE][PASSED] - Object: 'Object Repository/Calendar_page/Input_Start_Date' is clicked on

2024-01-12 13:32:53 - [TEST_STEP][PASSED] - delay(3): Delayed 3 second(s)

2024-01-12 13:32:56 - [MESSAGE][PASSED] - Delayed 3 second(s)

2024-01-12 13:32:56 - [TEST_STEP][PASSED] - click(findTestObject("Calendar_page/startDate/JanuaryStartDates/div_14")): Object: 'Object Repository/Calendar_page/startDate/JanuaryStartDates/div_14' is clicked on

2024-01-12 13:32:56 - [MESSAGE][PASSED] - Object: 'Object Repository/Calendar_page/startDate/JanuaryStartDates/div_14' is clicked on

2024-01-12 13:32:56 - [TEST_STEP][PASSED] - delay(3): Delayed 3 second(s)

2024-01-12 13:32:59 - [MESSAGE][PASSED] - Delayed 3 second(s)

2024-01-12 13:32:59 - [TEST_STEP][PASSED] - click(findTestObject("Calendar_page/Input_Busy_Days")): Object: 'Object Repository/Calendar_page/Input_Busy_Days' is clicked on

2024-01-12 13:33:00 - [MESSAGE][PASSED] - Object: 'Object Repository/Calendar_page/Input_Busy_Days' is clicked on

2024-01-12 13:33:00 - [TEST_STEP][PASSED] - click(findTestObject("Calendar_page/busyDates/JanuaryBusyDate/div_17")): Object: 'Object Repository/Calendar_page/busyDates/JanuaryBusyDate/div_17' is clicked on

2024-01-12 13:33:00 - [MESSAGE][PASSED] - Object: 'Object Repository/Calendar_page/busyDates/JanuaryBusyDate/div_17' is clicked on

2024-01-12 13:33:00 - [TEST_STEP][PASSED] - delay(2): Delayed 2 second(s)

2024-01-12 13:33:02 - [MESSAGE][PASSED] - Delayed 2 second(s)

2024-01-12 13:33:02 - [TEST_STEP][PASSED] - click(findTestObject("Calendar_page/busyDates/JanuaryBusyDate/div_22")): Object: 'Object Repository/Calendar_page/busyDates/JanuaryBusyDate/div_22' is clicked on

2024-01-12 13:33:02 - [MESSAGE][PASSED] - Object: 'Object Repository/Calendar_page/busyDates/JanuaryBusyDate/div_22' is clicked on

2024-01-12 13:33:02 - [TEST_STEP][PASSED] - delay(2): Delayed 2 second(s)

2024-01-12 13:33:04 - [MESSAGE][PASSED] - Delayed 2 second(s)

2024-01-12 13:33:04 - [TEST_STEP][PASSED] - click(findTestObject("Calendar_page/div_day_Column")): Object: 'Object Repository/Calendar_page/div_day_Column' is clicked on

2024-01-12 13:33:04 - [MESSAGE][PASSED] - Object: 'Object Repository/Calendar_page/div_day_Column' is clicked on

2024-01-12 13:33:04 - [TEST_STEP][PASSED] - selectOptionByLabel(findTestObject("Calendar_page/Select_Available_From"), "01:30 PM", false): All options with label '01:30 PM' are selected in object 'Object Repository/Calendar_page/Select_Available_From' 

2024-01-12 13:33:04 - [MESSAGE][PASSED] - All options with label '01:30 PM' are selected in object 'Object Repository/Calendar_page/Select_Available_From' 

2024-01-12 13:33:04 - [TEST_STEP][PASSED] - delay(2): Delayed 2 second(s)

2024-01-12 13:33:06 - [MESSAGE][PASSED] - Delayed 2 second(s)

2024-01-12 13:33:06 - [TEST_STEP][PASSED] - selectOptionByLabel(findTestObject("Calendar_page/Select_Available_To"), "04:30 PM", false): All options with label '04:30 PM' are selected in object 'Object Repository/Calendar_page/Select_Available_To' 

2024-01-12 13:33:06 - [MESSAGE][PASSED] - All options with label '04:30 PM' are selected in object 'Object Repository/Calendar_page/Select_Available_To' 

2024-01-12 13:33:06 - [TEST_STEP][PASSED] - delay(2): Delayed 2 second(s)

2024-01-12 13:33:08 - [MESSAGE][PASSED] - Delayed 2 second(s)

2024-01-12 13:33:08 - [TEST_STEP][PASSED] - click(findTestObject("Calendar_page/button_Save")): Object: 'Object Repository/Calendar_page/button_Save' is clicked on

2024-01-12 13:33:08 - [MESSAGE][PASSED] - Object: 'Object Repository/Calendar_page/button_Save' is clicked on

2024-01-12 13:33:08 - [TEST_STEP][PASSED] - delay(2): Delayed 2 second(s)

2024-01-12 13:33:10 - [MESSAGE][PASSED] - Delayed 2 second(s)

2024-01-12 13:33:10 - [TEST_STEP][PASSED] - click(findTestObject("Calendar_page/Button_Next (1)")): Object: 'Object Repository/Calendar_page/Button_Next (1)' is clicked on

2024-01-12 13:33:10 - [MESSAGE][PASSED] - Object: 'Object Repository/Calendar_page/Button_Next (1)' is clicked on

2024-01-12 13:33:10 - [TEST_STEP][PASSED] - delay(3): Delayed 3 second(s)

2024-01-12 13:33:13 - [MESSAGE][PASSED] - Delayed 3 second(s)

2024-01-12 13:33:13 - [TEST_STEP][PASSED] - click(findTestObject("Calendar_page/button_Ok")): Object: 'Object Repository/Calendar_page/button_Ok' is clicked on

2024-01-12 13:33:13 - [MESSAGE][PASSED] - Object: 'Object Repository/Calendar_page/button_Ok' is clicked on

2024-01-12 13:33:13 - [TEST_STEP][PASSED] - delay(2): Delayed 2 second(s)

2024-01-12 13:33:15 - [MESSAGE][PASSED] - Delayed 2 second(s)

2024-01-12 13:33:15 - [TEST_STEP][PASSED] - closeBrowser(): Browser is closed

2024-01-12 13:33:16 - [MESSAGE][PASSED] - Browser is closed]]></system-out>
         <system-err><![CDATA[]]></system-err>
      </testcase>
      <testcase name="Test Cases/Senior_TestCases/TC03_ReRecord_Type" time="125.479" classname="Test Cases/Senior_TestCases/TC03_ReRecord_Type" status="PASSED">
         <system-out><![CDATA[2024-01-12 13:33:16 - [TEST_CASE][PASSED] - Test Cases/Senior_TestCases/TC03_ReRecord_Type: Test Cases/Senior_TestCases/TC03_ReRecord_Type

2024-01-12 13:33:16 - [TEST_STEP][PASSED] - callTestCase(findTestCase("Common_TestCases/Sign_In"), ["email":Email, "password":Password], STOP_ON_FAILURE): Call Test Case 'Test Cases/Common_TestCases/Sign_In' successfully

2024-01-12 13:33:16 - [TEST_CASE][PASSED] - Test Cases/Common_TestCases/Sign_In: Test Cases/Common_TestCases/Sign_In

2024-01-12 13:33:16 - [TEST_STEP][PASSED] - System.setProperty("webdriver.chrome.driver", "Data Files/chromedriver-win64/chromedriver.exe"): null

2024-01-12 13:33:16 - [TEST_STEP][PASSED] - options = new org.openqa.selenium.chrome.ChromeOptions(): null

2024-01-12 13:33:16 - [TEST_STEP][PASSED] - options.addArguments("start-maximized"): null

2024-01-12 13:33:16 - [TEST_STEP][PASSED] - options.addArguments("force-device-scale-factor=1.2"): null

2024-01-12 13:33:16 - [TEST_STEP][PASSED] - options.setExperimentalOption("prefs", new Script1700728747802$1(this)): null

2024-01-12 13:33:16 - [TEST_STEP][PASSED] - capabilities = DesiredCapabilities.chrome(): null

2024-01-12 13:33:16 - [TEST_STEP][PASSED] - capabilities.setCapability(CAPABILITY, options): null

2024-01-12 13:33:16 - [TEST_STEP][PASSED] - driver = new org.openqa.selenium.chrome.ChromeDriver(capabilities): null

2024-01-12 13:33:17 - [TEST_STEP][PASSED] - changeWebDriver(driver): null

2024-01-12 13:33:17 - [TEST_STEP][PASSED] - navigateToUrl("https://caring-connections-qa.azurewebsites.net/"): Navigate to 'https://caring-connections-qa.azurewebsites.net/' successfully

2024-01-12 13:33:21 - [MESSAGE][PASSED] - Navigate to 'https://caring-connections-qa.azurewebsites.net/' successfully

2024-01-12 13:33:21 - [TEST_STEP][PASSED] - setText(findTestObject("Login_Pages/Sign_In_Page/input_Username"), email): Text 'pgpalakg101@gmail.com' is set on object 'Object Repository/Login_Pages/Sign_In_Page/input_Username'

2024-01-12 13:33:21 - [MESSAGE][PASSED] - Text 'pgpalakg101@gmail.com' is set on object 'Object Repository/Login_Pages/Sign_In_Page/input_Username'

2024-01-12 13:33:21 - [TEST_STEP][PASSED] - setText(findTestObject("Login_Pages/Sign_In_Page/input_Password"), password): Text 'Test@123' is set on object 'Object Repository/Login_Pages/Sign_In_Page/input_Password'

2024-01-12 13:33:22 - [MESSAGE][PASSED] - Text 'Test@123' is set on object 'Object Repository/Login_Pages/Sign_In_Page/input_Password'

2024-01-12 13:33:22 - [TEST_STEP][PASSED] - click(findTestObject("Object Repository/Login_Pages/Sign_In_Page/button_Sign_In")): Object: 'Object Repository/Login_Pages/Sign_In_Page/button_Sign_In' is clicked on

2024-01-12 13:33:22 - [MESSAGE][PASSED] - Object: 'Object Repository/Login_Pages/Sign_In_Page/button_Sign_In' is clicked on

2024-01-12 13:33:22 - [MESSAGE][PASSED] - Call Test Case 'Test Cases/Common_TestCases/Sign_In' successfully

2024-01-12 13:33:22 - [TEST_STEP][PASSED] - delay(5): Delayed 5 second(s)

2024-01-12 13:33:27 - [MESSAGE][PASSED] - Delayed 5 second(s)

2024-01-12 13:33:27 - [TEST_STEP][PASSED] - scrollToElement(findTestObject("Category_View_Page/Category_View_Page_Objects/btn_Re-record"), 0): Scroll to object 'Object Repository/Category_View_Page/Category_View_Page_Objects/btn_Re-record' successfully

2024-01-12 13:33:27 - [MESSAGE][WARNING] - Timeout '0' is invalid. Using default page load timeout: '30'

2024-01-12 13:33:27 - [MESSAGE][PASSED] - Scroll to object 'Object Repository/Category_View_Page/Category_View_Page_Objects/btn_Re-record' successfully

2024-01-12 13:33:27 - [TEST_STEP][PASSED] - click(findTestObject("Category_View_Page/Category_View_Page_Objects/btn_Re-record")): Object: 'Object Repository/Category_View_Page/Category_View_Page_Objects/btn_Re-record' is clicked on

2024-01-12 13:33:29 - [MESSAGE][PASSED] - Object: 'Object Repository/Category_View_Page/Category_View_Page_Objects/btn_Re-record' is clicked on

2024-01-12 13:33:29 - [TEST_STEP][PASSED] - click(findTestObject("Category_View_Page/Category_View_Page_Objects/btn_Proceed")): Object: 'Object Repository/Category_View_Page/Category_View_Page_Objects/btn_Proceed' is clicked on

2024-01-12 13:33:31 - [MESSAGE][PASSED] - Object: 'Object Repository/Category_View_Page/Category_View_Page_Objects/btn_Proceed' is clicked on

2024-01-12 13:33:31 - [TEST_STEP][PASSED] - waitForElementClickable(findTestObject("Profile_Creation_Page/Profile_Creation_Page_Objects/btn_I_Want_To_Type"), 65): Object 'Object Repository/Profile_Creation_Page/Profile_Creation_Page_Objects/btn_I_Want_To_Type' is clickable

2024-01-12 13:34:13 - [MESSAGE][PASSED] - Object 'Object Repository/Profile_Creation_Page/Profile_Creation_Page_Objects/btn_I_Want_To_Type' is clickable

2024-01-12 13:34:13 - [TEST_STEP][PASSED] - click(findTestObject("Profile_Creation_Page/Profile_Creation_Page_Objects/btn_I_Want_To_Type")): Object: 'Object Repository/Profile_Creation_Page/Profile_Creation_Page_Objects/btn_I_Want_To_Type' is clicked on

2024-01-12 13:34:13 - [MESSAGE][PASSED] - Object: 'Object Repository/Profile_Creation_Page/Profile_Creation_Page_Objects/btn_I_Want_To_Type' is clicked on

2024-01-12 13:34:13 - [TEST_STEP][PASSED] - setText(findTestObject("Profile_Creation_Page/Profile_Creation_Page_Objects/Input_I_Want_To_Type"), Profile): Text 'Greetings, I'm Palak, a seasoned explorer in the journey of life, joyfully celebrating my 58 years of existence. With a background in environmental science, I dedicated decades to understanding and preserving the natural world. Beyond scientific pursuits, I find solace in the rhythm of pottery, shaping clay into intricate forms, and the therapeutic art of cooking. In a companion, I seek someone who shares my passion for environmental conservation and has an appreciation for the creative blend of artistry and sustainable living. Health-wise, I've faced challenges with asthma, but with careful management and regular breathing exercises, I continue to pursue my passions with vigor. Life has been a captivating adventure, and I look forward to molding new experiences with a like-minded soul who appreciates the beauty of nature and the creativity of the human spirit.' is set on object 'Object Repository/Profile_Creation_Page/Profile_Creation_Page_Objects/Input_I_Want_To_Type'

2024-01-12 13:34:14 - [MESSAGE][PASSED] - Text 'Greetings, I'm Palak, a seasoned explorer in the journey of life, joyfully celebrating my 58 years of existence. With a background in environmental science, I dedicated decades to understanding and preserving the natural world. Beyond scientific pursuits, I find solace in the rhythm of pottery, shaping clay into intricate forms, and the therapeutic art of cooking. In a companion, I seek someone who shares my passion for environmental conservation and has an appreciation for the creative blend of artistry and sustainable living. Health-wise, I've faced challenges with asthma, but with careful management and regular breathing exercises, I continue to pursue my passions with vigor. Life has been a captivating adventure, and I look forward to molding new experiences with a like-minded soul who appreciates the beauty of nature and the creativity of the human spirit.' is set on object 'Object Repository/Profile_Creation_Page/Profile_Creation_Page_Objects/Input_I_Want_To_Type'

2024-01-12 13:34:14 - [TEST_STEP][PASSED] - scrollToElement(findTestObject("Object Repository/Profile_Creation_Page/Profile_Creation_Page_Objects/button_Next"), 0): Scroll to object 'Object Repository/Profile_Creation_Page/Profile_Creation_Page_Objects/button_Next' successfully

2024-01-12 13:34:14 - [MESSAGE][WARNING] - Timeout '0' is invalid. Using default page load timeout: '30'

2024-01-12 13:34:14 - [MESSAGE][PASSED] - Scroll to object 'Object Repository/Profile_Creation_Page/Profile_Creation_Page_Objects/button_Next' successfully

2024-01-12 13:34:14 - [TEST_STEP][PASSED] - click(findTestObject("Object Repository/Profile_Creation_Page/Profile_Creation_Page_Objects/button_Next")): Object: 'Object Repository/Profile_Creation_Page/Profile_Creation_Page_Objects/button_Next' is clicked on

2024-01-12 13:34:14 - [MESSAGE][PASSED] - Object: 'Object Repository/Profile_Creation_Page/Profile_Creation_Page_Objects/button_Next' is clicked on

2024-01-12 13:34:14 - [TEST_STEP][PASSED] - delay(20): Delayed 20 second(s)

2024-01-12 13:34:34 - [MESSAGE][PASSED] - Delayed 20 second(s)

2024-01-12 13:34:34 - [TEST_STEP][PASSED] - waitForElementNotPresent(findTestObject("WaitingPage/Waiting_Page/txt_1-2 minutes"), 180): Web element with id: 'Object Repository/WaitingPage/Waiting_Page/txt_1-2 minutes' located by 'By.xpath: //div[@id='root']/div/div/div/div/div/p[2]' is not present after '180' second(s)

2024-01-12 13:34:53 - [MESSAGE][PASSED] - Web element with id: 'Object Repository/WaitingPage/Waiting_Page/txt_1-2 minutes' located by 'By.xpath: //div[@id='root']/div/div/div/div/div/p[2]' is not present after '180' second(s)

2024-01-12 13:34:53 - [TEST_STEP][PASSED] - Education = getAttribute(findTestObject("Category_View_Page/Category_View_Page_Objects/Input_Edit_Educational_Info"), "value"): Attribute 'value' of object 'Object Repository/Category_View_Page/Category_View_Page_Objects/Input_Edit_Educational_Info' is: 'With a background in environmental science, I dedicated decades to understanding and preserving the natural world.'

2024-01-12 13:34:53 - [MESSAGE][PASSED] - Attribute 'value' of object 'Object Repository/Category_View_Page/Category_View_Page_Objects/Input_Edit_Educational_Info' is: 'With a background in environmental science, I dedicated decades to understanding and preserving the natural world.'

2024-01-12 13:34:53 - [TEST_STEP][PASSED] - validateText.ValidateText.calculateAndPrintPercentageMatch("EDUCATION", Education, EducationNew): validateText.ValidateText.calculateAndPrintPercentageMatch is PASSED

2024-01-12 13:34:53 - [MESSAGE][PASSED] - validateText.ValidateText.calculateAndPrintPercentageMatch is PASSED

2024-01-12 13:34:53 - [TEST_STEP][PASSED] - Hobbies = getAttribute(findTestObject("Category_View_Page/Category_View_Page_Objects/Input_Edit_Appropriate_Hobbies"), "value"): Attribute 'value' of object 'Object Repository/Category_View_Page/Category_View_Page_Objects/Input_Edit_Appropriate_Hobbies' is: 'Beyond scientific pursuits, I find solace in the rhythm of pottery, shaping clay into intricate forms, and the therapeutic art of cooking.'

2024-01-12 13:34:53 - [MESSAGE][PASSED] - Attribute 'value' of object 'Object Repository/Category_View_Page/Category_View_Page_Objects/Input_Edit_Appropriate_Hobbies' is: 'Beyond scientific pursuits, I find solace in the rhythm of pottery, shaping clay into intricate forms, and the therapeutic art of cooking.'

2024-01-12 13:34:53 - [TEST_STEP][PASSED] - validateText.ValidateText.calculateAndPrintPercentageMatch("HOBBIES", Hobbies, HobbiesNew): validateText.ValidateText.calculateAndPrintPercentageMatch is PASSED

2024-01-12 13:34:53 - [MESSAGE][PASSED] - validateText.ValidateText.calculateAndPrintPercentageMatch is PASSED

2024-01-12 13:34:53 - [TEST_STEP][PASSED] - Expectations = getAttribute(findTestObject("Category_View_Page/Category_View_Page_Objects/Input_Edit_expectation"), "value"): Attribute 'value' of object 'Object Repository/Category_View_Page/Category_View_Page_Objects/Input_Edit_expectation' is: 'In a companion, I seek someone who shares my passion for environmental conservation and has an appreciation for the creative blend of artistry and sustainable living.'

2024-01-12 13:34:53 - [MESSAGE][PASSED] - Attribute 'value' of object 'Object Repository/Category_View_Page/Category_View_Page_Objects/Input_Edit_expectation' is: 'In a companion, I seek someone who shares my passion for environmental conservation and has an appreciation for the creative blend of artistry and sustainable living.'

2024-01-12 13:34:53 - [TEST_STEP][PASSED] - validateText.ValidateText.calculateAndPrintPercentageMatch("EXPECTATIONS", Expectations, ExpectationsNew): validateText.ValidateText.calculateAndPrintPercentageMatch is PASSED

2024-01-12 13:34:53 - [MESSAGE][PASSED] - validateText.ValidateText.calculateAndPrintPercentageMatch is PASSED

2024-01-12 13:34:53 - [TEST_STEP][PASSED] - Others = getAttribute(findTestObject("Category_View_Page/Category_View_Page_Objects/Input_Edit_Appropriate_Health"), "value"): Attribute 'value' of object 'Object Repository/Category_View_Page/Category_View_Page_Objects/Input_Edit_Appropriate_Health' is: 'Greetings, I'm Palak, a seasoned explorer in the journey of life, joyfully celebrating my 58 years of existence. Life has been a captivating adventure, and I look forward to molding new experiences with a like-minded soul who appreciates the beauty of nature and the creativity of the human spirit. Health-wise, I've faced challenges with asthma, but with careful management and regular breathing exercises, I continue to pursue my passions with vigor.'

2024-01-12 13:34:53 - [MESSAGE][PASSED] - Attribute 'value' of object 'Object Repository/Category_View_Page/Category_View_Page_Objects/Input_Edit_Appropriate_Health' is: 'Greetings, I'm Palak, a seasoned explorer in the journey of life, joyfully celebrating my 58 years of existence. Life has been a captivating adventure, and I look forward to molding new experiences with a like-minded soul who appreciates the beauty of nature and the creativity of the human spirit. Health-wise, I've faced challenges with asthma, but with careful management and regular breathing exercises, I continue to pursue my passions with vigor.'

2024-01-12 13:34:53 - [TEST_STEP][PASSED] - validateText.ValidateText.calculateAndPrintPercentageMatch("OTHERS", Others, OtherNew): validateText.ValidateText.calculateAndPrintPercentageMatch is PASSED

2024-01-12 13:34:53 - [MESSAGE][PASSED] - validateText.ValidateText.calculateAndPrintPercentageMatch is PASSED

2024-01-12 13:34:53 - [TEST_STEP][PASSED] - waitForElementClickable(findTestObject("Object Repository/Category_View_Page/Category_View_Page_Objects/button_Next"), 65): Object 'Object Repository/Category_View_Page/Category_View_Page_Objects/button_Next' is clickable

2024-01-12 13:34:53 - [MESSAGE][PASSED] - Object 'Object Repository/Category_View_Page/Category_View_Page_Objects/button_Next' is clickable

2024-01-12 13:34:53 - [TEST_STEP][PASSED] - click(findTestObject("Object Repository/Category_View_Page/Category_View_Page_Objects/button_Next")): Object: 'Object Repository/Category_View_Page/Category_View_Page_Objects/button_Next' is clicked on

2024-01-12 13:34:55 - [MESSAGE][PASSED] - Object: 'Object Repository/Category_View_Page/Category_View_Page_Objects/button_Next' is clicked on

2024-01-12 13:34:55 - [TEST_STEP][PASSED] - waitForElementNotPresent(findTestObject("WaitingPage/Waiting_Page/Clock_categoryToCalender"), 10): Web element with id: 'Object Repository/WaitingPage/Waiting_Page/Clock_categoryToCalender' located by 'By.xpath: //div[@id='root']/div/div/div/div/span' is not present after '10' second(s)

2024-01-12 13:34:57 - [MESSAGE][PASSED] - Web element with id: 'Object Repository/WaitingPage/Waiting_Page/Clock_categoryToCalender' located by 'By.xpath: //div[@id='root']/div/div/div/div/span' is not present after '10' second(s)

2024-01-12 13:34:57 - [TEST_STEP][PASSED] - scrollToElement(findTestObject("Calendar_page/Input_Start_Date"), 0): Scroll to object 'Object Repository/Calendar_page/Input_Start_Date' successfully

2024-01-12 13:34:57 - [MESSAGE][WARNING] - Timeout '0' is invalid. Using default page load timeout: '30'

2024-01-12 13:34:57 - [MESSAGE][PASSED] - Scroll to object 'Object Repository/Calendar_page/Input_Start_Date' successfully

2024-01-12 13:34:57 - [TEST_STEP][PASSED] - click(findTestObject("Calendar_page/Input_Start_Date")): Object: 'Object Repository/Calendar_page/Input_Start_Date' is clicked on

2024-01-12 13:34:57 - [MESSAGE][PASSED] - Object: 'Object Repository/Calendar_page/Input_Start_Date' is clicked on

2024-01-12 13:34:57 - [TEST_STEP][PASSED] - delay(3): Delayed 3 second(s)

2024-01-12 13:35:00 - [MESSAGE][PASSED] - Delayed 3 second(s)

2024-01-12 13:35:00 - [TEST_STEP][PASSED] - click(findTestObject("Calendar_page/startDate/JanuaryStartDates/div_16")): Object: 'Object Repository/Calendar_page/startDate/JanuaryStartDates/div_16' is clicked on

2024-01-12 13:35:00 - [MESSAGE][PASSED] - Object: 'Object Repository/Calendar_page/startDate/JanuaryStartDates/div_16' is clicked on

2024-01-12 13:35:00 - [TEST_STEP][PASSED] - delay(3): Delayed 3 second(s)

2024-01-12 13:35:03 - [MESSAGE][PASSED] - Delayed 3 second(s)

2024-01-12 13:35:03 - [TEST_STEP][PASSED] - click(findTestObject("Calendar_page/Input_Busy_Days")): Object: 'Object Repository/Calendar_page/Input_Busy_Days' is clicked on

2024-01-12 13:35:04 - [MESSAGE][PASSED] - Object: 'Object Repository/Calendar_page/Input_Busy_Days' is clicked on

2024-01-12 13:35:04 - [TEST_STEP][PASSED] - click(findTestObject("Calendar_page/busyDates/JanuaryBusyDate/div_20")): Object: 'Object Repository/Calendar_page/busyDates/JanuaryBusyDate/div_20' is clicked on

2024-01-12 13:35:05 - [MESSAGE][PASSED] - Object: 'Object Repository/Calendar_page/busyDates/JanuaryBusyDate/div_20' is clicked on

2024-01-12 13:35:05 - [TEST_STEP][PASSED] - delay(2): Delayed 2 second(s)

2024-01-12 13:35:07 - [MESSAGE][PASSED] - Delayed 2 second(s)

2024-01-12 13:35:07 - [TEST_STEP][PASSED] - click(findTestObject("Calendar_page/busyDates/JanuaryBusyDate/div_20")): Object: 'Object Repository/Calendar_page/busyDates/JanuaryBusyDate/div_20' is clicked on

2024-01-12 13:35:07 - [MESSAGE][PASSED] - Object: 'Object Repository/Calendar_page/busyDates/JanuaryBusyDate/div_20' is clicked on

2024-01-12 13:35:07 - [TEST_STEP][PASSED] - delay(2): Delayed 2 second(s)

2024-01-12 13:35:09 - [MESSAGE][PASSED] - Delayed 2 second(s)

2024-01-12 13:35:09 - [TEST_STEP][PASSED] - click(findTestObject("Calendar_page/div_day_Column")): Object: 'Object Repository/Calendar_page/div_day_Column' is clicked on

2024-01-12 13:35:09 - [MESSAGE][PASSED] - Object: 'Object Repository/Calendar_page/div_day_Column' is clicked on

2024-01-12 13:35:09 - [TEST_STEP][PASSED] - selectOptionByLabel(findTestObject("Calendar_page/Select_Available_From"), "05:30 PM", false): All options with label '05:30 PM' are selected in object 'Object Repository/Calendar_page/Select_Available_From' 

2024-01-12 13:35:09 - [MESSAGE][PASSED] - All options with label '05:30 PM' are selected in object 'Object Repository/Calendar_page/Select_Available_From' 

2024-01-12 13:35:09 - [TEST_STEP][PASSED] - delay(2): Delayed 2 second(s)

2024-01-12 13:35:11 - [MESSAGE][PASSED] - Delayed 2 second(s)

2024-01-12 13:35:11 - [TEST_STEP][PASSED] - selectOptionByLabel(findTestObject("Calendar_page/Select_Available_To"), "06:00 PM", false): All options with label '06:00 PM' are selected in object 'Object Repository/Calendar_page/Select_Available_To' 

2024-01-12 13:35:11 - [MESSAGE][PASSED] - All options with label '06:00 PM' are selected in object 'Object Repository/Calendar_page/Select_Available_To' 

2024-01-12 13:35:11 - [TEST_STEP][PASSED] - delay(2): Delayed 2 second(s)

2024-01-12 13:35:13 - [MESSAGE][PASSED] - Delayed 2 second(s)

2024-01-12 13:35:13 - [TEST_STEP][PASSED] - click(findTestObject("Calendar_page/button_Save")): Object: 'Object Repository/Calendar_page/button_Save' is clicked on

2024-01-12 13:35:13 - [MESSAGE][PASSED] - Object: 'Object Repository/Calendar_page/button_Save' is clicked on

2024-01-12 13:35:13 - [TEST_STEP][PASSED] - delay(2): Delayed 2 second(s)

2024-01-12 13:35:15 - [MESSAGE][PASSED] - Delayed 2 second(s)

2024-01-12 13:35:15 - [TEST_STEP][PASSED] - click(findTestObject("Calendar_page/Button_Next (1)")): Object: 'Object Repository/Calendar_page/Button_Next (1)' is clicked on

2024-01-12 13:35:15 - [MESSAGE][PASSED] - Object: 'Object Repository/Calendar_page/Button_Next (1)' is clicked on

2024-01-12 13:35:15 - [TEST_STEP][PASSED] - delay(3): Delayed 3 second(s)

2024-01-12 13:35:18 - [MESSAGE][PASSED] - Delayed 3 second(s)

2024-01-12 13:35:18 - [TEST_STEP][PASSED] - click(findTestObject("Calendar_page/button_Ok")): Object: 'Object Repository/Calendar_page/button_Ok' is clicked on

2024-01-12 13:35:18 - [MESSAGE][PASSED] - Object: 'Object Repository/Calendar_page/button_Ok' is clicked on

2024-01-12 13:35:18 - [TEST_STEP][PASSED] - delay(2): Delayed 2 second(s)

2024-01-12 13:35:20 - [MESSAGE][PASSED] - Delayed 2 second(s)

2024-01-12 13:35:20 - [TEST_STEP][PASSED] - closeBrowser(): Browser is closed

2024-01-12 13:35:21 - [MESSAGE][PASSED] - Browser is closed]]></system-out>
         <system-err><![CDATA[]]></system-err>
      </testcase>
      <testcase name="Test Cases/Senior_TestCases/TC03_ReRecord_Type" time="121.434" classname="Test Cases/Senior_TestCases/TC03_ReRecord_Type" status="PASSED">
         <system-out><![CDATA[2024-01-12 13:35:21 - [TEST_CASE][PASSED] - Test Cases/Senior_TestCases/TC03_ReRecord_Type: Test Cases/Senior_TestCases/TC03_ReRecord_Type

2024-01-12 13:35:21 - [TEST_STEP][PASSED] - callTestCase(findTestCase("Common_TestCases/Sign_In"), ["email":Email, "password":Password], STOP_ON_FAILURE): Call Test Case 'Test Cases/Common_TestCases/Sign_In' successfully

2024-01-12 13:35:21 - [TEST_CASE][PASSED] - Test Cases/Common_TestCases/Sign_In: Test Cases/Common_TestCases/Sign_In

2024-01-12 13:35:21 - [TEST_STEP][PASSED] - System.setProperty("webdriver.chrome.driver", "Data Files/chromedriver-win64/chromedriver.exe"): null

2024-01-12 13:35:21 - [TEST_STEP][PASSED] - options = new org.openqa.selenium.chrome.ChromeOptions(): null

2024-01-12 13:35:21 - [TEST_STEP][PASSED] - options.addArguments("start-maximized"): null

2024-01-12 13:35:21 - [TEST_STEP][PASSED] - options.addArguments("force-device-scale-factor=1.2"): null

2024-01-12 13:35:21 - [TEST_STEP][PASSED] - options.setExperimentalOption("prefs", new Script1700728747802$1(this)): null

2024-01-12 13:35:21 - [TEST_STEP][PASSED] - capabilities = DesiredCapabilities.chrome(): null

2024-01-12 13:35:21 - [TEST_STEP][PASSED] - capabilities.setCapability(CAPABILITY, options): null

2024-01-12 13:35:21 - [TEST_STEP][PASSED] - driver = new org.openqa.selenium.chrome.ChromeDriver(capabilities): null

2024-01-12 13:35:22 - [TEST_STEP][PASSED] - changeWebDriver(driver): null

2024-01-12 13:35:22 - [TEST_STEP][PASSED] - navigateToUrl("https://caring-connections-qa.azurewebsites.net/"): Navigate to 'https://caring-connections-qa.azurewebsites.net/' successfully

2024-01-12 13:35:27 - [MESSAGE][PASSED] - Navigate to 'https://caring-connections-qa.azurewebsites.net/' successfully

2024-01-12 13:35:27 - [TEST_STEP][PASSED] - setText(findTestObject("Login_Pages/Sign_In_Page/input_Username"), email): Text 'shrestha101@gmail.com' is set on object 'Object Repository/Login_Pages/Sign_In_Page/input_Username'

2024-01-12 13:35:27 - [MESSAGE][PASSED] - Text 'shrestha101@gmail.com' is set on object 'Object Repository/Login_Pages/Sign_In_Page/input_Username'

2024-01-12 13:35:27 - [TEST_STEP][PASSED] - setText(findTestObject("Login_Pages/Sign_In_Page/input_Password"), password): Text 'Test@123' is set on object 'Object Repository/Login_Pages/Sign_In_Page/input_Password'

2024-01-12 13:35:27 - [MESSAGE][PASSED] - Text 'Test@123' is set on object 'Object Repository/Login_Pages/Sign_In_Page/input_Password'

2024-01-12 13:35:27 - [TEST_STEP][PASSED] - click(findTestObject("Object Repository/Login_Pages/Sign_In_Page/button_Sign_In")): Object: 'Object Repository/Login_Pages/Sign_In_Page/button_Sign_In' is clicked on

2024-01-12 13:35:27 - [MESSAGE][PASSED] - Object: 'Object Repository/Login_Pages/Sign_In_Page/button_Sign_In' is clicked on

2024-01-12 13:35:27 - [MESSAGE][PASSED] - Call Test Case 'Test Cases/Common_TestCases/Sign_In' successfully

2024-01-12 13:35:27 - [TEST_STEP][PASSED] - delay(5): Delayed 5 second(s)

2024-01-12 13:35:32 - [MESSAGE][PASSED] - Delayed 5 second(s)

2024-01-12 13:35:32 - [TEST_STEP][PASSED] - scrollToElement(findTestObject("Category_View_Page/Category_View_Page_Objects/btn_Re-record"), 0): Scroll to object 'Object Repository/Category_View_Page/Category_View_Page_Objects/btn_Re-record' successfully

2024-01-12 13:35:32 - [MESSAGE][WARNING] - Timeout '0' is invalid. Using default page load timeout: '30'

2024-01-12 13:35:32 - [MESSAGE][PASSED] - Scroll to object 'Object Repository/Category_View_Page/Category_View_Page_Objects/btn_Re-record' successfully

2024-01-12 13:35:32 - [TEST_STEP][PASSED] - click(findTestObject("Category_View_Page/Category_View_Page_Objects/btn_Re-record")): Object: 'Object Repository/Category_View_Page/Category_View_Page_Objects/btn_Re-record' is clicked on

2024-01-12 13:35:34 - [MESSAGE][PASSED] - Object: 'Object Repository/Category_View_Page/Category_View_Page_Objects/btn_Re-record' is clicked on

2024-01-12 13:35:34 - [TEST_STEP][PASSED] - click(findTestObject("Category_View_Page/Category_View_Page_Objects/btn_Proceed")): Object: 'Object Repository/Category_View_Page/Category_View_Page_Objects/btn_Proceed' is clicked on

2024-01-12 13:35:37 - [MESSAGE][PASSED] - Object: 'Object Repository/Category_View_Page/Category_View_Page_Objects/btn_Proceed' is clicked on

2024-01-12 13:35:37 - [TEST_STEP][PASSED] - waitForElementClickable(findTestObject("Profile_Creation_Page/Profile_Creation_Page_Objects/btn_I_Want_To_Type"), 65): Object 'Object Repository/Profile_Creation_Page/Profile_Creation_Page_Objects/btn_I_Want_To_Type' is clickable

2024-01-12 13:36:18 - [MESSAGE][PASSED] - Object 'Object Repository/Profile_Creation_Page/Profile_Creation_Page_Objects/btn_I_Want_To_Type' is clickable

2024-01-12 13:36:18 - [TEST_STEP][PASSED] - click(findTestObject("Profile_Creation_Page/Profile_Creation_Page_Objects/btn_I_Want_To_Type")): Object: 'Object Repository/Profile_Creation_Page/Profile_Creation_Page_Objects/btn_I_Want_To_Type' is clicked on

2024-01-12 13:36:18 - [MESSAGE][PASSED] - Object: 'Object Repository/Profile_Creation_Page/Profile_Creation_Page_Objects/btn_I_Want_To_Type' is clicked on

2024-01-12 13:36:18 - [TEST_STEP][PASSED] - setText(findTestObject("Profile_Creation_Page/Profile_Creation_Page_Objects/Input_I_Want_To_Type"), Profile): Text 'Greetings, I'm Shresth, a seasoned explorer in the journey of life, joyfully celebrating my 58 years of existence. With a background in astrophysics, I dedicated decades to exploring the mysteries of the universe. Beyond scientific pursuits, I find solace in the world of music, playing the piano and composing melodies that resonate with the cosmos. In a companion, I seek someone who shares my passion for stargazing and the wonders of the universe. Health-wise, I've faced challenges with arthritis, but with regular physiotherapy and a balanced lifestyle, I continue to pursue my passions with vigor. Life has been a captivating adventure, and I look forward to crafting new experiences with a like-minded soul who appreciates the beauty of the cosmos and the art of music.' is set on object 'Object Repository/Profile_Creation_Page/Profile_Creation_Page_Objects/Input_I_Want_To_Type'

2024-01-12 13:36:18 - [MESSAGE][PASSED] - Text 'Greetings, I'm Shresth, a seasoned explorer in the journey of life, joyfully celebrating my 58 years of existence. With a background in astrophysics, I dedicated decades to exploring the mysteries of the universe. Beyond scientific pursuits, I find solace in the world of music, playing the piano and composing melodies that resonate with the cosmos. In a companion, I seek someone who shares my passion for stargazing and the wonders of the universe. Health-wise, I've faced challenges with arthritis, but with regular physiotherapy and a balanced lifestyle, I continue to pursue my passions with vigor. Life has been a captivating adventure, and I look forward to crafting new experiences with a like-minded soul who appreciates the beauty of the cosmos and the art of music.' is set on object 'Object Repository/Profile_Creation_Page/Profile_Creation_Page_Objects/Input_I_Want_To_Type'

2024-01-12 13:36:18 - [TEST_STEP][PASSED] - scrollToElement(findTestObject("Object Repository/Profile_Creation_Page/Profile_Creation_Page_Objects/button_Next"), 0): Scroll to object 'Object Repository/Profile_Creation_Page/Profile_Creation_Page_Objects/button_Next' successfully

2024-01-12 13:36:19 - [MESSAGE][WARNING] - Timeout '0' is invalid. Using default page load timeout: '30'

2024-01-12 13:36:19 - [MESSAGE][PASSED] - Scroll to object 'Object Repository/Profile_Creation_Page/Profile_Creation_Page_Objects/button_Next' successfully

2024-01-12 13:36:19 - [TEST_STEP][PASSED] - click(findTestObject("Object Repository/Profile_Creation_Page/Profile_Creation_Page_Objects/button_Next")): Object: 'Object Repository/Profile_Creation_Page/Profile_Creation_Page_Objects/button_Next' is clicked on

2024-01-12 13:36:19 - [MESSAGE][PASSED] - Object: 'Object Repository/Profile_Creation_Page/Profile_Creation_Page_Objects/button_Next' is clicked on

2024-01-12 13:36:19 - [TEST_STEP][PASSED] - delay(20): Delayed 20 second(s)

2024-01-12 13:36:39 - [MESSAGE][PASSED] - Delayed 20 second(s)

2024-01-12 13:36:39 - [TEST_STEP][PASSED] - waitForElementNotPresent(findTestObject("WaitingPage/Waiting_Page/txt_1-2 minutes"), 180): Web element with id: 'Object Repository/WaitingPage/Waiting_Page/txt_1-2 minutes' located by 'By.xpath: //div[@id='root']/div/div/div/div/div/p[2]' is not present after '180' second(s)

2024-01-12 13:36:51 - [MESSAGE][PASSED] - Web element with id: 'Object Repository/WaitingPage/Waiting_Page/txt_1-2 minutes' located by 'By.xpath: //div[@id='root']/div/div/div/div/div/p[2]' is not present after '180' second(s)

2024-01-12 13:36:51 - [TEST_STEP][PASSED] - Education = getAttribute(findTestObject("Category_View_Page/Category_View_Page_Objects/Input_Edit_Educational_Info"), "value"): Attribute 'value' of object 'Object Repository/Category_View_Page/Category_View_Page_Objects/Input_Edit_Educational_Info' is: 'With a background in astrophysics, I dedicated decades to exploring the mysteries of the universe.'

2024-01-12 13:36:51 - [MESSAGE][PASSED] - Attribute 'value' of object 'Object Repository/Category_View_Page/Category_View_Page_Objects/Input_Edit_Educational_Info' is: 'With a background in astrophysics, I dedicated decades to exploring the mysteries of the universe.'

2024-01-12 13:36:51 - [TEST_STEP][PASSED] - validateText.ValidateText.calculateAndPrintPercentageMatch("EDUCATION", Education, EducationNew): validateText.ValidateText.calculateAndPrintPercentageMatch is PASSED

2024-01-12 13:36:51 - [MESSAGE][PASSED] - validateText.ValidateText.calculateAndPrintPercentageMatch is PASSED

2024-01-12 13:36:51 - [TEST_STEP][PASSED] - Hobbies = getAttribute(findTestObject("Category_View_Page/Category_View_Page_Objects/Input_Edit_Appropriate_Hobbies"), "value"): Attribute 'value' of object 'Object Repository/Category_View_Page/Category_View_Page_Objects/Input_Edit_Appropriate_Hobbies' is: 'Beyond scientific pursuits, I find solace in the world of music, playing the piano and composing melodies that resonate with the cosmos.'

2024-01-12 13:36:51 - [MESSAGE][PASSED] - Attribute 'value' of object 'Object Repository/Category_View_Page/Category_View_Page_Objects/Input_Edit_Appropriate_Hobbies' is: 'Beyond scientific pursuits, I find solace in the world of music, playing the piano and composing melodies that resonate with the cosmos.'

2024-01-12 13:36:51 - [TEST_STEP][PASSED] - validateText.ValidateText.calculateAndPrintPercentageMatch("HOBBIES", Hobbies, HobbiesNew): validateText.ValidateText.calculateAndPrintPercentageMatch is PASSED

2024-01-12 13:36:51 - [MESSAGE][PASSED] - validateText.ValidateText.calculateAndPrintPercentageMatch is PASSED

2024-01-12 13:36:51 - [TEST_STEP][PASSED] - Expectations = getAttribute(findTestObject("Category_View_Page/Category_View_Page_Objects/Input_Edit_expectation"), "value"): Attribute 'value' of object 'Object Repository/Category_View_Page/Category_View_Page_Objects/Input_Edit_expectation' is: 'In a companion, I seek someone who shares my passion for stargazing and the wonders of the universe.'

2024-01-12 13:36:51 - [MESSAGE][PASSED] - Attribute 'value' of object 'Object Repository/Category_View_Page/Category_View_Page_Objects/Input_Edit_expectation' is: 'In a companion, I seek someone who shares my passion for stargazing and the wonders of the universe.'

2024-01-12 13:36:51 - [TEST_STEP][PASSED] - validateText.ValidateText.calculateAndPrintPercentageMatch("EXPECTATIONS", Expectations, ExpectationsNew): validateText.ValidateText.calculateAndPrintPercentageMatch is PASSED

2024-01-12 13:36:51 - [MESSAGE][PASSED] - validateText.ValidateText.calculateAndPrintPercentageMatch is PASSED

2024-01-12 13:36:51 - [TEST_STEP][PASSED] - Others = getAttribute(findTestObject("Category_View_Page/Category_View_Page_Objects/Input_Edit_Appropriate_Health"), "value"): Attribute 'value' of object 'Object Repository/Category_View_Page/Category_View_Page_Objects/Input_Edit_Appropriate_Health' is: 'Greetings, I'm Shresth, a seasoned explorer in the journey of life, joyfully celebrating my 58 years of existence. Life has been a captivating adventure, and I look forward to crafting new experiences with a like-minded soul who appreciates the beauty of the cosmos and the art of music. Health-wise, I've faced challenges with arthritis, but with regular physiotherapy and a balanced lifestyle, I continue to pursue my passions with vigor.'

2024-01-12 13:36:51 - [MESSAGE][PASSED] - Attribute 'value' of object 'Object Repository/Category_View_Page/Category_View_Page_Objects/Input_Edit_Appropriate_Health' is: 'Greetings, I'm Shresth, a seasoned explorer in the journey of life, joyfully celebrating my 58 years of existence. Life has been a captivating adventure, and I look forward to crafting new experiences with a like-minded soul who appreciates the beauty of the cosmos and the art of music. Health-wise, I've faced challenges with arthritis, but with regular physiotherapy and a balanced lifestyle, I continue to pursue my passions with vigor.'

2024-01-12 13:36:51 - [TEST_STEP][PASSED] - validateText.ValidateText.calculateAndPrintPercentageMatch("OTHERS", Others, OtherNew): validateText.ValidateText.calculateAndPrintPercentageMatch is PASSED

2024-01-12 13:36:51 - [MESSAGE][PASSED] - validateText.ValidateText.calculateAndPrintPercentageMatch is PASSED

2024-01-12 13:36:51 - [TEST_STEP][PASSED] - waitForElementClickable(findTestObject("Object Repository/Category_View_Page/Category_View_Page_Objects/button_Next"), 65): Object 'Object Repository/Category_View_Page/Category_View_Page_Objects/button_Next' is clickable

2024-01-12 13:36:51 - [MESSAGE][PASSED] - Object 'Object Repository/Category_View_Page/Category_View_Page_Objects/button_Next' is clickable

2024-01-12 13:36:51 - [TEST_STEP][PASSED] - click(findTestObject("Object Repository/Category_View_Page/Category_View_Page_Objects/button_Next")): Object: 'Object Repository/Category_View_Page/Category_View_Page_Objects/button_Next' is clicked on

2024-01-12 13:36:54 - [MESSAGE][PASSED] - Object: 'Object Repository/Category_View_Page/Category_View_Page_Objects/button_Next' is clicked on

2024-01-12 13:36:54 - [TEST_STEP][PASSED] - waitForElementNotPresent(findTestObject("WaitingPage/Waiting_Page/Clock_categoryToCalender"), 10): Web element with id: 'Object Repository/WaitingPage/Waiting_Page/Clock_categoryToCalender' located by 'By.xpath: //div[@id='root']/div/div/div/div/span' is not present after '10' second(s)

2024-01-12 13:36:55 - [MESSAGE][PASSED] - Web element with id: 'Object Repository/WaitingPage/Waiting_Page/Clock_categoryToCalender' located by 'By.xpath: //div[@id='root']/div/div/div/div/span' is not present after '10' second(s)

2024-01-12 13:36:55 - [TEST_STEP][PASSED] - scrollToElement(findTestObject("Calendar_page/Input_Start_Date"), 0): Scroll to object 'Object Repository/Calendar_page/Input_Start_Date' successfully

2024-01-12 13:36:55 - [MESSAGE][WARNING] - Timeout '0' is invalid. Using default page load timeout: '30'

2024-01-12 13:36:55 - [MESSAGE][PASSED] - Scroll to object 'Object Repository/Calendar_page/Input_Start_Date' successfully

2024-01-12 13:36:55 - [TEST_STEP][PASSED] - click(findTestObject("Calendar_page/Input_Start_Date")): Object: 'Object Repository/Calendar_page/Input_Start_Date' is clicked on

2024-01-12 13:36:56 - [MESSAGE][PASSED] - Object: 'Object Repository/Calendar_page/Input_Start_Date' is clicked on

2024-01-12 13:36:56 - [TEST_STEP][PASSED] - delay(3): Delayed 3 second(s)

2024-01-12 13:36:59 - [MESSAGE][PASSED] - Delayed 3 second(s)

2024-01-12 13:36:59 - [TEST_STEP][PASSED] - click(findTestObject("Calendar_page/startDate/JanuaryStartDates/div_16")): Object: 'Object Repository/Calendar_page/startDate/JanuaryStartDates/div_16' is clicked on

2024-01-12 13:36:59 - [MESSAGE][PASSED] - Object: 'Object Repository/Calendar_page/startDate/JanuaryStartDates/div_16' is clicked on

2024-01-12 13:36:59 - [TEST_STEP][PASSED] - delay(3): Delayed 3 second(s)

2024-01-12 13:37:02 - [MESSAGE][PASSED] - Delayed 3 second(s)

2024-01-12 13:37:02 - [TEST_STEP][PASSED] - click(findTestObject("Calendar_page/Input_Busy_Days")): Object: 'Object Repository/Calendar_page/Input_Busy_Days' is clicked on

2024-01-12 13:37:06 - [MESSAGE][PASSED] - Object: 'Object Repository/Calendar_page/Input_Busy_Days' is clicked on

2024-01-12 13:37:06 - [TEST_STEP][PASSED] - click(findTestObject("Calendar_page/busyDates/JanuaryBusyDate/div_20")): Object: 'Object Repository/Calendar_page/busyDates/JanuaryBusyDate/div_20' is clicked on

2024-01-12 13:37:06 - [MESSAGE][PASSED] - Object: 'Object Repository/Calendar_page/busyDates/JanuaryBusyDate/div_20' is clicked on

2024-01-12 13:37:06 - [TEST_STEP][PASSED] - delay(2): Delayed 2 second(s)

2024-01-12 13:37:08 - [MESSAGE][PASSED] - Delayed 2 second(s)

2024-01-12 13:37:08 - [TEST_STEP][PASSED] - click(findTestObject("Calendar_page/busyDates/JanuaryBusyDate/div_20")): Object: 'Object Repository/Calendar_page/busyDates/JanuaryBusyDate/div_20' is clicked on

2024-01-12 13:37:08 - [MESSAGE][PASSED] - Object: 'Object Repository/Calendar_page/busyDates/JanuaryBusyDate/div_20' is clicked on

2024-01-12 13:37:08 - [TEST_STEP][PASSED] - delay(2): Delayed 2 second(s)

2024-01-12 13:37:10 - [MESSAGE][PASSED] - Delayed 2 second(s)

2024-01-12 13:37:10 - [TEST_STEP][PASSED] - click(findTestObject("Calendar_page/div_day_Column")): Object: 'Object Repository/Calendar_page/div_day_Column' is clicked on

2024-01-12 13:37:11 - [MESSAGE][PASSED] - Object: 'Object Repository/Calendar_page/div_day_Column' is clicked on

2024-01-12 13:37:11 - [TEST_STEP][PASSED] - selectOptionByLabel(findTestObject("Calendar_page/Select_Available_From"), "05:30 PM", false): All options with label '05:30 PM' are selected in object 'Object Repository/Calendar_page/Select_Available_From' 

2024-01-12 13:37:11 - [MESSAGE][PASSED] - All options with label '05:30 PM' are selected in object 'Object Repository/Calendar_page/Select_Available_From' 

2024-01-12 13:37:11 - [TEST_STEP][PASSED] - delay(2): Delayed 2 second(s)

2024-01-12 13:37:13 - [MESSAGE][PASSED] - Delayed 2 second(s)

2024-01-12 13:37:13 - [TEST_STEP][PASSED] - selectOptionByLabel(findTestObject("Calendar_page/Select_Available_To"), "06:00 PM", false): All options with label '06:00 PM' are selected in object 'Object Repository/Calendar_page/Select_Available_To' 

2024-01-12 13:37:13 - [MESSAGE][PASSED] - All options with label '06:00 PM' are selected in object 'Object Repository/Calendar_page/Select_Available_To' 

2024-01-12 13:37:13 - [TEST_STEP][PASSED] - delay(2): Delayed 2 second(s)

2024-01-12 13:37:15 - [MESSAGE][PASSED] - Delayed 2 second(s)

2024-01-12 13:37:15 - [TEST_STEP][PASSED] - click(findTestObject("Calendar_page/button_Save")): Object: 'Object Repository/Calendar_page/button_Save' is clicked on

2024-01-12 13:37:15 - [MESSAGE][PASSED] - Object: 'Object Repository/Calendar_page/button_Save' is clicked on

2024-01-12 13:37:15 - [TEST_STEP][PASSED] - delay(2): Delayed 2 second(s)

2024-01-12 13:37:17 - [MESSAGE][PASSED] - Delayed 2 second(s)

2024-01-12 13:37:17 - [TEST_STEP][PASSED] - click(findTestObject("Calendar_page/Button_Next (1)")): Object: 'Object Repository/Calendar_page/Button_Next (1)' is clicked on

2024-01-12 13:37:17 - [MESSAGE][PASSED] - Object: 'Object Repository/Calendar_page/Button_Next (1)' is clicked on

2024-01-12 13:37:17 - [TEST_STEP][PASSED] - delay(3): Delayed 3 second(s)

2024-01-12 13:37:20 - [MESSAGE][PASSED] - Delayed 3 second(s)

2024-01-12 13:37:20 - [TEST_STEP][PASSED] - click(findTestObject("Calendar_page/button_Ok")): Object: 'Object Repository/Calendar_page/button_Ok' is clicked on

2024-01-12 13:37:20 - [MESSAGE][PASSED] - Object: 'Object Repository/Calendar_page/button_Ok' is clicked on

2024-01-12 13:37:20 - [TEST_STEP][PASSED] - delay(2): Delayed 2 second(s)

2024-01-12 13:37:22 - [MESSAGE][PASSED] - Delayed 2 second(s)

2024-01-12 13:37:22 - [TEST_STEP][PASSED] - closeBrowser(): Browser is closed

2024-01-12 13:37:23 - [MESSAGE][PASSED] - Browser is closed]]></system-out>
         <system-err><![CDATA[]]></system-err>
      </testcase>
      <testcase name="Test Cases/Senior_TestCases/TC03_ReRecord_Type" time="147.166" classname="Test Cases/Senior_TestCases/TC03_ReRecord_Type" status="PASSED">
         <system-out><![CDATA[2024-01-12 13:37:23 - [TEST_CASE][PASSED] - Test Cases/Senior_TestCases/TC03_ReRecord_Type: Test Cases/Senior_TestCases/TC03_ReRecord_Type

2024-01-12 13:37:23 - [TEST_STEP][PASSED] - callTestCase(findTestCase("Common_TestCases/Sign_In"), ["email":Email, "password":Password], STOP_ON_FAILURE): Call Test Case 'Test Cases/Common_TestCases/Sign_In' successfully

2024-01-12 13:37:23 - [TEST_CASE][PASSED] - Test Cases/Common_TestCases/Sign_In: Test Cases/Common_TestCases/Sign_In

2024-01-12 13:37:23 - [TEST_STEP][PASSED] - System.setProperty("webdriver.chrome.driver", "Data Files/chromedriver-win64/chromedriver.exe"): null

2024-01-12 13:37:23 - [TEST_STEP][PASSED] - options = new org.openqa.selenium.chrome.ChromeOptions(): null

2024-01-12 13:37:23 - [TEST_STEP][PASSED] - options.addArguments("start-maximized"): null

2024-01-12 13:37:23 - [TEST_STEP][PASSED] - options.addArguments("force-device-scale-factor=1.2"): null

2024-01-12 13:37:23 - [TEST_STEP][PASSED] - options.setExperimentalOption("prefs", new Script1700728747802$1(this)): null

2024-01-12 13:37:23 - [TEST_STEP][PASSED] - capabilities = DesiredCapabilities.chrome(): null

2024-01-12 13:37:23 - [TEST_STEP][PASSED] - capabilities.setCapability(CAPABILITY, options): null

2024-01-12 13:37:23 - [TEST_STEP][PASSED] - driver = new org.openqa.selenium.chrome.ChromeDriver(capabilities): null

2024-01-12 13:37:24 - [TEST_STEP][PASSED] - changeWebDriver(driver): null

2024-01-12 13:37:24 - [TEST_STEP][PASSED] - navigateToUrl("https://caring-connections-qa.azurewebsites.net/"): Navigate to 'https://caring-connections-qa.azurewebsites.net/' successfully

2024-01-12 13:37:28 - [MESSAGE][PASSED] - Navigate to 'https://caring-connections-qa.azurewebsites.net/' successfully

2024-01-12 13:37:28 - [TEST_STEP][PASSED] - setText(findTestObject("Login_Pages/Sign_In_Page/input_Username"), email): Text 'kanchans101@gmail.com' is set on object 'Object Repository/Login_Pages/Sign_In_Page/input_Username'

2024-01-12 13:37:28 - [MESSAGE][PASSED] - Text 'kanchans101@gmail.com' is set on object 'Object Repository/Login_Pages/Sign_In_Page/input_Username'

2024-01-12 13:37:28 - [TEST_STEP][PASSED] - setText(findTestObject("Login_Pages/Sign_In_Page/input_Password"), password): Text 'Test@123' is set on object 'Object Repository/Login_Pages/Sign_In_Page/input_Password'

2024-01-12 13:37:28 - [MESSAGE][PASSED] - Text 'Test@123' is set on object 'Object Repository/Login_Pages/Sign_In_Page/input_Password'

2024-01-12 13:37:28 - [TEST_STEP][PASSED] - click(findTestObject("Object Repository/Login_Pages/Sign_In_Page/button_Sign_In")): Object: 'Object Repository/Login_Pages/Sign_In_Page/button_Sign_In' is clicked on

2024-01-12 13:37:28 - [MESSAGE][PASSED] - Object: 'Object Repository/Login_Pages/Sign_In_Page/button_Sign_In' is clicked on

2024-01-12 13:37:28 - [MESSAGE][PASSED] - Call Test Case 'Test Cases/Common_TestCases/Sign_In' successfully

2024-01-12 13:37:28 - [TEST_STEP][PASSED] - delay(5): Delayed 5 second(s)

2024-01-12 13:37:33 - [MESSAGE][PASSED] - Delayed 5 second(s)

2024-01-12 13:37:33 - [TEST_STEP][PASSED] - scrollToElement(findTestObject("Category_View_Page/Category_View_Page_Objects/btn_Re-record"), 0): Scroll to object 'Object Repository/Category_View_Page/Category_View_Page_Objects/btn_Re-record' successfully

2024-01-12 13:37:33 - [MESSAGE][WARNING] - Timeout '0' is invalid. Using default page load timeout: '30'

2024-01-12 13:37:33 - [MESSAGE][PASSED] - Scroll to object 'Object Repository/Category_View_Page/Category_View_Page_Objects/btn_Re-record' successfully

2024-01-12 13:37:33 - [TEST_STEP][PASSED] - click(findTestObject("Category_View_Page/Category_View_Page_Objects/btn_Re-record")): Object: 'Object Repository/Category_View_Page/Category_View_Page_Objects/btn_Re-record' is clicked on

2024-01-12 13:37:36 - [MESSAGE][PASSED] - Object: 'Object Repository/Category_View_Page/Category_View_Page_Objects/btn_Re-record' is clicked on

2024-01-12 13:37:36 - [TEST_STEP][PASSED] - click(findTestObject("Category_View_Page/Category_View_Page_Objects/btn_Proceed")): Object: 'Object Repository/Category_View_Page/Category_View_Page_Objects/btn_Proceed' is clicked on

2024-01-12 13:37:38 - [MESSAGE][PASSED] - Object: 'Object Repository/Category_View_Page/Category_View_Page_Objects/btn_Proceed' is clicked on

2024-01-12 13:37:38 - [TEST_STEP][PASSED] - waitForElementClickable(findTestObject("Profile_Creation_Page/Profile_Creation_Page_Objects/btn_I_Want_To_Type"), 65): Object 'Object Repository/Profile_Creation_Page/Profile_Creation_Page_Objects/btn_I_Want_To_Type' is clickable

2024-01-12 13:38:19 - [MESSAGE][PASSED] - Object 'Object Repository/Profile_Creation_Page/Profile_Creation_Page_Objects/btn_I_Want_To_Type' is clickable

2024-01-12 13:38:19 - [TEST_STEP][PASSED] - click(findTestObject("Profile_Creation_Page/Profile_Creation_Page_Objects/btn_I_Want_To_Type")): Object: 'Object Repository/Profile_Creation_Page/Profile_Creation_Page_Objects/btn_I_Want_To_Type' is clicked on

2024-01-12 13:38:19 - [MESSAGE][PASSED] - Object: 'Object Repository/Profile_Creation_Page/Profile_Creation_Page_Objects/btn_I_Want_To_Type' is clicked on

2024-01-12 13:38:19 - [TEST_STEP][PASSED] - setText(findTestObject("Profile_Creation_Page/Profile_Creation_Page_Objects/Input_I_Want_To_Type"), Profile): Text 'Greetings, I'm Kanchan , a seasoned explorer in the journey of life, joyfully celebrating my 55 years of existence. With a background in literature, I dedicated decades to exploring the rich world of words and stories. Beyond academic pursuits, I find solace in the world of painting, crafting vibrant canvases that express the beauty of the written word. In a companion, I hope to find someone who shares my love for literature and the appreciation for the creative blend of art and storytelling. Health-wise, I've faced challenges with allergies, but with careful management and a balanced lifestyle, I continue to pursue my passions with vigor. Life has been a captivating adventure through the pages of books and art, and I look forward to painting new chapters with a like-minded soul who values the beauty of storytelling and the creativity of artistic expression.' is set on object 'Object Repository/Profile_Creation_Page/Profile_Creation_Page_Objects/Input_I_Want_To_Type'

2024-01-12 13:38:20 - [MESSAGE][PASSED] - Text 'Greetings, I'm Kanchan , a seasoned explorer in the journey of life, joyfully celebrating my 55 years of existence. With a background in literature, I dedicated decades to exploring the rich world of words and stories. Beyond academic pursuits, I find solace in the world of painting, crafting vibrant canvases that express the beauty of the written word. In a companion, I hope to find someone who shares my love for literature and the appreciation for the creative blend of art and storytelling. Health-wise, I've faced challenges with allergies, but with careful management and a balanced lifestyle, I continue to pursue my passions with vigor. Life has been a captivating adventure through the pages of books and art, and I look forward to painting new chapters with a like-minded soul who values the beauty of storytelling and the creativity of artistic expression.' is set on object 'Object Repository/Profile_Creation_Page/Profile_Creation_Page_Objects/Input_I_Want_To_Type'

2024-01-12 13:38:20 - [TEST_STEP][PASSED] - scrollToElement(findTestObject("Object Repository/Profile_Creation_Page/Profile_Creation_Page_Objects/button_Next"), 0): Scroll to object 'Object Repository/Profile_Creation_Page/Profile_Creation_Page_Objects/button_Next' successfully

2024-01-12 13:38:20 - [MESSAGE][WARNING] - Timeout '0' is invalid. Using default page load timeout: '30'

2024-01-12 13:38:20 - [MESSAGE][PASSED] - Scroll to object 'Object Repository/Profile_Creation_Page/Profile_Creation_Page_Objects/button_Next' successfully

2024-01-12 13:38:20 - [TEST_STEP][PASSED] - click(findTestObject("Object Repository/Profile_Creation_Page/Profile_Creation_Page_Objects/button_Next")): Object: 'Object Repository/Profile_Creation_Page/Profile_Creation_Page_Objects/button_Next' is clicked on

2024-01-12 13:38:20 - [MESSAGE][PASSED] - Object: 'Object Repository/Profile_Creation_Page/Profile_Creation_Page_Objects/button_Next' is clicked on

2024-01-12 13:38:20 - [TEST_STEP][PASSED] - delay(20): Delayed 20 second(s)

2024-01-12 13:38:40 - [MESSAGE][PASSED] - Delayed 20 second(s)

2024-01-12 13:38:40 - [TEST_STEP][PASSED] - waitForElementNotPresent(findTestObject("WaitingPage/Waiting_Page/txt_1-2 minutes"), 180): Web element with id: 'Object Repository/WaitingPage/Waiting_Page/txt_1-2 minutes' located by 'By.xpath: //div[@id='root']/div/div/div/div/div/p[2]' is not present after '180' second(s)

2024-01-12 13:39:00 - [MESSAGE][PASSED] - Web element with id: 'Object Repository/WaitingPage/Waiting_Page/txt_1-2 minutes' located by 'By.xpath: //div[@id='root']/div/div/div/div/div/p[2]' is not present after '180' second(s)

2024-01-12 13:39:00 - [TEST_STEP][PASSED] - Education = getAttribute(findTestObject("Category_View_Page/Category_View_Page_Objects/Input_Edit_Educational_Info"), "value"): Attribute 'value' of object 'Object Repository/Category_View_Page/Category_View_Page_Objects/Input_Edit_Educational_Info' is: 'With a background in literature, I dedicated decades to exploring the rich world of words and stories.'

2024-01-12 13:39:00 - [MESSAGE][PASSED] - Attribute 'value' of object 'Object Repository/Category_View_Page/Category_View_Page_Objects/Input_Edit_Educational_Info' is: 'With a background in literature, I dedicated decades to exploring the rich world of words and stories.'

2024-01-12 13:39:00 - [TEST_STEP][PASSED] - validateText.ValidateText.calculateAndPrintPercentageMatch("EDUCATION", Education, EducationNew): validateText.ValidateText.calculateAndPrintPercentageMatch is PASSED

2024-01-12 13:39:00 - [MESSAGE][PASSED] - validateText.ValidateText.calculateAndPrintPercentageMatch is PASSED

2024-01-12 13:39:00 - [TEST_STEP][PASSED] - Hobbies = getAttribute(findTestObject("Category_View_Page/Category_View_Page_Objects/Input_Edit_Appropriate_Hobbies"), "value"): Attribute 'value' of object 'Object Repository/Category_View_Page/Category_View_Page_Objects/Input_Edit_Appropriate_Hobbies' is: 'Beyond academic pursuits, I find solace in the world of painting, crafting vibrant canvases that express the beauty of the written word.'

2024-01-12 13:39:00 - [MESSAGE][PASSED] - Attribute 'value' of object 'Object Repository/Category_View_Page/Category_View_Page_Objects/Input_Edit_Appropriate_Hobbies' is: 'Beyond academic pursuits, I find solace in the world of painting, crafting vibrant canvases that express the beauty of the written word.'

2024-01-12 13:39:00 - [TEST_STEP][PASSED] - validateText.ValidateText.calculateAndPrintPercentageMatch("HOBBIES", Hobbies, HobbiesNew): validateText.ValidateText.calculateAndPrintPercentageMatch is PASSED

2024-01-12 13:39:00 - [MESSAGE][PASSED] - validateText.ValidateText.calculateAndPrintPercentageMatch is PASSED

2024-01-12 13:39:00 - [TEST_STEP][PASSED] - Expectations = getAttribute(findTestObject("Category_View_Page/Category_View_Page_Objects/Input_Edit_expectation"), "value"): Attribute 'value' of object 'Object Repository/Category_View_Page/Category_View_Page_Objects/Input_Edit_expectation' is: 'In a companion, I hope to find someone who shares my love for literature and the appreciation for the creative blend of art and storytelling.'

2024-01-12 13:39:00 - [MESSAGE][PASSED] - Attribute 'value' of object 'Object Repository/Category_View_Page/Category_View_Page_Objects/Input_Edit_expectation' is: 'In a companion, I hope to find someone who shares my love for literature and the appreciation for the creative blend of art and storytelling.'

2024-01-12 13:39:00 - [TEST_STEP][PASSED] - validateText.ValidateText.calculateAndPrintPercentageMatch("EXPECTATIONS", Expectations, ExpectationsNew): validateText.ValidateText.calculateAndPrintPercentageMatch is PASSED

2024-01-12 13:39:00 - [MESSAGE][PASSED] - validateText.ValidateText.calculateAndPrintPercentageMatch is PASSED

2024-01-12 13:39:00 - [TEST_STEP][PASSED] - Others = getAttribute(findTestObject("Category_View_Page/Category_View_Page_Objects/Input_Edit_Appropriate_Health"), "value"): Attribute 'value' of object 'Object Repository/Category_View_Page/Category_View_Page_Objects/Input_Edit_Appropriate_Health' is: 'Greetings, I'm Kanchan , a seasoned explorer in the journey of life, joyfully celebrating my 55 years of existence. Life has been a captivating adventure through the pages of books and art, and I look forward to painting new chapters with a like-minded soul who values the beauty of storytelling and the creativity of artistic expression. Health-wise, I've faced challenges with allergies, but with careful management and a balanced lifestyle, I continue to pursue my passions with vigor.'

2024-01-12 13:39:00 - [MESSAGE][PASSED] - Attribute 'value' of object 'Object Repository/Category_View_Page/Category_View_Page_Objects/Input_Edit_Appropriate_Health' is: 'Greetings, I'm Kanchan , a seasoned explorer in the journey of life, joyfully celebrating my 55 years of existence. Life has been a captivating adventure through the pages of books and art, and I look forward to painting new chapters with a like-minded soul who values the beauty of storytelling and the creativity of artistic expression. Health-wise, I've faced challenges with allergies, but with careful management and a balanced lifestyle, I continue to pursue my passions with vigor.'

2024-01-12 13:39:00 - [TEST_STEP][PASSED] - validateText.ValidateText.calculateAndPrintPercentageMatch("OTHERS", Others, OtherNew): validateText.ValidateText.calculateAndPrintPercentageMatch is PASSED

2024-01-12 13:39:00 - [MESSAGE][PASSED] - validateText.ValidateText.calculateAndPrintPercentageMatch is PASSED

2024-01-12 13:39:00 - [TEST_STEP][PASSED] - waitForElementClickable(findTestObject("Object Repository/Category_View_Page/Category_View_Page_Objects/button_Next"), 65): Object 'Object Repository/Category_View_Page/Category_View_Page_Objects/button_Next' is clickable

2024-01-12 13:39:00 - [MESSAGE][PASSED] - Object 'Object Repository/Category_View_Page/Category_View_Page_Objects/button_Next' is clickable

2024-01-12 13:39:00 - [TEST_STEP][PASSED] - click(findTestObject("Object Repository/Category_View_Page/Category_View_Page_Objects/button_Next")): Object: 'Object Repository/Category_View_Page/Category_View_Page_Objects/button_Next' is clicked on

2024-01-12 13:39:02 - [MESSAGE][PASSED] - Object: 'Object Repository/Category_View_Page/Category_View_Page_Objects/button_Next' is clicked on

2024-01-12 13:39:02 - [TEST_STEP][PASSED] - waitForElementNotPresent(findTestObject("WaitingPage/Waiting_Page/Clock_categoryToCalender"), 10): Web element with id: 'Object Repository/WaitingPage/Waiting_Page/Clock_categoryToCalender' located by 'By.xpath: //div[@id='root']/div/div/div/div/span' is not present after '10' second(s)

2024-01-12 13:39:04 - [MESSAGE][PASSED] - Web element with id: 'Object Repository/WaitingPage/Waiting_Page/Clock_categoryToCalender' located by 'By.xpath: //div[@id='root']/div/div/div/div/span' is not present after '10' second(s)

2024-01-12 13:39:04 - [TEST_STEP][PASSED] - scrollToElement(findTestObject("Calendar_page/Input_Start_Date"), 0): Scroll to object 'Object Repository/Calendar_page/Input_Start_Date' successfully

2024-01-12 13:39:04 - [MESSAGE][WARNING] - Timeout '0' is invalid. Using default page load timeout: '30'

2024-01-12 13:39:04 - [MESSAGE][PASSED] - Scroll to object 'Object Repository/Calendar_page/Input_Start_Date' successfully

2024-01-12 13:39:04 - [TEST_STEP][PASSED] - click(findTestObject("Calendar_page/Input_Start_Date")): Object: 'Object Repository/Calendar_page/Input_Start_Date' is clicked on

2024-01-12 13:39:04 - [MESSAGE][PASSED] - Object: 'Object Repository/Calendar_page/Input_Start_Date' is clicked on

2024-01-12 13:39:04 - [TEST_STEP][PASSED] - delay(3): Delayed 3 second(s)

2024-01-12 13:39:07 - [MESSAGE][PASSED] - Delayed 3 second(s)

2024-01-12 13:39:07 - [TEST_STEP][PASSED] - click(findTestObject("Calendar_page/startDate/JanuaryStartDates/div_16")): Object: 'Object Repository/Calendar_page/startDate/JanuaryStartDates/div_16' is clicked on

2024-01-12 13:39:07 - [MESSAGE][PASSED] - Object: 'Object Repository/Calendar_page/startDate/JanuaryStartDates/div_16' is clicked on

2024-01-12 13:39:07 - [TEST_STEP][PASSED] - delay(3): Delayed 3 second(s)

2024-01-12 13:39:10 - [MESSAGE][PASSED] - Delayed 3 second(s)

2024-01-12 13:39:10 - [TEST_STEP][PASSED] - click(findTestObject("Calendar_page/Input_Busy_Days")): Object: 'Object Repository/Calendar_page/Input_Busy_Days' is clicked on

2024-01-12 13:39:16 - [MESSAGE][PASSED] - Object: 'Object Repository/Calendar_page/Input_Busy_Days' is clicked on

2024-01-12 13:39:16 - [TEST_STEP][PASSED] - click(findTestObject("Calendar_page/busyDates/JanuaryBusyDate/div_20")): Object: 'Object Repository/Calendar_page/busyDates/JanuaryBusyDate/div_20' is clicked on

2024-01-12 13:39:16 - [MESSAGE][PASSED] - Object: 'Object Repository/Calendar_page/busyDates/JanuaryBusyDate/div_20' is clicked on

2024-01-12 13:39:16 - [TEST_STEP][PASSED] - delay(2): Delayed 2 second(s)

2024-01-12 13:39:18 - [MESSAGE][PASSED] - Delayed 2 second(s)

2024-01-12 13:39:18 - [TEST_STEP][PASSED] - click(findTestObject("Calendar_page/busyDates/JanuaryBusyDate/div_20")): Object: 'Object Repository/Calendar_page/busyDates/JanuaryBusyDate/div_20' is clicked on

2024-01-12 13:39:36 - [MESSAGE][PASSED] - Object: 'Object Repository/Calendar_page/busyDates/JanuaryBusyDate/div_20' is clicked on

2024-01-12 13:39:36 - [TEST_STEP][PASSED] - delay(2): Delayed 2 second(s)

2024-01-12 13:39:38 - [MESSAGE][PASSED] - Delayed 2 second(s)

2024-01-12 13:39:38 - [TEST_STEP][PASSED] - click(findTestObject("Calendar_page/div_day_Column")): Object: 'Object Repository/Calendar_page/div_day_Column' is clicked on

2024-01-12 13:39:38 - [MESSAGE][PASSED] - Object: 'Object Repository/Calendar_page/div_day_Column' is clicked on

2024-01-12 13:39:38 - [TEST_STEP][PASSED] - selectOptionByLabel(findTestObject("Calendar_page/Select_Available_From"), "05:30 PM", false): All options with label '05:30 PM' are selected in object 'Object Repository/Calendar_page/Select_Available_From' 

2024-01-12 13:39:38 - [MESSAGE][PASSED] - All options with label '05:30 PM' are selected in object 'Object Repository/Calendar_page/Select_Available_From' 

2024-01-12 13:39:38 - [TEST_STEP][PASSED] - delay(2): Delayed 2 second(s)

2024-01-12 13:39:40 - [MESSAGE][PASSED] - Delayed 2 second(s)

2024-01-12 13:39:40 - [TEST_STEP][PASSED] - selectOptionByLabel(findTestObject("Calendar_page/Select_Available_To"), "06:00 PM", false): All options with label '06:00 PM' are selected in object 'Object Repository/Calendar_page/Select_Available_To' 

2024-01-12 13:39:40 - [MESSAGE][PASSED] - All options with label '06:00 PM' are selected in object 'Object Repository/Calendar_page/Select_Available_To' 

2024-01-12 13:39:40 - [TEST_STEP][PASSED] - delay(2): Delayed 2 second(s)

2024-01-12 13:39:42 - [MESSAGE][PASSED] - Delayed 2 second(s)

2024-01-12 13:39:42 - [TEST_STEP][PASSED] - click(findTestObject("Calendar_page/button_Save")): Object: 'Object Repository/Calendar_page/button_Save' is clicked on

2024-01-12 13:39:42 - [MESSAGE][PASSED] - Object: 'Object Repository/Calendar_page/button_Save' is clicked on

2024-01-12 13:39:42 - [TEST_STEP][PASSED] - delay(2): Delayed 2 second(s)

2024-01-12 13:39:44 - [MESSAGE][PASSED] - Delayed 2 second(s)

2024-01-12 13:39:44 - [TEST_STEP][PASSED] - click(findTestObject("Calendar_page/Button_Next (1)")): Object: 'Object Repository/Calendar_page/Button_Next (1)' is clicked on

2024-01-12 13:39:44 - [MESSAGE][PASSED] - Object: 'Object Repository/Calendar_page/Button_Next (1)' is clicked on

2024-01-12 13:39:44 - [TEST_STEP][PASSED] - delay(3): Delayed 3 second(s)

2024-01-12 13:39:47 - [MESSAGE][PASSED] - Delayed 3 second(s)

2024-01-12 13:39:47 - [TEST_STEP][PASSED] - click(findTestObject("Calendar_page/button_Ok")): Object: 'Object Repository/Calendar_page/button_Ok' is clicked on

2024-01-12 13:39:47 - [MESSAGE][PASSED] - Object: 'Object Repository/Calendar_page/button_Ok' is clicked on

2024-01-12 13:39:47 - [TEST_STEP][PASSED] - delay(2): Delayed 2 second(s)

2024-01-12 13:39:49 - [MESSAGE][PASSED] - Delayed 2 second(s)

2024-01-12 13:39:49 - [TEST_STEP][PASSED] - closeBrowser(): Browser is closed

2024-01-12 13:39:50 - [MESSAGE][PASSED] - Browser is closed]]></system-out>
         <system-err><![CDATA[]]></system-err>
      </testcase>
      <system-out><![CDATA[2024-01-12 13:27:33 - [TEST_SUITE][PASSED] - Senior_Type: Test Cases/Senior_TestCases/TC03_ReRecord_Type]]></system-out>
      <system-err><![CDATA[]]></system-err>
   </testsuite>
</testsuites>
